 TIME, RATES AND OIL PRESSURES
   TIME   PL      P( 1)   P( 2)   P( 3)   P( 4)   P( 5)   P( 6)   P( 7)   P( 8)   P( 9)   P(10)   P(11)   P(12)   P(13)   P(14)   P(15)   P(16)   P(17)   P(18)   P(19)   P(20)   PR      
      X=    2.50    7.50   12.50   17.50   22.50   27.50   32.50   37.50   42.50   47.50   52.50   57.50   62.50   67.50   72.50   77.50   82.50   87.50   92.50   97.50
    0.00  200.00  200.00  200.00  200.00  200.00  200.00  200.00  200.00  200.00  200.00  200.00  200.00  200.00  200.00  200.00  200.00  200.00  200.00  200.00  200.00  200.00  200.00
    5.00  211.63  211.14  210.50  209.86  209.24  208.63  208.03  207.43  206.85  206.27  205.70  205.14  204.59  204.03  203.49  202.94  202.40  201.87  201.33  200.80  200.27  200.00
   10.00  213.25  212.70  211.97  211.31  210.65  210.00  209.34  208.69  208.04  207.39  206.74  206.09  205.45  204.80  204.16  203.52  202.88  202.24  201.60  200.96  200.32  200.00
   15.00  213.71  213.07  212.21  211.54  210.88  210.22  209.55  208.89  208.23  207.57  206.91  206.25  205.59  204.93  204.27  203.61  202.95  202.30  201.64  200.98  200.33  200.00
   20.00  214.36  213.47  212.24  211.58  210.91  210.25  209.58  208.92  208.26  207.59  206.93  206.27  205.61  204.95  204.29  203.63  202.97  202.31  201.65  200.99  200.33  200.00
   25.00  214.60  213.71  212.26  211.58  210.92  210.25  209.59  208.93  208.26  207.60  206.94  206.27  205.61  204.95  204.29  203.63  202.97  202.31  201.65  200.99  200.33  200.00
   30.00  214.77  213.88  212.28  211.59  210.92  210.26  209.59  208.93  208.26  207.60  206.94  206.27  205.61  204.95  204.29  203.63  202.97  202.31  201.65  200.99  200.33  200.00
   35.00  214.60  213.81  212.34  211.59  210.92  210.26  209.59  208.93  208.27  207.60  206.94  206.28  205.61  204.95  204.29  203.63  202.97  202.31  201.65  200.99  200.33  200.00
   40.00  214.56  213.83  212.45  211.59  210.92  210.26  209.59  208.93  208.26  207.60  206.94  206.28  205.61  204.95  204.29  203.63  202.97  202.31  201.65  200.99  200.33  200.00
   45.00  214.81  214.11  212.75  211.58  210.92  210.25  209.59  208.92  208.26  207.60  206.93  206.27  205.61  204.95  204.29  203.63  202.97  202.31  201.65  200.99  200.33  200.00
   50.00  215.00  214.30  212.95  211.59  210.92  210.25  209.59  208.92  208.26  207.60  206.94  206.27  205.61  204.95  204.29  203.63  202.97  202.31  201.65  200.99  200.33  200.00
   55.00  215.19  214.50  213.16  211.61  210.92  210.25  209.59  208.92  208.26  207.60  206.94  206.27  205.61  204.95  204.29  203.63  202.97  202.31  201.65  200.99  200.33  200.00
   60.00  215.23  214.55  213.22  211.65  210.92  210.26  209.59  208.93  208.26  207.60  206.94  206.27  205.61  204.95  204.29  203.63  202.97  202.31  201.65  200.99  200.33  200.00
   65.00  215.21  214.53  213.20  211.74  210.92  210.26  209.59  208.93  208.26  207.60  206.94  206.28  205.61  204.95  204.29  203.63  202.97  202.31  201.65  200.99  200.33  200.00
   70.00  215.34  214.67  213.34  211.95  210.92  210.25  209.59  208.92  208.26  207.60  206.93  206.27  205.61  204.95  204.29  203.63  202.97  202.31  201.65  200.99  200.33  200.00
   75.00  215.56  214.89  213.57  212.20  210.92  210.25  209.58  208.92  208.26  207.60  206.93  206.27  205.61  204.95  204.29  203.63  202.97  202.31  201.65  200.99  200.33  200.00
   80.00  215.78  215.11  213.79  212.43  210.93  210.25  209.58  208.92  208.26  207.60  206.93  206.27  205.61  204.95  204.29  203.63  202.97  202.31  201.65  200.99  200.33  200.00
   85.00  215.89  215.22  213.90  212.55  210.97  210.25  209.59  208.92  208.26  207.60  206.94  206.27  205.61  204.95  204.29  203.63  202.97  202.31  201.65  200.99  200.33  200.00
   90.00  215.89  215.22  213.90  212.55  211.03  210.26  209.59  208.93  208.26  207.60  206.94  206.27  205.61  204.95  204.29  203.63  202.97  202.31  201.65  200.99  200.33  200.00
   95.00  215.94  215.27  213.95  212.61  211.16  210.25  209.59  208.92  208.26  207.60  206.94  206.27  205.61  204.95  204.29  203.63  202.97  202.31  201.65  200.99  200.33  200.00
  100.00  216.18  215.51  214.20  212.86  211.46  210.25  209.58  208.92  208.25  207.59  206.93  206.27  205.61  204.95  204.29  203.63  202.97  202.31  201.65  200.99  200.33  200.00
  105.00  216.32  215.65  214.33  213.00  211.64  210.26  209.58  208.92  208.26  207.60  206.93  206.27  205.61  204.95  204.29  203.63  202.97  202.31  201.65  200.99  200.33  200.00
  110.00  216.49  215.83  214.51  213.18  211.82  210.28  209.58  208.92  208.26  207.59  206.93  206.27  205.61  204.95  204.29  203.63  202.97  202.31  201.65  200.99  200.33  200.00
  115.00  216.57  215.91  214.59  213.27  211.91  210.32  209.59  208.92  208.26  207.60  206.93  206.27  205.61  204.95  204.29  203.63  202.97  202.31  201.65  200.99  200.33  200.00
  120.00  216.56  215.90  214.58  213.25  211.90  210.41  209.59  208.93  208.26  207.60  206.94  206.27  205.61  204.95  204.29  203.63  202.97  202.31  201.65  200.99  200.33  200.00
  125.00  216.69  216.03  214.71  213.39  212.04  210.61  209.59  208.92  208.26  207.59  206.93  206.27  205.61  204.95  204.29  203.63  202.97  202.31  201.65  200.99  200.33  200.00
  130.00  216.90  216.24  214.92  213.60  212.26  210.86  209.58  208.92  208.25  207.59  206.93  206.27  205.61  204.95  204.28  203.62  202.96  202.31  201.65  200.99  200.33  200.00
  135.00  217.08  216.42  215.10  213.78  212.44  211.08  209.60  208.92  208.25  207.59  206.93  206.27  205.61  204.95  204.29  203.62  202.96  202.31  201.65  200.99  200.33  200.00
  140.00  217.19  216.53  215.22  213.90  212.56  211.20  209.63  208.92  208.26  207.59  206.93  206.27  205.61  204.95  204.29  203.63  202.97  202.31  201.65  200.99  200.33  200.00
  145.00  217.23  216.57  215.25  213.93  212.60  211.24  209.69  208.92  208.26  207.60  206.94  206.27  205.61  204.95  204.29  203.63  202.97  202.31  201.65  200.99  200.33  200.00
  150.00  217.26  216.60  215.29  213.97  212.64  211.28  209.81  208.92  208.26  207.60  206.93  206.27  205.61  204.95  204.29  203.63  202.97  202.31  201.65  200.99  200.33  200.00
  155.00  217.47  216.82  215.50  214.18  212.85  211.50  210.08  208.92  208.25  207.59  206.93  206.27  205.60  204.94  204.28  203.62  202.96  202.30  201.65  200.99  200.33  200.00
  160.00  217.62  216.96  215.64  214.32  213.00  211.65  210.26  208.92  208.25  207.59  206.93  206.27  205.61  204.95  204.28  203.62  202.96  202.31  201.65  200.99  200.33  200.00
  165.00  217.79  217.13  215.82  214.50  213.17  211.83  210.47  208.94  208.25  207.59  206.93  206.27  205.61  204.94  204.28  203.62  202.96  202.30  201.65  200.99  200.33  200.00
  170.00  217.89  217.23  215.92  214.60  213.28  211.94  210.58  208.98  208.26  207.59  206.93  206.27  205.61  204.95  204.29  203.63  202.97  202.31  201.65  200.99  200.33  200.00
  175.00  217.89  217.23  215.92  214.60  213.27  211.94  210.58  209.06  208.26  207.60  206.94  206.27  205.61  204.95  204.29  203.63  202.97  202.31  201.65  200.99  200.33  200.00
  180.00  217.99  217.33  216.02  214.70  213.38  212.04  210.69  209.24  208.26  207.59  206.93  206.27  205.61  204.95  204.29  203.63  202.97  202.31  201.65  200.99  200.33  200.00
  185.00  218.22  217.56  216.24  214.93  213.60  212.27  210.92  209.51  208.25  207.59  206.92  206.26  205.60  204.94  204.28  203.62  202.96  202.30  201.64  200.99  200.33  200.00
  190.00  218.37  217.71  216.39  215.08  213.75  212.43  211.08  209.70  208.26  207.59  206.93  206.27  205.60  204.94  204.28  203.62  202.96  202.30  201.65  200.99  200.33  200.00
  195.00  218.49  217.84  216.52  215.20  213.88  212.55  211.21  209.85  208.29  207.59  206.93  206.27  205.61  204.95  204.28  203.62  202.96  202.31  201.65  200.99  200.33  200.00
  200.00  218.56  217.90  216.59  215.27  213.95  212.62  211.28  209.92  208.34  207.59  206.93  206.27  205.61  204.95  204.29  203.63  202.97  202.31  201.65  200.99  200.33  200.00
  205.00  218.57  217.92  216.60  215.28  213.96  212.64  211.30  209.94  208.45  207.60  206.93  206.27  205.61  204.95  204.29  203.63  202.97  202.31  201.65  200.99  200.33  200.00
  210.00  218.74  218.08  216.77  215.45  214.13  212.80  211.47  210.12  208.68  207.59  206.93  206.26  205.60  204.94  204.28  203.62  202.96  202.30  201.65  200.99  200.33  200.00
  215.00  218.91  218.25  216.93  215.62  214.30  212.97  211.64  210.29  208.89  207.59  206.93  206.26  205.60  204.94  204.28  203.62  202.96  202.30  201.65  200.99  200.33  200.00
  220.00  219.09  218.44  217.12  215.81  214.49  213.16  211.83  210.49  209.11  207.61  206.92  206.26  205.60  204.94  204.28  203.62  202.96  202.30  201.64  200.99  200.33  200.00
  225.00  219.19  218.53  217.22  215.90  214.58  213.26  211.93  210.58  209.22  207.65  206.93  206.27  205.61  204.95  204.28  203.62  202.96  202.31  201.65  200.99  200.33  200.00
  230.00  219.22  218.56  217.24  215.93  214.61  213.28  211.96  210.61  209.25  207.71  206.93  206.27  205.61  204.95  204.29  203.63  202.97  202.31  201.65  200.99  200.33  200.00
  235.00  219.28  218.62  217.31  215.99  214.67  213.35  212.02  210.68  209.33  207.85  206.93  206.27  205.61  204.95  204.29  203.63  202.97  202.31  201.65  200.99  200.33  200.00
  240.00  219.51  218.86  217.54  216.23  214.91  213.59  212.26  210.93  209.57  208.15  206.92  206.26  205.60  204.94  204.28  203.62  202.96  202.30  201.64  200.99  200.33  200.00
  245.00  219.64  218.99  217.67  216.36  215.04  213.72  212.39  211.06  209.70  208.31  206.93  206.26  205.60  204.94  204.28  203.62  202.96  202.30  201.65  200.99  200.33  200.00
  250.00  219.79  219.14  217.82  216.51  215.19  213.87  212.54  211.21  209.86  208.49  206.95  206.26  205.60  204.94  204.28  203.62  202.96  202.30  201.64  200.99  200.33  200.00
  255.00  219.89  219.23  217.91  216.60  215.28  213.96  212.64  211.30  209.96  208.59  207.00  206.27  205.61  204.94  204.28  203.62  202.96  202.30  201.65  200.99  200.33  200.00
  260.00  219.89  219.23  217.92  216.60  215.28  213.96  212.64  211.30  209.96  208.60  207.09  206.27  205.61  204.95  204.29  203.63  202.97  202.31  201.65  200.99  200.33  200.00
  265.00  220.00  219.34  218.03  216.71  215.40  214.08  212.75  211.42  210.08  208.73  207.27  206.27  205.60  204.94  204.28  203.62  202.96  202.30  201.65  200.99  200.33  200.00
  270.00  220.21  219.55  218.24  216.92  215.60  214.28  212.96  211.64  210.30  208.95  207.53  206.26  205.60  204.94  204.28  203.62  202.96  202.30  201.64  200.99  200.33  200.00
  275.00  220.37  219.71  218.40  217.09  215.77  214.45  213.13  211.80  210.46  209.11  207.72  206.28  205.60  204.94  204.28  203.62  202.96  202.30  201.64  200.99  200.33  200.00
  280.00  220.49  219.83  218.52  217.20  215.88  214.56  213.24  211.92  210.58  209.23  207.86  206.31  205.60  204.94  204.28  203.62  202.96  202.30  201.65  200.99  200.33  200.00
  285.00  220.55  219.89  218.57  217.26  215.94  214.62  213.30  211.97  210.64  209.29  207.93  206.36  205.61  204.95  204.29  203.62  202.96  202.31  201.65  200.99  200.33  200.00
  290.00  220.57  219.91  218.60  217.28  215.97  214.65  213.32  212.00  210.67  209.32  207.96  206.47  205.61  204.95  204.29  203.63  202.97  202.31  201.65  200.99  200.33  200.00
  295.00  220.74  220.09  218.77  217.46  216.14  214.82  213.50  212.18  210.85  209.51  208.15  206.71  205.60  204.94  204.28  203.62  202.96  202.30  201.64  200.99  200.33  200.00
  300.00  220.90  220.24  218.93  217.61  216.30  214.98  213.66  212.33  211.00  209.67  208.31  206.90  205.61  204.94  204.28  203.62  202.96  202.30  201.64  200.99  200.33  200.00
  305.00  221.08  220.43  219.11  217.80  216.48  215.16  213.84  212.52  211.19  209.86  208.51  207.12  205.62  204.94  204.28  203.62  202.96  202.30  201.64  200.99  200.33  200.00
  310.00  221.18  220.52  219.21  217.89  216.58  215.26  213.94  212.61  211.29  209.95  208.60  207.24  205.66  204.94  204.28  203.62  202.96  202.30  201.65  200.99  200.33  200.00
  315.00  221.20  220.55  219.23  217.92  216.60  215.28  213.96  212.64  211.31  209.98  208.63  207.27  205.73  204.95  204.29  203.63  202.97  202.31  201.65  200.99  200.33  200.00
  320.00  221.27  220.62  219.30  217.99  216.67  215.35  214.03  212.71  211.38  210.05  208.71  207.35  205.88  204.94  204.28  203.62  202.96  202.30  201.65  200.99  200.33  200.00
  325.00  221.51  220.85  219.54  218.22  216.91  215.59  214.27  212.95  211.63  210.30  208.96  207.60  206.18  204.94  204.27  203.62  202.96  202.30  201.64  200.98  200.33  200.00
  330.00  221.64  220.98  219.67  218.35  217.04  215.72  214.40  213.08  211.75  210.42  209.08  207.73  206.33  204.95  204.28  203.62  202.96  202.30  201.64  200.99  200.33  200.00
  335.00  221.78  221.12  219.81  218.50  217.18  215.86  214.54  213.22  211.90  210.57  209.23  207.88  206.50  204.97  204.28  203.62  202.96  202.30  201.64  200.99  200.33  200.00
  340.00  221.87  221.21  219.90  218.58  217.27  215.95  214.63  213.31  211.99  210.66  209.32  207.97  206.61  205.02  204.28  203.62  202.96  202.30  201.65  200.99  200.33  200.00
  345.00  221.88  221.22  219.91  218.59  217.28  215.96  214.64  213.31  211.99  210.66  209.33  207.98  206.62  205.11  204.29  203.63  202.97  202.31  201.65  200.99  200.33  200.00
  350.00  221.99  221.33  220.02  218.70  217.39  216.07  214.75  213.43  212.11  210.78  209.45  208.11  206.75  205.30  204.28  203.62  202.96  202.30  201.64  200.99  200.33  200.00
  355.00  222.19  221.53  220.22  218.90  217.59  216.27  214.95  213.63  212.31  210.99  209.66  208.32  206.96  205.55  204.28  203.62  202.96  202.30  201.64  200.99  200.33  200.00
  360.00  222.36  221.70  220.39  219.07  217.76  216.44  215.12  213.80  212.48  211.16  209.83  208.49  207.14  205.74  204.29  203.62  202.96  202.30  201.64  200.99  200.33  200.00
  365.00  222.47  221.82  220.50  219.19  217.87  216.56  215.24  213.92  212.59  211.27  209.94  208.60  207.25  205.88  204.32  203.62  202.96  202.30  201.64  200.99  200.33  200.00
  370.00  222.53  221.88  220.56  219.25  217.93  216.61  215.30  213.97  212.65  211.33  210.00  208.66  207.31  205.95  204.38  203.62  202.96  202.30  201.65  200.99  200.33  200.00
  375.00  222.56  221.90  220.59  219.27  217.96  216.64  215.32  214.00  212.68  211.35  210.02  208.69  207.34  205.98  204.49  203.63  202.96  202.31  201.65  200.99  200.33  200.00
  380.00  222.73  222.07  220.76  219.44  218.13  216.81  215.49  214.17  212.85  211.53  210.21  208.87  207.53  206.18  204.73  203.62  202.96  202.30  201.64  200.99  200.33  200.00
  385.00  222.88  222.22  220.91  219.59  218.28  216.96  215.65  214.33  213.00  211.68  210.36  209.03  207.68  206.33  204.92  203.62  202.96  202.30  201.64  200.99  200.33  200.00
  390.00  223.07  222.41  221.09  219.78  218.46  217.15  215.83  214.51  213.19  211.87  210.55  209.22  207.88  206.53  205.14  203.64  202.96  202.30  201.64  200.98  200.33  200.00
  395.00  223.16  222.51  221.19  219.88  218.56  217.25  215.93  214.61  213.29  211.96  210.64  209.31  207.97  206.62  205.25  203.68  202.96  202.30  201.64  200.99  200.33  200.00
  400.00  223.19  222.53  221.22  219.90  218.59  217.27  215.96  214.64  213.31  211.99  210.66  209.33  208.00  206.65  205.28  203.74  202.97  202.31  201.65  200.99  200.33  200.00
