 TIME AND WATER SATURATIONS
   TIME   SW( 1)  SW( 2)  SW( 3)  SW( 4)  SW( 5)  SW( 6)  SW( 7)  SW( 8)  SW( 9)  SW(10)  SW(11)  SW(12)  SW(13)  SW(14)  SW(15)  SW(16)  SW(17)  SW(18)  SW(19)  SW(20)  
      X=    2.50    7.50   12.50   17.50   22.50   27.50   32.50   37.50   42.50   47.50   52.50   57.50   62.50   67.50   72.50   77.50   82.50   87.50   92.50   97.50
    0.00  0.2000  0.2000  0.2000  0.2000  0.2000  0.2000  0.2000  0.2000  0.2000  0.2000  0.2000  0.2000  0.2000  0.2000  0.2000  0.2000  0.2000  0.2000  0.2000  0.2000
    5.00  0.2998  0.1998  0.1998  0.1998  0.1998  0.1999  0.1999  0.1999  0.1999  0.1999  0.1999  0.1999  0.1999  0.1999  0.1999  0.2000  0.2000  0.2000  0.2000  0.2000
   10.00  0.3991  0.2004  0.1998  0.1998  0.1998  0.1998  0.1998  0.1999  0.1999  0.1999  0.1999  0.1999  0.1999  0.1999  0.1999  0.1999  0.2000  0.2000  0.2000  0.2000
   15.00  0.4964  0.2030  0.1998  0.1998  0.1998  0.1998  0.1998  0.1999  0.1999  0.1999  0.1999  0.1999  0.1999  0.1999  0.1999  0.1999  0.2000  0.2000  0.2000  0.2000
   20.00  0.5877  0.2116  0.1998  0.1998  0.1998  0.1998  0.1998  0.1999  0.1999  0.1999  0.1999  0.1999  0.1999  0.1999  0.1999  0.1999  0.2000  0.2000  0.2000  0.2000
   25.00  0.6442  0.2550  0.1999  0.1998  0.1998  0.1998  0.1998  0.1999  0.1999  0.1999  0.1999  0.1999  0.1999  0.1999  0.1999  0.1999  0.2000  0.2000  0.2000  0.2000
   30.00  0.6770  0.3218  0.2002  0.1998  0.1998  0.1998  0.1998  0.1999  0.1999  0.1999  0.1999  0.1999  0.1999  0.1999  0.1999  0.1999  0.2000  0.2000  0.2000  0.2000
   35.00  0.6973  0.4006  0.2011  0.1998  0.1998  0.1998  0.1998  0.1999  0.1999  0.1999  0.1999  0.1999  0.1999  0.1999  0.1999  0.1999  0.2000  0.2000  0.2000  0.2000
   40.00  0.7111  0.4840  0.2038  0.1998  0.1998  0.1998  0.1998  0.1999  0.1999  0.1999  0.1999  0.1999  0.1999  0.1999  0.1999  0.1999  0.2000  0.2000  0.2000  0.2000
   45.00  0.7221  0.5656  0.2111  0.1998  0.1998  0.1998  0.1998  0.1999  0.1999  0.1999  0.1999  0.1999  0.1999  0.1999  0.1999  0.1999  0.2000  0.2000  0.2000  0.2000
   50.00  0.7311  0.6240  0.2435  0.1999  0.1998  0.1998  0.1998  0.1999  0.1999  0.1999  0.1999  0.1999  0.1999  0.1999  0.1999  0.1999  0.2000  0.2000  0.2000  0.2000
   55.00  0.7385  0.6574  0.3024  0.2001  0.1998  0.1998  0.1998  0.1999  0.1999  0.1999  0.1999  0.1999  0.1999  0.1999  0.1999  0.1999  0.2000  0.2000  0.2000  0.2000
   60.00  0.7447  0.6787  0.3743  0.2007  0.1998  0.1998  0.1998  0.1999  0.1999  0.1999  0.1999  0.1999  0.1999  0.1999  0.1999  0.1999  0.2000  0.2000  0.2000  0.2000
   65.00  0.7498  0.6933  0.4526  0.2027  0.1998  0.1998  0.1998  0.1999  0.1999  0.1999  0.1999  0.1999  0.1999  0.1999  0.1999  0.1999  0.2000  0.2000  0.2000  0.2000
   70.00  0.7540  0.7041  0.5326  0.2075  0.1998  0.1998  0.1998  0.1999  0.1999  0.1999  0.1999  0.1999  0.1999  0.1999  0.1999  0.1999  0.2000  0.2000  0.2000  0.2000
   75.00  0.7578  0.7125  0.6007  0.2271  0.1999  0.1998  0.1998  0.1999  0.1999  0.1999  0.1999  0.1999  0.1999  0.1999  0.1999  0.1999  0.2000  0.2000  0.2000  0.2000
   80.00  0.7614  0.7197  0.6396  0.2773  0.2000  0.1998  0.1998  0.1999  0.1999  0.1999  0.1999  0.1999  0.1999  0.1999  0.1999  0.1999  0.2000  0.2000  0.2000  0.2000
   85.00  0.7646  0.7259  0.6648  0.3421  0.2005  0.1998  0.1998  0.1999  0.1999  0.1999  0.1999  0.1999  0.1999  0.1999  0.1999  0.1999  0.2000  0.2000  0.2000  0.2000
   90.00  0.7675  0.7313  0.6811  0.4162  0.2016  0.1998  0.1998  0.1999  0.1999  0.1999  0.1999  0.1999  0.1999  0.1999  0.1999  0.1999  0.2000  0.2000  0.2000  0.2000
   95.00  0.7702  0.7360  0.6926  0.4939  0.2049  0.1998  0.1998  0.1999  0.1999  0.1999  0.1999  0.1999  0.1999  0.1999  0.1999  0.1999  0.2000  0.2000  0.2000  0.2000
  100.00  0.7727  0.7401  0.7013  0.5702  0.2132  0.1999  0.1998  0.1999  0.1999  0.1999  0.1999  0.1999  0.1999  0.1999  0.1999  0.1999  0.2000  0.2000  0.2000  0.2000
  105.00  0.7750  0.7437  0.7081  0.6228  0.2478  0.1999  0.1998  0.1999  0.1999  0.1999  0.1999  0.1999  0.1999  0.1999  0.1999  0.1999  0.2000  0.2000  0.2000  0.2000
  110.00  0.7771  0.7469  0.7144  0.6526  0.3061  0.2002  0.1998  0.1999  0.1999  0.1999  0.1999  0.1999  0.1999  0.1999  0.1999  0.1999  0.2000  0.2000  0.2000  0.2000
  115.00  0.7790  0.7497  0.7201  0.6716  0.3760  0.2009  0.1998  0.1999  0.1999  0.1999  0.1999  0.1999  0.1999  0.1999  0.1999  0.1999  0.2000  0.2000  0.2000  0.2000
  120.00  0.7807  0.7522  0.7252  0.6844  0.4517  0.2028  0.1998  0.1999  0.1999  0.1999  0.1999  0.1999  0.1999  0.1999  0.1999  0.1999  0.2000  0.2000  0.2000  0.2000
  125.00  0.7823  0.7546  0.7297  0.6938  0.5290  0.2076  0.1999  0.1999  0.1999  0.1999  0.1999  0.1999  0.1999  0.1999  0.1999  0.1999  0.2000  0.2000  0.2000  0.2000
  130.00  0.7838  0.7569  0.7336  0.7010  0.5957  0.2259  0.1999  0.1999  0.1999  0.1999  0.1999  0.1999  0.1999  0.1999  0.1999  0.1999  0.2000  0.2000  0.2000  0.2000
  135.00  0.7852  0.7592  0.7370  0.7068  0.6351  0.2734  0.2000  0.1999  0.1999  0.1999  0.1999  0.1999  0.1999  0.1999  0.1999  0.1999  0.2000  0.2000  0.2000  0.2000
  140.00  0.7864  0.7614  0.7400  0.7121  0.6598  0.3364  0.2005  0.1999  0.1999  0.1999  0.1999  0.1999  0.1999  0.1999  0.1999  0.1999  0.2000  0.2000  0.2000  0.2000
  145.00  0.7875  0.7635  0.7427  0.7170  0.6756  0.4087  0.2016  0.1999  0.1999  0.1999  0.1999  0.1999  0.1999  0.1999  0.1999  0.1999  0.2000  0.2000  0.2000  0.2000
  150.00  0.7886  0.7655  0.7451  0.7215  0.6865  0.4849  0.2045  0.1999  0.1999  0.1999  0.1999  0.1999  0.1999  0.1999  0.1999  0.1999  0.2000  0.2000  0.2000  0.2000
  155.00  0.7895  0.7674  0.7472  0.7256  0.6945  0.5601  0.2120  0.1999  0.1999  0.1999  0.1999  0.1999  0.1999  0.1999  0.1999  0.1999  0.2000  0.2000  0.2000  0.2000
  160.00  0.7904  0.7693  0.7492  0.7293  0.7008  0.6154  0.2418  0.2000  0.1999  0.1999  0.1999  0.1999  0.1999  0.1999  0.1999  0.1999  0.2000  0.2000  0.2000  0.2000
  165.00  0.7912  0.7710  0.7509  0.7328  0.7058  0.6467  0.2973  0.2002  0.1999  0.1999  0.1999  0.1999  0.1999  0.1999  0.1999  0.1999  0.2000  0.2000  0.2000  0.2000
  170.00  0.7919  0.7727  0.7526  0.7358  0.7106  0.6666  0.3649  0.2007  0.1999  0.1999  0.1999  0.1999  0.1999  0.1999  0.1999  0.1999  0.2000  0.2000  0.2000  0.2000
  175.00  0.7926  0.7743  0.7543  0.7385  0.7151  0.6796  0.4391  0.2024  0.1999  0.1999  0.1999  0.1999  0.1999  0.1999  0.1999  0.1999  0.2000  0.2000  0.2000  0.2000
  180.00  0.7932  0.7758  0.7560  0.7408  0.7192  0.6887  0.5154  0.2066  0.1999  0.1999  0.1999  0.1999  0.1999  0.1999  0.1999  0.1999  0.2000  0.2000  0.2000  0.2000
  185.00  0.7938  0.7773  0.7577  0.7429  0.7229  0.6957  0.5849  0.2204  0.1999  0.1999  0.1999  0.1999  0.1999  0.1999  0.1999  0.1999  0.2000  0.2000  0.2000  0.2000
  190.00  0.7943  0.7787  0.7593  0.7448  0.7264  0.7011  0.6286  0.2622  0.2000  0.1999  0.1999  0.1999  0.1999  0.1999  0.1999  0.1999  0.2000  0.2000  0.2000  0.2000
  195.00  0.7948  0.7800  0.7609  0.7464  0.7296  0.7056  0.6549  0.3226  0.2004  0.1999  0.1999  0.1999  0.1999  0.1999  0.1999  0.1999  0.2000  0.2000  0.2000  0.2000
  200.00  0.7952  0.7812  0.7625  0.7480  0.7325  0.7099  0.6714  0.3932  0.2013  0.1999  0.1999  0.1999  0.1999  0.1999  0.1999  0.1999  0.2000  0.2000  0.2000  0.2000
  205.00  0.7956  0.7824  0.7641  0.7494  0.7352  0.7139  0.6825  0.4684  0.2037  0.1999  0.1999  0.1999  0.1999  0.1999  0.1999  0.1999  0.2000  0.2000  0.2000  0.2000
  210.00  0.7960  0.7835  0.7656  0.7507  0.7376  0.7176  0.6905  0.5437  0.2098  0.1999  0.1999  0.1999  0.1999  0.1999  0.1999  0.1999  0.2000  0.2000  0.2000  0.2000
  215.00  0.7963  0.7845  0.7671  0.7520  0.7398  0.7211  0.6966  0.6044  0.2330  0.2000  0.1999  0.1999  0.1999  0.1999  0.1999  0.1999  0.2000  0.2000  0.2000  0.2000
  220.00  0.7966  0.7855  0.7686  0.7532  0.7417  0.7244  0.7014  0.6386  0.2844  0.2001  0.1999  0.1999  0.1999  0.1999  0.1999  0.1999  0.2000  0.2000  0.2000  0.2000
  225.00  0.7969  0.7864  0.7700  0.7545  0.7434  0.7274  0.7055  0.6610  0.3487  0.2006  0.1999  0.1999  0.1999  0.1999  0.1999  0.1999  0.2000  0.2000  0.2000  0.2000
  230.00  0.7972  0.7873  0.7714  0.7558  0.7449  0.7302  0.7094  0.6751  0.4212  0.2019  0.1999  0.1999  0.1999  0.1999  0.1999  0.1999  0.2000  0.2000  0.2000  0.2000
  235.00  0.7974  0.7881  0.7727  0.7571  0.7463  0.7327  0.7131  0.6848  0.4967  0.2053  0.1999  0.1999  0.1999  0.1999  0.1999  0.1999  0.2000  0.2000  0.2000  0.2000
  240.00  0.7976  0.7889  0.7740  0.7585  0.7475  0.7351  0.7166  0.6919  0.5702  0.2139  0.1999  0.1999  0.1999  0.1999  0.1999  0.1999  0.2000  0.2000  0.2000  0.2000
  245.00  0.7978  0.7896  0.7752  0.7598  0.7487  0.7372  0.7198  0.6974  0.6200  0.2484  0.2000  0.1999  0.1999  0.1999  0.1999  0.1999  0.2000  0.2000  0.2000  0.2000
  250.00  0.7980  0.7903  0.7765  0.7611  0.7497  0.7392  0.7229  0.7017  0.6486  0.3055  0.2003  0.1999  0.1999  0.1999  0.1999  0.1999  0.2000  0.2000  0.2000  0.2000
  255.00  0.7982  0.7909  0.7776  0.7624  0.7507  0.7410  0.7257  0.7055  0.6670  0.3738  0.2009  0.1999  0.1999  0.1999  0.1999  0.1999  0.2000  0.2000  0.2000  0.2000
  260.00  0.7983  0.7915  0.7787  0.7636  0.7517  0.7426  0.7284  0.7091  0.6789  0.4479  0.2028  0.1999  0.1999  0.1999  0.1999  0.1999  0.2000  0.2000  0.2000  0.2000
  265.00  0.7985  0.7921  0.7798  0.7649  0.7527  0.7440  0.7309  0.7125  0.6872  0.5235  0.2074  0.1999  0.1999  0.1999  0.1999  0.1999  0.2000  0.2000  0.2000  0.2000
  270.00  0.7986  0.7926  0.7808  0.7662  0.7537  0.7453  0.7331  0.7158  0.6935  0.5899  0.2238  0.2000  0.1999  0.1999  0.1999  0.1999  0.2000  0.2000  0.2000  0.2000
  275.00  0.7987  0.7931  0.7818  0.7674  0.7548  0.7464  0.7352  0.7188  0.6983  0.6303  0.2681  0.2001  0.1999  0.1999  0.1999  0.1999  0.2000  0.2000  0.2000  0.2000
  280.00  0.7988  0.7936  0.7828  0.7686  0.7559  0.7474  0.7372  0.7217  0.7022  0.6552  0.3292  0.2005  0.1999  0.1999  0.1999  0.1999  0.2000  0.2000  0.2000  0.2000
  285.00  0.7989  0.7940  0.7837  0.7698  0.7569  0.7484  0.7389  0.7244  0.7057  0.6710  0.3997  0.2015  0.1999  0.1999  0.1999  0.1999  0.2000  0.2000  0.2000  0.2000
  290.00  0.7990  0.7944  0.7845  0.7709  0.7580  0.7492  0.7406  0.7270  0.7090  0.6815  0.4746  0.2041  0.1999  0.1999  0.1999  0.1999  0.2000  0.2000  0.2000  0.2000
  295.00  0.7991  0.7948  0.7854  0.7721  0.7591  0.7501  0.7421  0.7293  0.7122  0.6890  0.5490  0.2106  0.1999  0.1999  0.1999  0.1999  0.2000  0.2000  0.2000  0.2000
  300.00  0.7992  0.7952  0.7861  0.7732  0.7602  0.7508  0.7434  0.7315  0.7153  0.6946  0.6074  0.2356  0.2000  0.1999  0.1999  0.1999  0.2000  0.2000  0.2000  0.2000
  305.00  0.7993  0.7955  0.7869  0.7743  0.7613  0.7516  0.7446  0.7336  0.7181  0.6990  0.6399  0.2881  0.2002  0.1999  0.1999  0.1999  0.2000  0.2000  0.2000  0.2000
  310.00  0.7993  0.7958  0.7876  0.7753  0.7624  0.7524  0.7457  0.7355  0.7209  0.7025  0.6612  0.3528  0.2007  0.1999  0.1999  0.1999  0.2000  0.2000  0.2000  0.2000
  315.00  0.7994  0.7961  0.7883  0.7764  0.7635  0.7533  0.7466  0.7373  0.7234  0.7058  0.6747  0.4253  0.2021  0.1999  0.1999  0.1999  0.2000  0.2000  0.2000  0.2000
  320.00  0.7994  0.7964  0.7890  0.7774  0.7646  0.7542  0.7475  0.7389  0.7258  0.7090  0.6839  0.5005  0.2057  0.1999  0.1999  0.1999  0.2000  0.2000  0.2000  0.2000
  325.00  0.7995  0.7967  0.7896  0.7783  0.7656  0.7550  0.7483  0.7404  0.7281  0.7120  0.6906  0.5731  0.2147  0.2000  0.1999  0.1999  0.2000  0.2000  0.2000  0.2000
  330.00  0.7995  0.7969  0.7902  0.7793  0.7667  0.7559  0.7490  0.7417  0.7303  0.7148  0.6956  0.6211  0.2505  0.2000  0.1999  0.1999  0.2000  0.2000  0.2000  0.2000
  335.00  0.7996  0.7971  0.7907  0.7802  0.7678  0.7568  0.7497  0.7430  0.7323  0.7176  0.6996  0.6488  0.3081  0.2003  0.1999  0.1999  0.2000  0.2000  0.2000  0.2000
  340.00  0.7996  0.7973  0.7913  0.7811  0.7688  0.7578  0.7503  0.7441  0.7341  0.7202  0.7029  0.6667  0.3763  0.2010  0.1999  0.1999  0.2000  0.2000  0.2000  0.2000
  345.00  0.7997  0.7975  0.7918  0.7819  0.7698  0.7587  0.7509  0.7452  0.7358  0.7226  0.7060  0.6782  0.4503  0.2030  0.1999  0.1999  0.2000  0.2000  0.2000  0.2000
  350.00  0.7997  0.7977  0.7922  0.7827  0.7709  0.7596  0.7516  0.7461  0.7375  0.7249  0.7090  0.6862  0.5254  0.2077  0.2000  0.1999  0.2000  0.2000  0.2000  0.2000
  355.00  0.7997  0.7979  0.7927  0.7835  0.7719  0.7606  0.7523  0.7469  0.7389  0.7271  0.7118  0.6921  0.5908  0.2247  0.2000  0.1999  0.2000  0.2000  0.2000  0.2000
  360.00  0.7997  0.7980  0.7931  0.7843  0.7728  0.7615  0.7530  0.7476  0.7403  0.7292  0.7145  0.6967  0.6303  0.2695  0.2001  0.1999  0.2000  0.2000  0.2000  0.2000
  365.00  0.7998  0.7982  0.7935  0.7850  0.7738  0.7625  0.7537  0.7483  0.7416  0.7311  0.7171  0.7003  0.6547  0.3305  0.2005  0.1999  0.2000  0.2000  0.2000  0.2000
  370.00  0.7998  0.7983  0.7939  0.7857  0.7747  0.7634  0.7545  0.7489  0.7427  0.7329  0.7196  0.7033  0.6704  0.4008  0.2015  0.2000  0.2000  0.2000  0.2000  0.2000
  375.00  0.7998  0.7984  0.7943  0.7864  0.7757  0.7644  0.7552  0.7495  0.7438  0.7346  0.7219  0.7062  0.6807  0.4754  0.2042  0.2000  0.2000  0.2000  0.2000  0.2000
  380.00  0.7998  0.7986  0.7946  0.7871  0.7766  0.7653  0.7560  0.7500  0.7448  0.7362  0.7242  0.7091  0.6879  0.5494  0.2108  0.2000  0.2000  0.2000  0.2000  0.2000
  385.00  0.7999  0.7987  0.7950  0.7877  0.7774  0.7663  0.7568  0.7505  0.7457  0.7377  0.7263  0.7118  0.6933  0.6073  0.2359  0.2000  0.2000  0.2000  0.2000  0.2000
  390.00  0.7999  0.7988  0.7953  0.7883  0.7783  0.7672  0.7576  0.7511  0.7465  0.7391  0.7283  0.7143  0.6975  0.6394  0.2883  0.2002  0.2000  0.2000  0.2000  0.2000
  395.00  0.7999  0.7989  0.7956  0.7889  0.7791  0.7682  0.7584  0.7516  0.7472  0.7404  0.7302  0.7168  0.7008  0.6605  0.3528  0.2007  0.2000  0.2000  0.2000  0.2000
  400.00  0.7999  0.7990  0.7958  0.7895  0.7800  0.7691  0.7592  0.7522  0.7478  0.7415  0.7319  0.7192  0.7037  0.6740  0.4250  0.2021  0.2000  0.2000  0.2000  0.2000
