 TIME, RATES AND OIL PRESSURES
   TIME   PL      P( 1)   P( 2)   P( 3)   P( 4)   P( 5)   P( 6)   P( 7)   P( 8)   P( 9)   P(10)   PR      
      X=    5.00   15.00   25.00   35.00   45.00   55.00   65.00   75.00   85.00   95.00
    0.00  200.00  200.00  200.00  200.00  200.00  200.00  200.00  200.00  200.00  200.00  200.00  200.00
    1.00  208.26  207.27  206.12  205.11  204.21  203.42  202.69  202.03  201.42  200.84  200.28  200.00
    2.00  211.08  210.08  208.81  207.61  206.47  205.38  204.34  203.33  202.36  201.41  200.47  200.00
    3.00  212.41  211.40  210.07  208.81  207.57  206.35  205.16  203.99  202.84  201.70  200.57  200.00
    4.00  213.06  212.04  210.68  209.38  208.10  206.83  205.57  204.32  203.08  201.84  200.61  200.00
    5.00  213.39  212.35  210.98  209.66  208.36  207.06  205.76  204.48  203.19  201.91  200.64  200.00
    6.00  213.55  212.51  211.12  209.80  208.48  207.17  205.86  204.55  203.25  201.95  200.65  200.00
    7.00  213.65  212.60  211.19  209.87  208.54  207.22  205.90  204.59  203.27  201.96  200.65  200.00
    8.00  213.71  212.64  211.23  209.90  208.57  207.25  205.93  204.61  203.29  201.97  200.66  200.00
    9.00  213.75  212.67  211.24  209.91  208.58  207.26  205.94  204.61  203.29  201.97  200.66  200.00
   10.00  213.78  212.70  211.25  209.92  208.59  207.27  205.94  204.62  203.30  201.98  200.66  200.00
   11.00  213.81  212.71  211.25  209.92  208.59  207.27  205.94  204.62  203.30  201.98  200.66  200.00
   12.00  213.84  212.73  211.25  209.92  208.60  207.27  205.94  204.62  203.30  201.98  200.66  200.00
   13.00  213.87  212.75  211.25  209.92  208.60  207.27  205.94  204.62  203.30  201.98  200.66  200.00
   14.00  213.91  212.77  211.26  209.93  208.60  207.27  205.95  204.62  203.30  201.98  200.66  200.00
   15.00  213.94  212.79  211.26  209.93  208.60  207.27  205.95  204.62  203.30  201.98  200.66  200.00
   16.00  213.97  212.81  211.26  209.93  208.60  207.27  205.95  204.62  203.30  201.98  200.66  200.00
   17.00  214.02  212.84  211.25  209.92  208.60  207.27  205.94  204.62  203.30  201.98  200.66  200.00
   18.00  214.08  212.88  211.25  209.92  208.60  207.27  205.94  204.62  203.30  201.98  200.66  200.00
   19.00  214.14  212.91  211.25  209.92  208.60  207.27  205.94  204.62  203.30  201.98  200.66  200.00
   20.00  214.20  212.94  211.25  209.92  208.60  207.27  205.94  204.62  203.30  201.98  200.66  200.00
   21.00  214.26  212.98  211.25  209.92  208.60  207.27  205.94  204.62  203.30  201.98  200.66  200.00
   22.00  214.34  213.03  211.25  209.92  208.59  207.27  205.94  204.62  203.30  201.98  200.66  200.00
   23.00  214.43  213.08  211.25  209.92  208.59  207.27  205.94  204.62  203.30  201.98  200.66  200.00
   24.00  214.53  213.14  211.25  209.92  208.59  207.27  205.94  204.62  203.30  201.98  200.66  200.00
   25.00  214.64  213.20  211.25  209.92  208.59  207.27  205.94  204.62  203.30  201.98  200.66  200.00
   26.00  214.75  213.27  211.25  209.92  208.59  207.27  205.94  204.62  203.30  201.98  200.66  200.00
   27.00  214.87  213.34  211.25  209.92  208.59  207.27  205.94  204.62  203.30  201.98  200.66  200.00
   28.00  214.99  213.42  211.25  209.92  208.59  207.27  205.94  204.62  203.30  201.98  200.66  200.00
   29.00  215.13  213.50  211.25  209.92  208.59  207.26  205.94  204.62  203.30  201.98  200.66  200.00
   30.00  215.28  213.59  211.25  209.92  208.59  207.26  205.94  204.62  203.30  201.98  200.66  200.00
   31.00  215.43  213.68  211.25  209.92  208.59  207.26  205.94  204.62  203.30  201.98  200.66  200.00
   32.00  215.56  213.76  211.25  209.92  208.59  207.26  205.94  204.62  203.30  201.98  200.66  200.00
   33.00  215.57  213.79  211.26  209.92  208.59  207.27  205.94  204.62  203.30  201.98  200.66  200.00
   34.00  215.59  213.82  211.26  209.92  208.60  207.27  205.94  204.62  203.30  201.98  200.66  200.00
   35.00  215.60  213.84  211.27  209.93  208.60  207.27  205.94  204.62  203.30  201.98  200.66  200.00
   36.00  215.61  213.86  211.27  209.93  208.60  207.27  205.95  204.62  203.30  201.98  200.66  200.00
   37.00  215.63  213.88  211.27  209.93  208.60  207.27  205.95  204.62  203.30  201.98  200.66  200.00
   38.00  215.65  213.91  211.27  209.92  208.60  207.27  205.94  204.62  203.30  201.98  200.66  200.00
   39.00  215.71  213.96  211.28  209.92  208.60  207.27  205.94  204.62  203.30  201.98  200.66  200.00
   40.00  215.78  214.01  211.28  209.92  208.59  207.27  205.94  204.62  203.30  201.98  200.66  200.00
   41.00  215.84  214.07  211.28  209.92  208.59  207.27  205.94  204.62  203.30  201.98  200.66  200.00
   42.00  215.90  214.12  211.29  209.92  208.59  207.27  205.94  204.62  203.30  201.98  200.66  200.00
   43.00  215.96  214.17  211.29  209.92  208.59  207.27  205.94  204.62  203.30  201.98  200.66  200.00
   44.00  216.02  214.23  211.30  209.92  208.59  207.27  205.94  204.62  203.30  201.98  200.66  200.00
   45.00  216.08  214.28  211.30  209.92  208.59  207.27  205.94  204.62  203.30  201.98  200.66  200.00
   46.00  216.12  214.32  211.31  209.92  208.59  207.27  205.94  204.62  203.30  201.98  200.66  200.00
   47.00  216.15  214.35  211.32  209.92  208.59  207.27  205.94  204.62  203.30  201.98  200.66  200.00
   48.00  216.17  214.38  211.32  209.92  208.60  207.27  205.94  204.62  203.30  201.98  200.66  200.00
   49.00  216.20  214.40  211.33  209.92  208.60  207.27  205.94  204.62  203.30  201.98  200.66  200.00
   50.00  216.22  214.43  211.34  209.92  208.60  207.27  205.94  204.62  203.30  201.98  200.66  200.00
   51.00  216.25  214.45  211.35  209.92  208.60  207.27  205.94  204.62  203.30  201.98  200.66  200.00
   52.00  216.27  214.48  211.36  209.92  208.60  207.27  205.94  204.62  203.30  201.98  200.66  200.00
   53.00  216.29  214.50  211.36  209.92  208.60  207.27  205.94  204.62  203.30  201.98  200.66  200.00
   54.00  216.32  214.53  211.37  209.92  208.60  207.27  205.94  204.62  203.30  201.98  200.66  200.00
   55.00  216.34  214.55  211.38  209.92  208.60  207.27  205.94  204.62  203.30  201.98  200.66  200.00
   56.00  216.37  214.58  211.39  209.92  208.60  207.27  205.94  204.62  203.30  201.98  200.66  200.00
   57.00  216.39  214.60  211.41  209.92  208.60  207.27  205.94  204.62  203.30  201.98  200.66  200.00
   58.00  216.42  214.63  211.42  209.92  208.60  207.27  205.94  204.62  203.30  201.98  200.66  200.00
   59.00  216.37  214.61  211.44  209.93  208.60  207.27  205.95  204.62  203.30  201.98  200.66  200.00
   60.00  216.33  214.60  211.45  209.93  208.60  207.27  205.95  204.62  203.30  201.98  200.66  200.00
   61.00  216.29  214.58  211.47  209.93  208.60  207.27  205.95  204.62  203.30  201.98  200.66  200.00
   62.00  216.26  214.57  211.48  209.93  208.60  207.27  205.95  204.62  203.30  201.98  200.66  200.00
   63.00  216.23  214.56  211.50  209.93  208.60  207.27  205.95  204.62  203.30  201.98  200.66  200.00
   64.00  216.21  214.56  211.52  209.93  208.60  207.27  205.95  204.62  203.30  201.98  200.66  200.00
   65.00  216.19  214.56  211.54  209.93  208.60  207.27  205.94  204.62  203.30  201.98  200.66  200.00
   66.00  216.18  214.56  211.57  209.93  208.60  207.27  205.94  204.62  203.30  201.98  200.66  200.00
   67.00  216.17  214.57  211.60  209.93  208.60  207.27  205.94  204.62  203.30  201.98  200.66  200.00
   68.00  216.16  214.57  211.62  209.93  208.60  207.27  205.94  204.62  203.30  201.98  200.66  200.00
   69.00  216.15  214.58  211.65  209.93  208.59  207.27  205.94  204.62  203.30  201.98  200.66  200.00
   70.00  216.16  214.60  211.69  209.92  208.59  207.27  205.94  204.62  203.30  201.98  200.66  200.00
   71.00  216.17  214.63  211.73  209.92  208.59  207.27  205.94  204.62  203.30  201.98  200.66  200.00
   72.00  216.19  214.65  211.78  209.92  208.59  207.27  205.94  204.62  203.30  201.98  200.66  200.00
   73.00  216.21  214.69  211.83  209.92  208.59  207.26  205.94  204.62  203.30  201.98  200.66  200.00
   74.00  216.23  214.72  211.88  209.92  208.59  207.26  205.94  204.62  203.30  201.98  200.66  200.00
   75.00  216.26  214.76  211.93  209.92  208.59  207.26  205.94  204.62  203.30  201.98  200.66  200.00
   76.00  216.29  214.80  211.99  209.92  208.59  207.26  205.94  204.62  203.30  201.98  200.66  200.00
   77.00  216.33  214.85  212.05  209.92  208.59  207.26  205.94  204.62  203.30  201.98  200.66  200.00
   78.00  216.37  214.91  212.12  209.92  208.59  207.26  205.94  204.62  203.29  201.98  200.66  200.00
   79.00  216.42  214.96  212.19  209.92  208.59  207.26  205.94  204.62  203.29  201.98  200.66  200.00
   80.00  216.48  215.03  212.26  209.92  208.58  207.26  205.94  204.61  203.29  201.98  200.66  200.00
   81.00  216.54  215.09  212.34  209.92  208.58  207.26  205.94  204.61  203.29  201.98  200.66  200.00
   82.00  216.60  215.16  212.42  209.92  208.58  207.26  205.94  204.61  203.29  201.98  200.66  200.00
   83.00  216.62  215.19  212.45  209.93  208.59  207.26  205.94  204.62  203.30  201.98  200.66  200.00
   84.00  216.63  215.21  212.47  209.93  208.59  207.27  205.94  204.62  203.30  201.98  200.66  200.00
   85.00  216.65  215.22  212.49  209.94  208.59  207.27  205.94  204.62  203.30  201.98  200.66  200.00
   86.00  216.66  215.24  212.51  209.94  208.59  207.27  205.94  204.62  203.30  201.98  200.66  200.00
   87.00  216.68  215.26  212.53  209.94  208.60  207.27  205.94  204.62  203.30  201.98  200.66  200.00
   88.00  216.69  215.27  212.55  209.94  208.60  207.27  205.94  204.62  203.30  201.98  200.66  200.00
   89.00  216.71  215.29  212.57  209.95  208.59  207.27  205.94  204.62  203.30  201.98  200.66  200.00
   90.00  216.74  215.33  212.61  209.95  208.59  207.27  205.94  204.62  203.30  201.98  200.66  200.00
   91.00  216.78  215.37  212.65  209.95  208.59  207.26  205.94  204.62  203.30  201.98  200.66  200.00
   92.00  216.83  215.41  212.70  209.95  208.59  207.26  205.94  204.62  203.30  201.98  200.66  200.00
   93.00  216.87  215.46  212.74  209.96  208.59  207.26  205.94  204.62  203.30  201.98  200.66  200.00
   94.00  216.91  215.50  212.79  209.96  208.59  207.26  205.94  204.62  203.30  201.98  200.66  200.00
   95.00  216.95  215.54  212.83  209.96  208.59  207.26  205.94  204.62  203.30  201.98  200.66  200.00
   96.00  216.99  215.59  212.88  209.97  208.59  207.26  205.94  204.62  203.30  201.98  200.66  200.00
   97.00  217.03  215.63  212.92  209.98  208.59  207.26  205.94  204.62  203.30  201.98  200.66  200.00
   98.00  217.07  215.67  212.97  209.98  208.59  207.26  205.94  204.62  203.30  201.98  200.66  200.00
   99.00  217.10  215.70  213.00  209.99  208.59  207.26  205.94  204.62  203.30  201.98  200.66  200.00
  100.00  217.12  215.73  213.02  210.00  208.59  207.27  205.94  204.62  203.30  201.98  200.66  200.00
  101.00  217.14  215.75  213.05  210.01  208.59  207.27  205.94  204.62  203.30  201.98  200.66  200.00
  102.00  217.16  215.77  213.07  210.01  208.59  207.27  205.94  204.62  203.30  201.98  200.66  200.00
  103.00  217.18  215.79  213.09  210.02  208.59  207.27  205.94  204.62  203.30  201.98  200.66  200.00
  104.00  217.20  215.81  213.11  210.03  208.59  207.27  205.94  204.62  203.30  201.98  200.66  200.00
  105.00  217.22  215.83  213.14  210.04  208.59  207.27  205.94  204.62  203.30  201.98  200.66  200.00
  106.00  217.24  215.85  213.16  210.05  208.59  207.27  205.94  204.62  203.30  201.98  200.66  200.00
  107.00  217.26  215.87  213.18  210.05  208.59  207.27  205.94  204.62  203.30  201.98  200.66  200.00
  108.00  217.28  215.89  213.20  210.07  208.59  207.27  205.94  204.62  203.30  201.98  200.66  200.00
  109.00  217.30  215.92  213.23  210.08  208.59  207.27  205.94  204.62  203.30  201.98  200.66  200.00
  110.00  217.32  215.94  213.25  210.09  208.59  207.27  205.94  204.62  203.30  201.98  200.66  200.00
  111.00  217.34  215.96  213.27  210.10  208.59  207.27  205.94  204.62  203.30  201.98  200.66  200.00
  112.00  217.36  215.98  213.30  210.11  208.59  207.27  205.94  204.62  203.30  201.98  200.66  200.00
  113.00  217.38  216.01  213.32  210.13  208.59  207.27  205.94  204.62  203.30  201.98  200.66  200.00
  114.00  217.41  216.03  213.35  210.14  208.59  207.27  205.94  204.62  203.30  201.98  200.66  200.00
  115.00  217.41  216.04  213.35  210.16  208.60  207.27  205.94  204.62  203.30  201.98  200.66  200.00
  116.00  217.41  216.04  213.35  210.19  208.60  207.27  205.94  204.62  203.30  201.98  200.66  200.00
  117.00  217.41  216.03  213.35  210.21  208.60  207.27  205.94  204.62  203.30  201.98  200.66  200.00
  118.00  217.41  216.03  213.36  210.23  208.60  207.27  205.94  204.62  203.30  201.98  200.66  200.00
  119.00  217.41  216.04  213.36  210.26  208.60  207.27  205.94  204.62  203.30  201.98  200.66  200.00
  120.00  217.41  216.04  213.36  210.28  208.60  207.27  205.94  204.62  203.30  201.98  200.66  200.00
  121.00  217.41  216.05  213.37  210.31  208.60  207.27  205.94  204.62  203.30  201.98  200.66  200.00
  122.00  217.42  216.06  213.38  210.34  208.60  207.27  205.94  204.62  203.30  201.98  200.66  200.00
  123.00  217.44  216.07  213.40  210.38  208.59  207.26  205.94  204.62  203.30  201.98  200.66  200.00
  124.00  217.46  216.10  213.43  210.42  208.59  207.26  205.94  204.62  203.30  201.98  200.66  200.00
  125.00  217.48  216.12  213.45  210.46  208.59  207.26  205.94  204.62  203.30  201.98  200.66  200.00
  126.00  217.51  216.15  213.48  210.51  208.59  207.26  205.94  204.62  203.30  201.98  200.66  200.00
  127.00  217.54  216.18  213.51  210.56  208.59  207.26  205.94  204.62  203.29  201.98  200.66  200.00
  128.00  217.58  216.22  213.55  210.61  208.59  207.26  205.94  204.61  203.29  201.98  200.66  200.00
  129.00  217.62  216.26  213.59  210.66  208.59  207.26  205.94  204.61  203.29  201.98  200.66  200.00
  130.00  217.66  216.30  213.64  210.72  208.59  207.26  205.94  204.61  203.29  201.97  200.66  200.00
  131.00  217.71  216.35  213.69  210.78  208.59  207.26  205.93  204.61  203.29  201.97  200.66  200.00
  132.00  217.76  216.40  213.74  210.85  208.59  207.26  205.93  204.61  203.29  201.97  200.66  200.00
  133.00  217.81  216.46  213.80  210.92  208.59  207.25  205.93  204.61  203.29  201.97  200.66  200.00
  134.00  217.87  216.52  213.86  210.99  208.59  207.25  205.93  204.61  203.29  201.97  200.66  200.00
  135.00  217.94  216.59  213.93  211.07  208.59  207.25  205.93  204.61  203.29  201.97  200.66  200.00
  136.00  217.97  216.62  213.96  211.11  208.60  207.26  205.94  204.61  203.29  201.98  200.66  200.00
  137.00  217.98  216.63  213.97  211.13  208.60  207.26  205.94  204.62  203.30  201.98  200.66  200.00
  138.00  217.99  216.64  213.98  211.15  208.61  207.27  205.94  204.62  203.30  201.98  200.66  200.00
  139.00  218.00  216.65  213.99  211.17  208.61  207.27  205.94  204.62  203.30  201.98  200.66  200.00
  140.00  218.01  216.66  214.00  211.19  208.61  207.27  205.94  204.62  203.30  201.98  200.66  200.00
  141.00  218.01  216.66  214.01  211.21  208.62  207.27  205.94  204.62  203.30  201.98  200.66  200.00
  142.00  218.02  216.67  214.01  211.22  208.62  207.27  205.94  204.62  203.30  201.98  200.66  200.00
  143.00  218.03  216.69  214.03  211.25  208.62  207.27  205.94  204.62  203.30  201.98  200.66  200.00
  144.00  218.06  216.72  214.06  211.29  208.62  207.26  205.94  204.62  203.30  201.98  200.66  200.00
  145.00  218.09  216.75  214.10  211.33  208.62  207.26  205.94  204.62  203.30  201.98  200.66  200.00
  146.00  218.13  216.78  214.13  211.37  208.62  207.26  205.94  204.62  203.29  201.98  200.66  200.00
  147.00  218.16  216.82  214.17  211.42  208.63  207.26  205.94  204.62  203.29  201.98  200.66  200.00
  148.00  218.20  216.85  214.20  211.46  208.63  207.26  205.94  204.62  203.29  201.98  200.66  200.00
  149.00  218.23  216.89  214.24  211.50  208.64  207.26  205.94  204.61  203.29  201.98  200.66  200.00
  150.00  218.27  216.93  214.28  211.54  208.64  207.26  205.94  204.61  203.29  201.98  200.66  200.00
  151.00  218.31  216.97  214.32  211.59  208.65  207.26  205.94  204.61  203.29  201.98  200.66  200.00
  152.00  218.35  217.01  214.36  211.63  208.65  207.26  205.94  204.61  203.29  201.98  200.66  200.00
  153.00  218.39  217.04  214.39  211.66  208.66  207.26  205.94  204.62  203.29  201.98  200.66  200.00
  154.00  218.41  217.07  214.42  211.69  208.67  207.26  205.94  204.62  203.30  201.98  200.66  200.00
  155.00  218.43  217.09  214.44  211.71  208.68  207.26  205.94  204.62  203.30  201.98  200.66  200.00
  156.00  218.45  217.11  214.46  211.73  208.69  207.26  205.94  204.62  203.30  201.98  200.66  200.00
  157.00  218.47  217.13  214.48  211.75  208.69  207.27  205.94  204.62  203.30  201.98  200.66  200.00
  158.00  218.49  217.15  214.50  211.77  208.70  207.27  205.94  204.62  203.30  201.98  200.66  200.00
  159.00  218.51  217.17  214.52  211.80  208.71  207.27  205.94  204.62  203.30  201.98  200.66  200.00
  160.00  218.53  217.19  214.54  211.82  208.72  207.27  205.94  204.62  203.30  201.98  200.66  200.00
  161.00  218.55  217.21  214.56  211.84  208.73  207.27  205.94  204.62  203.30  201.98  200.66  200.00
  162.00  218.57  217.23  214.58  211.86  208.74  207.26  205.94  204.62  203.30  201.98  200.66  200.00
  163.00  218.59  217.25  214.60  211.88  208.75  207.26  205.94  204.62  203.30  201.98  200.66  200.00
  164.00  218.61  217.27  214.62  211.91  208.76  207.26  205.94  204.62  203.30  201.98  200.66  200.00
  165.00  218.63  217.29  214.64  211.93  208.77  207.26  205.94  204.62  203.30  201.98  200.66  200.00
  166.00  218.65  217.31  214.66  211.95  208.79  207.26  205.94  204.62  203.30  201.98  200.66  200.00
  167.00  218.68  217.34  214.69  211.98  208.80  207.26  205.94  204.62  203.30  201.98  200.66  200.00
  168.00  218.70  217.36  214.71  212.00  208.81  207.26  205.94  204.62  203.30  201.98  200.66  200.00
  169.00  218.72  217.38  214.73  212.03  208.83  207.26  205.94  204.62  203.30  201.98  200.66  200.00
  170.00  218.75  217.41  214.76  212.06  208.85  207.26  205.94  204.62  203.29  201.98  200.66  200.00
  171.00  218.76  217.42  214.77  212.06  208.88  207.27  205.94  204.62  203.30  201.98  200.66  200.00
  172.00  218.76  217.42  214.77  212.07  208.90  207.27  205.94  204.62  203.30  201.98  200.66  200.00
  173.00  218.76  217.43  214.78  212.07  208.93  207.27  205.94  204.62  203.30  201.98  200.66  200.00
  174.00  218.77  217.43  214.78  212.08  208.95  207.27  205.94  204.62  203.30  201.98  200.66  200.00
  175.00  218.77  217.43  214.79  212.09  208.98  207.27  205.94  204.62  203.30  201.98  200.66  200.00
  176.00  218.78  217.44  214.80  212.10  209.01  207.27  205.94  204.62  203.30  201.98  200.66  200.00
  177.00  218.80  217.46  214.81  212.11  209.05  207.27  205.94  204.62  203.30  201.98  200.66  200.00
  178.00  218.82  217.48  214.84  212.14  209.08  207.27  205.94  204.62  203.30  201.98  200.66  200.00
  179.00  218.84  217.51  214.86  212.16  209.13  207.26  205.94  204.61  203.29  201.98  200.66  200.00
  180.00  218.87  217.53  214.89  212.19  209.17  207.26  205.94  204.61  203.29  201.98  200.66  200.00
  181.00  218.90  217.56  214.92  212.22  209.22  207.26  205.94  204.61  203.29  201.97  200.66  200.00
  182.00  218.93  217.60  214.95  212.26  209.27  207.26  205.93  204.61  203.29  201.97  200.66  200.00
  183.00  218.97  217.63  214.99  212.30  209.32  207.26  205.93  204.61  203.29  201.97  200.66  200.00
  184.00  219.01  217.68  215.03  212.34  209.37  207.26  205.93  204.61  203.29  201.97  200.66  200.00
  185.00  219.06  217.72  215.08  212.39  209.43  207.26  205.93  204.61  203.29  201.97  200.66  200.00
  186.00  219.11  217.77  215.13  212.44  209.50  207.26  205.93  204.61  203.29  201.97  200.66  200.00
  187.00  219.16  217.82  215.18  212.49  209.56  207.26  205.93  204.61  203.29  201.97  200.66  200.00
  188.00  219.22  217.88  215.24  212.55  209.63  207.26  205.93  204.61  203.29  201.97  200.66  200.00
  189.00  219.28  217.94  215.30  212.61  209.71  207.26  205.93  204.61  203.29  201.97  200.66  200.00
  190.00  219.33  217.99  215.35  212.66  209.76  207.26  205.93  204.61  203.29  201.97  200.66  200.00
  191.00  219.35  218.01  215.37  212.68  209.79  207.27  205.94  204.61  203.29  201.98  200.66  200.00
  192.00  219.36  218.02  215.38  212.69  209.81  207.28  205.94  204.62  203.30  201.98  200.66  200.00
  193.00  219.37  218.03  215.39  212.70  209.83  207.28  205.94  204.62  203.30  201.98  200.66  200.00
  194.00  219.38  218.04  215.40  212.71  209.85  207.28  205.94  204.62  203.30  201.98  200.66  200.00
  195.00  219.38  218.05  215.41  212.72  209.87  207.29  205.94  204.62  203.30  201.98  200.66  200.00
  196.00  219.39  218.06  215.41  212.73  209.88  207.29  205.94  204.62  203.30  201.98  200.66  200.00
  197.00  219.40  218.06  215.42  212.74  209.90  207.29  205.94  204.62  203.30  201.98  200.66  200.00
  198.00  219.42  218.09  215.44  212.76  209.93  207.29  205.94  204.62  203.30  201.98  200.66  200.00
  199.00  219.45  218.12  215.47  212.79  209.97  207.29  205.94  204.61  203.29  201.98  200.66  200.00
  200.00  219.48  218.15  215.50  212.83  210.01  207.29  205.94  204.61  203.29  201.97  200.66  200.00
  201.00  219.51  218.18  215.54  212.86  210.06  207.30  205.93  204.61  203.29  201.97  200.66  200.00
  202.00  219.55  218.21  215.57  212.89  210.10  207.30  205.93  204.61  203.29  201.97  200.66  200.00
  203.00  219.58  218.25  215.60  212.93  210.14  207.31  205.93  204.61  203.29  201.97  200.66  200.00
  204.00  219.61  218.28  215.64  212.96  210.18  207.31  205.93  204.61  203.29  201.97  200.66  200.00
  205.00  219.65  218.31  215.67  213.00  210.22  207.32  205.93  204.61  203.29  201.97  200.66  200.00
  206.00  219.68  218.35  215.70  213.03  210.26  207.32  205.93  204.61  203.29  201.97  200.66  200.00
  207.00  219.71  218.38  215.74  213.06  210.30  207.33  205.93  204.61  203.29  201.97  200.66  200.00
  208.00  219.74  218.41  215.77  213.09  210.34  207.34  205.94  204.61  203.29  201.97  200.66  200.00
  209.00  219.76  218.43  215.79  213.11  210.36  207.35  205.94  204.62  203.29  201.98  200.66  200.00
  210.00  219.78  218.44  215.80  213.13  210.38  207.35  205.94  204.62  203.30  201.98  200.66  200.00
  211.00  219.79  218.46  215.82  213.14  210.40  207.36  205.94  204.62  203.30  201.98  200.66  200.00
  212.00  219.81  218.47  215.83  213.16  210.42  207.37  205.94  204.62  203.30  201.98  200.66  200.00
  213.00  219.82  218.49  215.85  213.18  210.44  207.38  205.94  204.62  203.30  201.98  200.66  200.00
  214.00  219.84  218.51  215.87  213.20  210.46  207.39  205.94  204.62  203.30  201.98  200.66  200.00
  215.00  219.86  218.53  215.88  213.22  210.48  207.39  205.94  204.62  203.30  201.98  200.66  200.00
  216.00  219.88  218.55  215.90  213.24  210.51  207.40  205.94  204.62  203.30  201.98  200.66  200.00
  217.00  219.90  218.57  215.92  213.26  210.53  207.41  205.94  204.62  203.30  201.98  200.66  200.00
  218.00  219.92  218.59  215.95  213.28  210.55  207.43  205.94  204.62  203.29  201.98  200.66  200.00
  219.00  219.94  218.61  215.97  213.30  210.57  207.44  205.94  204.62  203.29  201.98  200.66  200.00
  220.00  219.96  218.63  215.99  213.32  210.60  207.45  205.94  204.62  203.29  201.98  200.66  200.00
  221.00  219.98  218.65  216.01  213.34  210.62  207.46  205.94  204.62  203.29  201.98  200.66  200.00
  222.00  220.00  218.67  216.03  213.36  210.64  207.48  205.94  204.62  203.29  201.98  200.66  200.00
  223.00  220.02  218.69  216.05  213.39  210.66  207.49  205.94  204.62  203.29  201.98  200.66  200.00
  224.00  220.05  218.72  216.08  213.41  210.69  207.51  205.94  204.61  203.29  201.98  200.66  200.00
  225.00  220.07  218.74  216.10  213.44  210.72  207.53  205.94  204.61  203.29  201.97  200.66  200.00
  226.00  220.10  218.77  216.13  213.47  210.75  207.55  205.94  204.61  203.29  201.97  200.66  200.00
  227.00  220.11  218.78  216.14  213.48  210.76  207.58  205.94  204.62  203.30  201.98  200.66  200.00
  228.00  220.12  218.79  216.15  213.48  210.77  207.60  205.94  204.62  203.30  201.98  200.66  200.00
  229.00  220.12  218.79  216.15  213.49  210.77  207.63  205.94  204.62  203.30  201.98  200.66  200.00
  230.00  220.13  218.80  216.16  213.50  210.78  207.66  205.94  204.62  203.30  201.98  200.66  200.00
  231.00  220.14  218.81  216.17  213.51  210.79  207.69  205.94  204.62  203.30  201.98  200.66  200.00
  232.00  220.15  218.82  216.18  213.52  210.81  207.72  205.94  204.62  203.29  201.98  200.66  200.00
  233.00  220.17  218.84  216.20  213.55  210.83  207.76  205.94  204.61  203.29  201.98  200.66  200.00
  234.00  220.20  218.87  216.23  213.57  210.86  207.80  205.94  204.61  203.29  201.97  200.66  200.00
  235.00  220.22  218.89  216.25  213.60  210.89  207.85  205.94  204.61  203.29  201.97  200.66  200.00
  236.00  220.25  218.92  216.28  213.63  210.92  207.89  205.94  204.61  203.29  201.97  200.66  200.00
  237.00  220.28  218.96  216.32  213.66  210.95  207.94  205.94  204.61  203.29  201.97  200.66  200.00
  238.00  220.32  218.99  216.35  213.70  210.99  207.99  205.94  204.61  203.29  201.97  200.66  200.00
  239.00  220.36  219.03  216.39  213.74  211.03  208.05  205.94  204.61  203.29  201.97  200.66  200.00
  240.00  220.40  219.08  216.44  213.78  211.08  208.11  205.93  204.61  203.29  201.97  200.66  200.00
  241.00  220.45  219.12  216.49  213.83  211.13  208.17  205.93  204.61  203.29  201.97  200.66  200.00
  242.00  220.50  219.18  216.54  213.88  211.18  208.23  205.93  204.61  203.29  201.97  200.66  200.00
  243.00  220.56  219.23  216.59  213.94  211.24  208.30  205.93  204.60  203.29  201.97  200.66  200.00
  244.00  220.62  219.29  216.65  214.00  211.31  208.38  205.93  204.60  203.29  201.97  200.66  200.00
  245.00  220.67  219.34  216.70  214.05  211.35  208.43  205.94  204.61  203.29  201.97  200.66  200.00
  246.00  220.69  219.37  216.73  214.07  211.37  208.46  205.95  204.61  203.29  201.97  200.66  200.00
  247.00  220.71  219.38  216.74  214.09  211.39  208.48  205.95  204.62  203.29  201.98  200.66  200.00
  248.00  220.72  219.39  216.75  214.10  211.40  208.50  205.96  204.62  203.30  201.98  200.66  200.00
  249.00  220.73  219.40  216.76  214.11  211.41  208.52  205.96  204.62  203.30  201.98  200.66  200.00
  250.00  220.73  219.41  216.77  214.11  211.42  208.54  205.96  204.62  203.30  201.98  200.66  200.00
  251.00  220.74  219.41  216.77  214.12  211.43  208.55  205.96  204.62  203.30  201.98  200.66  200.00
  252.00  220.75  219.42  216.78  214.13  211.43  208.57  205.97  204.62  203.30  201.98  200.66  200.00
  253.00  220.77  219.44  216.80  214.15  211.45  208.60  205.97  204.62  203.29  201.98  200.66  200.00
  254.00  220.79  219.46  216.83  214.18  211.48  208.64  205.97  204.61  203.29  201.97  200.66  200.00
  255.00  220.82  219.49  216.86  214.21  211.51  208.68  205.97  204.61  203.29  201.97  200.66  200.00
  256.00  220.85  219.53  216.89  214.24  211.55  208.72  205.97  204.61  203.29  201.97  200.66  200.00
  257.00  220.89  219.56  216.92  214.27  211.58  208.76  205.98  204.61  203.29  201.97  200.66  200.00
  258.00  220.92  219.59  216.95  214.30  211.62  208.80  205.98  204.61  203.29  201.97  200.66  200.00
  259.00  220.95  219.62  216.99  214.34  211.65  208.84  205.99  204.61  203.29  201.97  200.66  200.00
  260.00  220.98  219.66  217.02  214.37  211.68  208.88  205.99  204.61  203.29  201.97  200.66  200.00
  261.00  221.02  219.69  217.05  214.40  211.72  208.92  206.00  204.61  203.29  201.97  200.66  200.00
  262.00  221.05  219.72  217.08  214.44  211.75  208.96  206.00  204.61  203.29  201.97  200.66  200.00
  263.00  221.08  219.75  217.12  214.47  211.78  209.00  206.01  204.61  203.29  201.97  200.66  200.00
  264.00  221.10  219.78  217.14  214.49  211.80  209.02  206.02  204.61  203.29  201.97  200.66  200.00
  265.00  221.12  219.79  217.16  214.51  211.82  209.05  206.03  204.62  203.29  201.98  200.66  200.00
  266.00  221.14  219.81  217.17  214.52  211.84  209.07  206.04  204.62  203.29  201.98  200.66  200.00
  267.00  221.15  219.82  217.19  214.54  211.85  209.09  206.04  204.62  203.29  201.98  200.66  200.00
  268.00  221.16  219.84  217.20  214.55  211.87  209.11  206.05  204.62  203.30  201.98  200.66  200.00
  269.00  221.18  219.85  217.22  214.57  211.88  209.13  206.06  204.62  203.30  201.98  200.66  200.00
  270.00  221.19  219.87  217.23  214.58  211.90  209.15  206.07  204.62  203.30  201.98  200.66  200.00
  271.00  221.21  219.88  217.24  214.59  211.91  209.17  206.08  204.62  203.29  201.98  200.66  200.00
  272.00  221.22  219.90  217.26  214.61  211.93  209.19  206.09  204.62  203.29  201.98  200.66  200.00
  273.00  221.24  219.91  217.28  214.63  211.95  209.21  206.10  204.62  203.29  201.98  200.66  200.00
  274.00  221.26  219.93  217.29  214.65  211.97  209.23  206.11  204.62  203.29  201.98  200.66  200.00
  275.00  221.28  219.95  217.31  214.67  211.99  209.26  206.12  204.62  203.29  201.98  200.66  200.00
  276.00  221.30  219.97  217.33  214.69  212.01  209.28  206.13  204.62  203.29  201.98  200.66  200.00
  277.00  221.32  219.99  217.35  214.71  212.03  209.30  206.15  204.62  203.29  201.98  200.66  200.00
  278.00  221.34  220.01  217.38  214.73  212.05  209.32  206.16  204.62  203.29  201.97  200.66  200.00
  279.00  221.36  220.04  217.40  214.75  212.07  209.35  206.18  204.61  203.29  201.97  200.66  200.00
  280.00  221.39  220.06  217.42  214.78  212.10  209.38  206.20  204.61  203.29  201.97  200.66  200.00
  281.00  221.41  220.09  217.45  214.80  212.13  209.41  206.22  204.61  203.29  201.97  200.66  200.00
  282.00  221.44  220.12  217.48  214.83  212.16  209.44  206.24  204.61  203.29  201.97  200.66  200.00
  283.00  221.46  220.13  217.49  214.85  212.17  209.45  206.27  204.62  203.29  201.98  200.66  200.00
  284.00  221.46  220.14  217.50  214.85  212.18  209.46  206.29  204.62  203.30  201.98  200.66  200.00
  285.00  221.47  220.15  217.51  214.86  212.19  209.46  206.32  204.62  203.30  201.98  200.66  200.00
  286.00  221.48  220.15  217.52  214.87  212.20  209.47  206.35  204.62  203.30  201.98  200.66  200.00
  287.00  221.49  220.17  217.53  214.88  212.21  209.49  206.38  204.62  203.29  201.98  200.66  200.00
  288.00  221.51  220.19  217.55  214.90  212.23  209.51  206.42  204.62  203.29  201.97  200.66  200.00
  289.00  221.53  220.21  217.57  214.92  212.25  209.54  206.46  204.62  203.29  201.97  200.66  200.00
  290.00  221.56  220.23  217.60  214.95  212.28  209.56  206.50  204.62  203.29  201.97  200.66  200.00
  291.00  221.58  220.26  217.62  214.98  212.31  209.59  206.55  204.61  203.29  201.97  200.66  200.00
  292.00  221.61  220.29  217.65  215.01  212.34  209.63  206.59  204.61  203.29  201.97  200.66  200.00
  293.00  221.65  220.32  217.69  215.04  212.37  209.66  206.64  204.61  203.29  201.97  200.66  200.00
  294.00  221.69  220.36  217.73  215.08  212.41  209.70  206.70  204.61  203.29  201.97  200.66  200.00
  295.00  221.73  220.40  217.77  215.12  212.46  209.75  206.75  204.61  203.29  201.97  200.66  200.00
  296.00  221.77  220.45  217.81  215.17  212.50  209.79  206.81  204.61  203.29  201.97  200.66  200.00
  297.00  221.82  220.50  217.86  215.22  212.55  209.85  206.88  204.61  203.29  201.97  200.66  200.00
  298.00  221.87  220.55  217.92  215.27  212.61  209.90  206.94  204.61  203.28  201.97  200.66  200.00
  299.00  221.93  220.61  217.97  215.33  212.67  209.96  207.02  204.61  203.28  201.97  200.66  200.00
  300.00  221.99  220.67  218.04  215.39  212.73  210.03  207.09  204.61  203.28  201.97  200.66  200.00
  301.00  222.03  220.71  218.07  215.42  212.76  210.05  207.12  204.62  203.29  201.97  200.66  200.00
  302.00  222.05  220.72  218.09  215.44  212.78  210.07  207.15  204.63  203.29  201.97  200.66  200.00
  303.00  222.06  220.74  218.10  215.45  212.79  210.08  207.17  204.63  203.29  201.98  200.66  200.00
  304.00  222.07  220.75  218.11  215.46  212.80  210.09  207.18  204.63  203.30  201.98  200.66  200.00
  305.00  222.08  220.75  218.12  215.47  212.81  210.10  207.20  204.64  203.30  201.98  200.66  200.00
  306.00  222.09  220.76  218.13  215.48  212.81  210.11  207.22  204.64  203.30  201.98  200.66  200.00
  307.00  222.09  220.77  218.13  215.49  212.82  210.12  207.23  204.64  203.30  201.98  200.66  200.00
  308.00  222.10  220.78  218.14  215.50  212.83  210.13  207.25  204.64  203.30  201.98  200.66  200.00
  309.00  222.12  220.80  218.16  215.52  212.86  210.16  207.29  204.64  203.29  201.97  200.66  200.00
  310.00  222.15  220.83  218.19  215.55  212.88  210.19  207.33  204.64  203.29  201.97  200.66  200.00
  311.00  222.18  220.86  218.22  215.58  212.92  210.22  207.37  204.65  203.29  201.97  200.66  200.00
  312.00  222.21  220.89  218.25  215.61  212.95  210.25  207.41  204.65  203.29  201.97  200.66  200.00
  313.00  222.24  220.92  218.29  215.64  212.98  210.28  207.45  204.66  203.29  201.97  200.66  200.00
  314.00  222.27  220.95  218.32  215.67  213.01  210.32  207.49  204.66  203.29  201.97  200.66  200.00
  315.00  222.31  220.98  218.35  215.71  213.05  210.35  207.53  204.67  203.29  201.97  200.66  200.00
  316.00  222.34  221.02  218.38  215.74  213.08  210.38  207.57  204.67  203.29  201.97  200.66  200.00
  317.00  222.37  221.05  218.41  215.77  213.11  210.42  207.61  204.68  203.29  201.97  200.66  200.00
  318.00  222.40  221.08  218.45  215.80  213.14  210.45  207.64  204.68  203.29  201.97  200.66  200.00
  319.00  222.43  221.11  218.47  215.83  213.17  210.48  207.68  204.69  203.29  201.97  200.66  200.00
  320.00  222.45  221.13  218.50  215.85  213.19  210.50  207.70  204.70  203.29  201.97  200.66  200.00
  321.00  222.47  221.15  218.51  215.87  213.21  210.52  207.73  204.71  203.29  201.97  200.66  200.00
  322.00  222.49  221.16  218.53  215.88  213.23  210.53  207.75  204.72  203.29  201.98  200.66  200.00
  323.00  222.50  221.18  218.54  215.90  213.24  210.55  207.77  204.72  203.29  201.98  200.66  200.00
  324.00  222.51  221.19  218.56  215.91  213.25  210.56  207.79  204.73  203.29  201.98  200.66  200.00
  325.00  222.53  221.21  218.57  215.93  213.27  210.58  207.81  204.74  203.29  201.98  200.66  200.00
  326.00  222.54  221.22  218.58  215.94  213.28  210.59  207.83  204.75  203.29  201.98  200.66  200.00
  327.00  222.56  221.23  218.60  215.96  213.30  210.61  207.85  204.76  203.29  201.98  200.66  200.00
  328.00  222.57  221.25  218.62  215.97  213.31  210.63  207.87  204.77  203.29  201.97  200.66  200.00
  329.00  222.59  221.27  218.63  215.99  213.33  210.64  207.89  204.78  203.29  201.97  200.66  200.00
  330.00  222.60  221.28  218.65  216.00  213.35  210.66  207.91  204.79  203.29  201.97  200.66  200.00
  331.00  222.62  221.30  218.66  216.02  213.37  210.68  207.93  204.80  203.29  201.97  200.66  200.00
  332.00  222.64  221.32  218.68  216.04  213.38  210.70  207.96  204.82  203.29  201.97  200.66  200.00
  333.00  222.66  221.33  218.70  216.05  213.40  210.71  207.98  204.83  203.29  201.97  200.66  200.00
  334.00  222.67  221.35  218.72  216.07  213.42  210.73  208.00  204.84  203.29  201.97  200.66  200.00
  335.00  222.69  221.37  218.74  216.09  213.44  210.76  208.03  204.86  203.29  201.97  200.66  200.00
  336.00  222.72  221.40  218.76  216.12  213.47  210.78  208.06  204.88  203.29  201.97  200.66  200.00
  337.00  222.75  221.42  218.79  216.15  213.49  210.81  208.09  204.90  203.29  201.97  200.66  200.00
  338.00  222.77  221.45  218.82  216.18  213.52  210.84  208.12  204.92  203.29  201.97  200.66  200.00
  339.00  222.79  221.47  218.84  216.19  213.54  210.86  208.13  204.95  203.30  201.97  200.66  200.00
  340.00  222.80  221.48  218.85  216.20  213.55  210.87  208.14  204.98  203.30  201.98  200.66  200.00
  341.00  222.81  221.49  218.85  216.21  213.56  210.88  208.15  205.00  203.30  201.98  200.66  200.00
  342.00  222.82  221.50  218.86  216.22  213.57  210.89  208.16  205.04  203.30  201.98  200.66  200.00
  343.00  222.84  221.51  218.88  216.24  213.58  210.90  208.18  205.07  203.30  201.97  200.66  200.00
  344.00  222.85  221.53  218.90  216.26  213.60  210.92  208.20  205.11  203.30  201.97  200.66  200.00
  345.00  222.88  221.55  218.92  216.28  213.63  210.95  208.23  205.15  203.30  201.97  200.66  200.00
  346.00  222.90  221.58  218.94  216.30  213.65  210.97  208.26  205.19  203.29  201.97  200.66  200.00
  347.00  222.93  221.61  218.97  216.33  213.68  211.00  208.29  205.24  203.29  201.97  200.66  200.00
  348.00  222.96  221.64  219.00  216.36  213.71  211.04  208.32  205.29  203.29  201.97  200.66  200.00
  349.00  222.99  221.67  219.04  216.40  213.75  211.07  208.36  205.34  203.29  201.97  200.66  200.00
  350.00  223.03  221.71  219.08  216.43  213.79  211.11  208.40  205.39  203.29  201.97  200.66  200.00
  351.00  223.07  221.75  219.12  216.48  213.83  211.16  208.44  205.45  203.29  201.97  200.66  200.00
  352.00  223.12  221.80  219.16  216.52  213.88  211.20  208.49  205.51  203.29  201.97  200.66  200.00
  353.00  223.17  221.85  219.21  216.57  213.93  211.25  208.54  205.57  203.29  201.97  200.66  200.00
  354.00  223.22  221.90  219.27  216.63  213.98  211.31  208.60  205.64  203.29  201.97  200.66  200.00
  355.00  223.28  221.96  219.32  216.68  214.04  211.37  208.66  205.71  203.29  201.97  200.66  200.00
  356.00  223.33  222.01  219.38  216.74  214.09  211.42  208.72  205.77  203.29  201.97  200.66  200.00
  357.00  223.37  222.05  219.41  216.77  214.12  211.45  208.74  205.80  203.30  201.97  200.66  200.00
  358.00  223.39  222.07  219.43  216.79  214.14  211.47  208.76  205.83  203.31  201.97  200.66  200.00
  359.00  223.40  222.08  219.45  216.80  214.15  211.48  208.77  205.84  203.31  201.98  200.66  200.00
  360.00  223.41  222.09  219.46  216.81  214.16  211.49  208.78  205.86  203.31  201.98  200.66  200.00
  361.00  223.42  222.10  219.46  216.82  214.17  211.50  208.79  205.88  203.32  201.98  200.66  200.00
  362.00  223.43  222.11  219.47  216.83  214.18  211.51  208.80  205.90  203.32  201.98  200.66  200.00
  363.00  223.43  222.11  219.48  216.84  214.19  211.51  208.80  205.91  203.32  201.98  200.66  200.00
  364.00  223.45  222.12  219.49  216.85  214.20  211.53  208.82  205.94  203.32  201.98  200.66  200.00
  365.00  223.47  222.15  219.51  216.87  214.22  211.55  208.85  205.97  203.32  201.97  200.66  200.00
  366.00  223.49  222.17  219.54  216.90  214.25  211.58  208.88  206.01  203.32  201.97  200.66  200.00
  367.00  223.52  222.20  219.57  216.93  214.28  211.61  208.91  206.05  203.33  201.97  200.66  200.00
  368.00  223.55  222.23  219.60  216.96  214.31  211.64  208.94  206.09  203.33  201.97  200.66  200.00
  369.00  223.58  222.26  219.63  216.99  214.34  211.68  208.97  206.13  203.34  201.97  200.66  200.00
  370.00  223.62  222.30  219.66  217.02  214.37  211.71  209.01  206.17  203.34  201.97  200.66  200.00
  371.00  223.65  222.33  219.69  217.05  214.41  211.74  209.04  206.21  203.35  201.97  200.66  200.00
  372.00  223.68  222.36  219.73  217.09  214.44  211.77  209.07  206.25  203.35  201.97  200.66  200.00
  373.00  223.71  222.39  219.76  217.12  214.47  211.80  209.11  206.29  203.36  201.97  200.66  200.00
  374.00  223.74  222.42  219.79  217.15  214.50  211.84  209.14  206.32  203.36  201.97  200.66  200.00
  375.00  223.77  222.45  219.82  217.18  214.53  211.86  209.17  206.36  203.37  201.97  200.66  200.00
  376.00  223.79  222.47  219.84  217.20  214.55  211.89  209.19  206.38  203.38  201.97  200.66  200.00
  377.00  223.81  222.49  219.86  217.22  214.57  211.90  209.20  206.40  203.39  201.97  200.66  200.00
  378.00  223.83  222.51  219.87  217.23  214.58  211.92  209.22  206.42  203.40  201.98  200.66  200.00
  379.00  223.84  222.52  219.89  217.25  214.60  211.93  209.24  206.44  203.40  201.98  200.66  200.00
  380.00  223.86  222.54  219.90  217.26  214.61  211.95  209.25  206.46  203.41  201.98  200.66  200.00
  381.00  223.87  222.55  219.92  217.27  214.63  211.96  209.26  206.48  203.42  201.98  200.66  200.00
  382.00  223.88  222.56  219.93  217.29  214.64  211.98  209.28  206.50  203.43  201.98  200.66  200.00
  383.00  223.90  222.58  219.94  217.30  214.66  211.99  209.30  206.52  203.44  201.98  200.66  200.00
  384.00  223.91  222.59  219.96  217.32  214.67  212.01  209.31  206.55  203.45  201.98  200.66  200.00
  385.00  223.93  222.61  219.98  217.34  214.69  212.02  209.33  206.57  203.46  201.98  200.66  200.00
  386.00  223.95  222.63  219.99  217.35  214.70  212.04  209.35  206.59  203.47  201.98  200.66  200.00
  387.00  223.96  222.64  220.01  217.37  214.72  212.06  209.37  206.61  203.48  201.98  200.66  200.00
  388.00  223.98  222.66  220.03  217.39  214.74  212.08  209.38  206.63  203.50  201.98  200.66  200.00
  389.00  224.00  222.68  220.04  217.40  214.75  212.09  209.40  206.66  203.51  201.98  200.66  200.00
  390.00  224.01  222.69  220.06  217.42  214.77  212.11  209.42  206.68  203.52  201.98  200.66  200.00
  391.00  224.03  222.72  220.08  217.44  214.79  212.13  209.44  206.71  203.54  201.97  200.66  200.00
  392.00  224.06  222.74  220.10  217.46  214.82  212.16  209.47  206.73  203.56  201.97  200.66  200.00
  393.00  224.08  222.76  220.13  217.49  214.84  212.18  209.49  206.76  203.58  201.97  200.66  200.00
  394.00  224.11  222.79  220.15  217.51  214.87  212.21  209.52  206.79  203.61  201.97  200.66  200.00
  395.00  224.13  222.81  220.17  217.53  214.89  212.23  209.54  206.81  203.63  201.98  200.66  200.00
  396.00  224.14  222.82  220.19  217.55  214.90  212.24  209.55  206.82  203.66  201.98  200.66  200.00
  397.00  224.15  222.83  220.20  217.56  214.91  212.25  209.56  206.83  203.68  201.98  200.66  200.00
  398.00  224.16  222.84  220.21  217.57  214.92  212.26  209.57  206.85  203.72  201.98  200.66  200.00
  399.00  224.18  222.86  220.22  217.58  214.94  212.28  209.59  206.87  203.75  201.98  200.66  200.00
  400.00  224.19  222.88  220.24  217.60  214.95  212.30  209.61  206.89  203.79  201.98  200.66  200.00
