 TIME AND WATER SATURATIONS
   TIME   SW( 1)  SW( 2)  SW( 3)  SW( 4)  SW( 5)  SW( 6)  SW( 7)  SW( 8)  SW( 9)  SW(10)  
      X=    5.00   15.00   25.00   35.00   45.00   55.00   65.00   75.00   85.00   95.00
    0.00  0.2000  0.2000  0.2000  0.2000  0.2000  0.2000  0.2000  0.2000  0.2000  0.2000
    1.00  0.2099  0.1999  0.1999  0.1999  0.1999  0.2000  0.2000  0.2000  0.2000  0.2000
    2.00  0.2198  0.1998  0.1999  0.1999  0.1999  0.1999  0.1999  0.2000  0.2000  0.2000
    3.00  0.2298  0.1998  0.1998  0.1999  0.1999  0.1999  0.1999  0.1999  0.2000  0.2000
    4.00  0.2397  0.1998  0.1998  0.1999  0.1999  0.1999  0.1999  0.1999  0.2000  0.2000
    5.00  0.2497  0.1999  0.1998  0.1999  0.1999  0.1999  0.1999  0.1999  0.2000  0.2000
    6.00  0.2597  0.1999  0.1998  0.1998  0.1999  0.1999  0.1999  0.1999  0.2000  0.2000
    7.00  0.2696  0.1999  0.1998  0.1998  0.1999  0.1999  0.1999  0.1999  0.2000  0.2000
    8.00  0.2796  0.2000  0.1998  0.1998  0.1999  0.1999  0.1999  0.1999  0.2000  0.2000
    9.00  0.2895  0.2000  0.1998  0.1998  0.1999  0.1999  0.1999  0.1999  0.2000  0.2000
   10.00  0.2995  0.2000  0.1998  0.1998  0.1999  0.1999  0.1999  0.1999  0.2000  0.2000
   11.00  0.3094  0.2001  0.1998  0.1998  0.1999  0.1999  0.1999  0.1999  0.2000  0.2000
   12.00  0.3193  0.2002  0.1998  0.1998  0.1999  0.1999  0.1999  0.1999  0.2000  0.2000
   13.00  0.3292  0.2003  0.1998  0.1998  0.1999  0.1999  0.1999  0.1999  0.2000  0.2000
   14.00  0.3391  0.2004  0.1998  0.1998  0.1999  0.1999  0.1999  0.1999  0.2000  0.2000
   15.00  0.3490  0.2005  0.1998  0.1998  0.1999  0.1999  0.1999  0.1999  0.2000  0.2000
   16.00  0.3589  0.2006  0.1998  0.1998  0.1999  0.1999  0.1999  0.1999  0.2000  0.2000
   17.00  0.3687  0.2008  0.1998  0.1998  0.1999  0.1999  0.1999  0.1999  0.2000  0.2000
   18.00  0.3785  0.2009  0.1998  0.1998  0.1999  0.1999  0.1999  0.1999  0.2000  0.2000
   19.00  0.3883  0.2011  0.1998  0.1998  0.1999  0.1999  0.1999  0.1999  0.2000  0.2000
   20.00  0.3981  0.2014  0.1998  0.1998  0.1999  0.1999  0.1999  0.1999  0.2000  0.2000
   21.00  0.4078  0.2016  0.1998  0.1998  0.1999  0.1999  0.1999  0.1999  0.2000  0.2000
   22.00  0.4175  0.2019  0.1998  0.1998  0.1999  0.1999  0.1999  0.1999  0.2000  0.2000
   23.00  0.4272  0.2023  0.1998  0.1998  0.1999  0.1999  0.1999  0.1999  0.2000  0.2000
   24.00  0.4368  0.2026  0.1998  0.1998  0.1999  0.1999  0.1999  0.1999  0.2000  0.2000
   25.00  0.4464  0.2030  0.1998  0.1998  0.1999  0.1999  0.1999  0.1999  0.2000  0.2000
   26.00  0.4559  0.2035  0.1998  0.1998  0.1999  0.1999  0.1999  0.1999  0.2000  0.2000
   27.00  0.4654  0.2040  0.1998  0.1998  0.1999  0.1999  0.1999  0.1999  0.2000  0.2000
   28.00  0.4748  0.2046  0.1998  0.1998  0.1999  0.1999  0.1999  0.1999  0.2000  0.2000
   29.00  0.4841  0.2052  0.1998  0.1998  0.1999  0.1999  0.1999  0.1999  0.2000  0.2000
   30.00  0.4934  0.2060  0.1998  0.1998  0.1999  0.1999  0.1999  0.1999  0.2000  0.2000
   31.00  0.5025  0.2068  0.1998  0.1998  0.1999  0.1999  0.1999  0.1999  0.2000  0.2000
   32.00  0.5115  0.2078  0.1998  0.1998  0.1999  0.1999  0.1999  0.1999  0.2000  0.2000
   33.00  0.5203  0.2090  0.1999  0.1998  0.1999  0.1999  0.1999  0.1999  0.2000  0.2000
   34.00  0.5287  0.2106  0.1999  0.1998  0.1999  0.1999  0.1999  0.1999  0.2000  0.2000
   35.00  0.5369  0.2124  0.1999  0.1998  0.1999  0.1999  0.1999  0.1999  0.2000  0.2000
   36.00  0.5448  0.2145  0.1999  0.1998  0.1999  0.1999  0.1999  0.1999  0.2000  0.2000
   37.00  0.5524  0.2169  0.1999  0.1998  0.1999  0.1999  0.1999  0.1999  0.2000  0.2000
   38.00  0.5597  0.2195  0.1999  0.1998  0.1999  0.1999  0.1999  0.1999  0.2000  0.2000
   39.00  0.5668  0.2225  0.1999  0.1998  0.1999  0.1999  0.1999  0.1999  0.2000  0.2000
   40.00  0.5734  0.2258  0.1999  0.1998  0.1999  0.1999  0.1999  0.1999  0.2000  0.2000
   41.00  0.5798  0.2294  0.1999  0.1998  0.1999  0.1999  0.1999  0.1999  0.2000  0.2000
   42.00  0.5859  0.2333  0.1999  0.1998  0.1999  0.1999  0.1999  0.1999  0.2000  0.2000
   43.00  0.5916  0.2375  0.2000  0.1998  0.1999  0.1999  0.1999  0.1999  0.2000  0.2000
   44.00  0.5971  0.2420  0.2000  0.1998  0.1999  0.1999  0.1999  0.1999  0.2000  0.2000
   45.00  0.6022  0.2469  0.2000  0.1998  0.1999  0.1999  0.1999  0.1999  0.2000  0.2000
   46.00  0.6071  0.2519  0.2000  0.1998  0.1999  0.1999  0.1999  0.1999  0.2000  0.2000
   47.00  0.6118  0.2572  0.2001  0.1998  0.1999  0.1999  0.1999  0.1999  0.2000  0.2000
   48.00  0.6164  0.2626  0.2001  0.1998  0.1999  0.1999  0.1999  0.1999  0.2000  0.2000
   49.00  0.6207  0.2682  0.2001  0.1998  0.1999  0.1999  0.1999  0.1999  0.2000  0.2000
   50.00  0.6249  0.2739  0.2002  0.1998  0.1999  0.1999  0.1999  0.1999  0.2000  0.2000
   51.00  0.6290  0.2798  0.2002  0.1998  0.1999  0.1999  0.1999  0.1999  0.2000  0.2000
   52.00  0.6329  0.2859  0.2002  0.1998  0.1999  0.1999  0.1999  0.1999  0.2000  0.2000
   53.00  0.6366  0.2921  0.2003  0.1998  0.1999  0.1999  0.1999  0.1999  0.2000  0.2000
   54.00  0.6402  0.2985  0.2003  0.1998  0.1999  0.1999  0.1999  0.1999  0.2000  0.2000
   55.00  0.6436  0.3050  0.2004  0.1998  0.1999  0.1999  0.1999  0.1999  0.2000  0.2000
   56.00  0.6469  0.3116  0.2005  0.1998  0.1999  0.1999  0.1999  0.1999  0.2000  0.2000
   57.00  0.6501  0.3183  0.2005  0.1998  0.1999  0.1999  0.1999  0.1999  0.2000  0.2000
   58.00  0.6531  0.3252  0.2006  0.1998  0.1999  0.1999  0.1999  0.1999  0.2000  0.2000
   59.00  0.6561  0.3322  0.2007  0.1998  0.1999  0.1999  0.1999  0.1999  0.2000  0.2000
   60.00  0.6589  0.3393  0.2008  0.1998  0.1999  0.1999  0.1999  0.1999  0.2000  0.2000
   61.00  0.6615  0.3465  0.2009  0.1998  0.1999  0.1999  0.1999  0.1999  0.2000  0.2000
   62.00  0.6641  0.3538  0.2011  0.1998  0.1999  0.1999  0.1999  0.1999  0.2000  0.2000
   63.00  0.6666  0.3611  0.2012  0.1999  0.1999  0.1999  0.1999  0.1999  0.2000  0.2000
   64.00  0.6690  0.3686  0.2014  0.1999  0.1999  0.1999  0.1999  0.1999  0.2000  0.2000
   65.00  0.6713  0.3761  0.2015  0.1999  0.1999  0.1999  0.1999  0.1999  0.2000  0.2000
   66.00  0.6735  0.3836  0.2017  0.1999  0.1999  0.1999  0.1999  0.1999  0.2000  0.2000
   67.00  0.6757  0.3913  0.2020  0.1999  0.1999  0.1999  0.1999  0.1999  0.2000  0.2000
   68.00  0.6778  0.3989  0.2022  0.1999  0.1999  0.1999  0.1999  0.1999  0.2000  0.2000
   69.00  0.6798  0.4067  0.2025  0.1999  0.1999  0.1999  0.1999  0.1999  0.2000  0.2000
   70.00  0.6817  0.4144  0.2027  0.1999  0.1999  0.1999  0.1999  0.1999  0.2000  0.2000
   71.00  0.6836  0.4222  0.2031  0.1999  0.1999  0.1999  0.1999  0.1999  0.2000  0.2000
   72.00  0.6854  0.4301  0.2034  0.1999  0.1999  0.1999  0.1999  0.1999  0.2000  0.2000
   73.00  0.6871  0.4379  0.2038  0.1999  0.1999  0.1999  0.1999  0.1999  0.2000  0.2000
   74.00  0.6888  0.4458  0.2042  0.1999  0.1999  0.1999  0.1999  0.1999  0.2000  0.2000
   75.00  0.6905  0.4537  0.2047  0.1999  0.1999  0.1999  0.1999  0.1999  0.2000  0.2000
   76.00  0.6921  0.4616  0.2052  0.1999  0.1999  0.1999  0.1999  0.1999  0.2000  0.2000
   77.00  0.6936  0.4695  0.2057  0.1999  0.1999  0.1999  0.1999  0.1999  0.2000  0.2000
   78.00  0.6951  0.4774  0.2063  0.1999  0.1999  0.1999  0.1999  0.1999  0.2000  0.2000
   79.00  0.6965  0.4852  0.2070  0.1999  0.1999  0.1999  0.1999  0.1999  0.2000  0.2000
   80.00  0.6979  0.4931  0.2077  0.1999  0.1999  0.1999  0.1999  0.1999  0.2000  0.2000
   81.00  0.6993  0.5009  0.2086  0.1999  0.1999  0.1999  0.1999  0.1999  0.2000  0.2000
   82.00  0.7006  0.5086  0.2095  0.1999  0.1999  0.1999  0.1999  0.1999  0.2000  0.2000
   83.00  0.7019  0.5162  0.2106  0.1999  0.1999  0.1999  0.1999  0.1999  0.2000  0.2000
   84.00  0.7032  0.5235  0.2121  0.1999  0.1999  0.1999  0.1999  0.1999  0.2000  0.2000
   85.00  0.7044  0.5306  0.2137  0.1999  0.1999  0.1999  0.1999  0.1999  0.2000  0.2000
   86.00  0.7056  0.5375  0.2156  0.1999  0.1999  0.1999  0.1999  0.1999  0.2000  0.2000
   87.00  0.7068  0.5442  0.2177  0.1999  0.1999  0.1999  0.1999  0.1999  0.2000  0.2000
   88.00  0.7080  0.5506  0.2200  0.1999  0.1999  0.1999  0.1999  0.1999  0.2000  0.2000
   89.00  0.7091  0.5569  0.2226  0.1999  0.1999  0.1999  0.1999  0.1999  0.2000  0.2000
   90.00  0.7103  0.5629  0.2254  0.2000  0.1999  0.1999  0.1999  0.1999  0.2000  0.2000
   91.00  0.7114  0.5687  0.2285  0.2000  0.1999  0.1999  0.1999  0.1999  0.2000  0.2000
   92.00  0.7125  0.5742  0.2319  0.2000  0.1999  0.1999  0.1999  0.1999  0.2000  0.2000
   93.00  0.7135  0.5794  0.2355  0.2000  0.1999  0.1999  0.1999  0.1999  0.2000  0.2000
   94.00  0.7146  0.5845  0.2394  0.2000  0.1999  0.1999  0.1999  0.1999  0.2000  0.2000
   95.00  0.7156  0.5892  0.2436  0.2000  0.1999  0.1999  0.1999  0.1999  0.2000  0.2000
   96.00  0.7167  0.5938  0.2480  0.2001  0.1999  0.1999  0.1999  0.1999  0.2000  0.2000
   97.00  0.7176  0.5981  0.2526  0.2001  0.1999  0.1999  0.1999  0.1999  0.2000  0.2000
   98.00  0.7186  0.6022  0.2575  0.2001  0.1999  0.1999  0.1999  0.1999  0.2000  0.2000
   99.00  0.7196  0.6062  0.2625  0.2002  0.1999  0.1999  0.1999  0.1999  0.2000  0.2000
  100.00  0.7205  0.6100  0.2678  0.2002  0.1999  0.1999  0.1999  0.1999  0.2000  0.2000
  101.00  0.7215  0.6137  0.2731  0.2002  0.1999  0.1999  0.1999  0.1999  0.2000  0.2000
  102.00  0.7224  0.6172  0.2786  0.2003  0.1999  0.1999  0.1999  0.1999  0.2000  0.2000
  103.00  0.7233  0.6207  0.2842  0.2003  0.1999  0.1999  0.1999  0.1999  0.2000  0.2000
  104.00  0.7242  0.6240  0.2899  0.2004  0.1999  0.1999  0.1999  0.1999  0.2000  0.2000
  105.00  0.7250  0.6272  0.2958  0.2004  0.1999  0.1999  0.1999  0.1999  0.2000  0.2000
  106.00  0.7259  0.6303  0.3017  0.2005  0.1999  0.1999  0.1999  0.1999  0.2000  0.2000
  107.00  0.7267  0.6333  0.3078  0.2005  0.1999  0.1999  0.1999  0.1999  0.2000  0.2000
  108.00  0.7275  0.6362  0.3140  0.2006  0.1999  0.1999  0.1999  0.1999  0.2000  0.2000
  109.00  0.7283  0.6390  0.3204  0.2007  0.1999  0.1999  0.1999  0.1999  0.2000  0.2000
  110.00  0.7291  0.6417  0.3268  0.2008  0.1999  0.1999  0.1999  0.1999  0.2000  0.2000
  111.00  0.7299  0.6443  0.3333  0.2009  0.1999  0.1999  0.1999  0.1999  0.2000  0.2000
  112.00  0.7307  0.6468  0.3399  0.2010  0.1999  0.1999  0.1999  0.1999  0.2000  0.2000
  113.00  0.7314  0.6493  0.3466  0.2011  0.1999  0.1999  0.1999  0.1999  0.2000  0.2000
  114.00  0.7322  0.6516  0.3534  0.2012  0.1999  0.1999  0.1999  0.1999  0.2000  0.2000
  115.00  0.7329  0.6538  0.3603  0.2013  0.1999  0.1999  0.1999  0.1999  0.2000  0.2000
  116.00  0.7336  0.6560  0.3672  0.2015  0.1999  0.1999  0.1999  0.1999  0.2000  0.2000
  117.00  0.7343  0.6581  0.3742  0.2017  0.1999  0.1999  0.1999  0.1999  0.2000  0.2000
  118.00  0.7350  0.6602  0.3813  0.2019  0.1999  0.1999  0.1999  0.1999  0.2000  0.2000
  119.00  0.7356  0.6621  0.3885  0.2021  0.1999  0.1999  0.1999  0.1999  0.2000  0.2000
  120.00  0.7363  0.6640  0.3957  0.2023  0.1999  0.1999  0.1999  0.1999  0.2000  0.2000
  121.00  0.7370  0.6659  0.4029  0.2026  0.1999  0.1999  0.1999  0.1999  0.2000  0.2000
  122.00  0.7376  0.6676  0.4102  0.2028  0.1999  0.1999  0.1999  0.1999  0.2000  0.2000
  123.00  0.7382  0.6694  0.4175  0.2031  0.1999  0.1999  0.1999  0.1999  0.2000  0.2000
  124.00  0.7389  0.6711  0.4249  0.2035  0.1999  0.1999  0.1999  0.1999  0.2000  0.2000
  125.00  0.7395  0.6727  0.4323  0.2038  0.1999  0.1999  0.1999  0.1999  0.2000  0.2000
  126.00  0.7401  0.6743  0.4397  0.2042  0.1999  0.1999  0.1999  0.1999  0.2000  0.2000
  127.00  0.7407  0.6758  0.4471  0.2046  0.1999  0.1999  0.1999  0.1999  0.2000  0.2000
  128.00  0.7412  0.6773  0.4546  0.2051  0.1999  0.1999  0.1999  0.1999  0.2000  0.2000
  129.00  0.7418  0.6788  0.4621  0.2056  0.1999  0.1999  0.1999  0.1999  0.2000  0.2000
  130.00  0.7424  0.6802  0.4695  0.2061  0.1999  0.1999  0.1999  0.1999  0.2000  0.2000
  131.00  0.7429  0.6815  0.4770  0.2068  0.1999  0.1999  0.1999  0.1999  0.2000  0.2000
  132.00  0.7434  0.6829  0.4844  0.2074  0.1999  0.1999  0.1999  0.1999  0.2000  0.2000
  133.00  0.7440  0.6842  0.4918  0.2082  0.1999  0.1999  0.1999  0.1999  0.2000  0.2000
  134.00  0.7445  0.6855  0.4992  0.2090  0.1999  0.1999  0.1999  0.1999  0.2000  0.2000
  135.00  0.7450  0.6867  0.5065  0.2099  0.1999  0.1999  0.1999  0.1999  0.2000  0.2000
  136.00  0.7455  0.6879  0.5137  0.2109  0.1999  0.1999  0.1999  0.1999  0.2000  0.2000
  137.00  0.7460  0.6891  0.5207  0.2123  0.1999  0.1999  0.1999  0.1999  0.2000  0.2000
  138.00  0.7465  0.6902  0.5275  0.2138  0.1999  0.1999  0.1999  0.1999  0.2000  0.2000
  139.00  0.7470  0.6913  0.5341  0.2156  0.1999  0.1999  0.1999  0.1999  0.2000  0.2000
  140.00  0.7474  0.6924  0.5405  0.2176  0.2000  0.1999  0.1999  0.1999  0.2000  0.2000
  141.00  0.7479  0.6935  0.5468  0.2198  0.2000  0.1999  0.1999  0.1999  0.2000  0.2000
  142.00  0.7484  0.6945  0.5528  0.2222  0.2000  0.1999  0.1999  0.1999  0.2000  0.2000
  143.00  0.7488  0.6956  0.5587  0.2249  0.2000  0.1999  0.1999  0.1999  0.2000  0.2000
  144.00  0.7492  0.6965  0.5643  0.2278  0.2000  0.1999  0.1999  0.1999  0.2000  0.2000
  145.00  0.7497  0.6975  0.5697  0.2310  0.2000  0.1999  0.1999  0.1999  0.2000  0.2000
  146.00  0.7501  0.6985  0.5749  0.2344  0.2000  0.1999  0.1999  0.1999  0.2000  0.2000
  147.00  0.7505  0.6994  0.5799  0.2381  0.2000  0.1999  0.1999  0.1999  0.2000  0.2000
  148.00  0.7509  0.7003  0.5846  0.2420  0.2001  0.1999  0.1999  0.1999  0.2000  0.2000
  149.00  0.7513  0.7012  0.5891  0.2461  0.2001  0.1999  0.1999  0.1999  0.2000  0.2000
  150.00  0.7518  0.7020  0.5934  0.2505  0.2001  0.1999  0.1999  0.1999  0.2000  0.2000
  151.00  0.7522  0.7029  0.5975  0.2551  0.2001  0.1999  0.1999  0.1999  0.2000  0.2000
  152.00  0.7526  0.7037  0.6014  0.2600  0.2002  0.1999  0.1999  0.1999  0.2000  0.2000
  153.00  0.7530  0.7046  0.6051  0.2650  0.2002  0.1999  0.1999  0.1999  0.2000  0.2000
  154.00  0.7534  0.7054  0.6087  0.2701  0.2002  0.1999  0.1999  0.1999  0.2000  0.2000
  155.00  0.7537  0.7062  0.6121  0.2754  0.2003  0.1999  0.1999  0.1999  0.2000  0.2000
  156.00  0.7541  0.7070  0.6155  0.2808  0.2003  0.1999  0.1999  0.1999  0.2000  0.2000
  157.00  0.7545  0.7078  0.6187  0.2864  0.2004  0.1999  0.1999  0.1999  0.2000  0.2000
  158.00  0.7549  0.7086  0.6219  0.2920  0.2004  0.1999  0.1999  0.1999  0.2000  0.2000
  159.00  0.7553  0.7093  0.6249  0.2978  0.2005  0.1999  0.1999  0.1999  0.2000  0.2000
  160.00  0.7556  0.7101  0.6278  0.3037  0.2005  0.1999  0.1999  0.1999  0.2000  0.2000
  161.00  0.7560  0.7108  0.6306  0.3097  0.2006  0.1999  0.1999  0.1999  0.2000  0.2000
  162.00  0.7564  0.7116  0.6334  0.3158  0.2007  0.1999  0.1999  0.1999  0.2000  0.2000
  163.00  0.7567  0.7123  0.6360  0.3220  0.2007  0.1999  0.1999  0.1999  0.2000  0.2000
  164.00  0.7571  0.7130  0.6385  0.3283  0.2008  0.1999  0.1999  0.1999  0.2000  0.2000
  165.00  0.7575  0.7137  0.6410  0.3346  0.2009  0.1999  0.1999  0.1999  0.2000  0.2000
  166.00  0.7578  0.7144  0.6433  0.3411  0.2010  0.1999  0.1999  0.1999  0.2000  0.2000
  167.00  0.7582  0.7151  0.6456  0.3477  0.2012  0.1999  0.1999  0.1999  0.2000  0.2000
  168.00  0.7585  0.7158  0.6478  0.3543  0.2013  0.1999  0.1999  0.1999  0.2000  0.2000
  169.00  0.7589  0.7164  0.6499  0.3610  0.2014  0.1999  0.1999  0.1999  0.2000  0.2000
  170.00  0.7592  0.7171  0.6520  0.3678  0.2016  0.1999  0.1999  0.1999  0.2000  0.2000
  171.00  0.7596  0.7177  0.6539  0.3747  0.2018  0.1999  0.1999  0.1999  0.2000  0.2000
  172.00  0.7599  0.7184  0.6559  0.3816  0.2019  0.1999  0.1999  0.1999  0.2000  0.2000
  173.00  0.7602  0.7190  0.6577  0.3885  0.2022  0.1999  0.1999  0.1999  0.2000  0.2000
  174.00  0.7606  0.7196  0.6595  0.3956  0.2024  0.1999  0.1999  0.1999  0.2000  0.2000
  175.00  0.7609  0.7203  0.6612  0.4026  0.2026  0.1999  0.1999  0.1999  0.2000  0.2000
  176.00  0.7612  0.7209  0.6629  0.4098  0.2029  0.1999  0.1999  0.1999  0.2000  0.2000
  177.00  0.7615  0.7215  0.6645  0.4169  0.2032  0.1999  0.1999  0.1999  0.2000  0.2000
  178.00  0.7619  0.7221  0.6661  0.4241  0.2035  0.1999  0.1999  0.1999  0.2000  0.2000
  179.00  0.7622  0.7226  0.6676  0.4313  0.2039  0.1999  0.1999  0.1999  0.2000  0.2000
  180.00  0.7625  0.7232  0.6690  0.4385  0.2043  0.1999  0.1999  0.1999  0.2000  0.2000
  181.00  0.7628  0.7238  0.6705  0.4458  0.2047  0.1999  0.1999  0.1999  0.2000  0.2000
  182.00  0.7631  0.7243  0.6719  0.4531  0.2051  0.1999  0.1999  0.1999  0.2000  0.2000
  183.00  0.7634  0.7249  0.6732  0.4604  0.2056  0.1999  0.1999  0.1999  0.2000  0.2000
  184.00  0.7637  0.7255  0.6745  0.4676  0.2062  0.1999  0.1999  0.1999  0.2000  0.2000
  185.00  0.7640  0.7260  0.6758  0.4749  0.2068  0.1999  0.1999  0.1999  0.2000  0.2000
  186.00  0.7643  0.7265  0.6770  0.4821  0.2074  0.1999  0.1999  0.1999  0.2000  0.2000
  187.00  0.7646  0.7271  0.6782  0.4894  0.2081  0.1999  0.1999  0.1999  0.2000  0.2000
  188.00  0.7649  0.7276  0.6794  0.4966  0.2089  0.1999  0.1999  0.1999  0.2000  0.2000
  189.00  0.7652  0.7281  0.6806  0.5037  0.2098  0.1999  0.1999  0.1999  0.2000  0.2000
  190.00  0.7655  0.7286  0.6817  0.5108  0.2108  0.2000  0.1999  0.1999  0.2000  0.2000
  191.00  0.7658  0.7291  0.6828  0.5177  0.2120  0.2000  0.1999  0.1999  0.2000  0.2000
  192.00  0.7661  0.7296  0.6838  0.5244  0.2135  0.2000  0.1999  0.1999  0.2000  0.2000
  193.00  0.7664  0.7301  0.6849  0.5309  0.2151  0.2000  0.1999  0.1999  0.2000  0.2000
  194.00  0.7666  0.7306  0.6859  0.5372  0.2170  0.2000  0.1999  0.1999  0.2000  0.2000
  195.00  0.7669  0.7310  0.6869  0.5434  0.2191  0.2000  0.1999  0.1999  0.2000  0.2000
  196.00  0.7672  0.7315  0.6878  0.5493  0.2214  0.2000  0.1999  0.1999  0.2000  0.2000
  197.00  0.7675  0.7320  0.6887  0.5551  0.2240  0.2000  0.1999  0.1999  0.2000  0.2000
  198.00  0.7677  0.7324  0.6897  0.5607  0.2267  0.2000  0.1999  0.1999  0.2000  0.2000
  199.00  0.7680  0.7329  0.6906  0.5661  0.2297  0.2000  0.1999  0.1999  0.2000  0.2000
  200.00  0.7683  0.7333  0.6914  0.5712  0.2330  0.2001  0.1999  0.1999  0.2000  0.2000
  201.00  0.7685  0.7338  0.6923  0.5761  0.2364  0.2001  0.1999  0.1999  0.2000  0.2000
  202.00  0.7688  0.7342  0.6931  0.5808  0.2402  0.2001  0.1999  0.1999  0.2000  0.2000
  203.00  0.7691  0.7346  0.6939  0.5853  0.2441  0.2001  0.1999  0.1999  0.2000  0.2000
  204.00  0.7693  0.7351  0.6947  0.5896  0.2483  0.2001  0.1999  0.1999  0.2000  0.2000
  205.00  0.7696  0.7355  0.6955  0.5937  0.2527  0.2002  0.1999  0.1999  0.2000  0.2000
  206.00  0.7698  0.7359  0.6963  0.5976  0.2573  0.2002  0.1999  0.1999  0.2000  0.2000
  207.00  0.7701  0.7363  0.6970  0.6013  0.2622  0.2002  0.1999  0.1999  0.2000  0.2000
  208.00  0.7703  0.7367  0.6978  0.6049  0.2672  0.2003  0.1999  0.1999  0.2000  0.2000
  209.00  0.7706  0.7371  0.6985  0.6083  0.2723  0.2003  0.1999  0.1999  0.2000  0.2000
  210.00  0.7708  0.7375  0.6992  0.6116  0.2776  0.2003  0.1999  0.1999  0.2000  0.2000
  211.00  0.7711  0.7379  0.6999  0.6149  0.2830  0.2004  0.1999  0.1999  0.2000  0.2000
  212.00  0.7713  0.7383  0.7006  0.6180  0.2885  0.2004  0.1999  0.1999  0.2000  0.2000
  213.00  0.7716  0.7387  0.7012  0.6210  0.2941  0.2005  0.1999  0.1999  0.2000  0.2000
  214.00  0.7718  0.7390  0.7019  0.6240  0.2999  0.2005  0.1999  0.1999  0.2000  0.2000
  215.00  0.7720  0.7394  0.7025  0.6268  0.3057  0.2006  0.1999  0.1999  0.2000  0.2000
  216.00  0.7723  0.7398  0.7032  0.6295  0.3117  0.2007  0.1999  0.1999  0.2000  0.2000
  217.00  0.7725  0.7401  0.7038  0.6321  0.3177  0.2007  0.1999  0.1999  0.2000  0.2000
  218.00  0.7727  0.7405  0.7045  0.6347  0.3239  0.2008  0.1999  0.1999  0.2000  0.2000
  219.00  0.7729  0.7408  0.7051  0.6371  0.3301  0.2009  0.1999  0.1999  0.2000  0.2000
  220.00  0.7732  0.7412  0.7057  0.6395  0.3364  0.2010  0.1999  0.1999  0.2000  0.2000
  221.00  0.7734  0.7415  0.7064  0.6418  0.3428  0.2011  0.1999  0.1999  0.2000  0.2000
  222.00  0.7736  0.7419  0.7070  0.6440  0.3493  0.2012  0.1999  0.1999  0.2000  0.2000
  223.00  0.7738  0.7422  0.7076  0.6461  0.3559  0.2014  0.1999  0.1999  0.2000  0.2000
  224.00  0.7741  0.7426  0.7082  0.6481  0.3625  0.2015  0.1999  0.1999  0.2000  0.2000
  225.00  0.7743  0.7429  0.7088  0.6501  0.3692  0.2017  0.1999  0.1999  0.2000  0.2000
  226.00  0.7745  0.7432  0.7094  0.6520  0.3760  0.2018  0.1999  0.1999  0.2000  0.2000
  227.00  0.7747  0.7435  0.7100  0.6539  0.3828  0.2020  0.1999  0.1999  0.2000  0.2000
  228.00  0.7749  0.7439  0.7106  0.6556  0.3897  0.2023  0.1999  0.1999  0.2000  0.2000
  229.00  0.7751  0.7442  0.7112  0.6573  0.3966  0.2025  0.1999  0.1999  0.2000  0.2000
  230.00  0.7753  0.7445  0.7118  0.6590  0.4036  0.2027  0.1999  0.1999  0.2000  0.2000
  231.00  0.7755  0.7448  0.7123  0.6606  0.4106  0.2030  0.1999  0.1999  0.2000  0.2000
  232.00  0.7757  0.7451  0.7129  0.6621  0.4177  0.2033  0.1999  0.1999  0.2000  0.2000
  233.00  0.7759  0.7454  0.7135  0.6637  0.4248  0.2037  0.1999  0.1999  0.2000  0.2000
  234.00  0.7761  0.7457  0.7140  0.6651  0.4319  0.2040  0.1999  0.1999  0.2000  0.2000
  235.00  0.7763  0.7460  0.7146  0.6665  0.4390  0.2044  0.1999  0.1999  0.2000  0.2000
  236.00  0.7765  0.7463  0.7151  0.6679  0.4462  0.2048  0.1999  0.1999  0.2000  0.2000
  237.00  0.7767  0.7466  0.7157  0.6692  0.4534  0.2053  0.1999  0.1999  0.2000  0.2000
  238.00  0.7769  0.7468  0.7162  0.6705  0.4606  0.2058  0.1999  0.1999  0.2000  0.2000
  239.00  0.7771  0.7471  0.7167  0.6718  0.4677  0.2063  0.2000  0.1999  0.2000  0.2000
  240.00  0.7773  0.7474  0.7173  0.6730  0.4749  0.2069  0.2000  0.1999  0.2000  0.2000
  241.00  0.7775  0.7477  0.7178  0.6742  0.4821  0.2075  0.2000  0.1999  0.2000  0.2000
  242.00  0.7777  0.7480  0.7183  0.6753  0.4892  0.2083  0.2000  0.1999  0.2000  0.2000
  243.00  0.7779  0.7482  0.7188  0.6764  0.4963  0.2090  0.2000  0.1999  0.2000  0.2000
  244.00  0.7781  0.7485  0.7194  0.6775  0.5033  0.2099  0.2000  0.1999  0.2000  0.2000
  245.00  0.7782  0.7488  0.7199  0.6786  0.5103  0.2109  0.2000  0.1999  0.2000  0.2000
  246.00  0.7784  0.7490  0.7204  0.6796  0.5171  0.2121  0.2000  0.1999  0.2000  0.2000
  247.00  0.7786  0.7493  0.7209  0.6806  0.5237  0.2135  0.2000  0.1999  0.2000  0.2000
  248.00  0.7788  0.7495  0.7214  0.6816  0.5301  0.2152  0.2000  0.1999  0.2000  0.2000
  249.00  0.7790  0.7498  0.7218  0.6826  0.5364  0.2170  0.2000  0.1999  0.2000  0.2000
  250.00  0.7791  0.7500  0.7223  0.6835  0.5424  0.2191  0.2000  0.1999  0.2000  0.2000
  251.00  0.7793  0.7503  0.7228  0.6844  0.5483  0.2214  0.2000  0.1999  0.2000  0.2000
  252.00  0.7795  0.7505  0.7233  0.6853  0.5541  0.2239  0.2000  0.1999  0.2000  0.2000
  253.00  0.7796  0.7507  0.7237  0.6862  0.5596  0.2266  0.2000  0.1999  0.2000  0.2000
  254.00  0.7798  0.7510  0.7242  0.6871  0.5649  0.2295  0.2001  0.1999  0.2000  0.2000
  255.00  0.7800  0.7512  0.7247  0.6879  0.5700  0.2327  0.2001  0.1999  0.2000  0.2000
  256.00  0.7802  0.7515  0.7251  0.6887  0.5748  0.2361  0.2001  0.1999  0.2000  0.2000
  257.00  0.7803  0.7517  0.7256  0.6895  0.5795  0.2398  0.2001  0.1999  0.2000  0.2000
  258.00  0.7805  0.7520  0.7260  0.6903  0.5839  0.2437  0.2001  0.1999  0.2000  0.2000
  259.00  0.7806  0.7522  0.7264  0.6911  0.5882  0.2478  0.2002  0.1999  0.2000  0.2000
  260.00  0.7808  0.7524  0.7269  0.6918  0.5922  0.2521  0.2002  0.1999  0.2000  0.2000
  261.00  0.7810  0.7527  0.7273  0.6925  0.5961  0.2567  0.2002  0.1999  0.2000  0.2000
  262.00  0.7811  0.7529  0.7277  0.6932  0.5998  0.2614  0.2002  0.1999  0.2000  0.2000
  263.00  0.7813  0.7532  0.7281  0.6939  0.6033  0.2664  0.2003  0.1999  0.2000  0.2000
  264.00  0.7814  0.7534  0.7285  0.6946  0.6067  0.2715  0.2003  0.1999  0.2000  0.2000
  265.00  0.7816  0.7536  0.7289  0.6953  0.6099  0.2767  0.2004  0.1999  0.2000  0.2000
  266.00  0.7817  0.7539  0.7293  0.6960  0.6131  0.2820  0.2004  0.1999  0.2000  0.2000
  267.00  0.7819  0.7541  0.7297  0.6966  0.6162  0.2874  0.2004  0.1999  0.2000  0.2000
  268.00  0.7820  0.7543  0.7301  0.6972  0.6192  0.2930  0.2005  0.1999  0.2000  0.2000
  269.00  0.7822  0.7546  0.7305  0.6979  0.6221  0.2986  0.2005  0.1999  0.2000  0.2000
  270.00  0.7823  0.7548  0.7308  0.6985  0.6249  0.3044  0.2006  0.1999  0.2000  0.2000
  271.00  0.7825  0.7550  0.7312  0.6991  0.6276  0.3103  0.2007  0.1999  0.2000  0.2000
  272.00  0.7826  0.7553  0.7316  0.6996  0.6302  0.3163  0.2007  0.1999  0.2000  0.2000
  273.00  0.7828  0.7555  0.7319  0.7002  0.6327  0.3223  0.2008  0.1999  0.2000  0.2000
  274.00  0.7829  0.7557  0.7323  0.7008  0.6352  0.3285  0.2009  0.1999  0.2000  0.2000
  275.00  0.7831  0.7559  0.7326  0.7013  0.6376  0.3347  0.2010  0.1999  0.2000  0.2000
  276.00  0.7832  0.7562  0.7330  0.7019  0.6398  0.3411  0.2011  0.1999  0.2000  0.2000
  277.00  0.7833  0.7564  0.7333  0.7025  0.6420  0.3475  0.2012  0.1999  0.2000  0.2000
  278.00  0.7835  0.7566  0.7337  0.7030  0.6442  0.3540  0.2014  0.1999  0.2000  0.2000
  279.00  0.7836  0.7569  0.7340  0.7035  0.6462  0.3605  0.2015  0.1999  0.2000  0.2000
  280.00  0.7838  0.7571  0.7343  0.7041  0.6482  0.3671  0.2016  0.1999  0.2000  0.2000
  281.00  0.7839  0.7573  0.7347  0.7046  0.6501  0.3738  0.2018  0.1999  0.2000  0.2000
  282.00  0.7840  0.7575  0.7350  0.7052  0.6519  0.3806  0.2020  0.2000  0.2000  0.2000
  283.00  0.7842  0.7577  0.7353  0.7057  0.6537  0.3874  0.2022  0.2000  0.2000  0.2000
  284.00  0.7843  0.7580  0.7356  0.7062  0.6554  0.3943  0.2025  0.2000  0.2000  0.2000
  285.00  0.7844  0.7582  0.7360  0.7067  0.6570  0.4012  0.2027  0.2000  0.2000  0.2000
  286.00  0.7846  0.7584  0.7363  0.7072  0.6586  0.4081  0.2030  0.2000  0.2000  0.2000
  287.00  0.7847  0.7586  0.7366  0.7078  0.6601  0.4151  0.2033  0.2000  0.2000  0.2000
  288.00  0.7848  0.7588  0.7369  0.7083  0.6616  0.4221  0.2036  0.2000  0.2000  0.2000
  289.00  0.7849  0.7591  0.7372  0.7088  0.6631  0.4292  0.2039  0.2000  0.2000  0.2000
  290.00  0.7851  0.7593  0.7375  0.7093  0.6645  0.4363  0.2043  0.2000  0.2000  0.2000
  291.00  0.7852  0.7595  0.7378  0.7098  0.6658  0.4434  0.2047  0.2000  0.2000  0.2000
  292.00  0.7853  0.7597  0.7381  0.7103  0.6671  0.4505  0.2051  0.2000  0.2000  0.2000
  293.00  0.7854  0.7599  0.7383  0.7108  0.6684  0.4576  0.2056  0.2000  0.2000  0.2000
  294.00  0.7856  0.7601  0.7386  0.7112  0.6696  0.4647  0.2061  0.2000  0.2000  0.2000
  295.00  0.7857  0.7604  0.7389  0.7117  0.6708  0.4718  0.2067  0.2000  0.2000  0.2000
  296.00  0.7858  0.7606  0.7392  0.7122  0.6720  0.4789  0.2073  0.2000  0.2000  0.2000
  297.00  0.7859  0.7608  0.7395  0.7127  0.6731  0.4860  0.2080  0.2000  0.2000  0.2000
  298.00  0.7860  0.7610  0.7397  0.7132  0.6742  0.4930  0.2088  0.2000  0.2000  0.2000
  299.00  0.7862  0.7612  0.7400  0.7136  0.6753  0.5000  0.2096  0.2000  0.2000  0.2000
  300.00  0.7863  0.7614  0.7403  0.7141  0.6763  0.5070  0.2105  0.2000  0.2000  0.2000
  301.00  0.7864  0.7616  0.7405  0.7145  0.6773  0.5138  0.2116  0.2000  0.2000  0.2000
  302.00  0.7865  0.7618  0.7408  0.7150  0.6783  0.5205  0.2129  0.2000  0.2000  0.2000
  303.00  0.7866  0.7620  0.7411  0.7155  0.6793  0.5269  0.2145  0.2000  0.2000  0.2000
  304.00  0.7867  0.7622  0.7413  0.7159  0.6802  0.5332  0.2162  0.2000  0.2000  0.2000
  305.00  0.7868  0.7625  0.7416  0.7163  0.6811  0.5393  0.2182  0.2000  0.2000  0.2000
  306.00  0.7869  0.7627  0.7418  0.7168  0.6820  0.5452  0.2203  0.2000  0.2000  0.2000
  307.00  0.7870  0.7629  0.7421  0.7172  0.6829  0.5510  0.2227  0.2001  0.2000  0.2000
  308.00  0.7872  0.7631  0.7423  0.7177  0.6837  0.5565  0.2253  0.2001  0.2000  0.2000
  309.00  0.7873  0.7633  0.7426  0.7181  0.6846  0.5619  0.2281  0.2001  0.2000  0.2000
  310.00  0.7874  0.7635  0.7428  0.7185  0.6854  0.5670  0.2311  0.2001  0.2000  0.2000
  311.00  0.7875  0.7637  0.7430  0.7189  0.6862  0.5719  0.2344  0.2001  0.2000  0.2000
  312.00  0.7876  0.7639  0.7433  0.7194  0.6869  0.5767  0.2379  0.2001  0.2000  0.2000
  313.00  0.7877  0.7641  0.7435  0.7198  0.6877  0.5812  0.2417  0.2002  0.2000  0.2000
  314.00  0.7878  0.7643  0.7437  0.7202  0.6884  0.5855  0.2457  0.2002  0.2000  0.2000
  315.00  0.7879  0.7645  0.7440  0.7206  0.6891  0.5896  0.2498  0.2002  0.2000  0.2000
  316.00  0.7880  0.7647  0.7442  0.7210  0.6898  0.5935  0.2542  0.2002  0.2000  0.2000
  317.00  0.7881  0.7649  0.7444  0.7214  0.6905  0.5972  0.2589  0.2003  0.2000  0.2000
  318.00  0.7882  0.7650  0.7446  0.7218  0.6912  0.6008  0.2637  0.2003  0.2000  0.2000
  319.00  0.7883  0.7652  0.7448  0.7222  0.6919  0.6042  0.2687  0.2003  0.2000  0.2000
  320.00  0.7884  0.7654  0.7451  0.7226  0.6925  0.6075  0.2738  0.2004  0.2000  0.2000
  321.00  0.7885  0.7656  0.7453  0.7230  0.6931  0.6107  0.2790  0.2004  0.2000  0.2000
  322.00  0.7886  0.7658  0.7455  0.7234  0.6938  0.6137  0.2844  0.2004  0.2000  0.2000
  323.00  0.7887  0.7660  0.7457  0.7238  0.6944  0.6167  0.2898  0.2005  0.2000  0.2000
  324.00  0.7888  0.7662  0.7459  0.7242  0.6950  0.6196  0.2954  0.2005  0.2000  0.2000
  325.00  0.7889  0.7664  0.7461  0.7245  0.6956  0.6224  0.3011  0.2006  0.2000  0.2000
  326.00  0.7890  0.7666  0.7463  0.7249  0.6961  0.6252  0.3068  0.2007  0.2000  0.2000
  327.00  0.7890  0.7668  0.7465  0.7253  0.6967  0.6278  0.3127  0.2007  0.2000  0.2000
  328.00  0.7891  0.7669  0.7467  0.7257  0.6972  0.6303  0.3187  0.2008  0.2000  0.2000
  329.00  0.7892  0.7671  0.7469  0.7260  0.6978  0.6328  0.3248  0.2009  0.2000  0.2000
  330.00  0.7893  0.7673  0.7471  0.7264  0.6983  0.6352  0.3309  0.2010  0.2000  0.2000
  331.00  0.7894  0.7675  0.7473  0.7267  0.6988  0.6375  0.3372  0.2011  0.2000  0.2000
  332.00  0.7895  0.7677  0.7475  0.7271  0.6994  0.6397  0.3435  0.2012  0.2000  0.2000
  333.00  0.7896  0.7679  0.7477  0.7274  0.6999  0.6418  0.3499  0.2013  0.2000  0.2000
  334.00  0.7897  0.7680  0.7479  0.7278  0.7004  0.6439  0.3563  0.2014  0.2000  0.2000
  335.00  0.7898  0.7682  0.7481  0.7281  0.7008  0.6459  0.3629  0.2016  0.2000  0.2000
  336.00  0.7898  0.7684  0.7483  0.7285  0.7013  0.6479  0.3695  0.2017  0.2000  0.2000
  337.00  0.7899  0.7686  0.7485  0.7288  0.7018  0.6497  0.3762  0.2019  0.2000  0.2000
  338.00  0.7900  0.7688  0.7486  0.7292  0.7023  0.6515  0.3829  0.2021  0.2000  0.2000
  339.00  0.7901  0.7689  0.7488  0.7295  0.7028  0.6532  0.3897  0.2023  0.2000  0.2000
  340.00  0.7902  0.7691  0.7490  0.7298  0.7033  0.6549  0.3965  0.2026  0.2000  0.2000
  341.00  0.7903  0.7693  0.7492  0.7302  0.7037  0.6565  0.4034  0.2028  0.2000  0.2000
  342.00  0.7903  0.7695  0.7494  0.7305  0.7042  0.6581  0.4103  0.2031  0.2000  0.2000
  343.00  0.7904  0.7696  0.7495  0.7308  0.7047  0.6596  0.4173  0.2034  0.2000  0.2000
  344.00  0.7905  0.7698  0.7497  0.7312  0.7051  0.6610  0.4243  0.2037  0.2000  0.2000
  345.00  0.7906  0.7700  0.7499  0.7315  0.7056  0.6624  0.4313  0.2041  0.2000  0.2000
  346.00  0.7907  0.7702  0.7501  0.7318  0.7061  0.6638  0.4383  0.2045  0.2000  0.2000
  347.00  0.7907  0.7703  0.7502  0.7321  0.7065  0.6651  0.4454  0.2049  0.2000  0.2000
  348.00  0.7908  0.7705  0.7504  0.7324  0.7070  0.6664  0.4525  0.2053  0.2000  0.2000
  349.00  0.7909  0.7707  0.7506  0.7327  0.7074  0.6676  0.4595  0.2058  0.2000  0.2000
  350.00  0.7910  0.7708  0.7507  0.7330  0.7079  0.6688  0.4666  0.2063  0.2000  0.2000
  351.00  0.7910  0.7710  0.7509  0.7333  0.7083  0.6700  0.4737  0.2069  0.2000  0.2000
  352.00  0.7911  0.7712  0.7511  0.7336  0.7088  0.6711  0.4807  0.2076  0.2000  0.2000
  353.00  0.7912  0.7714  0.7512  0.7339  0.7092  0.6722  0.4877  0.2083  0.2000  0.2000
  354.00  0.7913  0.7715  0.7514  0.7342  0.7096  0.6733  0.4947  0.2090  0.2000  0.2000
  355.00  0.7913  0.7717  0.7516  0.7345  0.7101  0.6743  0.5017  0.2099  0.2000  0.2000
  356.00  0.7914  0.7719  0.7518  0.7348  0.7105  0.6753  0.5086  0.2108  0.2000  0.2000
  357.00  0.7915  0.7720  0.7519  0.7350  0.7109  0.6763  0.5153  0.2120  0.2000  0.2000
  358.00  0.7916  0.7722  0.7521  0.7353  0.7114  0.6773  0.5219  0.2133  0.2000  0.2000
  359.00  0.7916  0.7723  0.7523  0.7356  0.7118  0.6782  0.5282  0.2149  0.2000  0.2000
  360.00  0.7917  0.7725  0.7524  0.7359  0.7122  0.6791  0.5344  0.2167  0.2001  0.2000
  361.00  0.7918  0.7727  0.7526  0.7361  0.7126  0.6800  0.5404  0.2187  0.2001  0.2000
  362.00  0.7918  0.7728  0.7528  0.7364  0.7130  0.6809  0.5463  0.2209  0.2001  0.2000
  363.00  0.7919  0.7730  0.7529  0.7366  0.7134  0.6817  0.5520  0.2233  0.2001  0.2000
  364.00  0.7920  0.7731  0.7531  0.7369  0.7139  0.6825  0.5575  0.2260  0.2001  0.2000
  365.00  0.7920  0.7733  0.7533  0.7371  0.7143  0.6833  0.5627  0.2288  0.2001  0.2000
  366.00  0.7921  0.7735  0.7535  0.7374  0.7147  0.6841  0.5678  0.2319  0.2001  0.2000
  367.00  0.7922  0.7736  0.7536  0.7376  0.7151  0.6849  0.5726  0.2352  0.2001  0.2000
  368.00  0.7922  0.7738  0.7538  0.7379  0.7155  0.6856  0.5773  0.2388  0.2002  0.2000
  369.00  0.7923  0.7739  0.7540  0.7381  0.7159  0.6863  0.5817  0.2425  0.2002  0.2000
  370.00  0.7924  0.7741  0.7541  0.7384  0.7162  0.6870  0.5860  0.2465  0.2002  0.2000
  371.00  0.7924  0.7742  0.7543  0.7386  0.7166  0.6877  0.5900  0.2507  0.2002  0.2000
  372.00  0.7925  0.7744  0.7545  0.7388  0.7170  0.6884  0.5938  0.2551  0.2003  0.2000
  373.00  0.7926  0.7745  0.7546  0.7391  0.7174  0.6891  0.5975  0.2598  0.2003  0.2000
  374.00  0.7926  0.7747  0.7548  0.7393  0.7178  0.6897  0.6010  0.2646  0.2003  0.2000
  375.00  0.7927  0.7748  0.7550  0.7395  0.7182  0.6904  0.6043  0.2696  0.2004  0.2000
  376.00  0.7927  0.7750  0.7551  0.7397  0.7185  0.6910  0.6076  0.2747  0.2004  0.2000
  377.00  0.7928  0.7751  0.7553  0.7400  0.7189  0.6916  0.6107  0.2799  0.2004  0.2000
  378.00  0.7929  0.7753  0.7555  0.7402  0.7193  0.6922  0.6137  0.2853  0.2005  0.2000
  379.00  0.7929  0.7754  0.7556  0.7404  0.7196  0.6928  0.6167  0.2907  0.2005  0.2000
  380.00  0.7930  0.7756  0.7558  0.7406  0.7200  0.6934  0.6195  0.2963  0.2006  0.2000
  381.00  0.7930  0.7757  0.7560  0.7408  0.7204  0.6939  0.6223  0.3020  0.2006  0.2000
  382.00  0.7931  0.7759  0.7561  0.7410  0.7207  0.6945  0.6250  0.3078  0.2007  0.2000
  383.00  0.7932  0.7760  0.7563  0.7412  0.7211  0.6950  0.6276  0.3136  0.2008  0.2000
  384.00  0.7932  0.7761  0.7565  0.7414  0.7214  0.6955  0.6301  0.3196  0.2008  0.2000
  385.00  0.7933  0.7763  0.7566  0.7416  0.7218  0.6961  0.6325  0.3256  0.2009  0.2000
  386.00  0.7933  0.7764  0.7568  0.7418  0.7221  0.6966  0.6348  0.3318  0.2010  0.2000
  387.00  0.7934  0.7766  0.7570  0.7420  0.7225  0.6971  0.6371  0.3380  0.2011  0.2000
  388.00  0.7934  0.7767  0.7571  0.7422  0.7228  0.6976  0.6393  0.3443  0.2012  0.2000
  389.00  0.7935  0.7768  0.7573  0.7424  0.7232  0.6980  0.6414  0.3507  0.2014  0.2000
  390.00  0.7935  0.7770  0.7575  0.7426  0.7235  0.6985  0.6434  0.3571  0.2015  0.2000
  391.00  0.7936  0.7771  0.7576  0.7428  0.7238  0.6990  0.6454  0.3636  0.2016  0.2000
  392.00  0.7937  0.7773  0.7578  0.7430  0.7242  0.6994  0.6473  0.3702  0.2018  0.2000
  393.00  0.7937  0.7774  0.7580  0.7432  0.7245  0.6999  0.6491  0.3769  0.2020  0.2000
  394.00  0.7938  0.7775  0.7581  0.7434  0.7248  0.7003  0.6509  0.3836  0.2022  0.2000
  395.00  0.7938  0.7777  0.7583  0.7435  0.7251  0.7008  0.6526  0.3903  0.2024  0.2000
  396.00  0.7939  0.7778  0.7584  0.7437  0.7255  0.7012  0.6543  0.3971  0.2026  0.2000
  397.00  0.7939  0.7779  0.7586  0.7439  0.7258  0.7016  0.6559  0.4040  0.2029  0.2000
  398.00  0.7940  0.7781  0.7588  0.7441  0.7261  0.7021  0.6574  0.4109  0.2032  0.2000
  399.00  0.7940  0.7782  0.7589  0.7443  0.7264  0.7025  0.6589  0.4178  0.2035  0.2000
  400.00  0.7941  0.7783  0.7591  0.7444  0.7267  0.7029  0.6604  0.4248  0.2038  0.2000
