 TIME, RATES AND OIL PRESSURES
   TIME   PL      P( 1)   P( 2)   P( 3)   P( 4)   P( 5)   P( 6)   P( 7)   P( 8)   P( 9)   P(10)   P(11)   P(12)   P(13)   P(14)   P(15)   P(16)   P(17)   P(18)   P(19)   P(20)   PR      
      X=    2.50    7.50   12.50   17.50   22.50   27.50   32.50   37.50   42.50   47.50   52.50   57.50   62.50   67.50   72.50   77.50   82.50   87.50   92.50   97.50
    0.00  200.00  200.00  200.00  200.00  200.00  200.00  200.00  200.00  200.00  200.00  200.00  200.00  200.00  200.00  200.00  200.00  200.00  200.00  200.00  200.00  200.00  200.00
    1.00  208.08  207.58  206.97  206.40  205.86  205.35  204.88  204.43  204.01  203.61  203.23  202.87  202.52  202.19  201.88  201.57  201.27  200.98  200.70  200.42  200.14  200.00
    2.00  210.91  210.41  209.75  209.12  208.50  207.90  207.32  206.75  206.19  205.65  205.12  204.60  204.08  203.58  203.09  202.60  202.12  201.64  201.17  200.70  200.23  200.00
    3.00  212.24  211.73  211.05  210.40  209.76  209.12  208.50  207.88  207.26  206.66  206.06  205.46  204.87  204.29  203.71  203.13  202.56  201.98  201.42  200.85  200.28  200.00
    4.00  212.90  212.37  211.67  211.01  210.36  209.71  209.06  208.42  207.78  207.14  206.51  205.88  205.25  204.63  204.01  203.39  202.77  202.15  201.54  200.92  200.31  200.00
    5.00  213.22  212.69  211.97  211.31  210.65  209.99  209.34  208.68  208.03  207.38  206.73  206.09  205.44  204.80  204.15  203.51  202.87  202.23  201.59  200.96  200.32  200.00
    6.00  213.39  212.85  212.12  211.45  210.79  210.13  209.47  208.81  208.15  207.50  206.84  206.18  205.53  204.88  204.22  203.57  202.92  202.27  201.62  200.97  200.32  200.00
    7.00  213.50  212.94  212.19  211.52  210.86  210.20  209.53  208.87  208.21  207.55  206.89  206.23  205.57  204.92  204.26  203.60  202.95  202.29  201.64  200.98  200.33  200.00
    8.00  213.56  212.99  212.22  211.56  210.89  210.23  209.56  208.90  208.24  207.58  206.92  206.25  205.59  204.93  204.28  203.62  202.96  202.30  201.64  200.99  200.33  200.00
    9.00  213.62  213.03  212.24  211.57  210.91  210.24  209.58  208.92  208.25  207.59  206.93  206.27  205.60  204.94  204.28  203.62  202.96  202.30  201.65  200.99  200.33  200.00
   10.00  213.69  213.07  212.24  211.58  210.91  210.25  209.59  208.92  208.26  207.60  206.93  206.27  205.61  204.95  204.29  203.63  202.97  202.31  201.65  200.99  200.33  200.00
   11.00  213.75  213.11  212.25  211.58  210.92  210.25  209.59  208.92  208.26  207.60  206.94  206.27  205.61  204.95  204.29  203.63  202.97  202.31  201.65  200.99  200.33  200.00
   12.00  213.84  213.17  212.25  211.58  210.92  210.25  209.59  208.93  208.26  207.60  206.94  206.27  205.61  204.95  204.29  203.63  202.97  202.31  201.65  200.99  200.33  200.00
   13.00  213.94  213.23  212.25  211.58  210.92  210.25  209.59  208.93  208.26  207.60  206.94  206.27  205.61  204.95  204.29  203.63  202.97  202.31  201.65  200.99  200.33  200.00
   14.00  214.06  213.30  212.25  211.58  210.92  210.25  209.59  208.93  208.26  207.60  206.94  206.27  205.61  204.95  204.29  203.63  202.97  202.31  201.65  200.99  200.33  200.00
   15.00  214.19  213.38  212.25  211.58  210.92  210.25  209.59  208.93  208.26  207.60  206.94  206.27  205.61  204.95  204.29  203.63  202.97  202.31  201.65  200.99  200.33  200.00
   16.00  214.34  213.47  212.25  211.58  210.92  210.25  209.59  208.92  208.26  207.60  206.94  206.27  205.61  204.95  204.29  203.63  202.97  202.31  201.65  200.99  200.33  200.00
   17.00  214.41  213.52  212.25  211.58  210.92  210.25  209.59  208.93  208.26  207.60  206.94  206.27  205.61  204.95  204.29  203.63  202.97  202.31  201.65  200.99  200.33  200.00
   18.00  214.42  213.54  212.26  211.59  210.92  210.26  209.59  208.93  208.26  207.60  206.94  206.28  205.61  204.95  204.29  203.63  202.97  202.31  201.65  200.99  200.33  200.00
   19.00  214.44  213.56  212.26  211.59  210.92  210.26  209.59  208.93  208.26  207.60  206.94  206.28  205.61  204.95  204.29  203.63  202.97  202.31  201.65  200.99  200.33  200.00
   20.00  214.49  213.61  212.26  211.59  210.92  210.26  209.59  208.93  208.26  207.60  206.94  206.28  205.61  204.95  204.29  203.63  202.97  202.31  201.65  200.99  200.33  200.00
   21.00  214.55  213.66  212.27  211.58  210.92  210.26  209.59  208.93  208.26  207.60  206.94  206.27  205.61  204.95  204.29  203.63  202.97  202.31  201.65  200.99  200.33  200.00
   22.00  214.61  213.72  212.27  211.58  210.92  210.25  209.59  208.93  208.26  207.60  206.94  206.27  205.61  204.95  204.29  203.63  202.97  202.31  201.65  200.99  200.33  200.00
   23.00  214.67  213.77  212.27  211.58  210.92  210.25  209.59  208.93  208.26  207.60  206.94  206.27  205.61  204.95  204.29  203.63  202.97  202.31  201.65  200.99  200.33  200.00
   24.00  214.70  213.80  212.28  211.59  210.92  210.26  209.59  208.93  208.26  207.60  206.94  206.27  205.61  204.95  204.29  203.63  202.97  202.31  201.65  200.99  200.33  200.00
   25.00  214.73  213.83  212.29  211.59  210.92  210.26  209.59  208.93  208.26  207.60  206.94  206.28  205.61  204.95  204.29  203.63  202.97  202.31  201.65  200.99  200.33  200.00
   26.00  214.75  213.85  212.30  211.59  210.92  210.26  209.59  208.93  208.26  207.60  206.94  206.28  205.61  204.95  204.29  203.63  202.97  202.31  201.65  200.99  200.33  200.00
   27.00  214.77  213.88  212.31  211.59  210.92  210.26  209.59  208.93  208.26  207.60  206.94  206.28  205.61  204.95  204.29  203.63  202.97  202.31  201.65  200.99  200.33  200.00
   28.00  214.80  213.90  212.31  211.59  210.92  210.26  209.59  208.93  208.26  207.60  206.94  206.28  205.61  204.95  204.29  203.63  202.97  202.31  201.65  200.99  200.33  200.00
   29.00  214.82  213.93  212.33  211.59  210.92  210.26  209.59  208.93  208.26  207.60  206.94  206.28  205.61  204.95  204.29  203.63  202.97  202.31  201.65  200.99  200.33  200.00
   30.00  214.79  213.92  212.34  211.59  210.92  210.26  209.59  208.93  208.26  207.60  206.94  206.28  205.61  204.95  204.29  203.63  202.97  202.31  201.65  200.99  200.33  200.00
   31.00  214.75  213.90  212.36  211.59  210.92  210.26  209.59  208.93  208.27  207.60  206.94  206.28  205.61  204.95  204.29  203.63  202.97  202.31  201.65  200.99  200.33  200.00
   32.00  214.72  213.89  212.37  211.59  210.92  210.26  209.59  208.93  208.27  207.60  206.94  206.28  205.61  204.95  204.29  203.63  202.97  202.31  201.65  200.99  200.33  200.00
   33.00  214.70  213.89  212.39  211.59  210.92  210.26  209.59  208.93  208.26  207.60  206.94  206.28  205.61  204.95  204.29  203.63  202.97  202.31  201.65  200.99  200.33  200.00
   34.00  214.69  213.90  212.42  211.59  210.92  210.26  209.59  208.93  208.26  207.60  206.94  206.28  205.61  204.95  204.29  203.63  202.97  202.31  201.65  200.99  200.33  200.00
   35.00  214.68  213.91  212.45  211.59  210.92  210.26  209.59  208.93  208.26  207.60  206.94  206.28  205.61  204.95  204.29  203.63  202.97  202.31  201.65  200.99  200.33  200.00
   36.00  214.69  213.93  212.49  211.59  210.92  210.25  209.59  208.93  208.26  207.60  206.94  206.27  205.61  204.95  204.29  203.63  202.97  202.31  201.65  200.99  200.33  200.00
   37.00  214.71  213.96  212.53  211.58  210.92  210.25  209.59  208.93  208.26  207.60  206.94  206.27  205.61  204.95  204.29  203.63  202.97  202.31  201.65  200.99  200.33  200.00
   38.00  214.74  213.99  212.59  211.58  210.92  210.25  209.59  208.92  208.26  207.60  206.94  206.27  205.61  204.95  204.29  203.63  202.97  202.31  201.65  200.99  200.33  200.00
   39.00  214.77  214.04  212.65  211.58  210.92  210.25  209.59  208.92  208.26  207.60  206.93  206.27  205.61  204.95  204.29  203.63  202.97  202.31  201.65  200.99  200.33  200.00
   40.00  214.82  214.10  212.71  211.58  210.91  210.25  209.59  208.92  208.26  207.60  206.93  206.27  205.61  204.95  204.29  203.63  202.97  202.31  201.65  200.99  200.33  200.00
   41.00  214.88  214.16  212.79  211.58  210.91  210.25  209.59  208.92  208.26  207.60  206.93  206.27  205.61  204.95  204.29  203.63  202.97  202.31  201.65  200.99  200.33  200.00
   42.00  214.92  214.21  212.84  211.58  210.91  210.25  209.59  208.92  208.26  207.60  206.93  206.27  205.61  204.95  204.29  203.63  202.97  202.31  201.65  200.99  200.33  200.00
   43.00  214.94  214.23  212.87  211.59  210.92  210.25  209.59  208.93  208.26  207.60  206.94  206.27  205.61  204.95  204.29  203.63  202.97  202.31  201.65  200.99  200.33  200.00
   44.00  214.96  214.25  212.89  211.59  210.92  210.25  209.59  208.93  208.26  207.60  206.94  206.27  205.61  204.95  204.29  203.63  202.97  202.31  201.65  200.99  200.33  200.00
   45.00  214.97  214.27  212.91  211.60  210.92  210.26  209.59  208.93  208.26  207.60  206.94  206.27  205.61  204.95  204.29  203.63  202.97  202.31  201.65  200.99  200.33  200.00
   46.00  215.01  214.31  212.95  211.60  210.92  210.25  209.59  208.93  208.26  207.60  206.94  206.27  205.61  204.95  204.29  203.63  202.97  202.31  201.65  200.99  200.33  200.00
   47.00  215.06  214.35  213.00  211.60  210.92  210.25  209.59  208.92  208.26  207.60  206.94  206.27  205.61  204.95  204.29  203.63  202.97  202.31  201.65  200.99  200.33  200.00
   48.00  215.10  214.40  213.04  211.60  210.92  210.25  209.59  208.92  208.26  207.60  206.94  206.27  205.61  204.95  204.29  203.63  202.97  202.31  201.65  200.99  200.33  200.00
   49.00  215.14  214.44  213.09  211.61  210.92  210.25  209.59  208.92  208.26  207.60  206.94  206.27  205.61  204.95  204.29  203.63  202.97  202.31  201.65  200.99  200.33  200.00
   50.00  215.17  214.48  213.12  211.62  210.92  210.25  209.59  208.92  208.26  207.60  206.94  206.27  205.61  204.95  204.29  203.63  202.97  202.31  201.65  200.99  200.33  200.00
   51.00  215.19  214.50  213.15  211.62  210.92  210.25  209.59  208.93  208.26  207.60  206.94  206.27  205.61  204.95  204.29  203.63  202.97  202.31  201.65  200.99  200.33  200.00
   52.00  215.21  214.52  213.17  211.63  210.92  210.25  209.59  208.93  208.26  207.60  206.94  206.27  205.61  204.95  204.29  203.63  202.97  202.31  201.65  200.99  200.33  200.00
   53.00  215.23  214.54  213.19  211.64  210.92  210.25  209.59  208.93  208.26  207.60  206.94  206.27  205.61  204.95  204.29  203.63  202.97  202.31  201.65  200.99  200.33  200.00
   54.00  215.25  214.56  213.21  211.65  210.92  210.25  209.59  208.93  208.26  207.60  206.94  206.27  205.61  204.95  204.29  203.63  202.97  202.31  201.65  200.99  200.33  200.00
   55.00  215.27  214.58  213.24  211.66  210.92  210.25  209.59  208.93  208.26  207.60  206.94  206.27  205.61  204.95  204.29  203.63  202.97  202.31  201.65  200.99  200.33  200.00
   56.00  215.29  214.60  213.26  211.67  210.92  210.25  209.59  208.93  208.26  207.60  206.94  206.27  205.61  204.95  204.29  203.63  202.97  202.31  201.65  200.99  200.33  200.00
   57.00  215.31  214.63  213.29  211.69  210.92  210.25  209.59  208.93  208.26  207.60  206.94  206.27  205.61  204.95  204.29  203.63  202.97  202.31  201.65  200.99  200.33  200.00
   58.00  215.32  214.63  213.29  211.70  210.92  210.26  209.59  208.93  208.26  207.60  206.94  206.27  205.61  204.95  204.29  203.63  202.97  202.31  201.65  200.99  200.33  200.00
   59.00  215.31  214.63  213.29  211.72  210.92  210.26  209.59  208.93  208.26  207.60  206.94  206.28  205.61  204.95  204.29  203.63  202.97  202.31  201.65  200.99  200.33  200.00
   60.00  215.31  214.63  213.29  211.75  210.92  210.26  209.59  208.93  208.26  207.60  206.94  206.28  205.61  204.95  204.29  203.63  202.97  202.31  201.65  200.99  200.33  200.00
   61.00  215.32  214.63  213.30  211.77  210.92  210.26  209.59  208.93  208.26  207.60  206.94  206.27  205.61  204.95  204.29  203.63  202.97  202.31  201.65  200.99  200.33  200.00
   62.00  215.33  214.65  213.31  211.81  210.92  210.25  209.59  208.93  208.26  207.60  206.94  206.27  205.61  204.95  204.29  203.63  202.97  202.31  201.65  200.99  200.33  200.00
   63.00  215.35  214.67  213.34  211.85  210.92  210.25  209.59  208.92  208.26  207.60  206.94  206.27  205.61  204.95  204.29  203.63  202.97  202.31  201.65  200.99  200.33  200.00
   64.00  215.38  214.70  213.37  211.90  210.92  210.25  209.59  208.92  208.26  207.60  206.93  206.27  205.61  204.95  204.29  203.63  202.97  202.31  201.65  200.99  200.33  200.00
   65.00  215.42  214.74  213.41  211.95  210.92  210.25  209.59  208.92  208.26  207.60  206.93  206.27  205.61  204.95  204.29  203.63  202.97  202.31  201.65  200.99  200.33  200.00
   66.00  215.46  214.78  213.45  212.01  210.92  210.25  209.58  208.92  208.26  207.60  206.93  206.27  205.61  204.95  204.29  203.63  202.97  202.31  201.65  200.99  200.33  200.00
   67.00  215.52  214.84  213.51  212.08  210.92  210.25  209.58  208.92  208.26  207.59  206.93  206.27  205.61  204.95  204.29  203.63  202.97  202.31  201.65  200.99  200.33  200.00
   68.00  215.58  214.90  213.57  212.15  210.91  210.25  209.58  208.92  208.26  207.59  206.93  206.27  205.61  204.95  204.29  203.63  202.97  202.31  201.65  200.99  200.33  200.00
   69.00  215.60  214.93  213.60  212.19  210.92  210.25  209.59  208.92  208.26  207.60  206.93  206.27  205.61  204.95  204.29  203.63  202.97  202.31  201.65  200.99  200.33  200.00
   70.00  215.61  214.94  213.61  212.21  210.93  210.25  209.59  208.92  208.26  207.60  206.94  206.27  205.61  204.95  204.29  203.63  202.97  202.31  201.65  200.99  200.33  200.00
   71.00  215.62  214.95  213.62  212.23  210.93  210.25  209.59  208.93  208.26  207.60  206.94  206.27  205.61  204.95  204.29  203.63  202.97  202.31  201.65  200.99  200.33  200.00
   72.00  215.63  214.96  213.63  212.25  210.93  210.25  209.59  208.93  208.26  207.60  206.94  206.27  205.61  204.95  204.29  203.63  202.97  202.31  201.65  200.99  200.33  200.00
   73.00  215.66  214.99  213.67  212.29  210.93  210.25  209.59  208.92  208.26  207.60  206.94  206.27  205.61  204.95  204.29  203.63  202.97  202.31  201.65  200.99  200.33  200.00
   74.00  215.70  215.03  213.70  212.33  210.93  210.25  209.59  208.92  208.26  207.60  206.93  206.27  205.61  204.95  204.29  203.63  202.97  202.31  201.65  200.99  200.33  200.00
   75.00  215.74  215.07  213.74  212.38  210.94  210.25  209.59  208.92  208.26  207.60  206.93  206.27  205.61  204.95  204.29  203.63  202.97  202.31  201.65  200.99  200.33  200.00
   76.00  215.78  215.11  213.78  212.42  210.94  210.25  209.59  208.92  208.26  207.60  206.93  206.27  205.61  204.95  204.29  203.63  202.97  202.31  201.65  200.99  200.33  200.00
   77.00  215.81  215.14  213.82  212.46  210.95  210.25  209.59  208.92  208.26  207.60  206.93  206.27  205.61  204.95  204.29  203.63  202.97  202.31  201.65  200.99  200.33  200.00
   78.00  215.84  215.16  213.84  212.48  210.96  210.25  209.59  208.92  208.26  207.60  206.93  206.27  205.61  204.95  204.29  203.63  202.97  202.31  201.65  200.99  200.33  200.00
   79.00  215.86  215.19  213.86  212.50  210.97  210.25  209.59  208.92  208.26  207.60  206.94  206.27  205.61  204.95  204.29  203.63  202.97  202.31  201.65  200.99  200.33  200.00
   80.00  215.87  215.20  213.88  212.52  210.98  210.25  209.59  208.92  208.26  207.60  206.94  206.27  205.61  204.95  204.29  203.63  202.97  202.31  201.65  200.99  200.33  200.00
   81.00  215.89  215.22  213.90  212.54  210.98  210.25  209.59  208.92  208.26  207.60  206.94  206.27  205.61  204.95  204.29  203.63  202.97  202.31  201.65  200.99  200.33  200.00
   82.00  215.92  215.25  213.92  212.57  210.99  210.25  209.59  208.92  208.26  207.60  206.94  206.27  205.61  204.95  204.29  203.63  202.97  202.31  201.65  200.99  200.33  200.00
   83.00  215.94  215.27  213.94  212.59  211.01  210.25  209.59  208.92  208.26  207.60  206.94  206.27  205.61  204.95  204.29  203.63  202.97  202.31  201.65  200.99  200.33  200.00
   84.00  215.96  215.29  213.97  212.61  211.02  210.25  209.59  208.92  208.26  207.60  206.94  206.27  205.61  204.95  204.29  203.63  202.97  202.31  201.65  200.99  200.33  200.00
   85.00  215.98  215.31  213.99  212.64  211.03  210.25  209.59  208.92  208.26  207.60  206.94  206.27  205.61  204.95  204.29  203.63  202.97  202.31  201.65  200.99  200.33  200.00
   86.00  215.99  215.32  214.00  212.64  211.06  210.25  209.59  208.93  208.26  207.60  206.94  206.27  205.61  204.95  204.29  203.63  202.97  202.31  201.65  200.99  200.33  200.00
   87.00  215.99  215.32  214.00  212.65  211.08  210.26  209.59  208.93  208.26  207.60  206.94  206.27  205.61  204.95  204.29  203.63  202.97  202.31  201.65  200.99  200.33  200.00
   88.00  215.99  215.33  214.00  212.65  211.11  210.26  209.59  208.93  208.26  207.60  206.94  206.27  205.61  204.95  204.29  203.63  202.97  202.31  201.65  200.99  200.33  200.00
   89.00  216.01  215.34  214.02  212.67  211.14  210.25  209.59  208.92  208.26  207.60  206.94  206.27  205.61  204.95  204.29  203.63  202.97  202.31  201.65  200.99  200.33  200.00
   90.00  216.03  215.36  214.04  212.69  211.18  210.25  209.59  208.92  208.26  207.60  206.93  206.27  205.61  204.95  204.29  203.63  202.97  202.31  201.65  200.99  200.33  200.00
   91.00  216.06  215.39  214.07  212.72  211.22  210.25  209.59  208.92  208.26  207.60  206.93  206.27  205.61  204.95  204.29  203.63  202.97  202.31  201.65  200.99  200.33  200.00
   92.00  216.09  215.42  214.10  212.76  211.27  210.25  209.58  208.92  208.26  207.59  206.93  206.27  205.61  204.95  204.29  203.63  202.97  202.31  201.65  200.99  200.33  200.00
   93.00  216.14  215.47  214.15  212.80  211.33  210.25  209.58  208.92  208.26  207.59  206.93  206.27  205.61  204.95  204.29  203.63  202.97  202.31  201.65  200.99  200.33  200.00
   94.00  216.19  215.52  214.20  212.86  211.39  210.25  209.58  208.92  208.25  207.59  206.93  206.27  205.61  204.95  204.29  203.62  202.96  202.31  201.65  200.99  200.33  200.00
   95.00  216.25  215.58  214.26  212.92  211.47  210.25  209.58  208.92  208.25  207.59  206.93  206.27  205.61  204.94  204.28  203.62  202.96  202.30  201.65  200.99  200.33  200.00
   96.00  216.28  215.61  214.29  212.95  211.51  210.25  209.58  208.92  208.26  207.59  206.93  206.27  205.61  204.95  204.29  203.63  202.97  202.31  201.65  200.99  200.33  200.00
   97.00  216.29  215.63  214.31  212.97  211.53  210.26  209.59  208.92  208.26  207.60  206.93  206.27  205.61  204.95  204.29  203.63  202.97  202.31  201.65  200.99  200.33  200.00
   98.00  216.30  215.64  214.32  212.98  211.55  210.26  209.59  208.92  208.26  207.60  206.94  206.27  205.61  204.95  204.29  203.63  202.97  202.31  201.65  200.99  200.33  200.00
   99.00  216.31  215.65  214.33  212.99  211.57  210.27  209.59  208.93  208.26  207.60  206.94  206.27  205.61  204.95  204.29  203.63  202.97  202.31  201.65  200.99  200.33  200.00
  100.00  216.34  215.67  214.35  213.01  211.61  210.27  209.59  208.92  208.26  207.60  206.93  206.27  205.61  204.95  204.29  203.63  202.97  202.31  201.65  200.99  200.33  200.00
  101.00  216.37  215.71  214.39  213.05  211.65  210.27  209.58  208.92  208.26  207.60  206.93  206.27  205.61  204.95  204.29  203.63  202.97  202.31  201.65  200.99  200.33  200.00
  102.00  216.41  215.74  214.42  213.08  211.69  210.27  209.58  208.92  208.26  207.59  206.93  206.27  205.61  204.95  204.29  203.63  202.97  202.31  201.65  200.99  200.33  200.00
  103.00  216.44  215.77  214.45  213.12  211.73  210.28  209.58  208.92  208.26  207.59  206.93  206.27  205.61  204.95  204.29  203.63  202.97  202.31  201.65  200.99  200.33  200.00
  104.00  216.47  215.81  214.49  213.15  211.77  210.28  209.58  208.92  208.26  207.59  206.93  206.27  205.61  204.95  204.29  203.63  202.97  202.31  201.65  200.99  200.33  200.00
  105.00  216.49  215.83  214.51  213.17  211.80  210.29  209.59  208.92  208.26  207.60  206.93  206.27  205.61  204.95  204.29  203.63  202.97  202.31  201.65  200.99  200.33  200.00
  106.00  216.51  215.85  214.53  213.19  211.82  210.30  209.59  208.92  208.26  207.60  206.93  206.27  205.61  204.95  204.29  203.63  202.97  202.31  201.65  200.99  200.33  200.00
  107.00  216.53  215.86  214.54  213.21  211.84  210.31  209.59  208.92  208.26  207.60  206.93  206.27  205.61  204.95  204.29  203.63  202.97  202.31  201.65  200.99  200.33  200.00
  108.00  216.55  215.88  214.56  213.23  211.86  210.31  209.59  208.92  208.26  207.60  206.93  206.27  205.61  204.95  204.29  203.63  202.97  202.31  201.65  200.99  200.33  200.00
  109.00  216.57  215.90  214.58  213.25  211.89  210.32  209.59  208.92  208.26  207.60  206.93  206.27  205.61  204.95  204.29  203.63  202.97  202.31  201.65  200.99  200.33  200.00
  110.00  216.59  215.92  214.60  213.27  211.91  210.34  209.59  208.92  208.26  207.60  206.93  206.27  205.61  204.95  204.29  203.63  202.97  202.31  201.65  200.99  200.33  200.00
  111.00  216.61  215.94  214.62  213.29  211.93  210.35  209.59  208.92  208.26  207.60  206.93  206.27  205.61  204.95  204.29  203.63  202.97  202.31  201.65  200.99  200.33  200.00
  112.00  216.63  215.96  214.65  213.31  211.95  210.36  209.59  208.92  208.26  207.60  206.93  206.27  205.61  204.95  204.29  203.63  202.97  202.31  201.65  200.99  200.33  200.00
  113.00  216.65  215.99  214.67  213.34  211.98  210.38  209.59  208.92  208.26  207.60  206.93  206.27  205.61  204.95  204.29  203.63  202.97  202.31  201.65  200.99  200.33  200.00
  114.00  216.66  216.00  214.68  213.35  211.99  210.40  209.59  208.92  208.26  207.60  206.93  206.27  205.61  204.95  204.29  203.63  202.97  202.31  201.65  200.99  200.33  200.00
  115.00  216.67  216.00  214.68  213.35  212.00  210.43  209.59  208.92  208.26  207.60  206.94  206.27  205.61  204.95  204.29  203.63  202.97  202.31  201.65  200.99  200.33  200.00
  116.00  216.67  216.01  214.69  213.36  212.01  210.46  209.59  208.92  208.26  207.60  206.94  206.27  205.61  204.95  204.29  203.63  202.97  202.31  201.65  200.99  200.33  200.00
  117.00  216.69  216.03  214.71  213.38  212.03  210.49  209.59  208.92  208.26  207.60  206.93  206.27  205.61  204.95  204.29  203.63  202.97  202.31  201.65  200.99  200.33  200.00
  118.00  216.72  216.05  214.73  213.41  212.05  210.54  209.59  208.92  208.26  207.59  206.93  206.27  205.61  204.95  204.29  203.63  202.97  202.31  201.65  200.99  200.33  200.00
  119.00  216.75  216.08  214.77  213.44  212.09  210.58  209.58  208.92  208.26  207.59  206.93  206.27  205.61  204.95  204.29  203.63  202.97  202.31  201.65  200.99  200.33  200.00
  120.00  216.78  216.12  214.80  213.48  212.13  210.63  209.58  208.92  208.25  207.59  206.93  206.27  205.61  204.95  204.29  203.62  202.97  202.31  201.65  200.99  200.33  200.00
  121.00  216.83  216.17  214.85  213.52  212.17  210.69  209.58  208.92  208.25  207.59  206.93  206.27  205.61  204.94  204.28  203.62  202.96  202.30  201.65  200.99  200.33  200.00
  122.00  216.88  216.22  214.90  213.58  212.23  210.76  209.58  208.91  208.25  207.59  206.93  206.27  205.60  204.94  204.28  203.62  202.96  202.30  201.65  200.99  200.33  200.00
  123.00  216.94  216.28  214.96  213.64  212.29  210.83  209.58  208.91  208.25  207.59  206.93  206.26  205.60  204.94  204.28  203.62  202.96  202.30  201.65  200.99  200.33  200.00
  124.00  216.96  216.30  214.98  213.65  212.31  210.86  209.59  208.92  208.26  207.59  206.93  206.27  205.61  204.95  204.29  203.63  202.97  202.31  201.65  200.99  200.33  200.00
  125.00  216.97  216.31  214.99  213.67  212.32  210.88  209.59  208.92  208.26  207.60  206.93  206.27  205.61  204.95  204.29  203.63  202.97  202.31  201.65  200.99  200.33  200.00
  126.00  216.98  216.32  215.00  213.67  212.33  210.90  209.60  208.92  208.26  207.60  206.93  206.27  205.61  204.95  204.29  203.63  202.97  202.31  201.65  200.99  200.33  200.00
  127.00  216.99  216.33  215.01  213.69  212.34  210.92  209.60  208.92  208.26  207.60  206.93  206.27  205.61  204.95  204.29  203.63  202.97  202.31  201.65  200.99  200.33  200.00
  128.00  217.02  216.36  215.04  213.72  212.37  210.96  209.60  208.92  208.26  207.59  206.93  206.27  205.61  204.95  204.29  203.63  202.97  202.31  201.65  200.99  200.33  200.00
  129.00  217.06  216.39  215.08  213.75  212.41  211.00  209.60  208.92  208.26  207.59  206.93  206.27  205.61  204.95  204.29  203.63  202.97  202.31  201.65  200.99  200.33  200.00
  130.00  217.09  216.43  215.11  213.79  212.44  211.04  209.61  208.92  208.26  207.59  206.93  206.27  205.61  204.95  204.29  203.63  202.97  202.31  201.65  200.99  200.33  200.00
  131.00  217.12  216.46  215.14  213.82  212.48  211.08  209.61  208.92  208.26  207.59  206.93  206.27  205.61  204.95  204.29  203.63  202.97  202.31  201.65  200.99  200.33  200.00
  132.00  217.15  216.49  215.17  213.85  212.51  211.12  209.62  208.92  208.26  207.59  206.93  206.27  205.61  204.95  204.29  203.63  202.97  202.31  201.65  200.99  200.33  200.00
  133.00  217.17  216.51  215.19  213.87  212.53  211.14  209.63  208.92  208.26  207.59  206.93  206.27  205.61  204.95  204.29  203.63  202.97  202.31  201.65  200.99  200.33  200.00
  134.00  217.19  216.53  215.21  213.88  212.54  211.16  209.64  208.92  208.26  207.60  206.93  206.27  205.61  204.95  204.29  203.63  202.97  202.31  201.65  200.99  200.33  200.00
  135.00  217.20  216.54  215.22  213.90  212.56  211.18  209.64  208.92  208.26  207.60  206.93  206.27  205.61  204.95  204.29  203.63  202.97  202.31  201.65  200.99  200.33  200.00
  136.00  217.22  216.55  215.24  213.91  212.57  211.20  209.65  208.92  208.26  207.60  206.93  206.27  205.61  204.95  204.29  203.63  202.97  202.31  201.65  200.99  200.33  200.00
  137.00  217.23  216.57  215.26  213.93  212.59  211.23  209.66  208.92  208.26  207.60  206.93  206.27  205.61  204.95  204.29  203.63  202.97  202.31  201.65  200.99  200.33  200.00
  138.00  217.25  216.59  215.28  213.95  212.61  211.25  209.67  208.92  208.26  207.60  206.93  206.27  205.61  204.95  204.29  203.63  202.97  202.31  201.65  200.99  200.33  200.00
  139.00  217.27  216.61  215.30  213.97  212.63  211.27  209.69  208.92  208.26  207.60  206.93  206.27  205.61  204.95  204.29  203.63  202.97  202.31  201.65  200.99  200.33  200.00
  140.00  217.29  216.63  215.32  213.99  212.66  211.29  209.70  208.92  208.26  207.60  206.93  206.27  205.61  204.95  204.29  203.63  202.97  202.31  201.65  200.99  200.33  200.00
  141.00  217.32  216.66  215.34  214.02  212.68  211.32  209.72  208.92  208.26  207.59  206.93  206.27  205.61  204.95  204.29  203.63  202.97  202.31  201.65  200.99  200.33  200.00
  142.00  217.33  216.67  215.35  214.03  212.69  211.33  209.75  208.92  208.26  207.60  206.93  206.27  205.61  204.95  204.29  203.63  202.97  202.31  201.65  200.99  200.33  200.00
  143.00  217.34  216.68  215.36  214.04  212.70  211.34  209.77  208.92  208.26  207.60  206.93  206.27  205.61  204.95  204.29  203.63  202.97  202.31  201.65  200.99  200.33  200.00
  144.00  217.35  216.69  215.37  214.05  212.71  211.35  209.80  208.92  208.26  207.60  206.93  206.27  205.61  204.95  204.29  203.63  202.97  202.31  201.65  200.99  200.33  200.00
  145.00  217.37  216.71  215.39  214.07  212.73  211.38  209.84  208.92  208.26  207.59  206.93  206.27  205.61  204.95  204.29  203.63  202.97  202.31  201.65  200.99  200.33  200.00
  146.00  217.39  216.73  215.42  214.10  212.76  211.40  209.88  208.92  208.26  207.59  206.93  206.27  205.61  204.95  204.29  203.63  202.97  202.31  201.65  200.99  200.33  200.00
  147.00  217.43  216.77  215.45  214.13  212.79  211.44  209.93  208.92  208.25  207.59  206.93  206.27  205.61  204.95  204.28  203.62  202.96  202.31  201.65  200.99  200.33  200.00
  148.00  217.47  216.80  215.49  214.17  212.83  211.48  209.98  208.92  208.25  207.59  206.93  206.27  205.60  204.94  204.28  203.62  202.96  202.30  201.65  200.99  200.33  200.00
  149.00  217.51  216.85  215.54  214.21  212.88  211.53  210.04  208.92  208.25  207.59  206.93  206.26  205.60  204.94  204.28  203.62  202.96  202.30  201.65  200.99  200.33  200.00
  150.00  217.57  216.91  215.59  214.27  212.94  211.58  210.11  208.91  208.25  207.59  206.92  206.26  205.60  204.94  204.28  203.62  202.96  202.30  201.64  200.99  200.33  200.00
  151.00  217.61  216.95  215.64  214.32  212.99  211.63  210.17  208.92  208.25  207.59  206.92  206.26  205.60  204.94  204.28  203.62  202.96  202.30  201.65  200.99  200.33  200.00
  152.00  217.63  216.97  215.66  214.33  213.00  211.65  210.19  208.93  208.26  207.59  206.93  206.27  205.61  204.95  204.29  203.62  202.96  202.31  201.65  200.99  200.33  200.00
  153.00  217.64  216.98  215.67  214.35  213.01  211.66  210.22  208.93  208.26  207.60  206.93  206.27  205.61  204.95  204.29  203.63  202.97  202.31  201.65  200.99  200.33  200.00
  154.00  217.65  216.99  215.68  214.36  213.02  211.67  210.23  208.93  208.26  207.60  206.93  206.27  205.61  204.95  204.29  203.63  202.97  202.31  201.65  200.99  200.33  200.00
  155.00  217.67  217.01  215.70  214.37  213.04  211.69  210.26  208.94  208.26  207.60  206.93  206.27  205.61  204.95  204.29  203.63  202.97  202.31  201.65  200.99  200.33  200.00
  156.00  217.70  217.04  215.72  214.40  213.07  211.72  210.30  208.94  208.26  207.59  206.93  206.27  205.61  204.95  204.29  203.63  202.97  202.31  201.65  200.99  200.33  200.00
  157.00  217.73  217.07  215.76  214.43  213.11  211.76  210.34  208.94  208.25  207.59  206.93  206.27  205.61  204.95  204.28  203.62  202.96  202.31  201.65  200.99  200.33  200.00
  158.00  217.76  217.10  215.79  214.47  213.14  211.79  210.38  208.94  208.25  207.59  206.93  206.27  205.61  204.95  204.28  203.62  202.96  202.31  201.65  200.99  200.33  200.00
  159.00  217.80  217.14  215.82  214.50  213.17  211.82  210.42  208.95  208.25  207.59  206.93  206.27  205.61  204.94  204.28  203.62  202.96  202.31  201.65  200.99  200.33  200.00
  160.00  217.83  217.17  215.85  214.53  213.20  211.85  210.46  208.95  208.25  207.59  206.93  206.27  205.61  204.95  204.28  203.62  202.96  202.31  201.65  200.99  200.33  200.00
  161.00  217.84  217.18  215.87  214.55  213.22  211.87  210.48  208.96  208.26  207.59  206.93  206.27  205.61  204.95  204.29  203.63  202.97  202.31  201.65  200.99  200.33  200.00
  162.00  217.86  217.20  215.88  214.56  213.23  211.89  210.50  208.97  208.26  207.59  206.93  206.27  205.61  204.95  204.29  203.63  202.97  202.31  201.65  200.99  200.33  200.00
  163.00  217.87  217.21  215.90  214.58  213.25  211.90  210.52  208.98  208.26  207.60  206.93  206.27  205.61  204.95  204.29  203.63  202.97  202.31  201.65  200.99  200.33  200.00
  164.00  217.89  217.23  215.91  214.59  213.27  211.92  210.54  208.99  208.26  207.60  206.93  206.27  205.61  204.95  204.29  203.63  202.97  202.31  201.65  200.99  200.33  200.00
  165.00  217.90  217.24  215.93  214.61  213.28  211.94  210.56  209.00  208.26  207.60  206.93  206.27  205.61  204.95  204.29  203.63  202.97  202.31  201.65  200.99  200.33  200.00
  166.00  217.92  217.26  215.95  214.63  213.30  211.96  210.58  209.01  208.26  207.59  206.93  206.27  205.61  204.95  204.29  203.63  202.97  202.31  201.65  200.99  200.33  200.00
  167.00  217.94  217.28  215.96  214.64  213.32  211.97  210.61  209.03  208.26  207.59  206.93  206.27  205.61  204.95  204.29  203.63  202.97  202.31  201.65  200.99  200.33  200.00
  168.00  217.96  217.30  215.98  214.66  213.34  212.00  210.63  209.04  208.26  207.59  206.93  206.27  205.61  204.95  204.29  203.63  202.97  202.31  201.65  200.99  200.33  200.00
  169.00  217.98  217.32  216.01  214.69  213.36  212.02  210.66  209.06  208.26  207.59  206.93  206.27  205.61  204.95  204.29  203.63  202.97  202.31  201.65  200.99  200.33  200.00
  170.00  218.00  217.34  216.02  214.70  213.38  212.04  210.67  209.09  208.26  207.59  206.93  206.27  205.61  204.95  204.29  203.63  202.97  202.31  201.65  200.99  200.33  200.00
  171.00  218.01  217.35  216.03  214.71  213.39  212.04  210.68  209.11  208.26  207.60  206.93  206.27  205.61  204.95  204.29  203.63  202.97  202.31  201.65  200.99  200.33  200.00
  172.00  218.02  217.36  216.04  214.72  213.40  212.06  210.70  209.14  208.26  207.60  206.93  206.27  205.61  204.95  204.29  203.63  202.97  202.31  201.65  200.99  200.33  200.00
  173.00  218.04  217.38  216.06  214.74  213.42  212.08  210.72  209.18  208.26  207.59  206.93  206.27  205.61  204.95  204.29  203.63  202.97  202.31  201.65  200.99  200.33  200.00
  174.00  218.06  217.40  216.09  214.77  213.45  212.11  210.75  209.22  208.26  207.59  206.93  206.27  205.61  204.95  204.28  203.62  202.96  202.31  201.65  200.99  200.33  200.00
  175.00  218.10  217.44  216.12  214.80  213.48  212.14  210.78  209.27  208.25  207.59  206.93  206.27  205.60  204.94  204.28  203.62  202.96  202.30  201.65  200.99  200.33  200.00
  176.00  218.14  217.48  216.16  214.84  213.52  212.18  210.82  209.33  208.25  207.59  206.93  206.26  205.60  204.94  204.28  203.62  202.96  202.30  201.65  200.99  200.33  200.00
  177.00  218.18  217.52  216.21  214.89  213.57  212.23  210.87  209.39  208.25  207.58  206.92  206.26  205.60  204.94  204.28  203.62  202.96  202.30  201.64  200.99  200.33  200.00
  178.00  218.24  217.58  216.26  214.95  213.62  212.29  210.93  209.46  208.25  207.58  206.92  206.26  205.60  204.94  204.28  203.62  202.96  202.30  201.64  200.99  200.33  200.00
  179.00  218.28  217.62  216.31  214.99  213.66  212.33  210.97  209.51  208.25  207.59  206.92  206.26  205.60  204.94  204.28  203.62  202.96  202.30  201.64  200.99  200.33  200.00
  180.00  218.30  217.64  216.33  215.01  213.68  212.35  210.99  209.53  208.26  207.59  206.93  206.27  205.61  204.95  204.28  203.62  202.96  202.31  201.65  200.99  200.33  200.00
  181.00  218.31  217.65  216.34  215.02  213.69  212.36  211.00  209.55  208.27  207.59  206.93  206.27  205.61  204.95  204.29  203.63  202.97  202.31  201.65  200.99  200.33  200.00
  182.00  218.32  217.66  216.35  215.03  213.70  212.37  211.01  209.57  208.27  207.60  206.93  206.27  205.61  204.95  204.29  203.63  202.97  202.31  201.65  200.99  200.33  200.00
  183.00  218.34  217.68  216.37  215.05  213.72  212.39  211.04  209.60  208.27  207.59  206.93  206.27  205.61  204.95  204.29  203.63  202.97  202.31  201.65  200.99  200.33  200.00
  184.00  218.37  217.71  216.39  215.08  213.75  212.42  211.07  209.64  208.27  207.59  206.93  206.27  205.61  204.95  204.28  203.62  202.96  202.31  201.65  200.99  200.33  200.00
  185.00  218.40  217.74  216.43  215.11  213.78  212.45  211.10  209.68  208.27  207.59  206.93  206.27  205.61  204.94  204.28  203.62  202.96  202.30  201.65  200.99  200.33  200.00
  186.00  218.43  217.77  216.46  215.14  213.82  212.48  211.13  209.72  208.28  207.59  206.93  206.27  205.60  204.94  204.28  203.62  202.96  202.30  201.65  200.99  200.33  200.00
  187.00  218.46  217.81  216.49  215.17  213.85  212.52  211.17  209.76  208.28  207.59  206.93  206.27  205.60  204.94  204.28  203.62  202.96  202.30  201.65  200.99  200.33  200.00
  188.00  218.49  217.83  216.52  215.20  213.88  212.55  211.20  209.79  208.29  207.59  206.93  206.27  205.61  204.94  204.28  203.62  202.96  202.30  201.65  200.99  200.33  200.00
  189.00  218.51  217.85  216.54  215.22  213.90  212.56  211.21  209.81  208.30  207.59  206.93  206.27  205.61  204.95  204.29  203.62  202.96  202.31  201.65  200.99  200.33  200.00
  190.00  218.53  217.87  216.55  215.24  213.91  212.58  211.23  209.84  208.31  207.59  206.93  206.27  205.61  204.95  204.29  203.63  202.97  202.31  201.65  200.99  200.33  200.00
  191.00  218.54  217.88  216.57  215.25  213.93  212.59  211.25  209.86  208.32  207.59  206.93  206.27  205.61  204.95  204.29  203.63  202.97  202.31  201.65  200.99  200.33  200.00
  192.00  218.56  217.90  216.58  215.26  213.94  212.61  211.26  209.88  208.33  207.59  206.93  206.27  205.61  204.95  204.29  203.63  202.97  202.31  201.65  200.99  200.33  200.00
  193.00  218.57  217.91  216.60  215.28  213.96  212.63  211.28  209.90  208.34  207.59  206.93  206.27  205.61  204.95  204.29  203.63  202.97  202.31  201.65  200.99  200.33  200.00
  194.00  218.59  217.93  216.62  215.30  213.97  212.64  211.30  209.92  208.35  207.59  206.93  206.27  205.61  204.95  204.29  203.63  202.97  202.31  201.65  200.99  200.33  200.00
  195.00  218.61  217.95  216.63  215.31  213.99  212.66  211.31  209.94  208.36  207.59  206.93  206.27  205.61  204.95  204.29  203.63  202.97  202.31  201.65  200.99  200.33  200.00
  196.00  218.62  217.97  216.65  215.33  214.01  212.68  211.33  209.97  208.38  207.59  206.93  206.27  205.61  204.95  204.29  203.63  202.97  202.31  201.65  200.99  200.33  200.00
  197.00  218.65  217.99  216.67  215.36  214.03  212.70  211.36  209.99  208.40  207.59  206.93  206.27  205.61  204.95  204.28  203.62  202.96  202.31  201.65  200.99  200.33  200.00
  198.00  218.66  218.00  216.69  215.37  214.05  212.72  211.38  210.01  208.42  207.59  206.93  206.27  205.61  204.95  204.29  203.63  202.97  202.31  201.65  200.99  200.33  200.00
  199.00  218.67  218.01  216.70  215.38  214.06  212.73  211.38  210.02  208.45  207.60  206.93  206.27  205.61  204.95  204.29  203.63  202.97  202.31  201.65  200.99  200.33  200.00
  200.00  218.68  218.03  216.71  215.39  214.07  212.74  211.40  210.04  208.48  207.60  206.93  206.27  205.61  204.95  204.29  203.63  202.97  202.31  201.65  200.99  200.33  200.00
  201.00  218.70  218.05  216.73  215.41  214.09  212.76  211.42  210.06  208.52  207.59  206.93  206.27  205.61  204.95  204.28  203.62  202.96  202.31  201.65  200.99  200.33  200.00
  202.00  218.73  218.07  216.76  215.44  214.12  212.79  211.45  210.09  208.56  207.59  206.93  206.27  205.61  204.94  204.28  203.62  202.96  202.30  201.65  200.99  200.33  200.00
  203.00  218.76  218.10  216.79  215.47  214.15  212.82  211.48  210.12  208.61  207.59  206.93  206.26  205.60  204.94  204.28  203.62  202.96  202.30  201.65  200.99  200.33  200.00
  204.00  218.80  218.14  216.83  215.51  214.19  212.86  211.52  210.16  208.66  207.59  206.92  206.26  205.60  204.94  204.28  203.62  202.96  202.30  201.64  200.99  200.33  200.00
  205.00  218.85  218.19  216.88  215.56  214.24  212.91  211.57  210.21  208.72  207.59  206.92  206.26  205.60  204.94  204.28  203.62  202.96  202.30  201.64  200.99  200.33  200.00
  206.00  218.90  218.24  216.93  215.61  214.29  212.97  211.63  210.27  208.79  207.58  206.92  206.26  205.60  204.94  204.28  203.62  202.96  202.30  201.64  200.99  200.33  200.00
  207.00  218.94  218.29  216.97  215.66  214.33  213.01  211.67  210.31  208.84  207.59  206.92  206.26  205.60  204.94  204.28  203.62  202.96  202.30  201.64  200.99  200.33  200.00
  208.00  218.96  218.31  216.99  215.68  214.35  213.03  211.69  210.33  208.87  207.60  206.93  206.27  205.61  204.94  204.28  203.62  202.96  202.30  201.65  200.99  200.33  200.00
  209.00  218.98  218.32  217.00  215.69  214.37  213.04  211.70  210.34  208.89  207.60  206.93  206.27  205.61  204.95  204.29  203.63  202.97  202.31  201.65  200.99  200.33  200.00
  210.00  218.99  218.33  217.01  215.70  214.38  213.05  211.71  210.35  208.91  207.61  206.93  206.27  205.61  204.95  204.29  203.63  202.97  202.31  201.65  200.99  200.33  200.00
  211.00  219.01  218.35  217.03  215.72  214.39  213.07  211.73  210.37  208.93  207.61  206.93  206.27  205.61  204.95  204.29  203.63  202.97  202.31  201.65  200.99  200.33  200.00
  212.00  219.03  218.37  217.06  215.74  214.42  213.10  211.76  210.40  208.97  207.61  206.93  206.27  205.61  204.94  204.28  203.62  202.96  202.30  201.65  200.99  200.33  200.00
  213.00  219.06  218.41  217.09  215.77  214.45  213.13  211.79  210.44  209.01  207.61  206.93  206.26  205.60  204.94  204.28  203.62  202.96  202.30  201.65  200.99  200.33  200.00
  214.00  219.10  218.44  217.12  215.81  214.48  213.16  211.82  210.47  209.05  207.61  206.93  206.26  205.60  204.94  204.28  203.62  202.96  202.30  201.65  200.99  200.33  200.00
  215.00  219.13  218.47  217.15  215.84  214.52  213.19  211.86  210.50  209.09  207.62  206.93  206.26  205.60  204.94  204.28  203.62  202.96  202.30  201.65  200.99  200.33  200.00
  216.00  219.16  218.50  217.18  215.87  214.55  213.22  211.89  210.53  209.13  207.63  206.93  206.26  205.60  204.94  204.28  203.62  202.96  202.30  201.65  200.99  200.33  200.00
  217.00  219.18  218.52  217.20  215.89  214.57  213.24  211.90  210.55  209.15  207.64  206.93  206.27  205.61  204.94  204.28  203.62  202.96  202.31  201.65  200.99  200.33  200.00
  218.00  219.19  218.53  217.22  215.90  214.58  213.26  211.92  210.57  209.17  207.65  206.93  206.27  205.61  204.95  204.29  203.62  202.97  202.31  201.65  200.99  200.33  200.00
  219.00  219.21  218.55  217.23  215.92  214.60  213.27  211.94  210.59  209.19  207.65  206.93  206.27  205.61  204.95  204.29  203.63  202.97  202.31  201.65  200.99  200.33  200.00
  220.00  219.22  218.56  217.25  215.93  214.61  213.29  211.95  210.60  209.21  207.66  206.93  206.27  205.61  204.95  204.29  203.63  202.97  202.31  201.65  200.99  200.33  200.00
  221.00  219.24  218.58  217.26  215.95  214.63  213.30  211.97  210.62  209.23  207.67  206.93  206.27  205.61  204.95  204.29  203.63  202.97  202.31  201.65  200.99  200.33  200.00
  222.00  219.25  218.59  217.28  215.96  214.64  213.32  211.98  210.64  209.25  207.69  206.93  206.27  205.61  204.95  204.29  203.63  202.97  202.31  201.65  200.99  200.33  200.00
  223.00  219.27  218.61  217.30  215.98  214.66  213.34  212.00  210.65  209.28  207.70  206.93  206.27  205.61  204.95  204.29  203.62  202.97  202.31  201.65  200.99  200.33  200.00
  224.00  219.29  218.63  217.32  216.00  214.68  213.35  212.02  210.67  209.30  207.71  206.93  206.27  205.61  204.95  204.28  203.62  202.96  202.31  201.65  200.99  200.33  200.00
  225.00  219.31  218.65  217.34  216.02  214.70  213.38  212.04  210.70  209.33  207.73  206.93  206.27  205.61  204.94  204.28  203.62  202.96  202.30  201.65  200.99  200.33  200.00
  226.00  219.33  218.67  217.36  216.04  214.72  213.39  212.06  210.72  209.35  207.76  206.93  206.27  205.61  204.95  204.28  203.62  202.96  202.31  201.65  200.99  200.33  200.00
  227.00  219.34  218.68  217.36  216.05  214.73  213.40  212.07  210.72  209.36  207.78  206.93  206.27  205.61  204.95  204.29  203.63  202.97  202.31  201.65  200.99  200.33  200.00
  228.00  219.35  218.69  217.38  216.06  214.74  213.42  212.08  210.74  209.37  207.82  206.93  206.27  205.61  204.95  204.29  203.63  202.97  202.31  201.65  200.99  200.33  200.00
  229.00  219.37  218.71  217.40  216.08  214.76  213.44  212.10  210.76  209.40  207.85  206.93  206.27  205.61  204.94  204.28  203.62  202.96  202.31  201.65  200.99  200.33  200.00
  230.00  219.39  218.73  217.42  216.10  214.78  213.46  212.13  210.79  209.42  207.90  206.93  206.27  205.60  204.94  204.28  203.62  202.96  202.30  201.65  200.99  200.33  200.00
  231.00  219.42  218.77  217.45  216.14  214.82  213.49  212.16  210.82  209.46  207.94  206.93  206.26  205.60  204.94  204.28  203.62  202.96  202.30  201.64  200.99  200.33  200.00
  232.00  219.46  218.80  217.49  216.17  214.85  213.53  212.20  210.86  209.50  208.00  206.93  206.26  205.60  204.94  204.28  203.62  202.96  202.30  201.64  200.99  200.33  200.00
  233.00  219.51  218.85  217.54  216.22  214.90  213.58  212.25  210.91  209.55  208.06  206.92  206.26  205.60  204.94  204.28  203.62  202.96  202.30  201.64  200.99  200.33  200.00
  234.00  219.56  218.90  217.59  216.27  214.95  213.63  212.30  210.96  209.60  208.12  206.92  206.26  205.60  204.94  204.28  203.62  202.96  202.30  201.64  200.99  200.33  200.00
  235.00  219.61  218.95  217.63  216.32  215.00  213.68  212.35  211.01  209.65  208.18  206.92  206.26  205.60  204.94  204.28  203.62  202.96  202.30  201.64  200.99  200.33  200.00
  236.00  219.63  218.97  217.66  216.34  215.02  213.70  212.37  211.03  209.67  208.20  206.93  206.27  205.60  204.94  204.28  203.62  202.96  202.30  201.65  200.99  200.33  200.00
  237.00  219.64  218.98  217.67  216.35  215.03  213.71  212.38  211.04  209.68  208.22  206.94  206.27  205.61  204.95  204.29  203.62  202.96  202.31  201.65  200.99  200.33  200.00
  238.00  219.65  218.99  217.68  216.36  215.04  213.72  212.39  211.05  209.69  208.24  206.94  206.27  205.61  204.95  204.29  203.63  202.97  202.31  201.65  200.99  200.33  200.00
  239.00  219.67  219.01  217.70  216.38  215.06  213.74  212.41  211.07  209.71  208.27  206.94  206.27  205.61  204.95  204.29  203.62  202.96  202.31  201.65  200.99  200.33  200.00
  240.00  219.69  219.04  217.72  216.41  215.09  213.76  212.44  211.10  209.74  208.30  206.94  206.26  205.60  204.94  204.28  203.62  202.96  202.30  201.65  200.99  200.33  200.00
  241.00  219.72  219.07  217.75  216.44  215.12  213.79  212.47  211.13  209.77  208.34  206.95  206.26  205.60  204.94  204.28  203.62  202.96  202.30  201.65  200.99  200.33  200.00
  242.00  219.76  219.10  217.78  216.47  215.15  213.83  212.50  211.16  209.81  208.38  206.95  206.26  205.60  204.94  204.28  203.62  202.96  202.30  201.64  200.99  200.33  200.00
  243.00  219.79  219.13  217.82  216.50  215.18  213.86  212.53  211.19  209.84  208.42  206.96  206.26  205.60  204.94  204.28  203.62  202.96  202.30  201.64  200.99  200.33  200.00
  244.00  219.82  219.16  217.85  216.53  215.21  213.89  212.56  211.22  209.87  208.46  206.96  206.26  205.60  204.94  204.28  203.62  202.96  202.30  201.64  200.99  200.33  200.00
  245.00  219.84  219.18  217.87  216.55  215.23  213.91  212.58  211.24  209.89  208.48  206.97  206.27  205.60  204.94  204.28  203.62  202.96  202.30  201.65  200.99  200.33  200.00
  246.00  219.85  219.20  217.88  216.57  215.25  213.92  212.60  211.26  209.91  208.50  206.98  206.27  205.61  204.95  204.28  203.62  202.96  202.31  201.65  200.99  200.33  200.00
  247.00  219.87  219.21  217.90  216.58  215.26  213.94  212.61  211.28  209.92  208.52  206.99  206.27  205.61  204.95  204.29  203.62  202.96  202.31  201.65  200.99  200.33  200.00
  248.00  219.88  219.23  217.91  216.60  215.28  213.95  212.63  211.29  209.94  208.54  207.00  206.27  205.61  204.95  204.29  203.62  202.96  202.31  201.65  200.99  200.33  200.00
  249.00  219.90  219.24  217.93  216.61  215.29  213.97  212.64  211.31  209.96  208.57  207.01  206.27  205.61  204.95  204.28  203.62  202.96  202.31  201.65  200.99  200.33  200.00
  250.00  219.92  219.26  217.94  216.63  215.31  213.99  212.66  211.32  209.97  208.59  207.02  206.27  205.61  204.95  204.28  203.62  202.96  202.31  201.65  200.99  200.33  200.00
  251.00  219.93  219.27  217.96  216.64  215.33  214.00  212.68  211.34  209.99  208.61  207.03  206.27  205.61  204.95  204.28  203.62  202.96  202.31  201.65  200.99  200.33  200.00
  252.00  219.95  219.29  217.98  216.66  215.34  214.02  212.70  211.36  210.01  208.63  207.05  206.27  205.61  204.94  204.28  203.62  202.96  202.30  201.65  200.99  200.33  200.00
  253.00  219.97  219.31  218.00  216.68  215.37  214.04  212.72  211.38  210.03  208.66  207.07  206.27  205.60  204.94  204.28  203.62  202.96  202.30  201.65  200.99  200.33  200.00
  254.00  219.99  219.34  218.02  216.71  215.39  214.07  212.74  211.40  210.06  208.69  207.09  206.27  205.60  204.94  204.28  203.62  202.96  202.30  201.65  200.99  200.33  200.00
  255.00  220.00  219.35  218.03  216.72  215.40  214.07  212.75  211.41  210.07  208.70  207.12  206.27  205.61  204.95  204.29  203.62  202.97  202.31  201.65  200.99  200.33  200.00
  256.00  220.01  219.36  218.04  216.73  215.41  214.08  212.76  211.42  210.08  208.71  207.15  206.27  205.61  204.95  204.29  203.63  202.97  202.31  201.65  200.99  200.33  200.00
  257.00  220.03  219.37  218.06  216.74  215.42  214.10  212.78  211.44  210.10  208.73  207.19  206.27  205.61  204.94  204.28  203.62  202.96  202.30  201.65  200.99  200.33  200.00
  258.00  220.05  219.40  218.08  216.77  215.45  214.13  212.80  211.47  210.12  208.76  207.23  206.27  205.60  204.94  204.28  203.62  202.96  202.30  201.65  200.99  200.33  200.00
  259.00  220.08  219.43  218.11  216.80  215.48  214.16  212.83  211.50  210.15  208.79  207.27  206.26  205.60  204.94  204.28  203.62  202.96  202.30  201.64  200.99  200.33  200.00
  260.00  220.12  219.46  218.15  216.83  215.51  214.19  212.87  211.54  210.19  208.83  207.33  206.26  205.60  204.94  204.28  203.62  202.96  202.30  201.64  200.99  200.33  200.00
  261.00  220.16  219.51  218.19  216.88  215.56  214.24  212.91  211.58  210.24  208.88  207.38  206.26  205.60  204.94  204.28  203.62  202.96  202.30  201.64  200.99  200.33  200.00
  262.00  220.21  219.56  218.24  216.93  215.61  214.29  212.97  211.64  210.29  208.93  207.45  206.26  205.59  204.93  204.28  203.62  202.96  202.30  201.64  200.99  200.33  200.00
  263.00  220.26  219.61  218.29  216.98  215.66  214.34  213.01  211.68  210.34  208.98  207.51  206.26  205.59  204.94  204.28  203.62  202.96  202.30  201.64  200.99  200.33  200.00
  264.00  220.29  219.63  218.32  217.00  215.68  214.36  213.04  211.71  210.36  209.00  207.53  206.27  205.60  204.94  204.28  203.62  202.96  202.30  201.64  200.99  200.33  200.00
  265.00  220.30  219.65  218.33  217.02  215.70  214.38  213.05  211.72  210.38  209.02  207.56  206.28  205.61  204.94  204.28  203.62  202.96  202.30  201.65  200.99  200.33  200.00
  266.00  220.31  219.66  218.34  217.03  215.71  214.39  213.06  211.73  210.39  209.03  207.57  206.28  205.61  204.95  204.29  203.63  202.97  202.31  201.65  200.99  200.33  200.00
  267.00  220.33  219.67  218.36  217.04  215.72  214.40  213.08  211.75  210.40  209.05  207.60  206.28  205.61  204.95  204.28  203.62  202.96  202.31  201.65  200.99  200.33  200.00
  268.00  220.35  219.70  218.38  217.07  215.75  214.43  213.10  211.77  210.43  209.07  207.64  206.28  205.60  204.94  204.28  203.62  202.96  202.30  201.65  200.99  200.33  200.00
  269.00  220.38  219.72  218.41  217.10  215.78  214.46  213.13  211.80  210.46  209.11  207.67  206.28  205.60  204.94  204.28  203.62  202.96  202.30  201.64  200.99  200.33  200.00
  270.00  220.41  219.76  218.44  217.13  215.81  214.49  213.16  211.84  210.49  209.14  207.71  206.29  205.60  204.94  204.28  203.62  202.96  202.30  201.64  200.99  200.33  200.00
  271.00  220.45  219.79  218.47  217.16  215.84  214.52  213.20  211.87  210.53  209.17  207.75  206.29  205.60  204.94  204.28  203.62  202.96  202.30  201.64  200.99  200.33  200.00
  272.00  220.48  219.82  218.51  217.19  215.87  214.55  213.23  211.90  210.56  209.21  207.79  206.30  205.60  204.94  204.28  203.62  202.96  202.30  201.64  200.99  200.33  200.00
  273.00  220.50  219.84  218.53  217.21  215.89  214.57  213.25  211.92  210.58  209.23  207.82  206.31  205.60  204.94  204.28  203.62  202.96  202.30  201.65  200.99  200.33  200.00
  274.00  220.52  219.86  218.54  217.23  215.91  214.59  213.27  211.94  210.60  209.24  207.84  206.32  205.61  204.94  204.28  203.62  202.96  202.30  201.65  200.99  200.33  200.00
  275.00  220.53  219.87  218.56  217.24  215.93  214.60  213.28  211.95  210.61  209.26  207.86  206.33  205.61  204.94  204.28  203.62  202.96  202.30  201.65  200.99  200.33  200.00
  276.00  220.55  219.89  218.57  217.26  215.94  214.62  213.30  211.97  210.63  209.27  207.88  206.33  205.61  204.95  204.28  203.62  202.96  202.31  201.65  200.99  200.33  200.00
  277.00  220.56  219.90  218.59  217.27  215.96  214.63  213.31  211.98  210.64  209.29  207.90  206.34  205.61  204.94  204.28  203.62  202.96  202.30  201.65  200.99  200.33  200.00
  278.00  220.58  219.92  218.60  217.29  215.97  214.65  213.33  212.00  210.66  209.31  207.92  206.36  205.61  204.94  204.28  203.62  202.96  202.30  201.65  200.99  200.33  200.00
  279.00  220.59  219.94  218.62  217.31  215.99  214.67  213.34  212.02  210.68  209.33  207.94  206.37  205.61  204.94  204.28  203.62  202.96  202.30  201.65  200.99  200.33  200.00
  280.00  220.61  219.95  218.64  217.32  216.01  214.69  213.36  212.03  210.70  209.35  207.96  206.38  205.61  204.94  204.28  203.62  202.96  202.30  201.65  200.99  200.33  200.00
  281.00  220.63  219.97  218.66  217.34  216.03  214.71  213.38  212.06  210.72  209.37  207.99  206.40  205.60  204.94  204.28  203.62  202.96  202.30  201.65  200.99  200.33  200.00
  282.00  220.65  220.00  218.68  217.37  216.05  214.73  213.41  212.08  210.74  209.39  208.02  206.42  205.60  204.94  204.28  203.62  202.96  202.30  201.65  200.99  200.33  200.00
  283.00  220.67  220.01  218.70  217.38  216.06  214.74  213.42  212.09  210.76  209.41  208.03  206.45  205.61  204.94  204.28  203.62  202.96  202.30  201.65  200.99  200.33  200.00
  284.00  220.68  220.02  218.71  217.39  216.07  214.75  213.43  212.10  210.77  209.42  208.05  206.48  205.61  204.95  204.28  203.62  202.96  202.31  201.65  200.99  200.33  200.00
  285.00  220.69  220.04  218.72  217.41  216.09  214.77  213.44  212.12  210.78  209.43  208.07  206.52  205.61  204.94  204.28  203.62  202.96  202.30  201.65  200.99  200.33  200.00
  286.00  220.71  220.06  218.74  217.43  216.11  214.79  213.47  212.14  210.80  209.46  208.09  206.56  205.61  204.94  204.28  203.62  202.96  202.30  201.65  200.99  200.33  200.00
  287.00  220.74  220.08  218.77  217.45  216.14  214.82  213.49  212.17  210.83  209.49  208.12  206.60  205.60  204.94  204.28  203.62  202.96  202.30  201.64  200.99  200.33  200.00
  288.00  220.78  220.12  218.80  217.49  216.17  214.85  213.53  212.20  210.87  209.52  208.16  206.65  205.60  204.94  204.28  203.62  202.96  202.30  201.64  200.99  200.33  200.00
  289.00  220.82  220.16  218.85  217.53  216.21  214.89  213.57  212.25  210.91  209.57  208.21  206.71  205.60  204.94  204.28  203.62  202.96  202.30  201.64  200.99  200.33  200.00
  290.00  220.87  220.21  218.89  217.58  216.26  214.94  213.62  212.30  210.97  209.62  208.26  206.77  205.60  204.93  204.27  203.62  202.96  202.30  201.64  200.99  200.33  200.00
  291.00  220.92  220.26  218.95  217.63  216.32  215.00  213.68  212.35  211.02  209.68  208.32  206.84  205.60  204.93  204.27  203.62  202.96  202.30  201.64  200.98  200.33  200.00
  292.00  220.95  220.29  218.98  217.66  216.34  215.02  213.70  212.38  211.04  209.70  208.34  206.87  205.61  204.94  204.28  203.62  202.96  202.30  201.64  200.99  200.33  200.00
  293.00  220.96  220.31  218.99  217.68  216.36  215.04  213.72  212.39  211.06  209.71  208.35  206.89  205.61  204.94  204.28  203.62  202.96  202.30  201.65  200.99  200.33  200.00
  294.00  220.98  220.32  219.00  217.69  216.37  215.05  213.73  212.40  211.07  209.72  208.36  206.91  205.62  204.95  204.28  203.62  202.96  202.31  201.65  200.99  200.33  200.00
  295.00  220.99  220.33  219.02  217.70  216.38  215.06  213.74  212.42  211.08  209.74  208.38  206.93  205.62  204.95  204.28  203.62  202.96  202.31  201.65  200.99  200.33  200.00
  296.00  221.01  220.35  219.04  217.72  216.41  215.09  213.77  212.44  211.11  209.76  208.41  206.97  205.62  204.94  204.28  203.62  202.96  202.30  201.65  200.99  200.33  200.00
  297.00  221.04  220.38  219.07  217.75  216.44  215.12  213.79  212.47  211.14  209.80  208.44  207.00  205.62  204.94  204.28  203.62  202.96  202.30  201.64  200.99  200.33  200.00
  298.00  221.07  220.41  219.10  217.78  216.47  215.15  213.83  212.50  211.17  209.83  208.47  207.04  205.62  204.94  204.28  203.62  202.96  202.30  201.64  200.99  200.33  200.00
  299.00  221.10  220.44  219.13  217.81  216.50  215.18  213.86  212.53  211.20  209.86  208.50  207.08  205.63  204.94  204.28  203.62  202.96  202.30  201.64  200.99  200.33  200.00
  300.00  221.13  220.48  219.16  217.85  216.53  215.21  213.89  212.56  211.23  209.89  208.54  207.12  205.64  204.94  204.28  203.62  202.96  202.30  201.64  200.99  200.33  200.00
  301.00  221.16  220.50  219.19  217.87  216.55  215.23  213.91  212.59  211.26  209.92  208.56  207.15  205.64  204.94  204.28  203.62  202.96  202.30  201.64  200.99  200.33  200.00
  302.00  221.18  220.52  219.20  217.89  216.57  215.25  213.93  212.61  211.27  209.93  208.58  207.17  205.65  204.94  204.28  203.62  202.96  202.30  201.65  200.99  200.33  200.00
  303.00  221.19  220.53  219.22  217.90  216.59  215.27  213.95  212.62  211.29  209.95  208.59  207.19  205.66  204.94  204.28  203.62  202.96  202.30  201.65  200.99  200.33  200.00
  304.00  221.21  220.55  219.23  217.92  216.60  215.28  213.96  212.64  211.30  209.96  208.61  207.21  205.67  204.94  204.28  203.62  202.96  202.30  201.65  200.99  200.33  200.00
  305.00  221.22  220.56  219.25  217.93  216.62  215.30  213.98  212.65  211.32  209.98  208.63  207.23  205.68  204.94  204.28  203.62  202.96  202.30  201.65  200.99  200.33  200.00
  306.00  221.24  220.58  219.26  217.95  216.63  215.31  213.99  212.67  211.34  210.00  208.64  207.25  205.69  204.94  204.28  203.62  202.96  202.30  201.65  200.99  200.33  200.00
  307.00  221.25  220.60  219.28  217.97  216.65  215.33  214.01  212.68  211.35  210.01  208.66  207.27  205.70  204.94  204.28  203.62  202.96  202.30  201.65  200.99  200.33  200.00
  308.00  221.27  220.61  219.30  217.98  216.67  215.35  214.02  212.70  211.37  210.03  208.68  207.30  205.72  204.94  204.28  203.62  202.96  202.30  201.65  200.99  200.33  200.00
  309.00  221.29  220.63  219.32  218.00  216.69  215.37  214.05  212.72  211.39  210.05  208.70  207.32  205.73  204.94  204.28  203.62  202.96  202.30  201.65  200.99  200.33  200.00
  310.00  221.31  220.65  219.34  218.03  216.71  215.39  214.07  212.75  211.42  210.08  208.73  207.35  205.76  204.94  204.28  203.62  202.96  202.30  201.64  200.99  200.33  200.00
  311.00  221.33  220.67  219.36  218.04  216.73  215.41  214.08  212.76  211.43  210.09  208.74  207.37  205.78  204.94  204.28  203.62  202.96  202.30  201.65  200.99  200.33  200.00
  312.00  221.34  220.68  219.37  218.05  216.74  215.42  214.10  212.77  211.44  210.10  208.75  207.38  205.81  204.95  204.28  203.62  202.96  202.30  201.65  200.99  200.33  200.00
  313.00  221.35  220.70  219.38  218.07  216.75  215.43  214.11  212.79  211.46  210.12  208.77  207.40  205.85  204.95  204.28  203.62  202.96  202.30  201.65  200.99  200.33  200.00
  314.00  221.37  220.72  219.40  218.09  216.77  215.45  214.13  212.81  211.48  210.14  208.79  207.43  205.89  204.94  204.28  203.62  202.96  202.30  201.64  200.99  200.33  200.00
  315.00  221.40  220.74  219.43  218.11  216.80  215.48  214.15  212.83  211.50  210.17  208.82  207.46  205.93  204.94  204.28  203.62  202.96  202.30  201.64  200.99  200.33  200.00
  316.00  221.43  220.77  219.46  218.14  216.83  215.51  214.19  212.86  211.54  210.20  208.85  207.49  205.98  204.94  204.28  203.62  202.96  202.30  201.64  200.99  200.33  200.00
  317.00  221.47  220.81  219.50  218.18  216.87  215.55  214.23  212.91  211.58  210.24  208.90  207.54  206.04  204.94  204.28  203.62  202.96  202.30  201.64  200.99  200.33  200.00
  318.00  221.52  220.86  219.54  218.23  216.91  215.60  214.28  212.95  211.63  210.29  208.95  207.59  206.10  204.94  204.27  203.62  202.96  202.30  201.64  200.98  200.33  200.00
  319.00  221.57  220.91  219.60  218.28  216.97  215.65  214.33  213.01  211.68  210.35  209.01  207.65  206.17  204.94  204.27  203.61  202.96  202.30  201.64  200.98  200.33  200.00
  320.00  221.60  220.95  219.63  218.32  217.00  215.68  214.36  213.04  211.71  210.38  209.03  207.67  206.20  204.94  204.28  203.62  202.96  202.30  201.64  200.99  200.33  200.00
  321.00  221.62  220.97  219.65  218.34  217.02  215.70  214.38  213.06  211.73  210.40  209.05  207.69  206.22  204.95  204.28  203.62  202.96  202.30  201.65  200.99  200.33  200.00
  322.00  221.64  220.98  219.66  218.35  217.03  215.71  214.39  213.07  211.74  210.41  209.06  207.70  206.24  204.95  204.28  203.62  202.96  202.30  201.65  200.99  200.33  200.00
  323.00  221.65  220.99  219.67  218.36  217.04  215.72  214.40  213.08  211.75  210.42  209.07  207.71  206.26  204.96  204.28  203.62  202.96  202.31  201.65  200.99  200.33  200.00
  324.00  221.67  221.01  219.70  218.38  217.06  215.75  214.42  213.10  211.78  210.44  209.10  207.74  206.29  204.96  204.28  203.62  202.96  202.30  201.64  200.99  200.33  200.00
  325.00  221.69  221.04  219.72  218.41  217.09  215.77  214.45  213.13  211.80  210.47  209.13  207.77  206.33  204.96  204.28  203.62  202.96  202.30  201.64  200.99  200.33  200.00
  326.00  221.72  221.07  219.75  218.44  217.12  215.80  214.48  213.16  211.84  210.50  209.16  207.80  206.37  204.96  204.28  203.62  202.96  202.30  201.64  200.99  200.33  200.00
  327.00  221.76  221.10  219.78  218.47  217.15  215.84  214.51  213.19  211.87  210.53  209.19  207.84  206.41  204.97  204.28  203.62  202.96  202.30  201.64  200.99  200.33  200.00
  328.00  221.79  221.13  219.82  218.50  217.19  215.87  214.55  213.22  211.90  210.57  209.22  207.87  206.45  204.97  204.28  203.62  202.96  202.30  201.64  200.99  200.33  200.00
  329.00  221.81  221.16  219.84  218.53  217.21  215.89  214.57  213.25  211.92  210.59  209.25  207.89  206.48  204.98  204.28  203.62  202.96  202.30  201.64  200.99  200.33  200.00
  330.00  221.83  221.18  219.86  218.55  217.23  215.91  214.59  213.27  211.94  210.61  209.27  207.91  206.50  204.99  204.28  203.62  202.96  202.30  201.64  200.99  200.33  200.00
  331.00  221.85  221.19  219.88  218.56  217.25  215.93  214.61  213.29  211.96  210.63  209.28  207.93  206.52  205.00  204.28  203.62  202.96  202.30  201.65  200.99  200.33  200.00
  332.00  221.87  221.21  219.89  218.58  217.26  215.94  214.62  213.30  211.97  210.64  209.30  207.95  206.54  205.01  204.28  203.62  202.96  202.30  201.65  200.99  200.33  200.00
  333.00  221.88  221.22  219.91  218.59  217.28  215.96  214.64  213.32  211.99  210.66  209.32  207.96  206.56  205.02  204.28  203.62  202.96  202.30  201.65  200.99  200.33  200.00
  334.00  221.90  221.24  219.92  218.61  217.29  215.97  214.65  213.33  212.01  210.67  209.33  207.98  206.58  205.03  204.28  203.62  202.96  202.30  201.65  200.99  200.33  200.00
  335.00  221.91  221.25  219.94  218.63  217.31  215.99  214.67  213.35  212.02  210.69  209.35  208.00  206.61  205.04  204.28  203.62  202.96  202.30  201.65  200.99  200.33  200.00
  336.00  221.93  221.27  219.96  218.64  217.33  216.01  214.69  213.36  212.04  210.71  209.37  208.01  206.63  205.05  204.28  203.62  202.96  202.30  201.65  200.99  200.33  200.00
  337.00  221.95  221.29  219.98  218.66  217.34  216.03  214.71  213.38  212.06  210.73  209.39  208.04  206.65  205.07  204.28  203.62  202.96  202.30  201.64  200.99  200.33  200.00
  338.00  221.97  221.31  220.00  218.68  217.37  216.05  214.73  213.41  212.08  210.75  209.41  208.06  206.68  205.09  204.28  203.62  202.96  202.30  201.64  200.99  200.33  200.00
  339.00  221.99  221.33  220.02  218.70  217.39  216.07  214.75  213.43  212.10  210.77  209.43  208.08  206.70  205.11  204.28  203.62  202.96  202.30  201.64  200.99  200.33  200.00
  340.00  222.00  221.34  220.03  218.72  217.40  216.08  214.76  213.44  212.11  210.78  209.44  208.09  206.72  205.14  204.29  203.62  202.96  202.30  201.65  200.99  200.33  200.00
  341.00  222.02  221.36  220.04  218.73  217.41  216.09  214.77  213.45  212.13  210.80  209.46  208.11  206.73  205.18  204.28  203.62  202.96  202.30  201.65  200.99  200.33  200.00
  342.00  222.03  221.38  220.06  218.75  217.43  216.11  214.79  213.47  212.15  210.82  209.48  208.13  206.76  205.21  204.28  203.62  202.96  202.30  201.64  200.99  200.33  200.00
  343.00  222.06  221.40  220.08  218.77  217.45  216.14  214.82  213.49  212.17  210.84  209.50  208.15  206.79  205.26  204.28  203.62  202.96  202.30  201.64  200.99  200.33  200.00
  344.00  222.08  221.43  220.11  218.80  217.48  216.16  214.84  213.52  212.20  210.87  209.53  208.19  206.82  205.31  204.28  203.62  202.96  202.30  201.64  200.99  200.33  200.00
  345.00  222.12  221.46  220.15  218.83  217.52  216.20  214.88  213.56  212.24  210.91  209.57  208.23  206.86  205.36  204.28  203.62  202.96  202.30  201.64  200.99  200.33  200.00
  346.00  222.16  221.51  220.19  218.88  217.56  216.25  214.93  213.61  212.28  210.96  209.62  208.27  206.91  205.42  204.28  203.61  202.96  202.30  201.64  200.98  200.33  200.00
  347.00  222.22  221.56  220.24  218.93  217.61  216.30  214.98  213.66  212.34  211.01  209.68  208.33  206.97  205.49  204.28  203.61  202.95  202.30  201.64  200.98  200.33  200.00
  348.00  222.26  221.60  220.28  218.97  217.65  216.34  215.02  213.70  212.37  211.05  209.71  208.37  207.01  205.53  204.28  203.62  202.96  202.30  201.64  200.99  200.33  200.00
  349.00  222.28  221.62  220.31  218.99  217.68  216.36  215.04  213.72  212.39  211.07  209.73  208.38  207.02  205.56  204.29  203.62  202.96  202.30  201.64  200.99  200.33  200.00
  350.00  222.30  221.64  220.32  219.01  217.69  216.37  215.05  213.73  212.41  211.08  209.74  208.40  207.04  205.57  204.29  203.62  202.96  202.30  201.65  200.99  200.33  200.00
  351.00  222.31  221.65  220.33  219.02  217.70  216.39  215.07  213.74  212.42  211.09  209.75  208.41  207.05  205.59  204.30  203.62  202.96  202.30  201.65  200.99  200.33  200.00
  352.00  222.32  221.67  220.35  219.04  217.72  216.40  215.08  213.76  212.44  211.11  209.78  208.43  207.07  205.62  204.30  203.62  202.96  202.30  201.64  200.99  200.33  200.00
  353.00  222.35  221.69  220.38  219.06  217.75  216.43  215.11  213.79  212.46  211.14  209.80  208.46  207.10  205.66  204.30  203.62  202.96  202.30  201.64  200.99  200.33  200.00
  354.00  222.38  221.72  220.41  219.09  217.78  216.46  215.14  213.82  212.49  211.17  209.83  208.49  207.13  205.70  204.30  203.62  202.96  202.30  201.64  200.99  200.33  200.00
  355.00  222.41  221.75  220.44  219.12  217.81  216.49  215.17  213.85  212.53  211.20  209.87  208.52  207.17  205.74  204.31  203.62  202.96  202.30  201.64  200.99  200.33  200.00
  356.00  222.44  221.78  220.47  219.15  217.84  216.52  215.20  213.88  212.56  211.23  209.90  208.55  207.20  205.78  204.31  203.62  202.96  202.30  201.64  200.99  200.33  200.00
  357.00  222.47  221.81  220.50  219.18  217.87  216.55  215.23  213.91  212.59  211.26  209.93  208.58  207.23  205.81  204.32  203.62  202.96  202.30  201.64  200.99  200.33  200.00
  358.00  222.49  221.83  220.52  219.20  217.89  216.57  215.25  213.93  212.61  211.28  209.95  208.60  207.25  205.83  204.33  203.62  202.96  202.30  201.64  200.99  200.33  200.00
  359.00  222.51  221.85  220.54  219.22  217.91  216.59  215.27  213.95  212.62  211.30  209.96  208.62  207.26  205.85  204.34  203.62  202.96  202.30  201.64  200.99  200.33  200.00
  360.00  222.52  221.87  220.55  219.24  217.92  216.60  215.28  213.96  212.64  211.31  209.98  208.64  207.28  205.87  204.34  203.62  202.96  202.30  201.65  200.99  200.33  200.00
  361.00  222.54  221.88  220.57  219.25  217.94  216.62  215.30  213.98  212.65  211.33  209.99  208.65  207.30  205.89  204.35  203.62  202.96  202.30  201.65  200.99  200.33  200.00
  362.00  222.55  221.90  220.58  219.27  217.95  216.63  215.31  213.99  212.67  211.34  210.01  208.67  207.31  205.92  204.36  203.62  202.96  202.30  201.65  200.99  200.33  200.00
  363.00  222.57  221.91  220.60  219.28  217.97  216.65  215.33  214.01  212.69  211.36  210.03  208.68  207.33  205.94  204.38  203.62  202.96  202.30  201.65  200.99  200.33  200.00
  364.00  222.59  221.93  220.61  219.30  217.98  216.67  215.35  214.03  212.70  211.38  210.04  208.70  207.35  205.96  204.39  203.62  202.96  202.30  201.64  200.99  200.33  200.00
  365.00  222.60  221.95  220.63  219.32  218.00  216.68  215.37  214.04  212.72  211.39  210.06  208.72  207.37  205.98  204.40  203.62  202.96  202.30  201.64  200.99  200.33  200.00
  366.00  222.63  221.97  220.65  219.34  218.02  216.71  215.39  214.07  212.74  211.42  210.09  208.74  207.39  206.01  204.42  203.62  202.96  202.30  201.64  200.99  200.33  200.00
  367.00  222.65  221.99  220.68  219.36  218.05  216.73  215.41  214.09  212.77  211.44  210.11  208.77  207.42  206.04  204.44  203.62  202.96  202.30  201.64  200.99  200.33  200.00
  368.00  222.66  222.01  220.69  219.38  218.06  216.74  215.42  214.10  212.78  211.45  210.12  208.78  207.43  206.05  204.47  203.62  202.96  202.30  201.65  200.99  200.33  200.00
  369.00  222.68  222.02  220.70  219.39  218.07  216.76  215.44  214.11  212.79  211.47  210.13  208.79  207.44  206.07  204.50  203.62  202.96  202.30  201.65  200.99  200.33  200.00
  370.00  222.69  222.03  220.72  219.40  218.09  216.77  215.45  214.13  212.81  211.48  210.15  208.81  207.46  206.09  204.54  203.62  202.96  202.30  201.64  200.99  200.33  200.00
  371.00  222.71  222.06  220.74  219.43  218.11  216.79  215.47  214.15  212.83  211.51  210.18  208.84  207.49  206.12  204.58  203.62  202.96  202.30  201.64  200.99  200.33  200.00
  372.00  222.74  222.08  220.77  219.45  218.14  216.82  215.50  214.18  212.86  211.53  210.20  208.87  207.52  206.15  204.63  203.62  202.96  202.30  201.64  200.99  200.33  200.00
  373.00  222.77  222.12  220.80  219.49  218.17  216.85  215.54  214.21  212.89  211.57  210.24  208.90  207.55  206.19  204.68  203.62  202.96  202.30  201.64  200.99  200.33  200.00
  374.00  222.81  222.16  220.84  219.53  218.21  216.89  215.58  214.26  212.93  211.61  210.28  208.95  207.60  206.24  204.74  203.62  202.96  202.30  201.64  200.98  200.33  200.00
  375.00  222.86  222.20  220.89  219.57  218.26  216.94  215.63  214.31  212.98  211.66  210.33  209.00  207.65  206.29  204.81  203.62  202.95  202.30  201.64  200.98  200.33  200.00
  376.00  222.91  222.25  220.94  219.62  218.31  216.99  215.67  214.35  213.03  211.71  210.38  209.04  207.70  206.34  204.86  203.62  202.96  202.30  201.64  200.98  200.33  200.00
  377.00  222.94  222.28  220.96  219.65  218.33  217.02  215.70  214.38  213.06  211.73  210.40  209.07  207.72  206.36  204.89  203.63  202.96  202.30  201.64  200.99  200.33  200.00
  378.00  222.95  222.30  220.98  219.67  218.35  217.03  215.72  214.39  213.07  211.75  210.42  209.08  207.73  206.37  204.91  203.63  202.96  202.30  201.64  200.99  200.33  200.00
  379.00  222.97  222.31  220.99  219.68  218.36  217.05  215.73  214.41  213.08  211.76  210.43  209.09  207.74  206.38  204.93  203.63  202.96  202.30  201.65  200.99  200.33  200.00
  380.00  222.98  222.32  221.01  219.69  218.38  217.06  215.74  214.42  213.10  211.77  210.44  209.11  207.76  206.40  204.95  203.64  202.96  202.30  201.65  200.99  200.33  200.00
  381.00  223.00  222.35  221.03  219.72  218.40  217.08  215.77  214.45  213.12  211.80  210.47  209.13  207.79  206.43  204.99  203.64  202.96  202.30  201.64  200.99  200.33  200.00
  382.00  223.03  222.37  221.06  219.74  218.43  217.11  215.79  214.47  213.15  211.83  210.50  209.17  207.82  206.46  205.03  203.64  202.96  202.30  201.64  200.99  200.33  200.00
  383.00  223.06  222.40  221.09  219.77  218.46  217.14  215.82  214.50  213.18  211.86  210.53  209.20  207.85  206.50  205.07  203.64  202.96  202.30  201.64  200.99  200.33  200.00
  384.00  223.09  222.43  221.12  219.81  218.49  217.17  215.86  214.54  213.21  211.89  210.56  209.23  207.88  206.53  205.10  203.65  202.96  202.30  201.64  200.99  200.33  200.00
  385.00  223.12  222.47  221.15  219.84  218.52  217.20  215.89  214.57  213.24  211.92  210.59  209.26  207.92  206.56  205.14  203.65  202.96  202.30  201.64  200.99  200.33  200.00
  386.00  223.15  222.49  221.17  219.86  218.54  217.23  215.91  214.59  213.27  211.94  210.62  209.28  207.94  206.58  205.17  203.66  202.96  202.30  201.64  200.99  200.33  200.00
  387.00  223.17  222.51  221.19  219.88  218.56  217.25  215.93  214.61  213.28  211.96  210.63  209.30  207.95  206.60  205.19  203.67  202.96  202.30  201.64  200.99  200.33  200.00
  388.00  223.18  222.52  221.21  219.89  218.58  217.26  215.94  214.62  213.30  211.98  210.65  209.31  207.97  206.61  205.21  203.68  202.96  202.30  201.64  200.99  200.33  200.00
  389.00  223.20  222.54  221.22  219.91  218.59  217.28  215.96  214.64  213.32  211.99  210.66  209.33  207.99  206.63  205.23  203.69  202.96  202.30  201.65  200.99  200.33  200.00
  390.00  223.21  222.55  221.24  219.92  218.61  217.29  215.97  214.65  213.33  212.01  210.68  209.35  208.00  206.65  205.25  203.70  202.96  202.30  201.64  200.99  200.33  200.00
  391.00  223.23  222.57  221.26  219.94  218.63  217.31  215.99  214.67  213.35  212.02  210.70  209.36  208.02  206.66  205.27  203.71  202.96  202.30  201.64  200.99  200.33  200.00
  392.00  223.24  222.59  221.27  219.96  218.64  217.32  216.01  214.69  213.36  212.04  210.71  209.38  208.04  206.68  205.29  203.72  202.96  202.30  201.64  200.99  200.33  200.00
  393.00  223.26  222.60  221.29  219.97  218.66  217.34  216.02  214.70  213.38  212.06  210.73  209.40  208.05  206.70  205.31  203.74  202.96  202.30  201.64  200.99  200.33  200.00
  394.00  223.28  222.62  221.31  219.99  218.68  217.36  216.04  214.72  213.40  212.08  210.75  209.42  208.08  206.72  205.34  203.76  202.96  202.30  201.64  200.99  200.33  200.00
  395.00  223.30  222.65  221.33  220.02  218.70  217.38  216.07  214.75  213.42  212.10  210.78  209.44  208.10  206.75  205.37  203.78  202.96  202.30  201.64  200.99  200.33  200.00
  396.00  223.32  222.66  221.35  220.03  218.72  217.40  216.08  214.76  213.44  212.12  210.79  209.46  208.12  206.77  205.39  203.80  202.96  202.30  201.64  200.99  200.33  200.00
  397.00  223.34  222.68  221.36  220.05  218.73  217.42  216.10  214.78  213.45  212.13  210.80  209.47  208.13  206.78  205.40  203.83  202.96  202.30  201.65  200.99  200.33  200.00
  398.00  223.35  222.69  221.38  220.06  218.75  217.43  216.11  214.79  213.47  212.15  210.82  209.49  208.15  206.80  205.42  203.87  202.96  202.30  201.64  200.99  200.33  200.00
  399.00  223.37  222.71  221.40  220.08  218.77  217.45  216.13  214.81  213.49  212.17  210.84  209.51  208.17  206.82  205.45  203.91  202.96  202.30  201.64  200.99  200.33  200.00
  400.00  223.39  222.74  221.42  220.11  218.79  217.48  216.16  214.84  213.52  212.19  210.87  209.54  208.20  206.85  205.48  203.96  202.96  202.30  201.64  200.99  200.33  200.00
