 TIME AND WATER SATURATIONS
   TIME   SW( 1)  SW( 2)  SW( 3)  SW( 4)  SW( 5)  SW( 6)  SW( 7)  SW( 8)  SW( 9)  SW(10)  SW(11)  SW(12)  SW(13)  SW(14)  SW(15)  SW(16)  SW(17)  SW(18)  SW(19)  SW(20)  
      X=    2.50    7.50   12.50   17.50   22.50   27.50   32.50   37.50   42.50   47.50   52.50   57.50   62.50   67.50   72.50   77.50   82.50   87.50   92.50   97.50
    0.00  0.2000  0.2000  0.2000  0.2000  0.2000  0.2000  0.2000  0.2000  0.2000  0.2000  0.2000  0.2000  0.2000  0.2000  0.2000  0.2000  0.2000  0.2000  0.2000  0.2000
    2.50  0.2498  0.1998  0.1998  0.1999  0.1999  0.1999  0.1999  0.1999  0.1999  0.1999  0.1999  0.1999  0.1999  0.1999  0.2000  0.2000  0.2000  0.2000  0.2000  0.2000
    5.00  0.2996  0.2000  0.1998  0.1998  0.1998  0.1998  0.1999  0.1999  0.1999  0.1999  0.1999  0.1999  0.1999  0.1999  0.1999  0.2000  0.2000  0.2000  0.2000  0.2000
    7.50  0.3490  0.2004  0.1998  0.1998  0.1998  0.1998  0.1998  0.1999  0.1999  0.1999  0.1999  0.1999  0.1999  0.1999  0.1999  0.1999  0.2000  0.2000  0.2000  0.2000
   10.00  0.3979  0.2016  0.1998  0.1998  0.1998  0.1998  0.1998  0.1999  0.1999  0.1999  0.1999  0.1999  0.1999  0.1999  0.1999  0.1999  0.2000  0.2000  0.2000  0.2000
   12.50  0.4456  0.2038  0.1998  0.1998  0.1998  0.1998  0.1998  0.1999  0.1999  0.1999  0.1999  0.1999  0.1999  0.1999  0.1999  0.1999  0.2000  0.2000  0.2000  0.2000
   15.00  0.4918  0.2076  0.1998  0.1998  0.1998  0.1998  0.1998  0.1999  0.1999  0.1999  0.1999  0.1999  0.1999  0.1999  0.1999  0.1999  0.2000  0.2000  0.2000  0.2000
   17.50  0.5354  0.2138  0.1998  0.1998  0.1998  0.1998  0.1998  0.1999  0.1999  0.1999  0.1999  0.1999  0.1999  0.1999  0.1999  0.1999  0.2000  0.2000  0.2000  0.2000
   20.00  0.5705  0.2287  0.1999  0.1998  0.1998  0.1998  0.1998  0.1999  0.1999  0.1999  0.1999  0.1999  0.1999  0.1999  0.1999  0.1999  0.2000  0.2000  0.2000  0.2000
   22.50  0.5973  0.2518  0.2000  0.1998  0.1998  0.1998  0.1998  0.1999  0.1999  0.1999  0.1999  0.1999  0.1999  0.1999  0.1999  0.1999  0.2000  0.2000  0.2000  0.2000
   25.00  0.6179  0.2810  0.2002  0.1998  0.1998  0.1998  0.1998  0.1999  0.1999  0.1999  0.1999  0.1999  0.1999  0.1999  0.1999  0.1999  0.2000  0.2000  0.2000  0.2000
   27.50  0.6356  0.3129  0.2005  0.1998  0.1998  0.1998  0.1998  0.1999  0.1999  0.1999  0.1999  0.1999  0.1999  0.1999  0.1999  0.1999  0.2000  0.2000  0.2000  0.2000
   30.00  0.6509  0.3469  0.2011  0.1998  0.1998  0.1998  0.1998  0.1999  0.1999  0.1999  0.1999  0.1999  0.1999  0.1999  0.1999  0.1999  0.2000  0.2000  0.2000  0.2000
   32.50  0.6639  0.3828  0.2022  0.1998  0.1998  0.1998  0.1998  0.1999  0.1999  0.1999  0.1999  0.1999  0.1999  0.1999  0.1999  0.1999  0.2000  0.2000  0.2000  0.2000
   35.00  0.6747  0.4201  0.2041  0.1998  0.1998  0.1998  0.1998  0.1999  0.1999  0.1999  0.1999  0.1999  0.1999  0.1999  0.1999  0.1999  0.2000  0.2000  0.2000  0.2000
   37.50  0.6839  0.4579  0.2070  0.1998  0.1998  0.1998  0.1998  0.1999  0.1999  0.1999  0.1999  0.1999  0.1999  0.1999  0.1999  0.1999  0.2000  0.2000  0.2000  0.2000
   40.00  0.6919  0.4956  0.2113  0.1998  0.1998  0.1998  0.1998  0.1999  0.1999  0.1999  0.1999  0.1999  0.1999  0.1999  0.1999  0.1999  0.2000  0.2000  0.2000  0.2000
   42.50  0.6988  0.5321  0.2177  0.1999  0.1998  0.1998  0.1998  0.1999  0.1999  0.1999  0.1999  0.1999  0.1999  0.1999  0.1999  0.1999  0.2000  0.2000  0.2000  0.2000
   45.00  0.7049  0.5620  0.2318  0.1999  0.1998  0.1998  0.1998  0.1999  0.1999  0.1999  0.1999  0.1999  0.1999  0.1999  0.1999  0.1999  0.2000  0.2000  0.2000  0.2000
   47.50  0.7105  0.5856  0.2524  0.2000  0.1998  0.1998  0.1998  0.1999  0.1999  0.1999  0.1999  0.1999  0.1999  0.1999  0.1999  0.1999  0.2000  0.2000  0.2000  0.2000
   50.00  0.7156  0.6042  0.2784  0.2002  0.1998  0.1998  0.1998  0.1999  0.1999  0.1999  0.1999  0.1999  0.1999  0.1999  0.1999  0.1999  0.2000  0.2000  0.2000  0.2000
   52.50  0.7204  0.6196  0.3079  0.2006  0.1998  0.1998  0.1998  0.1999  0.1999  0.1999  0.1999  0.1999  0.1999  0.1999  0.1999  0.1999  0.2000  0.2000  0.2000  0.2000
   55.00  0.7248  0.6334  0.3390  0.2011  0.1998  0.1998  0.1998  0.1999  0.1999  0.1999  0.1999  0.1999  0.1999  0.1999  0.1999  0.1999  0.2000  0.2000  0.2000  0.2000
   57.50  0.7288  0.6456  0.3718  0.2021  0.1998  0.1998  0.1998  0.1999  0.1999  0.1999  0.1999  0.1999  0.1999  0.1999  0.1999  0.1999  0.2000  0.2000  0.2000  0.2000
   60.00  0.7325  0.6561  0.4059  0.2037  0.1998  0.1998  0.1998  0.1999  0.1999  0.1999  0.1999  0.1999  0.1999  0.1999  0.1999  0.1999  0.2000  0.2000  0.2000  0.2000
   62.50  0.7359  0.6652  0.4410  0.2062  0.1998  0.1998  0.1998  0.1999  0.1999  0.1999  0.1999  0.1999  0.1999  0.1999  0.1999  0.1999  0.2000  0.2000  0.2000  0.2000
   65.00  0.7391  0.6731  0.4763  0.2097  0.1999  0.1998  0.1998  0.1999  0.1999  0.1999  0.1999  0.1999  0.1999  0.1999  0.1999  0.1999  0.2000  0.2000  0.2000  0.2000
   67.50  0.7419  0.6800  0.5111  0.2150  0.1999  0.1998  0.1998  0.1999  0.1999  0.1999  0.1999  0.1999  0.1999  0.1999  0.1999  0.1999  0.2000  0.2000  0.2000  0.2000
   70.00  0.7446  0.6863  0.5429  0.2243  0.1999  0.1998  0.1998  0.1999  0.1999  0.1999  0.1999  0.1999  0.1999  0.1999  0.1999  0.1999  0.2000  0.2000  0.2000  0.2000
   72.50  0.7470  0.6919  0.5686  0.2405  0.2000  0.1998  0.1998  0.1999  0.1999  0.1999  0.1999  0.1999  0.1999  0.1999  0.1999  0.1999  0.2000  0.2000  0.2000  0.2000
   75.00  0.7493  0.6969  0.5891  0.2625  0.2001  0.1998  0.1998  0.1999  0.1999  0.1999  0.1999  0.1999  0.1999  0.1999  0.1999  0.1999  0.2000  0.2000  0.2000  0.2000
   77.50  0.7513  0.7014  0.6058  0.2890  0.2004  0.1998  0.1998  0.1999  0.1999  0.1999  0.1999  0.1999  0.1999  0.1999  0.1999  0.1999  0.2000  0.2000  0.2000  0.2000
   80.00  0.7533  0.7055  0.6200  0.3183  0.2008  0.1998  0.1998  0.1999  0.1999  0.1999  0.1999  0.1999  0.1999  0.1999  0.1999  0.1999  0.2000  0.2000  0.2000  0.2000
   82.50  0.7552  0.7093  0.6326  0.3492  0.2015  0.1998  0.1998  0.1999  0.1999  0.1999  0.1999  0.1999  0.1999  0.1999  0.1999  0.1999  0.2000  0.2000  0.2000  0.2000
   85.00  0.7570  0.7129  0.6437  0.3815  0.2026  0.1998  0.1998  0.1999  0.1999  0.1999  0.1999  0.1999  0.1999  0.1999  0.1999  0.1999  0.2000  0.2000  0.2000  0.2000
   87.50  0.7587  0.7163  0.6533  0.4149  0.2045  0.1998  0.1998  0.1999  0.1999  0.1999  0.1999  0.1999  0.1999  0.1999  0.1999  0.1999  0.2000  0.2000  0.2000  0.2000
   90.00  0.7604  0.7195  0.6616  0.4490  0.2072  0.1999  0.1998  0.1999  0.1999  0.1999  0.1999  0.1999  0.1999  0.1999  0.1999  0.1999  0.2000  0.2000  0.2000  0.2000
   92.50  0.7620  0.7224  0.6687  0.4834  0.2110  0.1999  0.1998  0.1999  0.1999  0.1999  0.1999  0.1999  0.1999  0.1999  0.1999  0.1999  0.2000  0.2000  0.2000  0.2000
   95.00  0.7635  0.7252  0.6751  0.5170  0.2167  0.1999  0.1998  0.1999  0.1999  0.1999  0.1999  0.1999  0.1999  0.1999  0.1999  0.1999  0.2000  0.2000  0.2000  0.2000
   97.50  0.7650  0.7278  0.6807  0.5466  0.2273  0.2000  0.1998  0.1999  0.1999  0.1999  0.1999  0.1999  0.1999  0.1999  0.1999  0.1999  0.2000  0.2000  0.2000  0.2000
  100.00  0.7665  0.7302  0.6858  0.5706  0.2442  0.2000  0.1998  0.1999  0.1999  0.1999  0.1999  0.1999  0.1999  0.1999  0.1999  0.1999  0.2000  0.2000  0.2000  0.2000
  102.50  0.7678  0.7325  0.6904  0.5898  0.2666  0.2002  0.1998  0.1999  0.1999  0.1999  0.1999  0.1999  0.1999  0.1999  0.1999  0.1999  0.2000  0.2000  0.2000  0.2000
  105.00  0.7691  0.7347  0.6945  0.6054  0.2930  0.2005  0.1998  0.1999  0.1999  0.1999  0.1999  0.1999  0.1999  0.1999  0.1999  0.1999  0.2000  0.2000  0.2000  0.2000
  107.50  0.7704  0.7367  0.6982  0.6189  0.3221  0.2009  0.1998  0.1999  0.1999  0.1999  0.1999  0.1999  0.1999  0.1999  0.1999  0.1999  0.2000  0.2000  0.2000  0.2000
  110.00  0.7716  0.7386  0.7015  0.6310  0.3527  0.2017  0.1998  0.1999  0.1999  0.1999  0.1999  0.1999  0.1999  0.1999  0.1999  0.1999  0.2000  0.2000  0.2000  0.2000
  112.50  0.7728  0.7404  0.7047  0.6418  0.3846  0.2028  0.1999  0.1999  0.1999  0.1999  0.1999  0.1999  0.1999  0.1999  0.1999  0.1999  0.2000  0.2000  0.2000  0.2000
  115.00  0.7739  0.7421  0.7077  0.6510  0.4175  0.2048  0.1999  0.1999  0.1999  0.1999  0.1999  0.1999  0.1999  0.1999  0.1999  0.1999  0.2000  0.2000  0.2000  0.2000
  117.50  0.7750  0.7437  0.7106  0.6590  0.4511  0.2076  0.1999  0.1999  0.1999  0.1999  0.1999  0.1999  0.1999  0.1999  0.1999  0.1999  0.2000  0.2000  0.2000  0.2000
  120.00  0.7760  0.7453  0.7135  0.6659  0.4848  0.2114  0.1999  0.1999  0.1999  0.1999  0.1999  0.1999  0.1999  0.1999  0.1999  0.1999  0.2000  0.2000  0.2000  0.2000
  122.50  0.7770  0.7467  0.7161  0.6719  0.5178  0.2172  0.1999  0.1999  0.1999  0.1999  0.1999  0.1999  0.1999  0.1999  0.1999  0.1999  0.2000  0.2000  0.2000  0.2000
  125.00  0.7780  0.7481  0.7187  0.6773  0.5466  0.2280  0.2000  0.1999  0.1999  0.1999  0.1999  0.1999  0.1999  0.1999  0.1999  0.1999  0.2000  0.2000  0.2000  0.2000
  127.50  0.7789  0.7493  0.7212  0.6822  0.5701  0.2449  0.2001  0.1999  0.1999  0.1999  0.1999  0.1999  0.1999  0.1999  0.1999  0.1999  0.2000  0.2000  0.2000  0.2000
  130.00  0.7798  0.7506  0.7236  0.6865  0.5889  0.2671  0.2002  0.1999  0.1999  0.1999  0.1999  0.1999  0.1999  0.1999  0.1999  0.1999  0.2000  0.2000  0.2000  0.2000
  132.50  0.7806  0.7517  0.7258  0.6905  0.6042  0.2933  0.2005  0.1999  0.1999  0.1999  0.1999  0.1999  0.1999  0.1999  0.1999  0.1999  0.2000  0.2000  0.2000  0.2000
  135.00  0.7814  0.7529  0.7279  0.6940  0.6173  0.3221  0.2009  0.1999  0.1999  0.1999  0.1999  0.1999  0.1999  0.1999  0.1999  0.1999  0.2000  0.2000  0.2000  0.2000
  137.50  0.7822  0.7541  0.7299  0.6972  0.6291  0.3523  0.2017  0.1999  0.1999  0.1999  0.1999  0.1999  0.1999  0.1999  0.1999  0.1999  0.2000  0.2000  0.2000  0.2000
  140.00  0.7829  0.7552  0.7317  0.7002  0.6396  0.3839  0.2029  0.1999  0.1999  0.1999  0.1999  0.1999  0.1999  0.1999  0.1999  0.1999  0.2000  0.2000  0.2000  0.2000
  142.50  0.7836  0.7564  0.7334  0.7029  0.6489  0.4164  0.2048  0.1999  0.1999  0.1999  0.1999  0.1999  0.1999  0.1999  0.1999  0.1999  0.2000  0.2000  0.2000  0.2000
  145.00  0.7843  0.7575  0.7351  0.7055  0.6568  0.4496  0.2075  0.1999  0.1999  0.1999  0.1999  0.1999  0.1999  0.1999  0.1999  0.1999  0.2000  0.2000  0.2000  0.2000
  147.50  0.7850  0.7586  0.7366  0.7080  0.6637  0.4830  0.2113  0.1999  0.1999  0.1999  0.1999  0.1999  0.1999  0.1999  0.1999  0.1999  0.2000  0.2000  0.2000  0.2000
  150.00  0.7856  0.7597  0.7381  0.7105  0.6696  0.5157  0.2170  0.1999  0.1999  0.1999  0.1999  0.1999  0.1999  0.1999  0.1999  0.1999  0.2000  0.2000  0.2000  0.2000
  152.50  0.7862  0.7607  0.7394  0.7129  0.6749  0.5446  0.2273  0.2000  0.1999  0.1999  0.1999  0.1999  0.1999  0.1999  0.1999  0.1999  0.2000  0.2000  0.2000  0.2000
  155.00  0.7868  0.7618  0.7408  0.7151  0.6796  0.5681  0.2437  0.2001  0.1999  0.1999  0.1999  0.1999  0.1999  0.1999  0.1999  0.1999  0.2000  0.2000  0.2000  0.2000
  157.50  0.7873  0.7628  0.7420  0.7173  0.6839  0.5869  0.2655  0.2002  0.1999  0.1999  0.1999  0.1999  0.1999  0.1999  0.1999  0.1999  0.2000  0.2000  0.2000  0.2000
  160.00  0.7879  0.7638  0.7432  0.7194  0.6876  0.6023  0.2912  0.2005  0.1999  0.1999  0.1999  0.1999  0.1999  0.1999  0.1999  0.1999  0.2000  0.2000  0.2000  0.2000
  162.50  0.7884  0.7648  0.7443  0.7214  0.6911  0.6152  0.3198  0.2009  0.1999  0.1999  0.1999  0.1999  0.1999  0.1999  0.1999  0.1999  0.2000  0.2000  0.2000  0.2000
  165.00  0.7888  0.7658  0.7454  0.7234  0.6942  0.6269  0.3497  0.2016  0.1999  0.1999  0.1999  0.1999  0.1999  0.1999  0.1999  0.1999  0.2000  0.2000  0.2000  0.2000
  167.50  0.7893  0.7668  0.7464  0.7252  0.6970  0.6374  0.3809  0.2028  0.1999  0.1999  0.1999  0.1999  0.1999  0.1999  0.1999  0.1999  0.2000  0.2000  0.2000  0.2000
  170.00  0.7898  0.7677  0.7474  0.7270  0.6996  0.6466  0.4131  0.2046  0.1999  0.1999  0.1999  0.1999  0.1999  0.1999  0.1999  0.1999  0.2000  0.2000  0.2000  0.2000
  172.50  0.7902  0.7686  0.7483  0.7287  0.7020  0.6546  0.4459  0.2073  0.1999  0.1999  0.1999  0.1999  0.1999  0.1999  0.1999  0.1999  0.2000  0.2000  0.2000  0.2000
  175.00  0.7906  0.7695  0.7492  0.7304  0.7043  0.6615  0.4791  0.2109  0.1999  0.1999  0.1999  0.1999  0.1999  0.1999  0.1999  0.1999  0.2000  0.2000  0.2000  0.2000
  177.50  0.7910  0.7704  0.7501  0.7320  0.7066  0.6675  0.5116  0.2164  0.1999  0.1999  0.1999  0.1999  0.1999  0.1999  0.1999  0.1999  0.2000  0.2000  0.2000  0.2000
  180.00  0.7914  0.7713  0.7509  0.7335  0.7088  0.6728  0.5411  0.2257  0.2000  0.1999  0.1999  0.1999  0.1999  0.1999  0.1999  0.1999  0.2000  0.2000  0.2000  0.2000
  182.50  0.7917  0.7721  0.7517  0.7349  0.7109  0.6775  0.5650  0.2415  0.2001  0.1999  0.1999  0.1999  0.1999  0.1999  0.1999  0.1999  0.2000  0.2000  0.2000  0.2000
  185.00  0.7921  0.7729  0.7525  0.7362  0.7130  0.6817  0.5842  0.2625  0.2002  0.1999  0.1999  0.1999  0.1999  0.1999  0.1999  0.1999  0.2000  0.2000  0.2000  0.2000
  187.50  0.7924  0.7737  0.7534  0.7375  0.7150  0.6854  0.5998  0.2876  0.2005  0.1999  0.1999  0.1999  0.1999  0.1999  0.1999  0.1999  0.2000  0.2000  0.2000  0.2000
  190.00  0.7927  0.7745  0.7542  0.7386  0.7169  0.6888  0.6127  0.3159  0.2009  0.1999  0.1999  0.1999  0.1999  0.1999  0.1999  0.1999  0.2000  0.2000  0.2000  0.2000
  192.50  0.7930  0.7753  0.7550  0.7398  0.7188  0.6919  0.6245  0.3454  0.2015  0.1999  0.1999  0.1999  0.1999  0.1999  0.1999  0.1999  0.2000  0.2000  0.2000  0.2000
  195.00  0.7933  0.7760  0.7559  0.7408  0.7206  0.6946  0.6350  0.3763  0.2026  0.1999  0.1999  0.1999  0.1999  0.1999  0.1999  0.1999  0.2000  0.2000  0.2000  0.2000
  197.50  0.7936  0.7767  0.7567  0.7418  0.7223  0.6972  0.6442  0.4082  0.2043  0.1999  0.1999  0.1999  0.1999  0.1999  0.1999  0.1999  0.2000  0.2000  0.2000  0.2000
  200.00  0.7939  0.7774  0.7575  0.7428  0.7240  0.6995  0.6523  0.4407  0.2068  0.1999  0.1999  0.1999  0.1999  0.1999  0.1999  0.1999  0.2000  0.2000  0.2000  0.2000
  202.50  0.7941  0.7781  0.7584  0.7437  0.7255  0.7016  0.6594  0.4736  0.2104  0.1999  0.1999  0.1999  0.1999  0.1999  0.1999  0.1999  0.2000  0.2000  0.2000  0.2000
  205.00  0.7944  0.7788  0.7592  0.7445  0.7271  0.7037  0.6655  0.5061  0.2155  0.2000  0.1999  0.1999  0.1999  0.1999  0.1999  0.1999  0.2000  0.2000  0.2000  0.2000
  207.50  0.7946  0.7794  0.7600  0.7454  0.7286  0.7057  0.6709  0.5365  0.2236  0.2000  0.1999  0.1999  0.1999  0.1999  0.1999  0.1999  0.2000  0.2000  0.2000  0.2000
  210.00  0.7948  0.7801  0.7608  0.7462  0.7300  0.7077  0.6756  0.5610  0.2384  0.2001  0.1999  0.1999  0.1999  0.1999  0.1999  0.1999  0.2000  0.2000  0.2000  0.2000
  212.50  0.7950  0.7807  0.7616  0.7469  0.7313  0.7097  0.6798  0.5809  0.2585  0.2002  0.1999  0.1999  0.1999  0.1999  0.1999  0.1999  0.2000  0.2000  0.2000  0.2000
  215.00  0.7952  0.7813  0.7624  0.7476  0.7326  0.7115  0.6836  0.5969  0.2829  0.2004  0.1999  0.1999  0.1999  0.1999  0.1999  0.1999  0.2000  0.2000  0.2000  0.2000
  217.50  0.7954  0.7819  0.7632  0.7483  0.7339  0.7134  0.6869  0.6101  0.3105  0.2008  0.1999  0.1999  0.1999  0.1999  0.1999  0.1999  0.2000  0.2000  0.2000  0.2000
  220.00  0.7956  0.7824  0.7640  0.7490  0.7351  0.7152  0.6899  0.6220  0.3398  0.2014  0.1999  0.1999  0.1999  0.1999  0.1999  0.1999  0.2000  0.2000  0.2000  0.2000
  222.50  0.7958  0.7830  0.7648  0.7497  0.7363  0.7169  0.6927  0.6326  0.3704  0.2024  0.1999  0.1999  0.1999  0.1999  0.1999  0.1999  0.2000  0.2000  0.2000  0.2000
  225.00  0.7960  0.7835  0.7655  0.7503  0.7374  0.7185  0.6952  0.6419  0.4020  0.2040  0.1999  0.1999  0.1999  0.1999  0.1999  0.1999  0.2000  0.2000  0.2000  0.2000
  227.50  0.7962  0.7840  0.7663  0.7509  0.7385  0.7202  0.6975  0.6502  0.4343  0.2063  0.1999  0.1999  0.1999  0.1999  0.1999  0.1999  0.2000  0.2000  0.2000  0.2000
  230.00  0.7963  0.7845  0.7670  0.7515  0.7395  0.7217  0.6996  0.6573  0.4670  0.2096  0.1999  0.1999  0.1999  0.1999  0.1999  0.1999  0.2000  0.2000  0.2000  0.2000
  232.50  0.7965  0.7850  0.7678  0.7522  0.7404  0.7233  0.7015  0.6636  0.4995  0.2144  0.2000  0.1999  0.1999  0.1999  0.1999  0.1999  0.2000  0.2000  0.2000  0.2000
  235.00  0.7966  0.7855  0.7685  0.7528  0.7413  0.7247  0.7034  0.6691  0.5309  0.2210  0.2000  0.1999  0.1999  0.1999  0.1999  0.1999  0.2000  0.2000  0.2000  0.2000
  237.50  0.7968  0.7860  0.7692  0.7535  0.7421  0.7261  0.7053  0.6739  0.5563  0.2347  0.2001  0.1999  0.1999  0.1999  0.1999  0.1999  0.2000  0.2000  0.2000  0.2000
  240.00  0.7969  0.7864  0.7699  0.7541  0.7429  0.7275  0.7071  0.6782  0.5770  0.2537  0.2002  0.1999  0.1999  0.1999  0.1999  0.1999  0.2000  0.2000  0.2000  0.2000
  242.50  0.7970  0.7868  0.7706  0.7548  0.7437  0.7288  0.7089  0.6819  0.5936  0.2773  0.2004  0.1999  0.1999  0.1999  0.1999  0.1999  0.2000  0.2000  0.2000  0.2000
  245.00  0.7971  0.7873  0.7713  0.7554  0.7444  0.7301  0.7106  0.6853  0.6072  0.3043  0.2007  0.1999  0.1999  0.1999  0.1999  0.1999  0.2000  0.2000  0.2000  0.2000
  247.50  0.7973  0.7877  0.7719  0.7561  0.7451  0.7313  0.7123  0.6883  0.6193  0.3332  0.2012  0.1999  0.1999  0.1999  0.1999  0.1999  0.2000  0.2000  0.2000  0.2000
  250.00  0.7974  0.7881  0.7726  0.7567  0.7458  0.7324  0.7140  0.6911  0.6300  0.3635  0.2021  0.1999  0.1999  0.1999  0.1999  0.1999  0.2000  0.2000  0.2000  0.2000
  252.50  0.7975  0.7885  0.7732  0.7574  0.7464  0.7336  0.7156  0.6935  0.6395  0.3948  0.2036  0.1999  0.1999  0.1999  0.1999  0.1999  0.2000  0.2000  0.2000  0.2000
  255.00  0.7976  0.7888  0.7739  0.7581  0.7470  0.7346  0.7171  0.6958  0.6479  0.4269  0.2057  0.1999  0.1999  0.1999  0.1999  0.1999  0.2000  0.2000  0.2000  0.2000
  257.50  0.7977  0.7892  0.7745  0.7587  0.7476  0.7357  0.7186  0.6979  0.6552  0.4595  0.2088  0.1999  0.1999  0.1999  0.1999  0.1999  0.2000  0.2000  0.2000  0.2000
  260.00  0.7978  0.7896  0.7751  0.7594  0.7481  0.7367  0.7201  0.6998  0.6616  0.4920  0.2131  0.2000  0.1999  0.1999  0.1999  0.1999  0.2000  0.2000  0.2000  0.2000
  262.50  0.7979  0.7899  0.7757  0.7601  0.7487  0.7377  0.7215  0.7016  0.6672  0.5236  0.2193  0.2000  0.1999  0.1999  0.1999  0.1999  0.2000  0.2000  0.2000  0.2000
  265.00  0.7980  0.7902  0.7763  0.7607  0.7492  0.7386  0.7229  0.7033  0.6722  0.5503  0.2313  0.2001  0.1999  0.1999  0.1999  0.1999  0.2000  0.2000  0.2000  0.2000
  267.50  0.7981  0.7906  0.7769  0.7614  0.7497  0.7395  0.7242  0.7051  0.6765  0.5722  0.2489  0.2002  0.1999  0.1999  0.1999  0.1999  0.2000  0.2000  0.2000  0.2000
  270.00  0.7981  0.7909  0.7775  0.7620  0.7502  0.7403  0.7255  0.7067  0.6804  0.5896  0.2715  0.2003  0.1999  0.1999  0.1999  0.1999  0.2000  0.2000  0.2000  0.2000
  272.50  0.7982  0.7912  0.7780  0.7627  0.7507  0.7411  0.7268  0.7084  0.6838  0.6038  0.2977  0.2006  0.1999  0.1999  0.1999  0.1999  0.2000  0.2000  0.2000  0.2000
  275.00  0.7983  0.7915  0.7786  0.7633  0.7512  0.7419  0.7280  0.7100  0.6869  0.6161  0.3262  0.2011  0.1999  0.1999  0.1999  0.1999  0.2000  0.2000  0.2000  0.2000
  277.50  0.7984  0.7918  0.7791  0.7640  0.7517  0.7426  0.7292  0.7116  0.6896  0.6271  0.3561  0.2019  0.1999  0.1999  0.1999  0.1999  0.2000  0.2000  0.2000  0.2000
  280.00  0.7984  0.7920  0.7796  0.7646  0.7522  0.7433  0.7303  0.7131  0.6921  0.6369  0.3871  0.2032  0.1999  0.1999  0.1999  0.1999  0.2000  0.2000  0.2000  0.2000
  282.50  0.7985  0.7923  0.7802  0.7652  0.7527  0.7440  0.7314  0.7146  0.6943  0.6455  0.4189  0.2051  0.1999  0.1999  0.1999  0.1999  0.2000  0.2000  0.2000  0.2000
  285.00  0.7986  0.7926  0.7807  0.7658  0.7532  0.7446  0.7325  0.7161  0.6964  0.6530  0.4513  0.2080  0.1999  0.1999  0.1999  0.1999  0.2000  0.2000  0.2000  0.2000
  287.50  0.7986  0.7928  0.7812  0.7665  0.7537  0.7452  0.7335  0.7175  0.6983  0.6595  0.4838  0.2119  0.2000  0.1999  0.1999  0.1999  0.2000  0.2000  0.2000  0.2000
  290.00  0.7987  0.7931  0.7816  0.7671  0.7543  0.7457  0.7345  0.7189  0.7001  0.6653  0.5156  0.2176  0.2000  0.1999  0.1999  0.1999  0.2000  0.2000  0.2000  0.2000
  292.50  0.7988  0.7933  0.7821  0.7677  0.7548  0.7463  0.7355  0.7202  0.7017  0.6704  0.5438  0.2278  0.2001  0.1999  0.1999  0.1999  0.2000  0.2000  0.2000  0.2000
  295.00  0.7988  0.7935  0.7826  0.7683  0.7553  0.7468  0.7364  0.7215  0.7034  0.6749  0.5667  0.2441  0.2001  0.1999  0.1999  0.1999  0.2000  0.2000  0.2000  0.2000
  297.50  0.7989  0.7937  0.7830  0.7689  0.7559  0.7472  0.7372  0.7228  0.7050  0.6789  0.5851  0.2654  0.2003  0.1999  0.1999  0.1999  0.2000  0.2000  0.2000  0.2000
  300.00  0.7989  0.7940  0.7835  0.7695  0.7564  0.7477  0.7381  0.7240  0.7065  0.6824  0.6001  0.2907  0.2006  0.1999  0.1999  0.1999  0.2000  0.2000  0.2000  0.2000
  302.50  0.7990  0.7942  0.7839  0.7701  0.7570  0.7482  0.7389  0.7253  0.7081  0.6855  0.6125  0.3188  0.2010  0.1999  0.1999  0.1999  0.2000  0.2000  0.2000  0.2000
  305.00  0.7990  0.7944  0.7844  0.7707  0.7575  0.7486  0.7397  0.7264  0.7096  0.6882  0.6238  0.3482  0.2017  0.1999  0.1999  0.1999  0.2000  0.2000  0.2000  0.2000
  307.50  0.7990  0.7946  0.7848  0.7712  0.7581  0.7490  0.7404  0.7276  0.7111  0.6907  0.6339  0.3789  0.2028  0.1999  0.1999  0.1999  0.2000  0.2000  0.2000  0.2000
  310.00  0.7991  0.7947  0.7852  0.7718  0.7586  0.7494  0.7412  0.7286  0.7125  0.6930  0.6428  0.4104  0.2046  0.1999  0.1999  0.1999  0.2000  0.2000  0.2000  0.2000
  312.50  0.7991  0.7949  0.7856  0.7724  0.7592  0.7498  0.7419  0.7297  0.7139  0.6951  0.6506  0.4426  0.2072  0.2000  0.1999  0.1999  0.2000  0.2000  0.2000  0.2000
  315.00  0.7992  0.7951  0.7860  0.7729  0.7597  0.7502  0.7425  0.7307  0.7153  0.6970  0.6574  0.4750  0.2107  0.2000  0.1999  0.1999  0.2000  0.2000  0.2000  0.2000
  317.50  0.7992  0.7953  0.7864  0.7735  0.7603  0.7506  0.7432  0.7318  0.7166  0.6988  0.6633  0.5070  0.2159  0.2000  0.1999  0.1999  0.2000  0.2000  0.2000  0.2000
  320.00  0.7992  0.7954  0.7867  0.7740  0.7608  0.7510  0.7438  0.7327  0.7179  0.7004  0.6685  0.5367  0.2242  0.2001  0.1999  0.1999  0.2000  0.2000  0.2000  0.2000
  322.50  0.7993  0.7956  0.7871  0.7745  0.7614  0.7514  0.7443  0.7337  0.7192  0.7019  0.6732  0.5608  0.2390  0.2001  0.1999  0.1999  0.2000  0.2000  0.2000  0.2000
  325.00  0.7993  0.7957  0.7874  0.7751  0.7620  0.7518  0.7449  0.7346  0.7205  0.7035  0.6773  0.5803  0.2590  0.2003  0.1999  0.1999  0.2000  0.2000  0.2000  0.2000
  327.50  0.7993  0.7959  0.7878  0.7756  0.7625  0.7523  0.7454  0.7354  0.7217  0.7050  0.6809  0.5961  0.2833  0.2005  0.1999  0.1999  0.2000  0.2000  0.2000  0.2000
  330.00  0.7994  0.7960  0.7881  0.7761  0.7631  0.7527  0.7458  0.7363  0.7229  0.7064  0.6841  0.6091  0.3107  0.2009  0.1999  0.1999  0.2000  0.2000  0.2000  0.2000
  332.50  0.7994  0.7962  0.7885  0.7766  0.7636  0.7531  0.7463  0.7371  0.7240  0.7079  0.6869  0.6207  0.3397  0.2015  0.1999  0.1999  0.2000  0.2000  0.2000  0.2000
  335.00  0.7994  0.7963  0.7888  0.7771  0.7641  0.7536  0.7467  0.7379  0.7251  0.7093  0.6895  0.6310  0.3700  0.2024  0.1999  0.1999  0.2000  0.2000  0.2000  0.2000
  337.50  0.7994  0.7964  0.7891  0.7776  0.7647  0.7540  0.7472  0.7386  0.7262  0.7107  0.6918  0.6402  0.4013  0.2040  0.2000  0.1999  0.2000  0.2000  0.2000  0.2000
  340.00  0.7995  0.7966  0.7894  0.7781  0.7652  0.7544  0.7476  0.7393  0.7273  0.7121  0.6939  0.6482  0.4333  0.2063  0.2000  0.1999  0.2000  0.2000  0.2000  0.2000
  342.50  0.7995  0.7967  0.7897  0.7785  0.7658  0.7549  0.7479  0.7400  0.7283  0.7134  0.6958  0.6552  0.4656  0.2096  0.2000  0.1999  0.2000  0.2000  0.2000  0.2000
  345.00  0.7995  0.7968  0.7900  0.7790  0.7663  0.7554  0.7483  0.7407  0.7293  0.7147  0.6976  0.6613  0.4977  0.2143  0.2000  0.1999  0.2000  0.2000  0.2000  0.2000
  347.50  0.7995  0.7969  0.7903  0.7795  0.7668  0.7558  0.7487  0.7413  0.7303  0.7160  0.6992  0.6667  0.5289  0.2208  0.2000  0.1999  0.2000  0.2000  0.2000  0.2000
  350.00  0.7996  0.7970  0.7906  0.7799  0.7674  0.7563  0.7490  0.7420  0.7312  0.7172  0.7007  0.6715  0.5543  0.2340  0.2001  0.1999  0.2000  0.2000  0.2000  0.2000
  352.50  0.7996  0.7971  0.7908  0.7804  0.7679  0.7567  0.7494  0.7426  0.7321  0.7184  0.7022  0.6758  0.5751  0.2525  0.2002  0.1999  0.2000  0.2000  0.2000  0.2000
  355.00  0.7996  0.7972  0.7911  0.7808  0.7684  0.7572  0.7497  0.7431  0.7330  0.7196  0.7036  0.6795  0.5917  0.2757  0.2004  0.1999  0.2000  0.2000  0.2000  0.2000
  357.50  0.7996  0.7973  0.7913  0.7812  0.7689  0.7577  0.7500  0.7437  0.7339  0.7208  0.7050  0.6828  0.6054  0.3022  0.2007  0.1999  0.2000  0.2000  0.2000  0.2000
  360.00  0.7996  0.7974  0.7916  0.7816  0.7695  0.7582  0.7503  0.7442  0.7347  0.7219  0.7064  0.6857  0.6173  0.3308  0.2012  0.2000  0.2000  0.2000  0.2000  0.2000
  362.50  0.7997  0.7975  0.7918  0.7821  0.7700  0.7586  0.7507  0.7447  0.7355  0.7230  0.7078  0.6883  0.6280  0.3608  0.2021  0.2000  0.2000  0.2000  0.2000  0.2000
  365.00  0.7997  0.7976  0.7921  0.7825  0.7705  0.7591  0.7510  0.7452  0.7363  0.7241  0.7091  0.6907  0.6374  0.3918  0.2035  0.2000  0.2000  0.2000  0.2000  0.2000
  367.50  0.7997  0.7977  0.7923  0.7829  0.7710  0.7596  0.7513  0.7456  0.7371  0.7251  0.7104  0.6928  0.6457  0.4236  0.2056  0.2000  0.2000  0.2000  0.2000  0.2000
  370.00  0.7997  0.7978  0.7925  0.7833  0.7715  0.7601  0.7517  0.7461  0.7378  0.7262  0.7117  0.6947  0.6530  0.4558  0.2085  0.2000  0.2000  0.2000  0.2000  0.2000
  372.50  0.7997  0.7979  0.7928  0.7836  0.7720  0.7606  0.7520  0.7465  0.7385  0.7272  0.7130  0.6965  0.6593  0.4880  0.2127  0.2000  0.2000  0.2000  0.2000  0.2000
  375.00  0.7997  0.7980  0.7930  0.7840  0.7725  0.7610  0.7524  0.7468  0.7392  0.7281  0.7142  0.6981  0.6649  0.5195  0.2186  0.2000  0.2000  0.2000  0.2000  0.2000
  377.50  0.7997  0.7980  0.7932  0.7844  0.7729  0.7615  0.7527  0.7472  0.7398  0.7291  0.7155  0.6996  0.6698  0.5467  0.2297  0.2001  0.2000  0.2000  0.2000  0.2000
  380.00  0.7998  0.7981  0.7934  0.7848  0.7734  0.7620  0.7531  0.7475  0.7404  0.7300  0.7166  0.7011  0.6742  0.5689  0.2465  0.2002  0.2000  0.2000  0.2000  0.2000
  382.50  0.7998  0.7982  0.7936  0.7851  0.7739  0.7625  0.7535  0.7479  0.7410  0.7309  0.7178  0.7024  0.6781  0.5867  0.2683  0.2004  0.2000  0.2000  0.2000  0.2000
  385.00  0.7998  0.7982  0.7938  0.7855  0.7744  0.7630  0.7539  0.7482  0.7416  0.7317  0.7189  0.7038  0.6815  0.6012  0.2939  0.2006  0.2000  0.2000  0.2000  0.2000
  387.50  0.7998  0.7983  0.7940  0.7858  0.7748  0.7634  0.7542  0.7485  0.7422  0.7326  0.7200  0.7051  0.6845  0.6134  0.3220  0.2011  0.2000  0.2000  0.2000  0.2000
  390.00  0.7998  0.7984  0.7941  0.7862  0.7753  0.7639  0.7546  0.7488  0.7427  0.7334  0.7211  0.7065  0.6871  0.6244  0.3515  0.2018  0.2000  0.2000  0.2000  0.2000
  392.50  0.7998  0.7984  0.7943  0.7865  0.7757  0.7644  0.7550  0.7491  0.7432  0.7342  0.7222  0.7078  0.6895  0.6343  0.3822  0.2030  0.2000  0.2000  0.2000  0.2000
  395.00  0.7998  0.7985  0.7945  0.7868  0.7762  0.7649  0.7554  0.7494  0.7437  0.7350  0.7232  0.7090  0.6917  0.6430  0.4136  0.2048  0.2000  0.2000  0.2000  0.2000
  397.50  0.7998  0.7985  0.7947  0.7871  0.7766  0.7654  0.7558  0.7497  0.7442  0.7357  0.7242  0.7103  0.6937  0.6505  0.4457  0.2075  0.2000  0.2000  0.2000  0.2000
  400.00  0.7998  0.7986  0.7948  0.7875  0.7771  0.7658  0.7562  0.7499  0.7447  0.7364  0.7252  0.7115  0.6955  0.6571  0.4779  0.2112  0.2000  0.2000  0.2000  0.2000
