 TIME, RATES AND OIL PRESSURES
   TIME   PL      P( 1)   P( 2)   P( 3)   P( 4)   P( 5)   P( 6)   P( 7)   P( 8)   P( 9)   P(10)   P(11)   P(12)   P(13)   P(14)   P(15)   P(16)   P(17)   P(18)   P(19)   P(20)   PR      
      X=    2.50    7.50   12.50   17.50   22.50   27.50   32.50   37.50   42.50   47.50   52.50   57.50   62.50   67.50   72.50   77.50   82.50   87.50   92.50   97.50
    0.00  200.00  200.00  200.00  200.00  200.00  200.00  200.00  200.00  200.00  200.00  200.00  200.00  200.00  200.00  200.00  200.00  200.00  200.00  200.00  200.00  200.00  200.00
    2.50  210.40  209.90  209.27  208.65  208.06  207.48  206.92  206.38  205.85  205.33  204.83  204.34  203.86  203.38  202.91  202.46  202.00  201.55  201.11  200.66  200.22  200.00
    5.00  212.62  212.10  211.44  210.79  210.14  209.50  208.86  208.23  207.60  206.97  206.35  205.74  205.12  204.51  203.90  203.30  202.70  202.09  201.50  200.90  200.30  200.00
    7.50  213.24  212.69  212.03  211.37  210.71  210.05  209.39  208.73  208.08  207.43  206.78  206.13  205.48  204.83  204.18  203.54  202.89  202.25  201.61  200.96  200.32  200.00
   10.00  213.43  212.85  212.19  211.52  210.86  210.20  209.53  208.87  208.21  207.55  206.89  206.23  205.58  204.92  204.26  203.60  202.95  202.29  201.64  200.98  200.33  200.00
   12.50  213.54  212.90  212.23  211.57  210.90  210.24  209.57  208.91  208.25  207.59  206.92  206.26  205.60  204.94  204.28  203.62  202.96  202.30  201.64  200.99  200.33  200.00
   15.00  213.66  212.91  212.24  211.58  210.91  210.25  209.58  208.92  208.26  207.60  206.93  206.27  205.61  204.95  204.29  203.63  202.97  202.31  201.65  200.99  200.33  200.00
   17.50  213.81  212.91  212.25  211.58  210.92  210.25  209.59  208.92  208.26  207.60  206.93  206.27  205.61  204.95  204.29  203.63  202.97  202.31  201.65  200.99  200.33  200.00
   20.00  213.78  212.91  212.25  211.58  210.92  210.25  209.59  208.92  208.26  207.60  206.94  206.27  205.61  204.95  204.29  203.63  202.97  202.31  201.65  200.99  200.33  200.00
   22.50  213.81  212.91  212.25  211.58  210.92  210.25  209.59  208.92  208.26  207.60  206.94  206.27  205.61  204.95  204.29  203.63  202.97  202.31  201.65  200.99  200.33  200.00
   25.00  213.81  212.91  212.25  211.58  210.92  210.25  209.59  208.92  208.26  207.60  206.94  206.27  205.61  204.95  204.29  203.63  202.97  202.31  201.65  200.99  200.33  200.00
   27.50  213.63  212.91  212.25  211.58  210.92  210.25  209.59  208.92  208.26  207.60  206.94  206.27  205.61  204.95  204.29  203.63  202.97  202.31  201.65  200.99  200.33  200.00
   30.00  213.58  212.91  212.25  211.58  210.92  210.25  209.59  208.92  208.26  207.60  206.94  206.27  205.61  204.95  204.29  203.63  202.97  202.31  201.65  200.99  200.33  200.00
   32.50  213.57  212.91  212.25  211.58  210.92  210.25  209.59  208.92  208.26  207.60  206.94  206.27  205.61  204.95  204.29  203.63  202.97  202.31  201.65  200.99  200.33  200.00
   35.00  213.57  212.91  212.25  211.58  210.92  210.25  209.59  208.92  208.26  207.60  206.94  206.27  205.61  204.95  204.29  203.63  202.97  202.31  201.65  200.99  200.33  200.00
   37.50  213.57  212.91  212.25  211.58  210.92  210.25  209.59  208.92  208.26  207.60  206.94  206.27  205.61  204.95  204.29  203.63  202.97  202.31  201.65  200.99  200.33  200.00
   40.00  213.57  212.91  212.25  211.58  210.92  210.25  209.59  208.92  208.26  207.60  206.94  206.27  205.61  204.95  204.29  203.63  202.97  202.31  201.65  200.99  200.33  200.00
   42.50  213.57  212.91  212.25  211.58  210.92  210.25  209.59  208.92  208.26  207.60  206.94  206.27  205.61  204.95  204.29  203.63  202.97  202.31  201.65  200.99  200.33  200.00
   45.00  213.57  212.91  212.25  211.58  210.92  210.25  209.59  208.92  208.26  207.60  206.94  206.27  205.61  204.95  204.29  203.63  202.97  202.31  201.65  200.99  200.33  200.00
   47.50  213.57  212.91  212.25  211.58  210.92  210.25  209.59  208.92  208.26  207.60  206.94  206.27  205.61  204.95  204.29  203.63  202.97  202.31  201.65  200.99  200.33  200.00
   50.00  213.57  212.91  212.25  211.58  210.92  210.25  209.59  208.92  208.26  207.60  206.94  206.27  205.61  204.95  204.29  203.63  202.97  202.31  201.65  200.99  200.33  200.00
   52.50  213.57  212.91  212.25  211.58  210.92  210.25  209.59  208.92  208.26  207.60  206.94  206.27  205.61  204.95  204.29  203.63  202.97  202.31  201.65  200.99  200.33  200.00
   55.00  213.57  212.91  212.25  211.58  210.92  210.25  209.59  208.92  208.26  207.60  206.94  206.27  205.61  204.95  204.29  203.63  202.97  202.31  201.65  200.99  200.33  200.00
   57.50  213.57  212.91  212.25  211.58  210.92  210.25  209.59  208.92  208.26  207.60  206.94  206.27  205.61  204.95  204.29  203.63  202.97  202.31  201.65  200.99  200.33  200.00
   60.00  213.57  212.91  212.25  211.58  210.92  210.25  209.59  208.92  208.26  207.60  206.94  206.27  205.61  204.95  204.29  203.63  202.97  202.31  201.65  200.99  200.33  200.00
   62.50  213.57  212.91  212.25  211.58  210.92  210.25  209.59  208.92  208.26  207.60  206.94  206.27  205.61  204.95  204.29  203.63  202.97  202.31  201.65  200.99  200.33  200.00
   65.00  213.57  212.91  212.25  211.58  210.92  210.25  209.59  208.92  208.26  207.60  206.94  206.27  205.61  204.95  204.29  203.63  202.97  202.31  201.65  200.99  200.33  200.00
   67.50  213.57  212.91  212.25  211.58  210.92  210.25  209.59  208.92  208.26  207.60  206.94  206.27  205.61  204.95  204.29  203.63  202.97  202.31  201.65  200.99  200.33  200.00
   70.00  213.57  212.91  212.25  211.58  210.92  210.25  209.59  208.92  208.26  207.60  206.94  206.27  205.61  204.95  204.29  203.63  202.97  202.31  201.65  200.99  200.33  200.00
   72.50  213.57  212.91  212.25  211.58  210.92  210.25  209.59  208.92  208.26  207.60  206.94  206.27  205.61  204.95  204.29  203.63  202.97  202.31  201.65  200.99  200.33  200.00
   75.00  213.57  212.91  212.25  211.58  210.92  210.25  209.59  208.92  208.26  207.60  206.94  206.27  205.61  204.95  204.29  203.63  202.97  202.31  201.65  200.99  200.33  200.00
   77.50  213.57  212.91  212.25  211.58  210.92  210.25  209.59  208.92  208.26  207.60  206.94  206.27  205.61  204.95  204.29  203.63  202.97  202.31  201.65  200.99  200.33  200.00
   80.00  213.57  212.91  212.25  211.58  210.92  210.25  209.59  208.92  208.26  207.60  206.94  206.27  205.61  204.95  204.29  203.63  202.97  202.31  201.65  200.99  200.33  200.00
   82.50  213.57  212.91  212.25  211.58  210.92  210.25  209.59  208.92  208.26  207.60  206.94  206.27  205.61  204.95  204.29  203.63  202.97  202.31  201.65  200.99  200.33  200.00
   85.00  213.57  212.91  212.25  211.58  210.92  210.25  209.59  208.92  208.26  207.60  206.94  206.27  205.61  204.95  204.29  203.63  202.97  202.31  201.65  200.99  200.33  200.00
   87.50  213.57  212.91  212.25  211.58  210.92  210.25  209.59  208.92  208.26  207.60  206.94  206.27  205.61  204.95  204.29  203.63  202.97  202.31  201.65  200.99  200.33  200.00
   90.00  213.57  212.91  212.25  211.58  210.92  210.25  209.59  208.92  208.26  207.60  206.94  206.27  205.61  204.95  204.29  203.63  202.97  202.31  201.65  200.99  200.33  200.00
   92.50  213.57  212.91  212.25  211.58  210.92  210.25  209.59  208.92  208.26  207.60  206.94  206.27  205.61  204.95  204.29  203.63  202.97  202.31  201.65  200.99  200.33  200.00
   95.00  213.57  212.91  212.25  211.58  210.92  210.25  209.59  208.92  208.26  207.60  206.94  206.27  205.61  204.95  204.29  203.63  202.97  202.31  201.65  200.99  200.33  200.00
   97.50  213.57  212.91  212.25  211.58  210.92  210.25  209.59  208.92  208.26  207.60  206.94  206.27  205.61  204.95  204.29  203.63  202.97  202.31  201.65  200.99  200.33  200.00
  100.00  213.57  212.91  212.25  211.58  210.92  210.25  209.59  208.92  208.26  207.60  206.94  206.27  205.61  204.95  204.29  203.63  202.97  202.31  201.65  200.99  200.33  200.00
  102.50  213.57  212.91  212.25  211.58  210.92  210.25  209.59  208.92  208.26  207.60  206.94  206.27  205.61  204.95  204.29  203.63  202.97  202.31  201.65  200.99  200.33  200.00
  105.00  213.57  212.91  212.25  211.58  210.92  210.25  209.59  208.92  208.26  207.60  206.94  206.27  205.61  204.95  204.29  203.63  202.97  202.31  201.65  200.99  200.33  200.00
  107.50  213.57  212.91  212.25  211.58  210.92  210.25  209.59  208.92  208.26  207.60  206.94  206.27  205.61  204.95  204.29  203.63  202.97  202.31  201.65  200.99  200.33  200.00
  110.00  213.57  212.91  212.25  211.58  210.92  210.25  209.59  208.92  208.26  207.60  206.94  206.27  205.61  204.95  204.29  203.63  202.97  202.31  201.65  200.99  200.33  200.00
  112.50  213.57  212.91  212.25  211.58  210.92  210.25  209.59  208.92  208.26  207.60  206.94  206.27  205.61  204.95  204.29  203.63  202.97  202.31  201.65  200.99  200.33  200.00
  115.00  213.57  212.91  212.25  211.58  210.92  210.25  209.59  208.92  208.26  207.60  206.94  206.27  205.61  204.95  204.29  203.63  202.97  202.31  201.65  200.99  200.33  200.00
  117.50  213.57  212.91  212.25  211.58  210.92  210.25  209.59  208.92  208.26  207.60  206.94  206.27  205.61  204.95  204.29  203.63  202.97  202.31  201.65  200.99  200.33  200.00
  120.00  213.57  212.91  212.25  211.58  210.92  210.25  209.59  208.92  208.26  207.60  206.94  206.27  205.61  204.95  204.29  203.63  202.97  202.31  201.65  200.99  200.33  200.00
  122.50  213.57  212.91  212.25  211.58  210.92  210.25  209.59  208.92  208.26  207.60  206.94  206.27  205.61  204.95  204.29  203.63  202.97  202.31  201.65  200.99  200.33  200.00
  125.00  213.57  212.91  212.25  211.58  210.92  210.25  209.59  208.92  208.26  207.60  206.94  206.27  205.61  204.95  204.29  203.63  202.97  202.31  201.65  200.99  200.33  200.00
  127.50  213.57  212.91  212.25  211.58  210.92  210.25  209.59  208.92  208.26  207.60  206.94  206.27  205.61  204.95  204.29  203.63  202.97  202.31  201.65  200.99  200.33  200.00
  130.00  213.57  212.91  212.25  211.58  210.92  210.25  209.59  208.92  208.26  207.60  206.94  206.27  205.61  204.95  204.29  203.63  202.97  202.31  201.65  200.99  200.33  200.00
  132.50  213.57  212.91  212.25  211.58  210.92  210.25  209.59  208.92  208.26  207.60  206.94  206.27  205.61  204.95  204.29  203.63  202.97  202.31  201.65  200.99  200.33  200.00
  135.00  213.57  212.91  212.25  211.58  210.92  210.25  209.59  208.92  208.26  207.60  206.94  206.27  205.61  204.95  204.29  203.63  202.97  202.31  201.65  200.99  200.33  200.00
  137.50  213.57  212.91  212.25  211.58  210.92  210.25  209.59  208.92  208.26  207.60  206.94  206.27  205.61  204.95  204.29  203.63  202.97  202.31  201.65  200.99  200.33  200.00
  140.00  213.57  212.91  212.25  211.58  210.92  210.25  209.59  208.92  208.26  207.60  206.94  206.27  205.61  204.95  204.29  203.63  202.97  202.31  201.65  200.99  200.33  200.00
  142.50  213.57  212.91  212.25  211.58  210.92  210.25  209.59  208.92  208.26  207.60  206.94  206.27  205.61  204.95  204.29  203.63  202.97  202.31  201.65  200.99  200.33  200.00
  145.00  213.57  212.91  212.25  211.58  210.92  210.25  209.59  208.92  208.26  207.60  206.94  206.27  205.61  204.95  204.29  203.63  202.97  202.31  201.65  200.99  200.33  200.00
  147.50  213.57  212.91  212.25  211.58  210.92  210.25  209.59  208.92  208.26  207.60  206.94  206.27  205.61  204.95  204.29  203.63  202.97  202.31  201.65  200.99  200.33  200.00
  150.00  213.57  212.91  212.25  211.58  210.92  210.25  209.59  208.92  208.26  207.60  206.94  206.27  205.61  204.95  204.29  203.63  202.97  202.31  201.65  200.99  200.33  200.00
  152.50  213.57  212.91  212.25  211.58  210.92  210.25  209.59  208.92  208.26  207.60  206.94  206.27  205.61  204.95  204.29  203.63  202.97  202.31  201.65  200.99  200.33  200.00
  155.00  213.57  212.91  212.25  211.58  210.92  210.25  209.59  208.92  208.26  207.60  206.94  206.27  205.61  204.95  204.29  203.63  202.97  202.31  201.65  200.99  200.33  200.00
  157.50  213.57  212.91  212.25  211.58  210.92  210.25  209.59  208.92  208.26  207.60  206.94  206.27  205.61  204.95  204.29  203.63  202.97  202.31  201.65  200.99  200.33  200.00
  160.00  213.57  212.91  212.25  211.58  210.92  210.25  209.59  208.92  208.26  207.60  206.94  206.27  205.61  204.95  204.29  203.63  202.97  202.31  201.65  200.99  200.33  200.00
  162.50  213.57  212.91  212.25  211.58  210.92  210.25  209.59  208.92  208.26  207.60  206.94  206.27  205.61  204.95  204.29  203.63  202.97  202.31  201.65  200.99  200.33  200.00
  165.00  213.57  212.91  212.25  211.58  210.92  210.25  209.59  208.92  208.26  207.60  206.94  206.27  205.61  204.95  204.29  203.63  202.97  202.31  201.65  200.99  200.33  200.00
  167.50  213.57  212.91  212.25  211.58  210.92  210.25  209.59  208.92  208.26  207.60  206.94  206.27  205.61  204.95  204.29  203.63  202.97  202.31  201.65  200.99  200.33  200.00
  170.00  213.57  212.91  212.25  211.58  210.92  210.25  209.59  208.92  208.26  207.60  206.94  206.27  205.61  204.95  204.29  203.63  202.97  202.31  201.65  200.99  200.33  200.00
  172.50  213.57  212.91  212.25  211.58  210.92  210.25  209.59  208.92  208.26  207.60  206.94  206.27  205.61  204.95  204.29  203.63  202.97  202.31  201.65  200.99  200.33  200.00
  175.00  213.57  212.91  212.25  211.58  210.92  210.25  209.59  208.92  208.26  207.60  206.94  206.27  205.61  204.95  204.29  203.63  202.97  202.31  201.65  200.99  200.33  200.00
  177.50  213.57  212.91  212.25  211.58  210.92  210.25  209.59  208.92  208.26  207.60  206.94  206.27  205.61  204.95  204.29  203.63  202.97  202.31  201.65  200.99  200.33  200.00
  180.00  213.57  212.91  212.25  211.58  210.92  210.25  209.59  208.92  208.26  207.60  206.94  206.27  205.61  204.95  204.29  203.63  202.97  202.31  201.65  200.99  200.33  200.00
  182.50  213.57  212.91  212.25  211.58  210.92  210.25  209.59  208.92  208.26  207.60  206.94  206.27  205.61  204.95  204.29  203.63  202.97  202.31  201.65  200.99  200.33  200.00
  185.00  213.57  212.91  212.25  211.58  210.92  210.25  209.59  208.92  208.26  207.60  206.94  206.27  205.61  204.95  204.29  203.63  202.97  202.31  201.65  200.99  200.33  200.00
  187.50  213.57  212.91  212.25  211.58  210.92  210.25  209.59  208.92  208.26  207.60  206.94  206.27  205.61  204.95  204.29  203.63  202.97  202.31  201.65  200.99  200.33  200.00
  190.00  213.57  212.91  212.25  211.58  210.92  210.25  209.59  208.92  208.26  207.60  206.94  206.27  205.61  204.95  204.29  203.63  202.97  202.31  201.65  200.99  200.33  200.00
  192.50  213.57  212.91  212.25  211.58  210.92  210.25  209.59  208.92  208.26  207.60  206.94  206.27  205.61  204.95  204.29  203.63  202.97  202.31  201.65  200.99  200.33  200.00
  195.00  213.57  212.91  212.25  211.58  210.92  210.25  209.59  208.92  208.26  207.60  206.94  206.27  205.61  204.95  204.29  203.63  202.97  202.31  201.65  200.99  200.33  200.00
  197.50  213.57  212.91  212.25  211.58  210.92  210.25  209.59  208.92  208.26  207.60  206.94  206.27  205.61  204.95  204.29  203.63  202.97  202.31  201.65  200.99  200.33  200.00
  200.00  213.57  212.91  212.25  211.58  210.92  210.25  209.59  208.92  208.26  207.60  206.94  206.27  205.61  204.95  204.29  203.63  202.97  202.31  201.65  200.99  200.33  200.00
  202.50  213.57  212.91  212.25  211.58  210.92  210.25  209.59  208.92  208.26  207.60  206.94  206.27  205.61  204.95  204.29  203.63  202.97  202.31  201.65  200.99  200.33  200.00
  205.00  213.57  212.91  212.25  211.58  210.92  210.25  209.59  208.92  208.26  207.60  206.94  206.27  205.61  204.95  204.29  203.63  202.97  202.31  201.65  200.99  200.33  200.00
  207.50  213.57  212.91  212.25  211.58  210.92  210.25  209.59  208.92  208.26  207.60  206.94  206.27  205.61  204.95  204.29  203.63  202.97  202.31  201.65  200.99  200.33  200.00
  210.00  213.57  212.91  212.25  211.58  210.92  210.25  209.59  208.92  208.26  207.60  206.94  206.27  205.61  204.95  204.29  203.63  202.97  202.31  201.65  200.99  200.33  200.00
  212.50  213.57  212.91  212.25  211.58  210.92  210.25  209.59  208.92  208.26  207.60  206.94  206.27  205.61  204.95  204.29  203.63  202.97  202.31  201.65  200.99  200.33  200.00
  215.00  213.57  212.91  212.25  211.58  210.92  210.25  209.59  208.92  208.26  207.60  206.94  206.27  205.61  204.95  204.29  203.63  202.97  202.31  201.65  200.99  200.33  200.00
  217.50  213.57  212.91  212.25  211.58  210.92  210.25  209.59  208.92  208.26  207.60  206.94  206.27  205.61  204.95  204.29  203.63  202.97  202.31  201.65  200.99  200.33  200.00
  220.00  213.57  212.91  212.25  211.58  210.92  210.25  209.59  208.92  208.26  207.60  206.94  206.27  205.61  204.95  204.29  203.63  202.97  202.31  201.65  200.99  200.33  200.00
  222.50  213.57  212.91  212.25  211.58  210.92  210.25  209.59  208.92  208.26  207.60  206.94  206.27  205.61  204.95  204.29  203.63  202.97  202.31  201.65  200.99  200.33  200.00
  225.00  213.57  212.91  212.25  211.58  210.92  210.25  209.59  208.92  208.26  207.60  206.94  206.27  205.61  204.95  204.29  203.63  202.97  202.31  201.65  200.99  200.33  200.00
  227.50  213.57  212.91  212.25  211.58  210.92  210.25  209.59  208.92  208.26  207.60  206.94  206.27  205.61  204.95  204.29  203.63  202.97  202.31  201.65  200.99  200.33  200.00
  230.00  213.57  212.91  212.25  211.58  210.92  210.25  209.59  208.92  208.26  207.60  206.94  206.27  205.61  204.95  204.29  203.63  202.97  202.31  201.65  200.99  200.33  200.00
  232.50  213.57  212.91  212.25  211.58  210.92  210.25  209.59  208.92  208.26  207.60  206.94  206.27  205.61  204.95  204.29  203.63  202.97  202.31  201.65  200.99  200.33  200.00
  235.00  213.57  212.91  212.25  211.58  210.92  210.25  209.59  208.92  208.26  207.60  206.94  206.27  205.61  204.95  204.29  203.63  202.97  202.31  201.65  200.99  200.33  200.00
  237.50  213.57  212.91  212.25  211.58  210.92  210.25  209.59  208.92  208.26  207.60  206.94  206.27  205.61  204.95  204.29  203.63  202.97  202.31  201.65  200.99  200.33  200.00
  240.00  213.57  212.91  212.25  211.58  210.92  210.25  209.59  208.92  208.26  207.60  206.94  206.27  205.61  204.95  204.29  203.63  202.97  202.31  201.65  200.99  200.33  200.00
  242.50  213.57  212.91  212.25  211.58  210.92  210.25  209.59  208.92  208.26  207.60  206.94  206.27  205.61  204.95  204.29  203.63  202.97  202.31  201.65  200.99  200.33  200.00
  245.00  213.57  212.91  212.25  211.58  210.92  210.25  209.59  208.92  208.26  207.60  206.94  206.27  205.61  204.95  204.29  203.63  202.97  202.31  201.65  200.99  200.33  200.00
  247.50  213.57  212.91  212.25  211.58  210.92  210.25  209.59  208.92  208.26  207.60  206.94  206.27  205.61  204.95  204.29  203.63  202.97  202.31  201.65  200.99  200.33  200.00
  250.00  213.57  212.91  212.25  211.58  210.92  210.25  209.59  208.92  208.26  207.60  206.94  206.27  205.61  204.95  204.29  203.63  202.97  202.31  201.65  200.99  200.33  200.00
  252.50  213.57  212.91  212.25  211.58  210.92  210.25  209.59  208.92  208.26  207.60  206.94  206.27  205.61  204.95  204.29  203.63  202.97  202.31  201.65  200.99  200.33  200.00
  255.00  213.57  212.91  212.25  211.58  210.92  210.25  209.59  208.92  208.26  207.60  206.94  206.27  205.61  204.95  204.29  203.63  202.97  202.31  201.65  200.99  200.33  200.00
  257.50  213.57  212.91  212.25  211.58  210.92  210.25  209.59  208.92  208.26  207.60  206.94  206.27  205.61  204.95  204.29  203.63  202.97  202.31  201.65  200.99  200.33  200.00
  260.00  213.57  212.91  212.25  211.58  210.92  210.25  209.59  208.92  208.26  207.60  206.94  206.27  205.61  204.95  204.29  203.63  202.97  202.31  201.65  200.99  200.33  200.00
  262.50  213.57  212.91  212.25  211.58  210.92  210.25  209.59  208.92  208.26  207.60  206.94  206.27  205.61  204.95  204.29  203.63  202.97  202.31  201.65  200.99  200.33  200.00
  265.00  213.57  212.91  212.25  211.58  210.92  210.25  209.59  208.92  208.26  207.60  206.94  206.27  205.61  204.95  204.29  203.63  202.97  202.31  201.65  200.99  200.33  200.00
  267.50  213.57  212.91  212.25  211.58  210.92  210.25  209.59  208.92  208.26  207.60  206.94  206.27  205.61  204.95  204.29  203.63  202.97  202.31  201.65  200.99  200.33  200.00
  270.00  213.57  212.91  212.25  211.58  210.92  210.25  209.59  208.92  208.26  207.60  206.94  206.27  205.61  204.95  204.29  203.63  202.97  202.31  201.65  200.99  200.33  200.00
  272.50  213.57  212.91  212.25  211.58  210.92  210.25  209.59  208.92  208.26  207.60  206.94  206.27  205.61  204.95  204.29  203.63  202.97  202.31  201.65  200.99  200.33  200.00
  275.00  213.57  212.91  212.25  211.58  210.92  210.25  209.59  208.92  208.26  207.60  206.94  206.27  205.61  204.95  204.29  203.63  202.97  202.31  201.65  200.99  200.33  200.00
  277.50  213.57  212.91  212.25  211.58  210.92  210.25  209.59  208.92  208.26  207.60  206.94  206.27  205.61  204.95  204.29  203.63  202.97  202.31  201.65  200.99  200.33  200.00
  280.00  213.57  212.91  212.25  211.58  210.92  210.25  209.59  208.92  208.26  207.60  206.94  206.27  205.61  204.95  204.29  203.63  202.97  202.31  201.65  200.99  200.33  200.00
  282.50  213.57  212.91  212.25  211.58  210.92  210.25  209.59  208.92  208.26  207.60  206.94  206.27  205.61  204.95  204.29  203.63  202.97  202.31  201.65  200.99  200.33  200.00
  285.00  213.57  212.91  212.25  211.58  210.92  210.25  209.59  208.92  208.26  207.60  206.94  206.27  205.61  204.95  204.29  203.63  202.97  202.31  201.65  200.99  200.33  200.00
  287.50  213.57  212.91  212.25  211.58  210.92  210.25  209.59  208.92  208.26  207.60  206.94  206.27  205.61  204.95  204.29  203.63  202.97  202.31  201.65  200.99  200.33  200.00
  290.00  213.57  212.91  212.25  211.58  210.92  210.25  209.59  208.92  208.26  207.60  206.94  206.27  205.61  204.95  204.29  203.63  202.97  202.31  201.65  200.99  200.33  200.00
  292.50  213.57  212.91  212.25  211.58  210.92  210.25  209.59  208.92  208.26  207.60  206.94  206.27  205.61  204.95  204.29  203.63  202.97  202.31  201.65  200.99  200.33  200.00
  295.00  213.57  212.91  212.25  211.58  210.92  210.25  209.59  208.92  208.26  207.60  206.94  206.27  205.61  204.95  204.29  203.63  202.97  202.31  201.65  200.99  200.33  200.00
  297.50  213.57  212.91  212.25  211.58  210.92  210.25  209.59  208.92  208.26  207.60  206.94  206.27  205.61  204.95  204.29  203.63  202.97  202.31  201.65  200.99  200.33  200.00
  300.00  213.57  212.91  212.25  211.58  210.92  210.25  209.59  208.92  208.26  207.60  206.94  206.27  205.61  204.95  204.29  203.63  202.97  202.31  201.65  200.99  200.33  200.00
  302.50  213.57  212.91  212.25  211.58  210.92  210.25  209.59  208.92  208.26  207.60  206.94  206.27  205.61  204.95  204.29  203.63  202.97  202.31  201.65  200.99  200.33  200.00
  305.00  213.57  212.91  212.25  211.58  210.92  210.25  209.59  208.92  208.26  207.60  206.94  206.27  205.61  204.95  204.29  203.63  202.97  202.31  201.65  200.99  200.33  200.00
  307.50  213.57  212.91  212.25  211.58  210.92  210.25  209.59  208.92  208.26  207.60  206.94  206.27  205.61  204.95  204.29  203.63  202.97  202.31  201.65  200.99  200.33  200.00
  310.00  213.57  212.91  212.25  211.58  210.92  210.25  209.59  208.92  208.26  207.60  206.94  206.27  205.61  204.95  204.29  203.63  202.97  202.31  201.65  200.99  200.33  200.00
  312.50  213.57  212.91  212.25  211.58  210.92  210.25  209.59  208.92  208.26  207.60  206.94  206.27  205.61  204.95  204.29  203.63  202.97  202.31  201.65  200.99  200.33  200.00
  315.00  213.57  212.91  212.25  211.58  210.92  210.25  209.59  208.92  208.26  207.60  206.94  206.27  205.61  204.95  204.29  203.63  202.97  202.31  201.65  200.99  200.33  200.00
  317.50  213.57  212.91  212.25  211.58  210.92  210.25  209.59  208.92  208.26  207.60  206.94  206.27  205.61  204.95  204.29  203.63  202.97  202.31  201.65  200.99  200.33  200.00
  320.00  213.57  212.91  212.25  211.58  210.92  210.25  209.59  208.92  208.26  207.60  206.94  206.27  205.61  204.95  204.29  203.63  202.97  202.31  201.65  200.99  200.33  200.00
  322.50  213.57  212.91  212.25  211.58  210.92  210.25  209.59  208.92  208.26  207.60  206.94  206.27  205.61  204.95  204.29  203.63  202.97  202.31  201.65  200.99  200.33  200.00
  325.00  213.57  212.91  212.25  211.58  210.92  210.25  209.59  208.92  208.26  207.60  206.94  206.27  205.61  204.95  204.29  203.63  202.97  202.31  201.65  200.99  200.33  200.00
  327.50  213.57  212.91  212.25  211.58  210.92  210.25  209.59  208.92  208.26  207.60  206.94  206.27  205.61  204.95  204.29  203.63  202.97  202.31  201.65  200.99  200.33  200.00
  330.00  213.57  212.91  212.25  211.58  210.92  210.25  209.59  208.92  208.26  207.60  206.94  206.27  205.61  204.95  204.29  203.63  202.97  202.31  201.65  200.99  200.33  200.00
  332.50  213.57  212.91  212.25  211.58  210.92  210.25  209.59  208.92  208.26  207.60  206.94  206.27  205.61  204.95  204.29  203.63  202.97  202.31  201.65  200.99  200.33  200.00
  335.00  213.57  212.91  212.25  211.58  210.92  210.25  209.59  208.92  208.26  207.60  206.94  206.27  205.61  204.95  204.29  203.63  202.97  202.31  201.65  200.99  200.33  200.00
  337.50  213.57  212.91  212.25  211.58  210.92  210.25  209.59  208.92  208.26  207.60  206.94  206.27  205.61  204.95  204.29  203.63  202.97  202.31  201.65  200.99  200.33  200.00
  340.00  213.57  212.91  212.25  211.58  210.92  210.25  209.59  208.92  208.26  207.60  206.94  206.27  205.61  204.95  204.29  203.63  202.97  202.31  201.65  200.99  200.33  200.00
  342.50  213.57  212.91  212.25  211.58  210.92  210.25  209.59  208.92  208.26  207.60  206.94  206.27  205.61  204.95  204.29  203.63  202.97  202.31  201.65  200.99  200.33  200.00
  345.00  213.57  212.91  212.25  211.58  210.92  210.25  209.59  208.92  208.26  207.60  206.94  206.27  205.61  204.95  204.29  203.63  202.97  202.31  201.65  200.99  200.33  200.00
  347.50  213.57  212.91  212.25  211.58  210.92  210.25  209.59  208.92  208.26  207.60  206.94  206.27  205.61  204.95  204.29  203.63  202.97  202.31  201.65  200.99  200.33  200.00
  350.00  213.57  212.91  212.25  211.58  210.92  210.25  209.59  208.92  208.26  207.60  206.94  206.27  205.61  204.95  204.29  203.63  202.97  202.31  201.65  200.99  200.33  200.00
  352.50  213.57  212.91  212.25  211.58  210.92  210.25  209.59  208.92  208.26  207.60  206.94  206.27  205.61  204.95  204.29  203.63  202.97  202.31  201.65  200.99  200.33  200.00
  355.00  213.57  212.91  212.25  211.58  210.92  210.25  209.59  208.92  208.26  207.60  206.94  206.27  205.61  204.95  204.29  203.63  202.97  202.31  201.65  200.99  200.33  200.00
  357.50  213.57  212.91  212.25  211.58  210.92  210.25  209.59  208.92  208.26  207.60  206.94  206.27  205.61  204.95  204.29  203.63  202.97  202.31  201.65  200.99  200.33  200.00
  360.00  213.57  212.91  212.25  211.58  210.92  210.25  209.59  208.92  208.26  207.60  206.94  206.27  205.61  204.95  204.29  203.63  202.97  202.31  201.65  200.99  200.33  200.00
  362.50  213.57  212.91  212.25  211.58  210.92  210.25  209.59  208.92  208.26  207.60  206.94  206.27  205.61  204.95  204.29  203.63  202.97  202.31  201.65  200.99  200.33  200.00
  365.00  213.57  212.91  212.25  211.58  210.92  210.25  209.59  208.92  208.26  207.60  206.94  206.27  205.61  204.95  204.29  203.63  202.97  202.31  201.65  200.99  200.33  200.00
  367.50  213.57  212.91  212.25  211.58  210.92  210.25  209.59  208.92  208.26  207.60  206.94  206.27  205.61  204.95  204.29  203.63  202.97  202.31  201.65  200.99  200.33  200.00
  370.00  213.57  212.91  212.25  211.58  210.92  210.25  209.59  208.92  208.26  207.60  206.94  206.27  205.61  204.95  204.29  203.63  202.97  202.31  201.65  200.99  200.33  200.00
  372.50  213.57  212.91  212.25  211.58  210.92  210.25  209.59  208.92  208.26  207.60  206.94  206.27  205.61  204.95  204.29  203.63  202.97  202.31  201.65  200.99  200.33  200.00
  375.00  213.57  212.91  212.25  211.58  210.92  210.25  209.59  208.92  208.26  207.60  206.94  206.27  205.61  204.95  204.29  203.63  202.97  202.31  201.65  200.99  200.33  200.00
  377.50  213.57  212.91  212.25  211.58  210.92  210.25  209.59  208.92  208.26  207.60  206.94  206.27  205.61  204.95  204.29  203.63  202.97  202.31  201.65  200.99  200.33  200.00
  380.00  213.57  212.91  212.25  211.58  210.92  210.25  209.59  208.92  208.26  207.60  206.94  206.27  205.61  204.95  204.29  203.63  202.97  202.31  201.65  200.99  200.33  200.00
  382.50  213.57  212.91  212.25  211.58  210.92  210.25  209.59  208.92  208.26  207.60  206.94  206.27  205.61  204.95  204.29  203.63  202.97  202.31  201.65  200.99  200.33  200.00
  385.00  213.57  212.91  212.25  211.58  210.92  210.25  209.59  208.92  208.26  207.60  206.94  206.27  205.61  204.95  204.29  203.63  202.97  202.31  201.65  200.99  200.33  200.00
  387.50  213.57  212.91  212.25  211.58  210.92  210.25  209.59  208.92  208.26  207.60  206.94  206.27  205.61  204.95  204.29  203.63  202.97  202.31  201.65  200.99  200.33  200.00
  390.00  213.57  212.91  212.25  211.58  210.92  210.25  209.59  208.92  208.26  207.60  206.94  206.27  205.61  204.95  204.29  203.63  202.97  202.31  201.65  200.99  200.33  200.00
  392.50  213.57  212.91  212.25  211.58  210.92  210.25  209.59  208.92  208.26  207.60  206.94  206.27  205.61  204.95  204.29  203.63  202.97  202.31  201.65  200.99  200.33  200.00
  395.00  213.57  212.91  212.25  211.58  210.92  210.25  209.59  208.92  208.26  207.60  206.94  206.27  205.61  204.95  204.29  203.63  202.97  202.31  201.65  200.99  200.33  200.00
  397.50  213.57  212.91  212.25  211.58  210.92  210.25  209.59  208.92  208.26  207.60  206.94  206.27  205.61  204.95  204.29  203.63  202.97  202.31  201.65  200.99  200.33  200.00
  400.00  213.57  212.91  212.25  211.58  210.92  210.25  209.59  208.92  208.26  207.60  206.94  206.27  205.61  204.95  204.29  203.63  202.97  202.31  201.65  200.99  200.33  200.00
