 PRODUCTION/INJECTION RESULTS
   TIME   PL      QWI     PR       QOP      QWP     WC
    0.00  200.00  -25.00  200.00    0.00    0.00    0.00
    2.50  210.40  -25.00  200.00   11.18    0.00    0.00
    5.00  212.62  -25.00  200.00   15.14    0.00    0.00
    7.50  213.24  -25.00  200.00   16.26    0.00    0.00
   10.00  213.43  -25.00  200.00   16.57    0.00    0.00
   12.50  213.54  -25.00  200.00   16.66    0.00    0.00
   15.00  213.66  -25.00  200.00   16.68    0.00    0.00
   17.50  213.81  -25.00  200.00   16.69    0.00    0.00
   20.00  213.78  -25.00  200.00   16.69    0.00    0.00
   22.50  213.81  -25.00  200.00   16.69    0.00    0.00
   25.00  213.81  -25.00  200.00   16.69    0.00    0.00
   27.50  213.63  -25.00  200.00   16.69    0.00    0.00
   30.00  213.58  -25.00  200.00   16.69    0.00    0.00
   32.50  213.57  -25.00  200.00   16.69    0.00    0.00
   35.00  213.57  -25.00  200.00   16.69    0.00    0.00
   37.50  213.57  -25.00  200.00   16.69    0.00    0.00
   40.00  213.57  -25.00  200.00   16.69    0.00    0.00
   42.50  213.57  -25.00  200.00   16.69    0.00    0.00
   45.00  213.57  -25.00  200.00   16.69    0.00    0.00
   47.50  213.57  -25.00  200.00   16.69    0.00    0.00
   50.00  213.57  -25.00  200.00   16.69    0.00    0.00
   52.50  213.57  -25.00  200.00   16.69    0.00    0.00
   55.00  213.57  -25.00  200.00   16.69    0.00    0.00
   57.50  213.57  -25.00  200.00   16.69    0.00    0.00
   60.00  213.57  -25.00  200.00   16.69    0.00    0.00
   62.50  213.57  -25.00  200.00   16.69    0.00    0.00
   65.00  213.57  -25.00  200.00   16.69    0.00    0.00
   67.50  213.57  -25.00  200.00   16.69    0.00    0.00
   70.00  213.57  -25.00  200.00   16.69    0.00    0.00
   72.50  213.57  -25.00  200.00   16.69    0.00    0.00
   75.00  213.57  -25.00  200.00   16.69    0.00    0.00
   77.50  213.57  -25.00  200.00   16.69    0.00    0.00
   80.00  213.57  -25.00  200.00   16.69    0.00    0.00
   82.50  213.57  -25.00  200.00   16.69    0.00    0.00
   85.00  213.57  -25.00  200.00   16.69    0.00    0.00
   87.50  213.57  -25.00  200.00   16.69    0.00    0.00
   90.00  213.57  -25.00  200.00   16.69    0.00    0.00
   92.50  213.57  -25.00  200.00   16.69    0.00    0.00
   95.00  213.57  -25.00  200.00   16.69    0.00    0.00
   97.50  213.57  -25.00  200.00   16.69    0.00    0.00
  100.00  213.57  -25.00  200.00   16.69    0.00    0.00
  102.50  213.57  -25.00  200.00   16.69    0.00    0.00
  105.00  213.57  -25.00  200.00   16.69    0.00    0.00
  107.50  213.57  -25.00  200.00   16.69    0.00    0.00
  110.00  213.57  -25.00  200.00   16.69    0.00    0.00
  112.50  213.57  -25.00  200.00   16.69    0.00    0.00
  115.00  213.57  -25.00  200.00   16.69    0.00    0.00
  117.50  213.57  -25.00  200.00   16.69    0.00    0.00
  120.00  213.57  -25.00  200.00   16.69    0.00    0.00
  122.50  213.57  -25.00  200.00   16.69    0.00    0.00
  125.00  213.57  -25.00  200.00   16.69    0.00    0.00
  127.50  213.57  -25.00  200.00   16.69    0.00    0.00
  130.00  213.57  -25.00  200.00   16.69    0.00    0.00
  132.50  213.57  -25.00  200.00   16.69    0.00    0.00
  135.00  213.57  -25.00  200.00   16.69    0.00    0.00
  137.50  213.57  -25.00  200.00   16.69    0.00    0.00
  140.00  213.57  -25.00  200.00   16.69    0.00    0.00
  142.50  213.57  -25.00  200.00   16.69    0.00    0.00
  145.00  213.57  -25.00  200.00   16.69    0.00    0.00
  147.50  213.57  -25.00  200.00   16.69    0.00    0.00
  150.00  213.57  -25.00  200.00   16.69    0.00    0.00
  152.50  213.57  -25.00  200.00   16.69    0.00    0.00
  155.00  213.57  -25.00  200.00   16.69    0.00    0.00
  157.50  213.57  -25.00  200.00   16.69    0.00    0.00
  160.00  213.57  -25.00  200.00   16.69    0.00    0.00
  162.50  213.57  -25.00  200.00   16.69    0.00    0.00
  165.00  213.57  -25.00  200.00   16.69    0.00    0.00
  167.50  213.57  -25.00  200.00   16.69    0.00    0.00
  170.00  213.57  -25.00  200.00   16.69    0.00    0.00
  172.50  213.57  -25.00  200.00   16.69    0.00    0.00
  175.00  213.57  -25.00  200.00   16.69    0.00    0.00
  177.50  213.57  -25.00  200.00   16.69    0.00    0.00
  180.00  213.57  -25.00  200.00   16.69    0.00    0.00
  182.50  213.57  -25.00  200.00   16.69    0.00    0.00
  185.00  213.57  -25.00  200.00   16.69    0.00    0.00
  187.50  213.57  -25.00  200.00   16.69    0.00    0.00
  190.00  213.57  -25.00  200.00   16.69    0.00    0.00
  192.50  213.57  -25.00  200.00   16.69    0.00    0.00
  195.00  213.57  -25.00  200.00   16.69    0.00    0.00
  197.50  213.57  -25.00  200.00   16.69    0.00    0.00
  200.00  213.57  -25.00  200.00   16.69    0.00    0.00
  202.50  213.57  -25.00  200.00   16.69    0.00    0.00
  205.00  213.57  -25.00  200.00   16.69    0.00    0.00
  207.50  213.57  -25.00  200.00   16.69    0.00    0.00
  210.00  213.57  -25.00  200.00   16.69    0.00    0.00
  212.50  213.57  -25.00  200.00   16.69    0.00    0.00
  215.00  213.57  -25.00  200.00   16.69    0.00    0.00
  217.50  213.57  -25.00  200.00   16.69    0.00    0.00
  220.00  213.57  -25.00  200.00   16.69    0.00    0.00
  222.50  213.57  -25.00  200.00   16.69    0.00    0.00
  225.00  213.57  -25.00  200.00   16.69    0.00    0.00
  227.50  213.57  -25.00  200.00   16.69    0.00    0.00
  230.00  213.57  -25.00  200.00   16.69    0.00    0.00
  232.50  213.57  -25.00  200.00   16.69    0.00    0.00
  235.00  213.57  -25.00  200.00   16.69    0.00    0.00
  237.50  213.57  -25.00  200.00   16.69    0.00    0.00
  240.00  213.57  -25.00  200.00   16.69    0.00    0.00
  242.50  213.57  -25.00  200.00   16.69    0.00    0.00
  245.00  213.57  -25.00  200.00   16.69    0.00    0.00
  247.50  213.57  -25.00  200.00   16.69    0.00    0.00
  250.00  213.57  -25.00  200.00   16.69    0.00    0.00
  252.50  213.57  -25.00  200.00   16.69    0.00    0.00
  255.00  213.57  -25.00  200.00   16.69    0.00    0.00
  257.50  213.57  -25.00  200.00   16.69    0.00    0.00
  260.00  213.57  -25.00  200.00   16.69    0.00    0.00
  262.50  213.57  -25.00  200.00   16.69    0.00    0.00
  265.00  213.57  -25.00  200.00   16.69    0.00    0.00
  267.50  213.57  -25.00  200.00   16.69    0.00    0.00
  270.00  213.57  -25.00  200.00   16.69    0.00    0.00
  272.50  213.57  -25.00  200.00   16.69    0.00    0.00
  275.00  213.57  -25.00  200.00   16.69    0.00    0.00
  277.50  213.57  -25.00  200.00   16.69    0.00    0.00
  280.00  213.57  -25.00  200.00   16.69    0.00    0.00
  282.50  213.57  -25.00  200.00   16.69    0.00    0.00
  285.00  213.57  -25.00  200.00   16.69    0.00    0.00
  287.50  213.57  -25.00  200.00   16.69    0.00    0.00
  290.00  213.57  -25.00  200.00   16.69    0.00    0.00
  292.50  213.57  -25.00  200.00   16.69    0.00    0.00
  295.00  213.57  -25.00  200.00   16.69    0.00    0.00
  297.50  213.57  -25.00  200.00   16.69    0.00    0.00
  300.00  213.57  -25.00  200.00   16.69    0.00    0.00
  302.50  213.57  -25.00  200.00   16.69    0.00    0.00
  305.00  213.57  -25.00  200.00   16.69    0.00    0.00
  307.50  213.57  -25.00  200.00   16.69    0.00    0.00
  310.00  213.57  -25.00  200.00   16.69    0.00    0.00
  312.50  213.57  -25.00  200.00   16.69    0.00    0.00
  315.00  213.57  -25.00  200.00   16.69    0.00    0.00
  317.50  213.57  -25.00  200.00   16.69    0.00    0.00
  320.00  213.57  -25.00  200.00   16.69    0.00    0.00
  322.50  213.57  -25.00  200.00   16.69    0.00    0.00
  325.00  213.57  -25.00  200.00   16.69    0.00    0.00
  327.50  213.57  -25.00  200.00   16.69    0.00    0.00
  330.00  213.57  -25.00  200.00   16.69    0.00    0.00
  332.50  213.57  -25.00  200.00   16.69    0.00    0.00
  335.00  213.57  -25.00  200.00   16.69    0.00    0.00
  337.50  213.57  -25.00  200.00   16.69    0.00    0.00
  340.00  213.57  -25.00  200.00   16.69    0.00    0.00
  342.50  213.57  -25.00  200.00   16.69    0.00    0.00
  345.00  213.57  -25.00  200.00   16.69    0.00    0.00
  347.50  213.57  -25.00  200.00   16.69    0.00    0.00
  350.00  213.57  -25.00  200.00   16.69    0.00    0.00
  352.50  213.57  -25.00  200.00   16.69    0.00    0.00
  355.00  213.57  -25.00  200.00   16.69    0.00    0.00
  357.50  213.57  -25.00  200.00   16.69    0.00    0.00
  360.00  213.57  -25.00  200.00   16.69    0.00    0.00
  362.50  213.57  -25.00  200.00   16.69    0.00    0.00
  365.00  213.57  -25.00  200.00   16.69    0.00    0.00
  367.50  213.57  -25.00  200.00   16.69    0.00    0.00
  370.00  213.57  -25.00  200.00   16.69    0.00    0.00
  372.50  213.57  -25.00  200.00   16.69    0.00    0.00
  375.00  213.57  -25.00  200.00   16.69    0.00    0.00
  377.50  213.57  -25.00  200.00   16.69    0.00    0.00
  380.00  213.57  -25.00  200.00   16.69    0.00    0.00
  382.50  213.57  -25.00  200.00   16.69    0.00    0.00
  385.00  213.57  -25.00  200.00   16.69    0.00    0.00
  387.50  213.57  -25.00  200.00   16.69    0.00    0.00
  390.00  213.57  -25.00  200.00   16.69    0.00    0.00
  392.50  213.57  -25.00  200.00   16.69    0.00    0.00
  395.00  213.57  -25.00  200.00   16.69    0.00    0.00
  397.50  213.57  -25.00  200.00   16.69    0.00    0.00
  400.00  213.57  -25.00  200.00   16.69    0.00    0.00
