 TIME, RATES AND OIL PRESSURES
   TIME   PL      P( 1)   P( 2)   P( 3)   P( 4)   P( 5)   P( 6)   P( 7)   P( 8)   P( 9)   P(10)   P(11)   P(12)   P(13)   P(14)   P(15)   P(16)   P(17)   P(18)   P(19)   P(20)   PR      
      X=    2.50    7.50   12.50   17.50   22.50   27.50   32.50   37.50   42.50   47.50   52.50   57.50   62.50   67.50   72.50   77.50   82.50   87.50   92.50   97.50
    0.00  200.00  200.00  200.00  200.00  200.00  200.00  200.00  200.00  200.00  200.00  200.00  200.00  200.00  200.00  200.00  200.00  200.00  200.00  200.00  200.00  200.00  200.00
    2.50  210.40  209.90  209.27  208.65  208.06  207.48  206.92  206.38  205.85  205.33  204.83  204.34  203.86  203.38  202.91  202.46  202.00  201.55  201.11  200.66  200.22  200.00
    5.00  212.64  212.12  211.45  210.79  210.14  209.50  208.86  208.23  207.60  206.97  206.35  205.74  205.12  204.51  203.90  203.30  202.70  202.10  201.50  200.90  200.30  200.00
    7.50  213.27  212.73  212.03  211.37  210.71  210.05  209.39  208.74  208.08  207.43  206.78  206.13  205.48  204.83  204.18  203.54  202.89  202.25  201.61  200.96  200.32  200.00
   10.00  213.49  212.91  212.19  211.53  210.86  210.20  209.54  208.87  208.21  207.55  206.89  206.23  205.58  204.92  204.26  203.60  202.95  202.29  201.64  200.98  200.33  200.00
   12.50  213.63  212.99  212.23  211.57  210.90  210.24  209.58  208.91  208.25  207.59  206.93  206.26  205.60  204.94  204.28  203.62  202.96  202.30  201.64  200.99  200.33  200.00
   15.00  213.79  213.05  212.25  211.58  210.91  210.25  209.59  208.92  208.26  207.60  206.93  206.27  205.61  204.95  204.29  203.63  202.97  202.31  201.65  200.99  200.33  200.00
   17.50  214.00  213.12  212.25  211.58  210.92  210.25  209.59  208.92  208.26  207.60  206.94  206.27  205.61  204.95  204.29  203.63  202.97  202.31  201.65  200.99  200.33  200.00
   20.00  214.01  213.13  212.25  211.58  210.92  210.25  209.59  208.93  208.26  207.60  206.94  206.27  205.61  204.95  204.29  203.63  202.97  202.31  201.65  200.99  200.33  200.00
   22.50  214.07  213.17  212.25  211.58  210.92  210.25  209.59  208.93  208.26  207.60  206.94  206.27  205.61  204.95  204.29  203.63  202.97  202.31  201.65  200.99  200.33  200.00
   25.00  214.09  213.20  212.25  211.58  210.92  210.25  209.59  208.93  208.26  207.60  206.94  206.27  205.61  204.95  204.29  203.63  202.97  202.31  201.65  200.99  200.33  200.00
   27.50  213.98  213.19  212.26  211.59  210.92  210.26  209.59  208.93  208.26  207.60  206.94  206.28  205.61  204.95  204.29  203.63  202.97  202.31  201.65  200.99  200.33  200.00
   30.00  213.88  213.18  212.26  211.59  210.92  210.26  209.59  208.93  208.26  207.60  206.94  206.28  205.61  204.95  204.29  203.63  202.97  202.31  201.65  200.99  200.33  200.00
   32.50  213.85  213.18  212.27  211.59  210.92  210.26  209.59  208.93  208.26  207.60  206.94  206.28  205.61  204.95  204.29  203.63  202.97  202.31  201.65  200.99  200.33  200.00
   35.00  213.85  213.19  212.27  211.58  210.92  210.26  209.59  208.93  208.26  207.60  206.94  206.27  205.61  204.95  204.29  203.63  202.97  202.31  201.65  200.99  200.33  200.00
   37.50  213.86  213.21  212.28  211.58  210.92  210.26  209.59  208.93  208.26  207.60  206.94  206.27  205.61  204.95  204.29  203.63  202.97  202.31  201.65  200.99  200.33  200.00
   40.00  213.88  213.22  212.28  211.58  210.92  210.26  209.59  208.93  208.26  207.60  206.94  206.27  205.61  204.95  204.29  203.63  202.97  202.31  201.65  200.99  200.33  200.00
   42.50  213.90  213.24  212.29  211.58  210.92  210.25  209.59  208.93  208.26  207.60  206.94  206.27  205.61  204.95  204.29  203.63  202.97  202.31  201.65  200.99  200.33  200.00
   45.00  213.92  213.27  212.30  211.58  210.92  210.25  209.59  208.93  208.26  207.60  206.94  206.27  205.61  204.95  204.29  203.63  202.97  202.31  201.65  200.99  200.33  200.00
   47.50  213.95  213.30  212.31  211.58  210.92  210.25  209.59  208.93  208.26  207.60  206.94  206.27  205.61  204.95  204.29  203.63  202.97  202.31  201.65  200.99  200.33  200.00
   50.00  213.99  213.33  212.32  211.58  210.92  210.25  209.59  208.93  208.26  207.60  206.94  206.27  205.61  204.95  204.29  203.63  202.97  202.31  201.65  200.99  200.33  200.00
   52.50  214.03  213.37  212.34  211.58  210.92  210.25  209.59  208.93  208.26  207.60  206.94  206.27  205.61  204.95  204.29  203.63  202.97  202.31  201.65  200.99  200.33  200.00
   55.00  214.08  213.43  212.35  211.58  210.92  210.25  209.59  208.93  208.26  207.60  206.94  206.27  205.61  204.95  204.29  203.63  202.97  202.31  201.65  200.99  200.33  200.00
   57.50  214.15  213.50  212.38  211.58  210.92  210.25  209.59  208.93  208.26  207.60  206.94  206.27  205.61  204.95  204.29  203.63  202.97  202.31  201.65  200.99  200.33  200.00
   60.00  214.23  213.57  212.40  211.58  210.92  210.25  209.59  208.93  208.26  207.60  206.94  206.27  205.61  204.95  204.29  203.63  202.97  202.31  201.65  200.99  200.33  200.00
   62.50  214.31  213.66  212.43  211.58  210.92  210.25  209.59  208.93  208.26  207.60  206.94  206.27  205.61  204.95  204.29  203.63  202.97  202.31  201.65  200.99  200.33  200.00
   65.00  214.40  213.74  212.46  211.58  210.92  210.25  209.59  208.93  208.26  207.60  206.94  206.27  205.61  204.95  204.29  203.63  202.97  202.31  201.65  200.99  200.33  200.00
   67.50  214.42  213.77  212.47  211.59  210.92  210.25  209.59  208.93  208.26  207.60  206.94  206.27  205.61  204.95  204.29  203.63  202.97  202.31  201.65  200.99  200.33  200.00
   70.00  214.46  213.80  212.48  211.59  210.92  210.25  209.59  208.93  208.26  207.60  206.94  206.27  205.61  204.95  204.29  203.63  202.97  202.31  201.65  200.99  200.33  200.00
   72.50  214.53  213.88  212.51  211.59  210.92  210.25  209.59  208.93  208.26  207.60  206.94  206.27  205.61  204.95  204.29  203.63  202.97  202.31  201.65  200.99  200.33  200.00
   75.00  214.60  213.94  212.53  211.59  210.92  210.25  209.59  208.93  208.26  207.60  206.94  206.27  205.61  204.95  204.29  203.63  202.97  202.31  201.65  200.99  200.33  200.00
   77.50  214.64  213.99  212.55  211.59  210.92  210.25  209.59  208.93  208.26  207.60  206.94  206.27  205.61  204.95  204.29  203.63  202.97  202.31  201.65  200.99  200.33  200.00
   80.00  214.58  213.92  212.54  211.60  210.92  210.26  209.59  208.93  208.26  207.60  206.94  206.28  205.61  204.95  204.29  203.63  202.97  202.31  201.65  200.99  200.33  200.00
   82.50  214.51  213.86  212.53  211.60  210.92  210.26  209.59  208.93  208.26  207.60  206.94  206.28  205.61  204.95  204.29  203.63  202.97  202.31  201.65  200.99  200.33  200.00
   85.00  214.51  213.85  212.53  211.61  210.92  210.25  209.59  208.93  208.26  207.60  206.94  206.27  205.61  204.95  204.29  203.63  202.97  202.31  201.65  200.99  200.33  200.00
   87.50  214.51  213.86  212.54  211.61  210.92  210.25  209.59  208.93  208.26  207.60  206.94  206.27  205.61  204.95  204.29  203.63  202.97  202.31  201.65  200.99  200.33  200.00
   90.00  214.52  213.87  212.56  211.62  210.92  210.25  209.59  208.93  208.26  207.60  206.94  206.27  205.61  204.95  204.29  203.63  202.97  202.31  201.65  200.99  200.33  200.00
   92.50  214.54  213.89  212.58  211.62  210.92  210.25  209.59  208.93  208.26  207.60  206.94  206.27  205.61  204.95  204.29  203.63  202.97  202.31  201.65  200.99  200.33  200.00
   95.00  214.57  213.91  212.60  211.63  210.92  210.25  209.59  208.93  208.26  207.60  206.94  206.27  205.61  204.95  204.29  203.63  202.97  202.31  201.65  200.99  200.33  200.00
   97.50  214.59  213.94  212.63  211.64  210.92  210.25  209.59  208.93  208.26  207.60  206.94  206.27  205.61  204.95  204.29  203.63  202.97  202.31  201.65  200.99  200.33  200.00
  100.00  214.63  213.98  212.67  211.65  210.92  210.25  209.59  208.93  208.26  207.60  206.94  206.27  205.61  204.95  204.29  203.63  202.97  202.31  201.65  200.99  200.33  200.00
  102.50  214.67  214.02  212.71  211.67  210.92  210.25  209.59  208.93  208.26  207.60  206.94  206.27  205.61  204.95  204.29  203.63  202.97  202.31  201.65  200.99  200.33  200.00
  105.00  214.73  214.07  212.76  211.69  210.92  210.25  209.59  208.92  208.26  207.60  206.94  206.27  205.61  204.95  204.29  203.63  202.97  202.31  201.65  200.99  200.33  200.00
  107.50  214.79  214.14  212.83  211.71  210.92  210.25  209.59  208.92  208.26  207.60  206.94  206.27  205.61  204.95  204.29  203.63  202.97  202.31  201.65  200.99  200.33  200.00
  110.00  214.87  214.21  212.90  211.73  210.92  210.25  209.59  208.92  208.26  207.60  206.94  206.27  205.61  204.95  204.29  203.63  202.97  202.31  201.65  200.99  200.33  200.00
  112.50  214.96  214.30  212.99  211.76  210.92  210.25  209.59  208.92  208.26  207.60  206.93  206.27  205.61  204.95  204.29  203.63  202.97  202.31  201.65  200.99  200.33  200.00
  115.00  215.04  214.38  213.07  211.79  210.92  210.25  209.59  208.92  208.26  207.60  206.93  206.27  205.61  204.95  204.29  203.63  202.97  202.31  201.65  200.99  200.33  200.00
  117.50  215.06  214.41  213.10  211.80  210.92  210.25  209.59  208.93  208.26  207.60  206.94  206.27  205.61  204.95  204.29  203.63  202.97  202.31  201.65  200.99  200.33  200.00
  120.00  215.10  214.45  213.14  211.81  210.92  210.25  209.59  208.93  208.26  207.60  206.94  206.27  205.61  204.95  204.29  203.63  202.97  202.31  201.65  200.99  200.33  200.00
  122.50  215.17  214.52  213.21  211.84  210.92  210.25  209.59  208.92  208.26  207.60  206.94  206.27  205.61  204.95  204.29  203.63  202.97  202.31  201.65  200.99  200.33  200.00
  125.00  215.24  214.58  213.27  211.86  210.92  210.25  209.59  208.92  208.26  207.60  206.94  206.27  205.61  204.95  204.29  203.63  202.97  202.31  201.65  200.99  200.33  200.00
  127.50  215.29  214.63  213.32  211.88  210.93  210.25  209.59  208.92  208.26  207.60  206.94  206.27  205.61  204.95  204.29  203.63  202.97  202.31  201.65  200.99  200.33  200.00
  130.00  215.22  214.57  213.25  211.87  210.93  210.26  209.59  208.93  208.26  207.60  206.94  206.28  205.61  204.95  204.29  203.63  202.97  202.31  201.65  200.99  200.33  200.00
  132.50  215.16  214.50  213.19  211.86  210.94  210.26  209.59  208.93  208.26  207.60  206.94  206.28  205.61  204.95  204.29  203.63  202.97  202.31  201.65  200.99  200.33  200.00
  135.00  215.15  214.50  213.19  211.87  210.94  210.25  209.59  208.93  208.26  207.60  206.94  206.27  205.61  204.95  204.29  203.63  202.97  202.31  201.65  200.99  200.33  200.00
  137.50  215.15  214.50  213.19  211.88  210.95  210.25  209.59  208.93  208.26  207.60  206.94  206.27  205.61  204.95  204.29  203.63  202.97  202.31  201.65  200.99  200.33  200.00
  140.00  215.17  214.51  213.20  211.89  210.95  210.25  209.59  208.93  208.26  207.60  206.94  206.27  205.61  204.95  204.29  203.63  202.97  202.31  201.65  200.99  200.33  200.00
  142.50  215.19  214.53  213.22  211.91  210.96  210.25  209.59  208.93  208.26  207.60  206.94  206.27  205.61  204.95  204.29  203.63  202.97  202.31  201.65  200.99  200.33  200.00
  145.00  215.21  214.55  213.24  211.93  210.97  210.25  209.59  208.92  208.26  207.60  206.94  206.27  205.61  204.95  204.29  203.63  202.97  202.31  201.65  200.99  200.33  200.00
  147.50  215.24  214.58  213.27  211.96  210.98  210.25  209.59  208.92  208.26  207.60  206.94  206.27  205.61  204.95  204.29  203.63  202.97  202.31  201.65  200.99  200.33  200.00
  150.00  215.27  214.62  213.31  212.00  210.99  210.25  209.59  208.92  208.26  207.60  206.94  206.27  205.61  204.95  204.29  203.63  202.97  202.31  201.65  200.99  200.33  200.00
  152.50  215.31  214.66  213.35  212.04  211.00  210.25  209.59  208.92  208.26  207.60  206.94  206.27  205.61  204.95  204.29  203.63  202.97  202.31  201.65  200.99  200.33  200.00
  155.00  215.37  214.71  213.40  212.09  211.02  210.25  209.59  208.92  208.26  207.60  206.93  206.27  205.61  204.95  204.29  203.63  202.97  202.31  201.65  200.99  200.33  200.00
  157.50  215.44  214.78  213.47  212.16  211.04  210.25  209.59  208.92  208.26  207.60  206.93  206.27  205.61  204.95  204.29  203.63  202.97  202.31  201.65  200.99  200.33  200.00
  160.00  215.51  214.86  213.54  212.24  211.07  210.25  209.59  208.92  208.26  207.60  206.93  206.27  205.61  204.95  204.29  203.63  202.97  202.31  201.65  200.99  200.33  200.00
  162.50  215.60  214.94  213.63  212.32  211.10  210.25  209.59  208.92  208.26  207.60  206.93  206.27  205.61  204.95  204.29  203.63  202.97  202.31  201.65  200.99  200.33  200.00
  165.00  215.68  215.03  213.71  212.41  211.12  210.25  209.59  208.92  208.26  207.60  206.93  206.27  205.61  204.95  204.29  203.63  202.97  202.31  201.65  200.99  200.33  200.00
  167.50  215.71  215.05  213.74  212.43  211.13  210.25  209.59  208.92  208.26  207.60  206.94  206.27  205.61  204.95  204.29  203.63  202.97  202.31  201.65  200.99  200.33  200.00
  170.00  215.74  215.09  213.78  212.47  211.15  210.26  209.59  208.92  208.26  207.60  206.94  206.27  205.61  204.95  204.29  203.63  202.97  202.31  201.65  200.99  200.33  200.00
  172.50  215.82  215.16  213.85  212.54  211.17  210.26  209.59  208.92  208.26  207.60  206.93  206.27  205.61  204.95  204.29  203.63  202.97  202.31  201.65  200.99  200.33  200.00
  175.00  215.88  215.23  213.92  212.61  211.20  210.26  209.59  208.92  208.26  207.60  206.93  206.27  205.61  204.95  204.29  203.63  202.97  202.31  201.65  200.99  200.33  200.00
  177.50  215.93  215.27  213.96  212.65  211.22  210.26  209.59  208.92  208.26  207.60  206.93  206.27  205.61  204.95  204.29  203.63  202.97  202.31  201.65  200.99  200.33  200.00
  180.00  215.87  215.21  213.90  212.59  211.21  210.27  209.59  208.93  208.26  207.60  206.94  206.28  205.61  204.95  204.29  203.63  202.97  202.31  201.65  200.99  200.33  200.00
  182.50  215.81  215.15  213.84  212.53  211.20  210.27  209.59  208.93  208.26  207.60  206.94  206.28  205.61  204.95  204.29  203.63  202.97  202.31  201.65  200.99  200.33  200.00
  185.00  215.80  215.14  213.83  212.52  211.20  210.28  209.59  208.93  208.26  207.60  206.94  206.27  205.61  204.95  204.29  203.63  202.97  202.31  201.65  200.99  200.33  200.00
  187.50  215.80  215.14  213.83  212.52  211.21  210.28  209.59  208.93  208.26  207.60  206.94  206.27  205.61  204.95  204.29  203.63  202.97  202.31  201.65  200.99  200.33  200.00
  190.00  215.81  215.15  213.84  212.53  211.22  210.29  209.59  208.92  208.26  207.60  206.94  206.27  205.61  204.95  204.29  203.63  202.97  202.31  201.65  200.99  200.33  200.00
  192.50  215.83  215.17  213.86  212.55  211.25  210.29  209.59  208.92  208.26  207.60  206.94  206.27  205.61  204.95  204.29  203.63  202.97  202.31  201.65  200.99  200.33  200.00
  195.00  215.85  215.20  213.89  212.58  211.27  210.30  209.59  208.92  208.26  207.60  206.94  206.27  205.61  204.95  204.29  203.63  202.97  202.31  201.65  200.99  200.33  200.00
  197.50  215.88  215.23  213.91  212.60  211.30  210.31  209.59  208.92  208.26  207.60  206.93  206.27  205.61  204.95  204.29  203.63  202.97  202.31  201.65  200.99  200.33  200.00
  200.00  215.92  215.26  213.95  212.64  211.33  210.32  209.59  208.92  208.26  207.60  206.93  206.27  205.61  204.95  204.29  203.63  202.97  202.31  201.65  200.99  200.33  200.00
  202.50  215.96  215.30  213.99  212.68  211.37  210.34  209.59  208.92  208.26  207.60  206.93  206.27  205.61  204.95  204.29  203.63  202.97  202.31  201.65  200.99  200.33  200.00
  205.00  216.01  215.36  214.05  212.74  211.43  210.35  209.59  208.92  208.26  207.60  206.93  206.27  205.61  204.95  204.29  203.63  202.97  202.31  201.65  200.99  200.33  200.00
  207.50  216.08  215.42  214.11  212.80  211.49  210.38  209.59  208.92  208.26  207.60  206.93  206.27  205.61  204.95  204.29  203.63  202.97  202.31  201.65  200.99  200.33  200.00
  210.00  216.15  215.50  214.19  212.88  211.57  210.40  209.59  208.92  208.26  207.60  206.93  206.27  205.61  204.95  204.29  203.63  202.97  202.31  201.65  200.99  200.33  200.00
  212.50  216.24  215.58  214.27  212.96  211.66  210.43  209.59  208.92  208.26  207.59  206.93  206.27  205.61  204.95  204.29  203.63  202.97  202.31  201.65  200.99  200.33  200.00
  215.00  216.32  215.67  214.36  213.05  211.74  210.46  209.59  208.92  208.26  207.59  206.93  206.27  205.61  204.95  204.29  203.63  202.97  202.31  201.65  200.99  200.33  200.00
  217.50  216.35  215.70  214.38  213.07  211.76  210.47  209.59  208.92  208.26  207.60  206.93  206.27  205.61  204.95  204.29  203.63  202.97  202.31  201.65  200.99  200.33  200.00
  220.00  216.39  215.73  214.42  213.11  211.80  210.48  209.59  208.92  208.26  207.60  206.93  206.27  205.61  204.95  204.29  203.63  202.97  202.31  201.65  200.99  200.33  200.00
  222.50  216.46  215.80  214.49  213.18  211.87  210.51  209.59  208.92  208.26  207.60  206.93  206.27  205.61  204.95  204.29  203.63  202.97  202.31  201.65  200.99  200.33  200.00
  225.00  216.52  215.87  214.56  213.25  211.94  210.53  209.59  208.92  208.26  207.60  206.93  206.27  205.61  204.95  204.29  203.63  202.97  202.31  201.65  200.99  200.33  200.00
  227.50  216.57  215.92  214.61  213.30  211.99  210.55  209.60  208.92  208.26  207.60  206.93  206.27  205.61  204.95  204.29  203.63  202.97  202.31  201.65  200.99  200.33  200.00
  230.00  216.51  215.86  214.54  213.23  211.92  210.54  209.60  208.93  208.26  207.60  206.94  206.27  205.61  204.95  204.29  203.63  202.97  202.31  201.65  200.99  200.33  200.00
  232.50  216.45  215.80  214.48  213.17  211.86  210.53  209.61  208.93  208.26  207.60  206.94  206.28  205.61  204.95  204.29  203.63  202.97  202.31  201.65  200.99  200.33  200.00
  235.00  216.44  215.78  214.47  213.16  211.85  210.53  209.61  208.93  208.26  207.60  206.94  206.27  205.61  204.95  204.29  203.63  202.97  202.31  201.65  200.99  200.33  200.00
  237.50  216.44  215.79  214.48  213.17  211.86  210.54  209.61  208.92  208.26  207.60  206.94  206.27  205.61  204.95  204.29  203.63  202.97  202.31  201.65  200.99  200.33  200.00
  240.00  216.45  215.80  214.49  213.18  211.87  210.56  209.62  208.92  208.26  207.60  206.94  206.27  205.61  204.95  204.29  203.63  202.97  202.31  201.65  200.99  200.33  200.00
  242.50  216.47  215.82  214.51  213.20  211.89  210.58  209.63  208.92  208.26  207.60  206.93  206.27  205.61  204.95  204.29  203.63  202.97  202.31  201.65  200.99  200.33  200.00
  245.00  216.50  215.84  214.53  213.22  211.91  210.60  209.64  208.92  208.26  207.60  206.93  206.27  205.61  204.95  204.29  203.63  202.97  202.31  201.65  200.99  200.33  200.00
  247.50  216.53  215.87  214.56  213.25  211.94  210.63  209.64  208.92  208.26  207.60  206.93  206.27  205.61  204.95  204.29  203.63  202.97  202.31  201.65  200.99  200.33  200.00
  250.00  216.56  215.91  214.59  213.28  211.98  210.67  209.66  208.92  208.26  207.60  206.93  206.27  205.61  204.95  204.29  203.63  202.97  202.31  201.65  200.99  200.33  200.00
  252.50  216.60  215.95  214.63  213.32  212.02  210.71  209.67  208.92  208.26  207.60  206.93  206.27  205.61  204.95  204.29  203.63  202.97  202.31  201.65  200.99  200.33  200.00
  255.00  216.66  216.00  214.69  213.38  212.07  210.76  209.69  208.92  208.26  207.60  206.93  206.27  205.61  204.95  204.29  203.63  202.97  202.31  201.65  200.99  200.33  200.00
  257.50  216.72  216.07  214.75  213.44  212.14  210.83  209.71  208.92  208.26  207.59  206.93  206.27  205.61  204.95  204.29  203.63  202.97  202.31  201.65  200.99  200.33  200.00
  260.00  216.80  216.14  214.83  213.52  212.21  210.90  209.74  208.92  208.26  207.59  206.93  206.27  205.61  204.95  204.29  203.63  202.97  202.31  201.65  200.99  200.33  200.00
  262.50  216.88  216.23  214.92  213.61  212.30  210.99  209.76  208.92  208.26  207.59  206.93  206.27  205.61  204.95  204.29  203.63  202.97  202.31  201.65  200.99  200.33  200.00
  265.00  216.97  216.31  215.00  213.69  212.38  211.07  209.79  208.92  208.26  207.59  206.93  206.27  205.61  204.95  204.29  203.63  202.97  202.31  201.65  200.99  200.33  200.00
  267.50  217.00  216.34  215.03  213.72  212.41  211.10  209.80  208.92  208.26  207.60  206.93  206.27  205.61  204.95  204.29  203.63  202.97  202.31  201.65  200.99  200.33  200.00
  270.00  217.03  216.38  215.06  213.75  212.44  211.14  209.82  208.93  208.26  207.60  206.93  206.27  205.61  204.95  204.29  203.63  202.97  202.31  201.65  200.99  200.33  200.00
  272.50  217.10  216.45  215.14  213.83  212.52  211.21  209.84  208.92  208.26  207.59  206.93  206.27  205.61  204.95  204.29  203.63  202.97  202.31  201.65  200.99  200.33  200.00
  275.00  217.17  216.51  215.20  213.89  212.58  211.27  209.86  208.93  208.26  207.59  206.93  206.27  205.61  204.95  204.29  203.63  202.97  202.31  201.65  200.99  200.33  200.00
  277.50  217.22  216.56  215.25  213.94  212.63  211.32  209.89  208.93  208.26  207.60  206.93  206.27  205.61  204.95  204.29  203.63  202.97  202.31  201.65  200.99  200.33  200.00
  280.00  217.16  216.50  215.19  213.88  212.57  211.26  209.88  208.94  208.26  207.60  206.94  206.27  205.61  204.95  204.29  203.63  202.97  202.31  201.65  200.99  200.33  200.00
  282.50  217.10  216.44  215.13  213.82  212.51  211.20  209.87  208.94  208.26  207.60  206.94  206.28  205.61  204.95  204.29  203.63  202.97  202.31  201.65  200.99  200.33  200.00
  285.00  217.09  216.43  215.12  213.81  212.50  211.19  209.87  208.95  208.26  207.60  206.94  206.27  205.61  204.95  204.29  203.63  202.97  202.31  201.65  200.99  200.33  200.00
  287.50  217.09  216.43  215.12  213.81  212.50  211.19  209.88  208.95  208.26  207.60  206.93  206.27  205.61  204.95  204.29  203.63  202.97  202.31  201.65  200.99  200.33  200.00
  290.00  217.10  216.44  215.13  213.82  212.51  211.20  209.89  208.96  208.26  207.60  206.93  206.27  205.61  204.95  204.29  203.63  202.97  202.31  201.65  200.99  200.33  200.00
  292.50  217.12  216.46  215.15  213.84  212.53  211.22  209.91  208.96  208.26  207.60  206.93  206.27  205.61  204.95  204.29  203.63  202.97  202.31  201.65  200.99  200.33  200.00
  295.00  217.14  216.49  215.17  213.86  212.55  211.24  209.94  208.97  208.26  207.60  206.93  206.27  205.61  204.95  204.29  203.63  202.97  202.31  201.65  200.99  200.33  200.00
  297.50  217.17  216.51  215.20  213.89  212.58  211.27  209.96  208.98  208.26  207.60  206.93  206.27  205.61  204.95  204.29  203.63  202.97  202.31  201.65  200.99  200.33  200.00
  300.00  217.21  216.55  215.24  213.93  212.62  211.31  210.00  208.99  208.26  207.60  206.93  206.27  205.61  204.95  204.29  203.63  202.97  202.31  201.65  200.99  200.33  200.00
  302.50  217.25  216.59  215.28  213.97  212.66  211.35  210.04  209.01  208.26  207.59  206.93  206.27  205.61  204.95  204.29  203.63  202.97  202.31  201.65  200.99  200.33  200.00
  305.00  217.30  216.64  215.33  214.02  212.71  211.40  210.10  209.02  208.26  207.59  206.93  206.27  205.61  204.95  204.29  203.63  202.97  202.31  201.65  200.99  200.33  200.00
  307.50  217.37  216.71  215.40  214.09  212.78  211.47  210.16  209.05  208.26  207.59  206.93  206.27  205.61  204.95  204.29  203.63  202.97  202.31  201.65  200.99  200.33  200.00
  310.00  217.44  216.78  215.47  214.16  212.85  211.54  210.24  209.07  208.26  207.59  206.93  206.27  205.61  204.95  204.29  203.63  202.97  202.31  201.65  200.99  200.33  200.00
  312.50  217.53  216.87  215.56  214.25  212.94  211.63  210.32  209.10  208.26  207.59  206.93  206.27  205.61  204.95  204.29  203.62  202.96  202.31  201.65  200.99  200.33  200.00
  315.00  217.61  216.95  215.64  214.33  213.02  211.71  210.41  209.13  208.26  207.59  206.93  206.27  205.61  204.95  204.29  203.62  202.96  202.31  201.65  200.99  200.33  200.00
  317.50  217.64  216.98  215.67  214.36  213.05  211.74  210.43  209.14  208.26  207.60  206.93  206.27  205.61  204.95  204.29  203.63  202.97  202.31  201.65  200.99  200.33  200.00
  320.00  217.68  217.02  215.71  214.40  213.09  211.78  210.47  209.15  208.26  207.60  206.93  206.27  205.61  204.95  204.29  203.63  202.97  202.31  201.65  200.99  200.33  200.00
  322.50  217.75  217.09  215.78  214.47  213.16  211.85  210.54  209.17  208.26  207.59  206.93  206.27  205.61  204.95  204.29  203.63  202.97  202.31  201.65  200.99  200.33  200.00
  325.00  217.81  217.16  215.84  214.53  213.22  211.91  210.61  209.20  208.26  207.59  206.93  206.27  205.61  204.95  204.29  203.63  202.97  202.31  201.65  200.99  200.33  200.00
  327.50  217.86  217.20  215.89  214.58  213.27  211.96  210.65  209.22  208.27  207.59  206.93  206.27  205.61  204.95  204.29  203.63  202.97  202.31  201.65  200.99  200.33  200.00
  330.00  217.81  217.15  215.84  214.53  213.22  211.91  210.60  209.21  208.28  207.60  206.94  206.27  205.61  204.95  204.29  203.63  202.97  202.31  201.65  200.99  200.33  200.00
  332.50  217.74  217.09  215.78  214.46  213.15  211.84  210.54  209.20  208.28  207.60  206.94  206.28  205.61  204.95  204.29  203.63  202.97  202.31  201.65  200.99  200.33  200.00
  335.00  217.73  217.08  215.76  214.45  213.14  211.83  210.52  209.21  208.28  207.60  206.94  206.27  205.61  204.95  204.29  203.63  202.97  202.31  201.65  200.99  200.33  200.00
  337.50  217.73  217.08  215.77  214.46  213.15  211.84  210.53  209.22  208.29  207.60  206.93  206.27  205.61  204.95  204.29  203.63  202.97  202.31  201.65  200.99  200.33  200.00
  340.00  217.74  217.09  215.78  214.47  213.15  211.85  210.54  209.23  208.29  207.60  206.93  206.27  205.61  204.95  204.29  203.63  202.97  202.31  201.65  200.99  200.33  200.00
  342.50  217.76  217.11  215.80  214.49  213.18  211.87  210.56  209.25  208.30  207.60  206.93  206.27  205.61  204.95  204.29  203.63  202.97  202.31  201.65  200.99  200.33  200.00
  345.00  217.79  217.13  215.82  214.51  213.20  211.89  210.58  209.27  208.31  207.60  206.93  206.27  205.61  204.95  204.29  203.63  202.97  202.31  201.65  200.99  200.33  200.00
  347.50  217.81  217.16  215.85  214.54  213.23  211.92  210.61  209.30  208.32  207.60  206.93  206.27  205.61  204.95  204.29  203.63  202.97  202.31  201.65  200.99  200.33  200.00
  350.00  217.85  217.19  215.88  214.57  213.26  211.95  210.64  209.34  208.33  207.59  206.93  206.27  205.61  204.95  204.29  203.63  202.97  202.31  201.65  200.99  200.33  200.00
  352.50  217.89  217.23  215.92  214.61  213.30  211.99  210.68  209.38  208.34  207.59  206.93  206.27  205.61  204.95  204.29  203.63  202.97  202.31  201.65  200.99  200.33  200.00
  355.00  217.94  217.29  215.98  214.67  213.36  212.05  210.74  209.43  208.36  207.59  206.93  206.27  205.61  204.95  204.29  203.63  202.97  202.31  201.65  200.99  200.33  200.00
  357.50  218.01  217.35  216.04  214.73  213.42  212.11  210.80  209.50  208.38  207.59  206.93  206.27  205.61  204.95  204.29  203.62  202.97  202.31  201.65  200.99  200.33  200.00
  360.00  218.08  217.43  216.11  214.80  213.49  212.18  210.88  209.57  208.41  207.59  206.93  206.27  205.61  204.95  204.28  203.62  202.96  202.31  201.65  200.99  200.33  200.00
  362.50  218.17  217.51  216.20  214.89  213.58  212.27  210.96  209.66  208.43  207.59  206.93  206.27  205.61  204.94  204.28  203.62  202.96  202.31  201.65  200.99  200.33  200.00
  365.00  218.25  217.60  216.29  214.97  213.66  212.36  211.05  209.74  208.46  207.59  206.93  206.27  205.61  204.94  204.28  203.62  202.96  202.31  201.65  200.99  200.33  200.00
  367.50  218.28  217.63  216.32  215.00  213.69  212.38  211.08  209.77  208.47  207.60  206.93  206.27  205.61  204.95  204.29  203.63  202.97  202.31  201.65  200.99  200.33  200.00
  370.00  218.32  217.66  216.35  215.04  213.73  212.42  211.11  209.80  208.49  207.60  206.93  206.27  205.61  204.95  204.29  203.63  202.97  202.31  201.65  200.99  200.33  200.00
  372.50  218.39  217.73  216.42  215.11  213.80  212.49  211.18  209.87  208.51  207.60  206.93  206.27  205.61  204.95  204.29  203.62  202.96  202.31  201.65  200.99  200.33  200.00
  375.00  218.46  217.80  216.49  215.18  213.87  212.56  211.25  209.94  208.53  207.60  206.93  206.27  205.61  204.95  204.29  203.62  202.96  202.31  201.65  200.99  200.33  200.00
  377.50  218.51  217.85  216.54  215.23  213.92  212.61  211.30  209.99  208.56  207.60  206.93  206.27  205.61  204.95  204.29  203.63  202.97  202.31  201.65  200.99  200.33  200.00
  380.00  218.45  217.80  216.48  215.17  213.86  212.55  211.24  209.93  208.55  207.61  206.94  206.27  205.61  204.95  204.29  203.63  202.97  202.31  201.65  200.99  200.33  200.00
  382.50  218.39  217.74  216.42  215.11  213.80  212.49  211.18  209.87  208.54  207.62  206.94  206.28  205.61  204.95  204.29  203.63  202.97  202.31  201.65  200.99  200.33  200.00
  385.00  218.38  217.72  216.41  215.10  213.79  212.48  211.17  209.86  208.54  207.62  206.94  206.27  205.61  204.95  204.29  203.63  202.97  202.31  201.65  200.99  200.33  200.00
  387.50  218.38  217.72  216.41  215.10  213.79  212.48  211.17  209.86  208.55  207.62  206.93  206.27  205.61  204.95  204.29  203.63  202.97  202.31  201.65  200.99  200.33  200.00
  390.00  218.39  217.73  216.42  215.11  213.80  212.49  211.18  209.87  208.56  207.63  206.93  206.27  205.61  204.95  204.29  203.63  202.97  202.31  201.65  200.99  200.33  200.00
  392.50  218.41  217.75  216.44  215.13  213.82  212.51  211.20  209.89  208.59  207.63  206.93  206.27  205.61  204.95  204.29  203.63  202.97  202.31  201.65  200.99  200.33  200.00
  395.00  218.43  217.78  216.46  215.15  213.84  212.53  211.22  209.91  208.61  207.64  206.93  206.27  205.61  204.95  204.29  203.63  202.97  202.31  201.65  200.99  200.33  200.00
  397.50  218.46  217.80  216.49  215.18  213.87  212.56  211.25  209.94  208.64  207.65  206.93  206.27  205.61  204.95  204.29  203.63  202.97  202.31  201.65  200.99  200.33  200.00
  400.00  218.50  217.84  216.53  215.22  213.91  212.60  211.29  209.98  208.67  207.66  206.93  206.27  205.61  204.95  204.29  203.63  202.97  202.31  201.65  200.99  200.33  200.00
