 TIME, RATES AND OIL PRESSURES
   TIME   PL      P( 1)   P( 2)   P( 3)   P( 4)   P( 5)   PR      
      X=   10.00   30.00   50.00   70.00   90.00
    0.00  200.00  200.00  200.00  200.00  200.00  200.00  200.00
    1.00  208.65  206.67  204.65  203.05  201.72  200.56  200.00
    2.00  211.42  209.43  207.02  204.85  202.84  200.93  200.00
    3.00  212.74  210.74  208.18  205.75  203.41  201.13  200.00
    4.00  213.39  211.37  208.74  206.19  203.69  201.23  200.00
    5.00  213.71  211.69  209.01  206.41  203.83  201.27  200.00
    6.00  213.88  211.85  209.14  206.51  203.90  201.30  200.00
    7.00  213.98  211.93  209.20  206.56  203.93  201.31  200.00
    8.00  214.03  211.98  209.23  206.59  203.95  201.31  200.00
    9.00  214.07  212.01  209.25  206.60  203.95  201.32  200.00
   10.00  214.10  212.03  209.26  206.60  203.96  201.32  200.00
   11.00  214.13  212.04  209.26  206.61  203.96  201.32  200.00
   12.00  214.15  212.06  209.26  206.61  203.96  201.32  200.00
   13.00  214.18  212.07  209.26  206.61  203.96  201.32  200.00
   14.00  214.20  212.09  209.26  206.61  203.96  201.32  200.00
   15.00  214.22  212.10  209.26  206.61  203.96  201.32  200.00
   16.00  214.25  212.11  209.26  206.61  203.96  201.32  200.00
   17.00  214.27  212.13  209.26  206.61  203.96  201.32  200.00
   18.00  214.29  212.14  209.26  206.61  203.96  201.32  200.00
   19.00  214.32  212.16  209.26  206.61  203.96  201.32  200.00
   20.00  214.34  212.17  209.26  206.61  203.96  201.32  200.00
   21.00  214.37  212.18  209.26  206.61  203.96  201.32  200.00
   22.00  214.40  212.20  209.26  206.61  203.96  201.32  200.00
   23.00  214.43  212.22  209.26  206.61  203.96  201.32  200.00
   24.00  214.46  212.24  209.26  206.61  203.96  201.32  200.00
   25.00  214.49  212.26  209.26  206.61  203.96  201.32  200.00
   26.00  214.53  212.28  209.26  206.61  203.96  201.32  200.00
   27.00  214.56  212.30  209.26  206.61  203.96  201.32  200.00
   28.00  214.59  212.32  209.26  206.61  203.96  201.32  200.00
   29.00  214.63  212.34  209.26  206.61  203.96  201.32  200.00
   30.00  214.66  212.36  209.26  206.61  203.96  201.32  200.00
   31.00  214.70  212.38  209.26  206.61  203.96  201.32  200.00
   32.00  214.74  212.41  209.26  206.61  203.96  201.32  200.00
   33.00  214.80  212.44  209.26  206.61  203.96  201.32  200.00
   34.00  214.85  212.47  209.26  206.61  203.96  201.32  200.00
   35.00  214.91  212.50  209.26  206.61  203.96  201.32  200.00
   36.00  214.96  212.53  209.26  206.61  203.96  201.32  200.00
   37.00  215.02  212.57  209.26  206.61  203.96  201.32  200.00
   38.00  215.08  212.60  209.26  206.61  203.96  201.32  200.00
   39.00  215.14  212.64  209.26  206.61  203.96  201.32  200.00
   40.00  215.20  212.67  209.26  206.61  203.96  201.32  200.00
   41.00  215.26  212.71  209.26  206.61  203.96  201.32  200.00
   42.00  215.34  212.75  209.26  206.60  203.96  201.32  200.00
   43.00  215.43  212.81  209.26  206.60  203.96  201.32  200.00
   44.00  215.52  212.86  209.26  206.60  203.96  201.32  200.00
   45.00  215.61  212.91  209.26  206.60  203.96  201.32  200.00
   46.00  215.71  212.97  209.26  206.60  203.96  201.32  200.00
   47.00  215.81  213.03  209.26  206.60  203.96  201.32  200.00
   48.00  215.91  213.09  209.26  206.60  203.96  201.32  200.00
   49.00  216.02  213.15  209.26  206.60  203.96  201.32  200.00
   50.00  216.13  213.22  209.26  206.60  203.96  201.32  200.00
   51.00  216.24  213.29  209.26  206.60  203.96  201.32  200.00
   52.00  216.36  213.35  209.26  206.60  203.96  201.32  200.00
   53.00  216.48  213.43  209.26  206.60  203.95  201.32  200.00
   54.00  216.60  213.50  209.26  206.60  203.95  201.32  200.00
   55.00  216.73  213.58  209.26  206.60  203.95  201.32  200.00
   56.00  216.87  213.66  209.26  206.60  203.95  201.32  200.00
   57.00  217.01  213.75  209.26  206.60  203.95  201.32  200.00
   58.00  217.15  213.83  209.26  206.60  203.95  201.32  200.00
   59.00  217.30  213.92  209.26  206.60  203.95  201.32  200.00
   60.00  217.45  214.01  209.26  206.60  203.95  201.32  200.00
   61.00  217.61  214.11  209.26  206.60  203.95  201.32  200.00
   62.00  217.77  214.21  209.26  206.59  203.95  201.32  200.00
   63.00  217.87  214.28  209.27  206.60  203.95  201.32  200.00
   64.00  217.89  214.31  209.27  206.60  203.96  201.32  200.00
   65.00  217.91  214.34  209.28  206.61  203.96  201.32  200.00
   66.00  217.92  214.36  209.28  206.61  203.96  201.32  200.00
   67.00  217.94  214.39  209.29  206.61  203.96  201.32  200.00
   68.00  217.95  214.41  209.29  206.61  203.96  201.32  200.00
   69.00  217.96  214.43  209.29  206.61  203.96  201.32  200.00
   70.00  217.97  214.45  209.29  206.61  203.96  201.32  200.00
   71.00  217.98  214.47  209.29  206.61  203.96  201.32  200.00
   72.00  218.00  214.49  209.30  206.61  203.96  201.32  200.00
   73.00  218.01  214.51  209.30  206.61  203.96  201.32  200.00
   74.00  218.02  214.53  209.30  206.61  203.96  201.32  200.00
   75.00  218.05  214.57  209.30  206.61  203.96  201.32  200.00
   76.00  218.11  214.61  209.30  206.61  203.96  201.32  200.00
   77.00  218.17  214.67  209.30  206.60  203.96  201.32  200.00
   78.00  218.23  214.72  209.31  206.60  203.96  201.32  200.00
   79.00  218.29  214.77  209.31  206.60  203.96  201.32  200.00
   80.00  218.36  214.83  209.31  206.60  203.96  201.32  200.00
   81.00  218.42  214.88  209.32  206.60  203.96  201.32  200.00
   82.00  218.48  214.93  209.32  206.60  203.96  201.32  200.00
   83.00  218.54  214.99  209.33  206.60  203.96  201.32  200.00
   84.00  218.60  215.04  209.33  206.60  203.96  201.32  200.00
   85.00  218.66  215.09  209.34  206.60  203.96  201.32  200.00
   86.00  218.72  215.14  209.34  206.60  203.96  201.32  200.00
   87.00  218.78  215.20  209.35  206.60  203.96  201.32  200.00
   88.00  218.84  215.25  209.35  206.60  203.96  201.32  200.00
   89.00  218.90  215.30  209.36  206.60  203.96  201.32  200.00
   90.00  218.95  215.35  209.37  206.60  203.96  201.32  200.00
   91.00  219.00  215.39  209.37  206.60  203.96  201.32  200.00
   92.00  219.03  215.42  209.38  206.61  203.96  201.32  200.00
   93.00  219.05  215.45  209.39  206.61  203.96  201.32  200.00
   94.00  219.08  215.48  209.40  206.61  203.96  201.32  200.00
   95.00  219.10  215.50  209.41  206.61  203.96  201.32  200.00
   96.00  219.13  215.53  209.41  206.61  203.96  201.32  200.00
   97.00  219.15  215.56  209.42  206.61  203.96  201.32  200.00
   98.00  219.18  215.58  209.43  206.61  203.96  201.32  200.00
   99.00  219.20  215.61  209.44  206.61  203.96  201.32  200.00
  100.00  219.22  215.63  209.44  206.61  203.96  201.32  200.00
  101.00  219.25  215.66  209.45  206.61  203.96  201.32  200.00
  102.00  219.27  215.68  209.46  206.61  203.96  201.32  200.00
  103.00  219.29  215.71  209.47  206.61  203.96  201.32  200.00
  104.00  219.32  215.73  209.48  206.61  203.96  201.32  200.00
  105.00  219.34  215.76  209.48  206.61  203.96  201.32  200.00
  106.00  219.37  215.78  209.49  206.61  203.96  201.32  200.00
  107.00  219.39  215.80  209.50  206.61  203.96  201.32  200.00
  108.00  219.41  215.83  209.51  206.61  203.96  201.32  200.00
  109.00  219.44  215.85  209.52  206.61  203.96  201.32  200.00
  110.00  219.46  215.88  209.53  206.61  203.96  201.32  200.00
  111.00  219.49  215.90  209.54  206.61  203.96  201.32  200.00
  112.00  219.51  215.93  209.55  206.61  203.96  201.32  200.00
  113.00  219.54  215.96  209.57  206.61  203.96  201.32  200.00
  114.00  219.56  215.99  209.58  206.61  203.96  201.32  200.00
  115.00  219.59  216.01  209.59  206.61  203.96  201.32  200.00
  116.00  219.59  216.02  209.61  206.61  203.96  201.32  200.00
  117.00  219.55  216.01  209.63  206.61  203.96  201.32  200.00
  118.00  219.51  216.00  209.64  206.61  203.96  201.32  200.00
  119.00  219.47  215.98  209.66  206.61  203.96  201.32  200.00
  120.00  219.43  215.96  209.67  206.61  203.96  201.32  200.00
  121.00  219.39  215.95  209.69  206.61  203.96  201.32  200.00
  122.00  219.35  215.93  209.70  206.61  203.96  201.32  200.00
  123.00  219.32  215.92  209.72  206.61  203.96  201.32  200.00
  124.00  219.28  215.91  209.73  206.61  203.96  201.32  200.00
  125.00  219.26  215.90  209.75  206.61  203.96  201.32  200.00
  126.00  219.23  215.90  209.77  206.61  203.96  201.32  200.00
  127.00  219.21  215.90  209.80  206.61  203.96  201.32  200.00
  128.00  219.19  215.90  209.82  206.61  203.96  201.32  200.00
  129.00  219.18  215.90  209.85  206.61  203.96  201.32  200.00
  130.00  219.16  215.90  209.87  206.61  203.96  201.32  200.00
  131.00  219.15  215.90  209.90  206.61  203.96  201.32  200.00
  132.00  219.14  215.91  209.92  206.61  203.96  201.32  200.00
  133.00  219.12  215.91  209.95  206.61  203.96  201.32  200.00
  134.00  219.12  215.92  209.98  206.61  203.96  201.32  200.00
  135.00  219.11  215.93  210.01  206.61  203.96  201.32  200.00
  136.00  219.10  215.93  210.03  206.61  203.96  201.32  200.00
  137.00  219.10  215.94  210.06  206.61  203.96  201.32  200.00
  138.00  219.10  215.96  210.10  206.61  203.96  201.32  200.00
  139.00  219.11  215.98  210.14  206.61  203.96  201.32  200.00
  140.00  219.12  216.00  210.18  206.61  203.96  201.32  200.00
  141.00  219.13  216.03  210.23  206.61  203.95  201.32  200.00
  142.00  219.14  216.06  210.27  206.61  203.95  201.32  200.00
  143.00  219.16  216.09  210.32  206.61  203.95  201.32  200.00
  144.00  219.18  216.12  210.36  206.61  203.95  201.32  200.00
  145.00  219.20  216.15  210.41  206.61  203.95  201.32  200.00
  146.00  219.22  216.18  210.46  206.61  203.95  201.32  200.00
  147.00  219.25  216.22  210.51  206.61  203.95  201.32  200.00
  148.00  219.28  216.26  210.57  206.61  203.95  201.32  200.00
  149.00  219.30  216.30  210.62  206.61  203.95  201.32  200.00
  150.00  219.34  216.34  210.68  206.61  203.95  201.32  200.00
  151.00  219.37  216.38  210.74  206.61  203.95  201.32  200.00
  152.00  219.41  216.43  210.80  206.60  203.95  201.32  200.00
  153.00  219.45  216.48  210.86  206.60  203.95  201.31  200.00
  154.00  219.49  216.53  210.93  206.60  203.95  201.31  200.00
  155.00  219.53  216.59  210.99  206.60  203.95  201.31  200.00
  156.00  219.58  216.64  211.06  206.60  203.95  201.31  200.00
  157.00  219.63  216.70  211.14  206.60  203.95  201.31  200.00
  158.00  219.68  216.76  211.21  206.60  203.95  201.31  200.00
  159.00  219.74  216.83  211.28  206.60  203.95  201.31  200.00
  160.00  219.80  216.89  211.36  206.60  203.95  201.31  200.00
  161.00  219.86  216.96  211.44  206.61  203.95  201.31  200.00
  162.00  219.92  217.03  211.53  206.61  203.95  201.31  200.00
  163.00  219.98  217.10  211.60  206.61  203.95  201.31  200.00
  164.00  220.00  217.13  211.64  206.62  203.95  201.32  200.00
  165.00  220.01  217.14  211.66  206.63  203.96  201.32  200.00
  166.00  220.02  217.16  211.68  206.63  203.96  201.32  200.00
  167.00  220.04  217.18  211.70  206.63  203.96  201.32  200.00
  168.00  220.05  217.20  211.72  206.63  203.96  201.32  200.00
  169.00  220.07  217.21  211.74  206.64  203.96  201.32  200.00
  170.00  220.08  217.23  211.76  206.64  203.96  201.32  200.00
  171.00  220.10  217.24  211.78  206.64  203.96  201.32  200.00
  172.00  220.11  217.26  211.79  206.64  203.96  201.32  200.00
  173.00  220.12  217.28  211.81  206.64  203.96  201.32  200.00
  174.00  220.14  217.29  211.83  206.65  203.96  201.32  200.00
  175.00  220.15  217.31  211.85  206.65  203.96  201.32  200.00
  176.00  220.16  217.32  211.87  206.65  203.96  201.32  200.00
  177.00  220.18  217.34  211.89  206.65  203.96  201.32  200.00
  178.00  220.21  217.38  211.93  206.65  203.96  201.32  200.00
  179.00  220.25  217.42  211.97  206.65  203.95  201.32  200.00
  180.00  220.29  217.46  212.01  206.66  203.95  201.32  200.00
  181.00  220.33  217.50  212.06  206.66  203.95  201.32  200.00
  182.00  220.37  217.54  212.10  206.66  203.95  201.32  200.00
  183.00  220.41  217.59  212.15  206.67  203.95  201.32  200.00
  184.00  220.45  217.63  212.19  206.67  203.95  201.32  200.00
  185.00  220.50  217.67  212.24  206.68  203.95  201.32  200.00
  186.00  220.54  217.72  212.28  206.68  203.95  201.32  200.00
  187.00  220.58  217.76  212.33  206.69  203.95  201.32  200.00
  188.00  220.62  217.80  212.37  206.69  203.95  201.32  200.00
  189.00  220.66  217.85  212.42  206.70  203.95  201.32  200.00
  190.00  220.70  217.89  212.46  206.70  203.95  201.32  200.00
  191.00  220.74  217.93  212.51  206.71  203.95  201.32  200.00
  192.00  220.78  217.97  212.55  206.71  203.95  201.32  200.00
  193.00  220.82  218.01  212.59  206.72  203.95  201.32  200.00
  194.00  220.86  218.06  212.64  206.72  203.95  201.32  200.00
  195.00  220.90  218.10  212.68  206.73  203.95  201.32  200.00
  196.00  220.94  218.14  212.72  206.74  203.95  201.32  200.00
  197.00  220.97  218.17  212.75  206.75  203.95  201.32  200.00
  198.00  220.99  218.20  212.78  206.75  203.96  201.32  200.00
  199.00  221.02  218.22  212.80  206.76  203.96  201.32  200.00
  200.00  221.04  218.24  212.83  206.77  203.96  201.32  200.00
  201.00  221.06  218.26  212.85  206.78  203.96  201.32  200.00
  202.00  221.07  218.28  212.87  206.78  203.96  201.32  200.00
  203.00  221.09  218.30  212.89  206.79  203.96  201.32  200.00
  204.00  221.11  218.32  212.92  206.80  203.96  201.32  200.00
  205.00  221.13  218.34  212.94  206.81  203.96  201.32  200.00
  206.00  221.15  218.36  212.96  206.81  203.96  201.32  200.00
  207.00  221.17  218.38  212.98  206.82  203.96  201.32  200.00
  208.00  221.19  218.40  213.00  206.83  203.96  201.32  200.00
  209.00  221.20  218.42  213.02  206.84  203.96  201.32  200.00
  210.00  221.22  218.44  213.05  206.85  203.96  201.32  200.00
  211.00  221.24  218.46  213.07  206.86  203.96  201.32  200.00
  212.00  221.26  218.48  213.09  206.86  203.96  201.32  200.00
  213.00  221.28  218.51  213.11  206.87  203.96  201.32  200.00
  214.00  221.30  218.53  213.14  206.88  203.96  201.32  200.00
  215.00  221.32  218.55  213.16  206.90  203.96  201.32  200.00
  216.00  221.34  218.57  213.18  206.91  203.96  201.32  200.00
  217.00  221.36  218.59  213.21  206.92  203.96  201.32  200.00
  218.00  221.39  218.62  213.23  206.93  203.96  201.32  200.00
  219.00  221.41  218.64  213.26  206.94  203.96  201.32  200.00
  220.00  221.43  218.66  213.28  206.96  203.96  201.32  200.00
  221.00  221.45  218.69  213.30  206.97  203.96  201.32  200.00
  222.00  221.47  218.71  213.33  206.98  203.96  201.32  200.00
  223.00  221.49  218.73  213.35  206.99  203.96  201.32  200.00
  224.00  221.51  218.75  213.38  207.01  203.96  201.32  200.00
  225.00  221.54  218.78  213.40  207.02  203.96  201.32  200.00
  226.00  221.56  218.80  213.43  207.04  203.96  201.32  200.00
  227.00  221.58  218.82  213.45  207.05  203.96  201.32  200.00
  228.00  221.60  218.85  213.48  207.06  203.96  201.32  200.00
  229.00  221.61  218.86  213.49  207.09  203.96  201.32  200.00
  230.00  221.62  218.86  213.49  207.11  203.96  201.32  200.00
  231.00  221.61  218.86  213.49  207.14  203.96  201.32  200.00
  232.00  221.61  218.86  213.49  207.16  203.96  201.32  200.00
  233.00  221.61  218.86  213.49  207.18  203.96  201.32  200.00
  234.00  221.61  218.86  213.49  207.21  203.96  201.32  200.00
  235.00  221.61  218.86  213.49  207.23  203.96  201.32  200.00
  236.00  221.61  218.86  213.50  207.26  203.96  201.32  200.00
  237.00  221.61  218.86  213.50  207.28  203.96  201.32  200.00
  238.00  221.61  218.87  213.50  207.31  203.96  201.32  200.00
  239.00  221.61  218.87  213.51  207.33  203.96  201.32  200.00
  240.00  221.62  218.87  213.51  207.36  203.96  201.32  200.00
  241.00  221.62  218.88  213.52  207.38  203.96  201.32  200.00
  242.00  221.63  218.89  213.53  207.41  203.96  201.32  200.00
  243.00  221.64  218.90  213.55  207.45  203.96  201.32  200.00
  244.00  221.65  218.92  213.56  207.49  203.96  201.32  200.00
  245.00  221.67  218.94  213.58  207.52  203.96  201.32  200.00
  246.00  221.69  218.96  213.61  207.57  203.96  201.32  200.00
  247.00  221.72  218.98  213.63  207.61  203.96  201.32  200.00
  248.00  221.74  219.01  213.66  207.65  203.96  201.32  200.00
  249.00  221.76  219.03  213.69  207.69  203.96  201.32  200.00
  250.00  221.79  219.06  213.71  207.74  203.96  201.31  200.00
  251.00  221.82  219.09  213.75  207.79  203.96  201.31  200.00
  252.00  221.85  219.12  213.78  207.83  203.96  201.31  200.00
  253.00  221.88  219.15  213.81  207.88  203.96  201.31  200.00
  254.00  221.92  219.19  213.85  207.93  203.96  201.31  200.00
  255.00  221.95  219.22  213.88  207.99  203.96  201.31  200.00
  256.00  221.99  219.26  213.92  208.04  203.96  201.31  200.00
  257.00  222.03  219.30  213.97  208.10  203.96  201.31  200.00
  258.00  222.07  219.35  214.01  208.15  203.96  201.31  200.00
  259.00  222.11  219.39  214.06  208.21  203.96  201.31  200.00
  260.00  222.16  219.44  214.10  208.28  203.96  201.31  200.00
  261.00  222.21  219.49  214.15  208.34  203.96  201.31  200.00
  262.00  222.26  219.54  214.21  208.40  203.96  201.31  200.00
  263.00  222.31  219.59  214.26  208.47  203.96  201.31  200.00
  264.00  222.36  219.65  214.32  208.54  203.96  201.31  200.00
  265.00  222.42  219.70  214.37  208.61  203.96  201.31  200.00
  266.00  222.48  219.76  214.44  208.68  203.96  201.31  200.00
  267.00  222.54  219.83  214.50  208.76  203.96  201.31  200.00
  268.00  222.60  219.89  214.56  208.84  203.96  201.31  200.00
  269.00  222.67  219.96  214.63  208.92  203.96  201.31  200.00
  270.00  222.71  220.00  214.67  208.96  203.97  201.31  200.00
  271.00  222.74  220.02  214.70  208.99  203.98  201.32  200.00
  272.00  222.75  220.04  214.71  209.01  203.98  201.32  200.00
  273.00  222.76  220.05  214.72  209.03  203.98  201.32  200.00
  274.00  222.77  220.06  214.73  209.05  203.99  201.32  200.00
  275.00  222.77  220.07  214.74  209.07  203.99  201.32  200.00
  276.00  222.78  220.07  214.75  209.09  203.99  201.32  200.00
  277.00  222.79  220.08  214.75  209.10  203.99  201.32  200.00
  278.00  222.79  220.09  214.76  209.12  203.99  201.32  200.00
  279.00  222.80  220.09  214.77  209.14  204.00  201.32  200.00
  280.00  222.80  220.10  214.78  209.16  204.00  201.32  200.00
  281.00  222.81  220.11  214.78  209.17  204.00  201.32  200.00
  282.00  222.82  220.11  214.79  209.19  204.00  201.32  200.00
  283.00  222.82  220.12  214.80  209.21  204.01  201.32  200.00
  284.00  222.83  220.13  214.81  209.23  204.01  201.32  200.00
  285.00  222.85  220.15  214.83  209.26  204.01  201.32  200.00
  286.00  222.88  220.18  214.86  209.30  204.01  201.32  200.00
  287.00  222.90  220.21  214.89  209.34  204.01  201.32  200.00
  288.00  222.94  220.24  214.92  209.38  204.02  201.31  200.00
  289.00  222.97  220.27  214.96  209.42  204.02  201.31  200.00
  290.00  223.00  220.31  214.99  209.47  204.02  201.31  200.00
  291.00  223.04  220.34  215.03  209.51  204.03  201.31  200.00
  292.00  223.07  220.37  215.06  209.55  204.03  201.31  200.00
  293.00  223.10  220.41  215.10  209.60  204.04  201.31  200.00
  294.00  223.14  220.44  215.13  209.64  204.04  201.31  200.00
  295.00  223.17  220.48  215.17  209.68  204.05  201.31  200.00
  296.00  223.21  220.51  215.20  209.72  204.05  201.31  200.00
  297.00  223.24  220.55  215.24  209.77  204.06  201.31  200.00
  298.00  223.28  220.58  215.28  209.81  204.06  201.31  200.00
  299.00  223.32  220.62  215.31  209.85  204.07  201.31  200.00
  300.00  223.36  220.66  215.35  209.89  204.07  201.31  200.00
  301.00  223.39  220.70  215.39  209.93  204.08  201.31  200.00
  302.00  223.43  220.74  215.43  209.97  204.08  201.31  200.00
  303.00  223.47  220.78  215.47  210.01  204.09  201.31  200.00
  304.00  223.51  220.82  215.51  210.05  204.10  201.31  200.00
  305.00  223.55  220.86  215.55  210.09  204.10  201.31  200.00
  306.00  223.57  220.88  215.57  210.12  204.11  201.32  200.00
  307.00  223.60  220.91  215.60  210.14  204.12  201.32  200.00
  308.00  223.62  220.93  215.62  210.16  204.13  201.32  200.00
  309.00  223.64  220.95  215.64  210.18  204.13  201.32  200.00
  310.00  223.66  220.97  215.66  210.21  204.14  201.32  200.00
  311.00  223.68  220.99  215.68  210.23  204.15  201.32  200.00
  312.00  223.70  221.01  215.70  210.25  204.16  201.32  200.00
  313.00  223.72  221.03  215.72  210.27  204.16  201.32  200.00
  314.00  223.74  221.05  215.74  210.29  204.17  201.32  200.00
  315.00  223.76  221.07  215.76  210.31  204.18  201.32  200.00
  316.00  223.78  221.09  215.78  210.33  204.19  201.32  200.00
  317.00  223.79  221.11  215.80  210.35  204.20  201.32  200.00
  318.00  223.81  221.12  215.82  210.37  204.20  201.32  200.00
  319.00  223.83  221.14  215.84  210.39  204.21  201.32  200.00
  320.00  223.85  221.16  215.86  210.41  204.22  201.32  200.00
  321.00  223.87  221.18  215.88  210.44  204.23  201.32  200.00
  322.00  223.89  221.20  215.90  210.46  204.24  201.32  200.00
  323.00  223.91  221.23  215.92  210.48  204.25  201.32  200.00
  324.00  223.93  221.25  215.94  210.50  204.27  201.32  200.00
  325.00  223.96  221.27  215.96  210.53  204.28  201.32  200.00
  326.00  223.98  221.29  215.98  210.55  204.29  201.32  200.00
  327.00  224.00  221.31  216.01  210.57  204.30  201.32  200.00
  328.00  224.02  221.33  216.03  210.60  204.31  201.32  200.00
  329.00  224.04  221.36  216.05  210.62  204.33  201.32  200.00
  330.00  224.06  221.38  216.07  210.64  204.34  201.32  200.00
  331.00  224.09  221.40  216.09  210.67  204.35  201.32  200.00
  332.00  224.11  221.42  216.12  210.69  204.36  201.32  200.00
  333.00  224.13  221.44  216.14  210.71  204.38  201.32  200.00
  334.00  224.15  221.47  216.16  210.74  204.39  201.32  200.00
  335.00  224.17  221.49  216.18  210.76  204.40  201.32  200.00
  336.00  224.20  221.51  216.21  210.79  204.42  201.32  200.00
  337.00  224.22  221.54  216.23  210.81  204.44  201.32  200.00
  338.00  224.25  221.57  216.26  210.84  204.46  201.32  200.00
  339.00  224.28  221.59  216.29  210.87  204.48  201.32  200.00
  340.00  224.30  221.62  216.32  210.90  204.51  201.32  200.00
  341.00  224.32  221.63  216.33  210.91  204.53  201.32  200.00
  342.00  224.32  221.64  216.33  210.92  204.56  201.32  200.00
  343.00  224.33  221.64  216.34  210.92  204.58  201.32  200.00
  344.00  224.33  221.65  216.34  210.92  204.61  201.32  200.00
  345.00  224.33  221.65  216.34  210.93  204.63  201.32  200.00
  346.00  224.34  221.65  216.35  210.93  204.66  201.32  200.00
  347.00  224.34  221.66  216.35  210.94  204.68  201.32  200.00
  348.00  224.34  221.66  216.36  210.95  204.71  201.32  200.00
  349.00  224.35  221.67  216.36  210.95  204.73  201.32  200.00
  350.00  224.36  221.67  216.37  210.96  204.76  201.32  200.00
  351.00  224.37  221.69  216.38  210.97  204.79  201.32  200.00
  352.00  224.38  221.70  216.40  210.99  204.83  201.32  200.00
  353.00  224.40  221.72  216.42  211.01  204.87  201.32  200.00
  354.00  224.42  221.74  216.44  211.03  204.91  201.32  200.00
  355.00  224.44  221.76  216.46  211.06  204.95  201.32  200.00
  356.00  224.46  221.78  216.48  211.08  204.99  201.32  200.00
  357.00  224.49  221.81  216.51  211.11  205.03  201.32  200.00
  358.00  224.52  221.83  216.53  211.14  205.08  201.32  200.00
  359.00  224.54  221.86  216.56  211.17  205.12  201.32  200.00
  360.00  224.57  221.89  216.59  211.20  205.17  201.32  200.00
  361.00  224.60  221.92  216.62  211.23  205.22  201.32  200.00
  362.00  224.63  221.96  216.66  211.26  205.26  201.32  200.00
  363.00  224.67  221.99  216.69  211.30  205.31  201.32  200.00
  364.00  224.70  222.02  216.73  211.34  205.37  201.32  200.00
  365.00  224.74  222.06  216.76  211.38  205.42  201.32  200.00
  366.00  224.78  222.10  216.80  211.42  205.47  201.32  200.00
  367.00  224.82  222.14  216.85  211.46  205.53  201.32  200.00
  368.00  224.87  222.19  216.89  211.51  205.59  201.32  200.00
  369.00  224.91  222.23  216.94  211.56  205.65  201.32  200.00
  370.00  224.96  222.28  216.98  211.61  205.71  201.32  200.00
  371.00  225.01  222.33  217.03  211.66  205.78  201.32  200.00
  372.00  225.06  222.38  217.09  211.71  205.84  201.32  200.00
  373.00  225.12  222.44  217.14  211.77  205.91  201.32  200.00
  374.00  225.17  222.49  217.20  211.82  205.98  201.32  200.00
  375.00  225.23  222.55  217.26  211.88  206.05  201.32  200.00
  376.00  225.29  222.61  217.32  211.94  206.13  201.32  200.00
  377.00  225.35  222.67  217.38  212.01  206.20  201.32  200.00
  378.00  225.41  222.74  217.44  212.07  206.27  201.32  200.00
  379.00  225.45  222.78  217.48  212.10  206.31  201.33  200.00
  380.00  225.48  222.80  217.50  212.12  206.33  201.33  200.00
  381.00  225.49  222.82  217.52  212.14  206.35  201.33  200.00
  382.00  225.50  222.83  217.53  212.15  206.37  201.33  200.00
  383.00  225.51  222.84  217.53  212.16  206.39  201.33  200.00
  384.00  225.52  222.84  217.54  212.16  206.40  201.33  200.00
  385.00  225.53  222.85  217.55  212.17  206.42  201.33  200.00
  386.00  225.53  222.86  217.55  212.18  206.44  201.33  200.00
  387.00  225.54  222.86  217.56  212.18  206.45  201.34  200.00
  388.00  225.54  222.87  217.57  212.19  206.47  201.34  200.00
  389.00  225.55  222.87  217.57  212.20  206.48  201.34  200.00
  390.00  225.55  222.88  217.58  212.21  206.50  201.34  200.00
  391.00  225.56  222.89  217.58  212.21  206.51  201.34  200.00
  392.00  225.57  222.89  217.59  212.22  206.53  201.34  200.00
  393.00  225.57  222.90  217.60  212.23  206.55  201.34  200.00
  394.00  225.59  222.91  217.61  212.24  206.57  201.34  200.00
  395.00  225.61  222.93  217.63  212.27  206.61  201.34  200.00
  396.00  225.63  222.96  217.66  212.30  206.65  201.35  200.00
  397.00  225.66  222.99  217.69  212.33  206.69  201.35  200.00
  398.00  225.69  223.02  217.72  212.36  206.73  201.35  200.00
  399.00  225.72  223.05  217.75  212.39  206.77  201.35  200.00
  400.00  225.75  223.08  217.78  212.42  206.81  201.35  200.00
