 TIME AND WATER SATURATIONS
   TIME   SW( 1)  SW( 2)  SW( 3)  SW( 4)  SW( 5)  
      X=   10.00   30.00   50.00   70.00   90.00
    0.00  0.2000  0.2000  0.2000  0.2000  0.2000
    1.00  0.2049  0.1999  0.1999  0.2000  0.2000
    2.00  0.2098  0.1999  0.1999  0.1999  0.2000
    3.00  0.2148  0.1999  0.1999  0.1999  0.2000
    4.00  0.2198  0.1999  0.1999  0.1999  0.2000
    5.00  0.2248  0.1999  0.1999  0.1999  0.2000
    6.00  0.2298  0.1999  0.1999  0.1999  0.2000
    7.00  0.2347  0.1999  0.1999  0.1999  0.2000
    8.00  0.2397  0.1999  0.1999  0.1999  0.2000
    9.00  0.2447  0.1999  0.1999  0.1999  0.2000
   10.00  0.2497  0.1999  0.1999  0.1999  0.2000
   11.00  0.2547  0.1999  0.1999  0.1999  0.2000
   12.00  0.2597  0.1999  0.1999  0.1999  0.2000
   13.00  0.2646  0.1999  0.1999  0.1999  0.2000
   14.00  0.2696  0.2000  0.1999  0.1999  0.2000
   15.00  0.2746  0.2000  0.1999  0.1999  0.2000
   16.00  0.2796  0.2000  0.1999  0.1999  0.2000
   17.00  0.2846  0.2000  0.1999  0.1999  0.2000
   18.00  0.2895  0.2000  0.1999  0.1999  0.2000
   19.00  0.2945  0.2001  0.1999  0.1999  0.2000
   20.00  0.2995  0.2001  0.1999  0.1999  0.2000
   21.00  0.3044  0.2001  0.1999  0.1999  0.2000
   22.00  0.3094  0.2002  0.1999  0.1999  0.2000
   23.00  0.3144  0.2002  0.1999  0.1999  0.2000
   24.00  0.3193  0.2002  0.1999  0.1999  0.2000
   25.00  0.3243  0.2003  0.1999  0.1999  0.2000
   26.00  0.3292  0.2003  0.1999  0.1999  0.2000
   27.00  0.3342  0.2004  0.1999  0.1999  0.2000
   28.00  0.3391  0.2004  0.1999  0.1999  0.2000
   29.00  0.3441  0.2005  0.1999  0.1999  0.2000
   30.00  0.3490  0.2005  0.1999  0.1999  0.2000
   31.00  0.3539  0.2006  0.1999  0.1999  0.2000
   32.00  0.3588  0.2007  0.1999  0.1999  0.2000
   33.00  0.3638  0.2008  0.1999  0.1999  0.2000
   34.00  0.3687  0.2008  0.1999  0.1999  0.2000
   35.00  0.3736  0.2009  0.1999  0.1999  0.2000
   36.00  0.3785  0.2010  0.1999  0.1999  0.2000
   37.00  0.3834  0.2011  0.1999  0.1999  0.2000
   38.00  0.3883  0.2012  0.1999  0.1999  0.2000
   39.00  0.3931  0.2013  0.1999  0.1999  0.2000
   40.00  0.3980  0.2015  0.1999  0.1999  0.2000
   41.00  0.4029  0.2016  0.1999  0.1999  0.2000
   42.00  0.4077  0.2017  0.1999  0.1999  0.2000
   43.00  0.4126  0.2019  0.1999  0.1999  0.2000
   44.00  0.4174  0.2020  0.1999  0.1999  0.2000
   45.00  0.4223  0.2022  0.1999  0.1999  0.2000
   46.00  0.4271  0.2024  0.1999  0.1999  0.2000
   47.00  0.4319  0.2026  0.1999  0.1999  0.2000
   48.00  0.4367  0.2028  0.1999  0.1999  0.2000
   49.00  0.4415  0.2030  0.1999  0.1999  0.2000
   50.00  0.4463  0.2032  0.1999  0.1999  0.2000
   51.00  0.4510  0.2034  0.1999  0.1999  0.2000
   52.00  0.4558  0.2036  0.1999  0.1999  0.2000
   53.00  0.4605  0.2039  0.1999  0.1999  0.2000
   54.00  0.4652  0.2042  0.1999  0.1999  0.2000
   55.00  0.4699  0.2045  0.1999  0.1999  0.2000
   56.00  0.4746  0.2048  0.1999  0.1999  0.2000
   57.00  0.4793  0.2051  0.1999  0.1999  0.2000
   58.00  0.4839  0.2054  0.1999  0.1999  0.2000
   59.00  0.4886  0.2058  0.1999  0.1999  0.2000
   60.00  0.4932  0.2062  0.1999  0.1999  0.2000
   61.00  0.4977  0.2066  0.1999  0.1999  0.2000
   62.00  0.5023  0.2070  0.1999  0.1999  0.2000
   63.00  0.5068  0.2075  0.1999  0.1999  0.2000
   64.00  0.5112  0.2081  0.1999  0.1999  0.2000
   65.00  0.5156  0.2087  0.1999  0.1999  0.2000
   66.00  0.5199  0.2094  0.1999  0.1999  0.2000
   67.00  0.5241  0.2102  0.1999  0.1999  0.2000
   68.00  0.5283  0.2110  0.1999  0.1999  0.2000
   69.00  0.5324  0.2119  0.1999  0.1999  0.2000
   70.00  0.5364  0.2129  0.1999  0.1999  0.2000
   71.00  0.5404  0.2139  0.1999  0.1999  0.2000
   72.00  0.5442  0.2150  0.1999  0.1999  0.2000
   73.00  0.5481  0.2162  0.1999  0.1999  0.2000
   74.00  0.5518  0.2174  0.1999  0.1999  0.2000
   75.00  0.5555  0.2187  0.1999  0.1999  0.2000
   76.00  0.5591  0.2201  0.2000  0.1999  0.2000
   77.00  0.5626  0.2216  0.2000  0.1999  0.2000
   78.00  0.5661  0.2231  0.2000  0.1999  0.2000
   79.00  0.5694  0.2248  0.2000  0.1999  0.2000
   80.00  0.5727  0.2265  0.2000  0.1999  0.2000
   81.00  0.5759  0.2283  0.2000  0.1999  0.2000
   82.00  0.5790  0.2301  0.2000  0.1999  0.2000
   83.00  0.5821  0.2321  0.2000  0.1999  0.2000
   84.00  0.5851  0.2341  0.2000  0.1999  0.2000
   85.00  0.5879  0.2362  0.2000  0.1999  0.2000
   86.00  0.5908  0.2383  0.2000  0.1999  0.2000
   87.00  0.5935  0.2406  0.2000  0.1999  0.2000
   88.00  0.5962  0.2429  0.2000  0.1999  0.2000
   89.00  0.5988  0.2453  0.2001  0.1999  0.2000
   90.00  0.6013  0.2477  0.2001  0.1999  0.2000
   91.00  0.6038  0.2503  0.2001  0.1999  0.2000
   92.00  0.6062  0.2528  0.2001  0.1999  0.2000
   93.00  0.6086  0.2554  0.2001  0.1999  0.2000
   94.00  0.6109  0.2581  0.2001  0.1999  0.2000
   95.00  0.6132  0.2608  0.2001  0.1999  0.2000
   96.00  0.6154  0.2635  0.2002  0.1999  0.2000
   97.00  0.6176  0.2663  0.2002  0.1999  0.2000
   98.00  0.6198  0.2691  0.2002  0.1999  0.2000
   99.00  0.6219  0.2719  0.2002  0.1999  0.2000
  100.00  0.6240  0.2748  0.2002  0.1999  0.2000
  101.00  0.6260  0.2778  0.2003  0.1999  0.2000
  102.00  0.6280  0.2807  0.2003  0.1999  0.2000
  103.00  0.6300  0.2838  0.2003  0.1999  0.2000
  104.00  0.6319  0.2868  0.2003  0.1999  0.2000
  105.00  0.6338  0.2899  0.2004  0.1999  0.2000
  106.00  0.6357  0.2930  0.2004  0.1999  0.2000
  107.00  0.6375  0.2962  0.2004  0.1999  0.2000
  108.00  0.6392  0.2994  0.2004  0.1999  0.2000
  109.00  0.6410  0.3026  0.2005  0.1999  0.2000
  110.00  0.6427  0.3058  0.2005  0.1999  0.2000
  111.00  0.6444  0.3091  0.2005  0.1999  0.2000
  112.00  0.6460  0.3125  0.2006  0.1999  0.2000
  113.00  0.6476  0.3158  0.2006  0.1999  0.2000
  114.00  0.6492  0.3192  0.2006  0.1999  0.2000
  115.00  0.6507  0.3226  0.2007  0.1999  0.2000
  116.00  0.6522  0.3261  0.2007  0.1999  0.2000
  117.00  0.6537  0.3295  0.2008  0.1999  0.2000
  118.00  0.6551  0.3330  0.2008  0.1999  0.2000
  119.00  0.6565  0.3366  0.2009  0.1999  0.2000
  120.00  0.6579  0.3401  0.2009  0.1999  0.2000
  121.00  0.6593  0.3437  0.2010  0.1999  0.2000
  122.00  0.6606  0.3473  0.2010  0.1999  0.2000
  123.00  0.6619  0.3509  0.2011  0.1999  0.2000
  124.00  0.6632  0.3546  0.2012  0.1999  0.2000
  125.00  0.6645  0.3583  0.2012  0.1999  0.2000
  126.00  0.6657  0.3619  0.2013  0.1999  0.2000
  127.00  0.6669  0.3656  0.2014  0.1999  0.2000
  128.00  0.6681  0.3694  0.2015  0.1999  0.2000
  129.00  0.6693  0.3731  0.2016  0.1999  0.2000
  130.00  0.6704  0.3768  0.2017  0.1999  0.2000
  131.00  0.6716  0.3806  0.2018  0.1999  0.2000
  132.00  0.6727  0.3844  0.2019  0.1999  0.2000
  133.00  0.6738  0.3882  0.2020  0.1999  0.2000
  134.00  0.6748  0.3920  0.2021  0.1999  0.2000
  135.00  0.6759  0.3958  0.2022  0.1999  0.2000
  136.00  0.6769  0.3997  0.2023  0.1999  0.2000
  137.00  0.6779  0.4035  0.2025  0.1999  0.2000
  138.00  0.6789  0.4074  0.2026  0.1999  0.2000
  139.00  0.6799  0.4112  0.2028  0.1999  0.2000
  140.00  0.6809  0.4151  0.2029  0.1999  0.2000
  141.00  0.6818  0.4190  0.2031  0.1999  0.2000
  142.00  0.6828  0.4229  0.2032  0.1999  0.2000
  143.00  0.6837  0.4268  0.2034  0.1999  0.2000
  144.00  0.6846  0.4307  0.2036  0.1999  0.2000
  145.00  0.6855  0.4346  0.2038  0.1999  0.2000
  146.00  0.6863  0.4385  0.2040  0.1999  0.2000
  147.00  0.6872  0.4424  0.2042  0.1999  0.2000
  148.00  0.6881  0.4464  0.2044  0.1999  0.2000
  149.00  0.6889  0.4503  0.2046  0.2000  0.2000
  150.00  0.6897  0.4542  0.2049  0.2000  0.2000
  151.00  0.6905  0.4582  0.2051  0.2000  0.2000
  152.00  0.6913  0.4621  0.2054  0.2000  0.2000
  153.00  0.6921  0.4660  0.2057  0.2000  0.2000
  154.00  0.6929  0.4700  0.2060  0.2000  0.2000
  155.00  0.6936  0.4739  0.2063  0.2000  0.2000
  156.00  0.6944  0.4778  0.2066  0.2000  0.2000
  157.00  0.6951  0.4817  0.2069  0.2000  0.2000
  158.00  0.6958  0.4856  0.2073  0.2000  0.2000
  159.00  0.6965  0.4895  0.2077  0.2000  0.2000
  160.00  0.6972  0.4934  0.2081  0.2000  0.2000
  161.00  0.6979  0.4973  0.2085  0.2000  0.2000
  162.00  0.6986  0.5012  0.2089  0.2000  0.2000
  163.00  0.6993  0.5051  0.2094  0.2000  0.2000
  164.00  0.6999  0.5089  0.2099  0.2000  0.2000
  165.00  0.7006  0.5126  0.2105  0.2000  0.2000
  166.00  0.7012  0.5163  0.2111  0.2000  0.2000
  167.00  0.7019  0.5200  0.2118  0.2000  0.2000
  168.00  0.7025  0.5236  0.2126  0.2000  0.2000
  169.00  0.7031  0.5271  0.2134  0.2000  0.2000
  170.00  0.7037  0.5306  0.2143  0.2000  0.2000
  171.00  0.7044  0.5340  0.2152  0.2000  0.2000
  172.00  0.7050  0.5374  0.2162  0.2000  0.2000
  173.00  0.7056  0.5408  0.2173  0.2000  0.2000
  174.00  0.7062  0.5440  0.2184  0.2000  0.2000
  175.00  0.7068  0.5473  0.2196  0.2000  0.2000
  176.00  0.7073  0.5505  0.2208  0.2000  0.2000
  177.00  0.7079  0.5536  0.2221  0.2000  0.2000
  178.00  0.7085  0.5567  0.2234  0.2000  0.2000
  179.00  0.7091  0.5597  0.2248  0.2000  0.2000
  180.00  0.7096  0.5626  0.2263  0.2000  0.2000
  181.00  0.7102  0.5655  0.2278  0.2001  0.2000
  182.00  0.7108  0.5683  0.2294  0.2001  0.2000
  183.00  0.7113  0.5711  0.2311  0.2001  0.2000
  184.00  0.7119  0.5738  0.2329  0.2001  0.2000
  185.00  0.7124  0.5764  0.2347  0.2001  0.2000
  186.00  0.7129  0.5790  0.2365  0.2001  0.2000
  187.00  0.7135  0.5815  0.2385  0.2001  0.2000
  188.00  0.7140  0.5839  0.2405  0.2001  0.2000
  189.00  0.7145  0.5863  0.2425  0.2001  0.2000
  190.00  0.7150  0.5887  0.2446  0.2001  0.2000
  191.00  0.7156  0.5910  0.2468  0.2002  0.2000
  192.00  0.7161  0.5932  0.2491  0.2002  0.2000
  193.00  0.7166  0.5954  0.2514  0.2002  0.2000
  194.00  0.7171  0.5975  0.2537  0.2002  0.2000
  195.00  0.7176  0.5996  0.2561  0.2002  0.2000
  196.00  0.7181  0.6016  0.2586  0.2002  0.2000
  197.00  0.7185  0.6035  0.2611  0.2002  0.2000
  198.00  0.7190  0.6055  0.2637  0.2003  0.2000
  199.00  0.7195  0.6074  0.2663  0.2003  0.2000
  200.00  0.7200  0.6093  0.2689  0.2003  0.2000
  201.00  0.7204  0.6111  0.2715  0.2003  0.2000
  202.00  0.7209  0.6130  0.2742  0.2003  0.2000
  203.00  0.7214  0.6147  0.2770  0.2004  0.2000
  204.00  0.7218  0.6165  0.2797  0.2004  0.2000
  205.00  0.7223  0.6182  0.2825  0.2004  0.2000
  206.00  0.7227  0.6199  0.2853  0.2004  0.2000
  207.00  0.7232  0.6216  0.2882  0.2004  0.2000
  208.00  0.7236  0.6233  0.2911  0.2005  0.2000
  209.00  0.7240  0.6249  0.2940  0.2005  0.2000
  210.00  0.7245  0.6265  0.2969  0.2005  0.2000
  211.00  0.7249  0.6280  0.2999  0.2005  0.2000
  212.00  0.7253  0.6296  0.3029  0.2006  0.2000
  213.00  0.7258  0.6311  0.3059  0.2006  0.2000
  214.00  0.7262  0.6326  0.3090  0.2006  0.2000
  215.00  0.7266  0.6340  0.3121  0.2007  0.2000
  216.00  0.7270  0.6355  0.3152  0.2007  0.2000
  217.00  0.7274  0.6369  0.3183  0.2008  0.2000
  218.00  0.7278  0.6383  0.3215  0.2008  0.2000
  219.00  0.7282  0.6396  0.3247  0.2008  0.2000
  220.00  0.7286  0.6410  0.3279  0.2009  0.2000
  221.00  0.7290  0.6423  0.3311  0.2009  0.2000
  222.00  0.7294  0.6436  0.3344  0.2010  0.2000
  223.00  0.7298  0.6448  0.3377  0.2010  0.2000
  224.00  0.7302  0.6461  0.3410  0.2011  0.2000
  225.00  0.7305  0.6473  0.3443  0.2011  0.2000
  226.00  0.7309  0.6485  0.3477  0.2012  0.2000
  227.00  0.7313  0.6497  0.3511  0.2013  0.2000
  228.00  0.7317  0.6508  0.3545  0.2013  0.2000
  229.00  0.7320  0.6520  0.3579  0.2014  0.2000
  230.00  0.7324  0.6531  0.3613  0.2015  0.2000
  231.00  0.7327  0.6542  0.3648  0.2016  0.2000
  232.00  0.7331  0.6553  0.3683  0.2016  0.2000
  233.00  0.7335  0.6563  0.3717  0.2017  0.2000
  234.00  0.7338  0.6574  0.3753  0.2018  0.2000
  235.00  0.7342  0.6584  0.3788  0.2019  0.2000
  236.00  0.7345  0.6594  0.3823  0.2020  0.2000
  237.00  0.7348  0.6604  0.3859  0.2021  0.2000
  238.00  0.7352  0.6614  0.3894  0.2022  0.2000
  239.00  0.7355  0.6623  0.3930  0.2024  0.2000
  240.00  0.7358  0.6633  0.3966  0.2025  0.2000
  241.00  0.7362  0.6642  0.4002  0.2026  0.2000
  242.00  0.7365  0.6651  0.4038  0.2027  0.2000
  243.00  0.7368  0.6660  0.4075  0.2029  0.2000
  244.00  0.7372  0.6669  0.4111  0.2030  0.2000
  245.00  0.7375  0.6678  0.4148  0.2032  0.2000
  246.00  0.7378  0.6687  0.4184  0.2033  0.2000
  247.00  0.7381  0.6695  0.4221  0.2035  0.2000
  248.00  0.7384  0.6703  0.4258  0.2037  0.2000
  249.00  0.7387  0.6712  0.4294  0.2039  0.2000
  250.00  0.7390  0.6720  0.4331  0.2041  0.2000
  251.00  0.7393  0.6728  0.4368  0.2042  0.2000
  252.00  0.7396  0.6736  0.4405  0.2045  0.2000
  253.00  0.7399  0.6744  0.4442  0.2047  0.2000
  254.00  0.7402  0.6751  0.4479  0.2049  0.2000
  255.00  0.7405  0.6759  0.4516  0.2051  0.2000
  256.00  0.7408  0.6766  0.4553  0.2054  0.2000
  257.00  0.7411  0.6774  0.4591  0.2056  0.2000
  258.00  0.7414  0.6781  0.4628  0.2059  0.2000
  259.00  0.7417  0.6788  0.4665  0.2061  0.2000
  260.00  0.7419  0.6795  0.4702  0.2064  0.2000
  261.00  0.7422  0.6802  0.4739  0.2067  0.2000
  262.00  0.7425  0.6809  0.4776  0.2071  0.2000
  263.00  0.7428  0.6816  0.4813  0.2074  0.2000
  264.00  0.7431  0.6822  0.4850  0.2078  0.2000
  265.00  0.7433  0.6829  0.4887  0.2081  0.2000
  266.00  0.7436  0.6835  0.4923  0.2085  0.2000
  267.00  0.7439  0.6842  0.4960  0.2089  0.2000
  268.00  0.7441  0.6848  0.4997  0.2093  0.2000
  269.00  0.7444  0.6854  0.5033  0.2098  0.2000
  270.00  0.7446  0.6861  0.5069  0.2103  0.2000
  271.00  0.7449  0.6867  0.5105  0.2108  0.2000
  272.00  0.7451  0.6873  0.5140  0.2114  0.2000
  273.00  0.7454  0.6879  0.5175  0.2121  0.2000
  274.00  0.7456  0.6885  0.5210  0.2128  0.2000
  275.00  0.7459  0.6890  0.5243  0.2136  0.2000
  276.00  0.7461  0.6896  0.5277  0.2145  0.2000
  277.00  0.7464  0.6902  0.5310  0.2153  0.2001
  278.00  0.7466  0.6907  0.5342  0.2163  0.2001
  279.00  0.7469  0.6913  0.5374  0.2173  0.2001
  280.00  0.7471  0.6918  0.5406  0.2183  0.2001
  281.00  0.7473  0.6924  0.5437  0.2195  0.2001
  282.00  0.7476  0.6929  0.5468  0.2206  0.2001
  283.00  0.7478  0.6934  0.5498  0.2218  0.2001
  284.00  0.7480  0.6940  0.5528  0.2231  0.2001
  285.00  0.7482  0.6945  0.5557  0.2244  0.2001
  286.00  0.7485  0.6950  0.5586  0.2258  0.2001
  287.00  0.7487  0.6955  0.5614  0.2272  0.2001
  288.00  0.7489  0.6960  0.5641  0.2288  0.2001
  289.00  0.7491  0.6965  0.5668  0.2303  0.2001
  290.00  0.7493  0.6970  0.5695  0.2320  0.2001
  291.00  0.7496  0.6974  0.5720  0.2337  0.2001
  292.00  0.7498  0.6979  0.5746  0.2354  0.2001
  293.00  0.7500  0.6984  0.5771  0.2373  0.2002
  294.00  0.7502  0.6988  0.5795  0.2391  0.2002
  295.00  0.7504  0.6993  0.5818  0.2411  0.2002
  296.00  0.7506  0.6998  0.5842  0.2431  0.2002
  297.00  0.7508  0.7002  0.5864  0.2451  0.2002
  298.00  0.7510  0.7006  0.5886  0.2473  0.2002
  299.00  0.7512  0.7011  0.5908  0.2494  0.2002
  300.00  0.7514  0.7015  0.5929  0.2517  0.2002
  301.00  0.7516  0.7019  0.5950  0.2540  0.2003
  302.00  0.7518  0.7024  0.5970  0.2563  0.2003
  303.00  0.7520  0.7028  0.5989  0.2587  0.2003
  304.00  0.7522  0.7032  0.6008  0.2612  0.2003
  305.00  0.7524  0.7036  0.6027  0.2637  0.2003
  306.00  0.7526  0.7041  0.6045  0.2662  0.2003
  307.00  0.7528  0.7045  0.6063  0.2687  0.2004
  308.00  0.7530  0.7049  0.6081  0.2713  0.2004
  309.00  0.7532  0.7053  0.6098  0.2740  0.2004
  310.00  0.7534  0.7057  0.6115  0.2766  0.2004
  311.00  0.7536  0.7061  0.6132  0.2793  0.2004
  312.00  0.7538  0.7065  0.6148  0.2821  0.2005
  313.00  0.7540  0.7069  0.6165  0.2848  0.2005
  314.00  0.7542  0.7073  0.6181  0.2876  0.2005
  315.00  0.7544  0.7077  0.6196  0.2904  0.2005
  316.00  0.7546  0.7081  0.6212  0.2932  0.2006
  317.00  0.7548  0.7085  0.6227  0.2961  0.2006
  318.00  0.7550  0.7088  0.6242  0.2990  0.2006
  319.00  0.7552  0.7092  0.6257  0.3019  0.2006
  320.00  0.7553  0.7096  0.6271  0.3049  0.2007
  321.00  0.7555  0.7100  0.6285  0.3079  0.2007
  322.00  0.7557  0.7104  0.6299  0.3109  0.2007
  323.00  0.7559  0.7107  0.6313  0.3139  0.2008
  324.00  0.7561  0.7111  0.6327  0.3170  0.2008
  325.00  0.7563  0.7115  0.6340  0.3200  0.2008
  326.00  0.7564  0.7118  0.6353  0.3231  0.2009
  327.00  0.7566  0.7122  0.6366  0.3263  0.2009
  328.00  0.7568  0.7125  0.6378  0.3294  0.2010
  329.00  0.7570  0.7129  0.6391  0.3326  0.2010
  330.00  0.7572  0.7132  0.6403  0.3358  0.2011
  331.00  0.7573  0.7136  0.6415  0.3390  0.2011
  332.00  0.7575  0.7139  0.6426  0.3422  0.2012
  333.00  0.7577  0.7143  0.6438  0.3455  0.2013
  334.00  0.7579  0.7146  0.6449  0.3488  0.2013
  335.00  0.7581  0.7150  0.6460  0.3521  0.2014
  336.00  0.7582  0.7153  0.6471  0.3554  0.2014
  337.00  0.7584  0.7157  0.6482  0.3588  0.2015
  338.00  0.7586  0.7160  0.6492  0.3621  0.2016
  339.00  0.7588  0.7163  0.6503  0.3655  0.2017
  340.00  0.7589  0.7167  0.6513  0.3689  0.2018
  341.00  0.7591  0.7170  0.6523  0.3723  0.2018
  342.00  0.7593  0.7173  0.6533  0.3757  0.2019
  343.00  0.7594  0.7176  0.6542  0.3791  0.2020
  344.00  0.7596  0.7179  0.6552  0.3826  0.2021
  345.00  0.7598  0.7183  0.6561  0.3861  0.2022
  346.00  0.7599  0.7186  0.6570  0.3896  0.2024
  347.00  0.7601  0.7189  0.6579  0.3931  0.2025
  348.00  0.7603  0.7192  0.6588  0.3966  0.2026
  349.00  0.7604  0.7195  0.6597  0.4001  0.2027
  350.00  0.7606  0.7198  0.6605  0.4036  0.2029
  351.00  0.7608  0.7201  0.6614  0.4072  0.2030
  352.00  0.7609  0.7204  0.6622  0.4107  0.2031
  353.00  0.7611  0.7207  0.6630  0.4143  0.2033
  354.00  0.7613  0.7210  0.6638  0.4178  0.2035
  355.00  0.7614  0.7213  0.6646  0.4214  0.2036
  356.00  0.7616  0.7216  0.6654  0.4250  0.2038
  357.00  0.7617  0.7219  0.6662  0.4286  0.2040
  358.00  0.7619  0.7222  0.6669  0.4322  0.2042
  359.00  0.7621  0.7225  0.6677  0.4358  0.2043
  360.00  0.7622  0.7228  0.6684  0.4394  0.2045
  361.00  0.7624  0.7231  0.6691  0.4430  0.2048
  362.00  0.7625  0.7234  0.6699  0.4466  0.2050
  363.00  0.7627  0.7237  0.6706  0.4502  0.2052
  364.00  0.7628  0.7239  0.6712  0.4538  0.2054
  365.00  0.7630  0.7242  0.6719  0.4575  0.2057
  366.00  0.7632  0.7245  0.6726  0.4611  0.2059
  367.00  0.7633  0.7248  0.6733  0.4647  0.2062
  368.00  0.7635  0.7251  0.6739  0.4683  0.2065
  369.00  0.7636  0.7253  0.6746  0.4719  0.2068
  370.00  0.7638  0.7256  0.6752  0.4755  0.2071
  371.00  0.7639  0.7259  0.6758  0.4792  0.2074
  372.00  0.7641  0.7261  0.6765  0.4828  0.2078
  373.00  0.7642  0.7264  0.6771  0.4863  0.2081
  374.00  0.7644  0.7267  0.6777  0.4899  0.2085
  375.00  0.7645  0.7269  0.6783  0.4935  0.2089
  376.00  0.7647  0.7272  0.6788  0.4971  0.2093
  377.00  0.7648  0.7275  0.6794  0.5007  0.2097
  378.00  0.7650  0.7277  0.6800  0.5042  0.2102
  379.00  0.7651  0.7280  0.6806  0.5077  0.2107
  380.00  0.7653  0.7282  0.6811  0.5112  0.2113
  381.00  0.7654  0.7285  0.6817  0.5146  0.2119
  382.00  0.7656  0.7287  0.6822  0.5180  0.2126
  383.00  0.7657  0.7290  0.6828  0.5213  0.2133
  384.00  0.7658  0.7292  0.6833  0.5246  0.2141
  385.00  0.7660  0.7295  0.6838  0.5278  0.2149
  386.00  0.7661  0.7297  0.6843  0.5310  0.2158
  387.00  0.7663  0.7300  0.6848  0.5342  0.2168
  388.00  0.7664  0.7302  0.6853  0.5373  0.2178
  389.00  0.7666  0.7304  0.6858  0.5404  0.2188
  390.00  0.7667  0.7307  0.6863  0.5434  0.2199
  391.00  0.7668  0.7309  0.6868  0.5464  0.2211
  392.00  0.7670  0.7312  0.6873  0.5493  0.2223
  393.00  0.7671  0.7314  0.6878  0.5522  0.2235
  394.00  0.7672  0.7316  0.6882  0.5550  0.2248
  395.00  0.7674  0.7319  0.6887  0.5578  0.2262
  396.00  0.7675  0.7321  0.6892  0.5605  0.2276
  397.00  0.7676  0.7323  0.6896  0.5632  0.2291
  398.00  0.7678  0.7325  0.6901  0.5658  0.2307
  399.00  0.7679  0.7328  0.6905  0.5684  0.2323
  400.00  0.7681  0.7330  0.6909  0.5709  0.2340
