 TIME, RATES AND OIL PRESSURES
   TIME   PL      P( 1)   P( 2)   P( 3)   P( 4)   P( 5)   P( 6)   P( 7)   P( 8)   P( 9)   P(10)   P(11)   P(12)   P(13)   P(14)   P(15)   P(16)   P(17)   P(18)   P(19)   P(20)   PR      
      X=    2.50    7.50   12.50   17.50   22.50   27.50   32.50   37.50   42.50   47.50   52.50   57.50   62.50   67.50   72.50   77.50   82.50   87.50   92.50   97.50
    0.00  200.00  200.00  200.00  200.00  200.00  200.00  200.00  200.00  200.00  200.00  200.00  200.00  200.00  200.00  200.00  200.00  200.00  200.00  200.00  200.00  200.00  200.00
   10.00  212.41  211.91  211.26  210.62  209.98  209.35  208.72  208.10  207.48  206.86  206.26  205.65  205.05  204.45  203.85  203.25  202.66  202.07  201.47  200.88  200.29  200.00
   20.00  213.67  213.03  212.17  211.50  210.84  210.18  209.51  208.85  208.19  207.54  206.88  206.22  205.56  204.91  204.25  203.60  202.94  202.29  201.63  200.98  200.33  200.00
   30.00  214.62  213.72  212.24  211.58  210.91  210.25  209.58  208.92  208.26  207.59  206.93  206.27  205.61  204.95  204.29  203.63  202.97  202.31  201.65  200.99  200.33  200.00
   40.00  214.40  213.69  212.32  211.59  210.92  210.26  209.59  208.93  208.26  207.60  206.94  206.28  205.61  204.95  204.29  203.63  202.97  202.31  201.65  200.99  200.33  200.00
   50.00  214.73  214.04  212.69  211.58  210.92  210.25  209.59  208.93  208.26  207.60  206.94  206.27  205.61  204.95  204.29  203.63  202.97  202.31  201.65  200.99  200.33  200.00
   60.00  215.18  214.51  213.18  211.59  210.92  210.25  209.59  208.92  208.26  207.60  206.93  206.27  205.61  204.95  204.29  203.63  202.97  202.31  201.65  200.99  200.33  200.00
   70.00  215.07  214.40  213.07  211.70  210.92  210.26  209.59  208.93  208.27  207.60  206.94  206.28  205.61  204.95  204.29  203.63  202.97  202.31  201.65  200.99  200.33  200.00
   80.00  215.52  214.86  213.53  212.18  210.91  210.25  209.58  208.92  208.26  207.60  206.93  206.27  205.61  204.95  204.29  203.63  202.97  202.31  201.65  200.99  200.33  200.00
   90.00  215.77  215.10  213.78  212.44  210.94  210.25  209.59  208.92  208.26  207.60  206.94  206.27  205.61  204.95  204.29  203.63  202.97  202.31  201.65  200.99  200.33  200.00
  100.00  215.77  215.11  213.79  212.46  211.09  210.26  209.59  208.93  208.26  207.60  206.94  206.27  205.61  204.95  204.29  203.63  202.97  202.31  201.65  200.99  200.33  200.00
  110.00  216.23  215.56  214.25  212.92  211.57  210.25  209.58  208.92  208.26  207.59  206.93  206.27  205.61  204.95  204.29  203.63  202.97  202.31  201.65  200.99  200.33  200.00
  120.00  216.39  215.73  214.41  213.09  211.75  210.29  209.59  208.92  208.26  207.60  206.93  206.27  205.61  204.95  204.29  203.63  202.97  202.31  201.65  200.99  200.33  200.00
  130.00  216.50  215.84  214.53  213.20  211.87  210.50  209.59  208.92  208.26  207.60  206.93  206.27  205.61  204.95  204.29  203.63  202.97  202.31  201.65  200.99  200.33  200.00
  140.00  217.00  216.34  215.02  213.70  212.37  211.02  209.58  208.91  208.25  207.59  206.93  206.27  205.61  204.94  204.28  203.62  202.96  202.30  201.65  200.99  200.33  200.00
  150.00  217.07  216.41  215.10  213.77  212.45  211.10  209.65  208.92  208.26  207.60  206.94  206.27  205.61  204.95  204.29  203.63  202.97  202.31  201.65  200.99  200.33  200.00
  160.00  217.27  216.61  215.29  213.97  212.65  211.31  209.95  208.92  208.26  207.59  206.93  206.27  205.61  204.95  204.29  203.63  202.97  202.31  201.65  200.99  200.33  200.00
  170.00  217.75  217.09  215.77  214.46  213.13  211.80  210.45  208.92  208.25  207.59  206.93  206.26  205.60  204.94  204.28  203.62  202.96  202.30  201.65  200.99  200.33  200.00
  180.00  217.75  217.09  215.77  214.46  213.13  211.80  210.45  209.01  208.26  207.60  206.94  206.27  205.61  204.95  204.29  203.63  202.97  202.31  201.65  200.99  200.33  200.00
  190.00  218.05  217.40  216.08  214.77  213.44  212.12  210.78  209.41  208.25  207.59  206.93  206.27  205.61  204.94  204.28  203.62  202.96  202.30  201.65  200.99  200.33  200.00
  200.00  218.46  217.80  216.49  215.18  213.86  212.53  211.20  209.84  208.26  207.59  206.92  206.26  205.60  204.94  204.28  203.62  202.96  202.30  201.65  200.99  200.33  200.00
  210.00  218.41  217.75  216.44  215.12  213.80  212.48  211.14  209.79  208.38  207.60  206.94  206.27  205.61  204.95  204.29  203.63  202.97  202.31  201.65  200.99  200.33  200.00
  220.00  218.80  218.15  216.83  215.52  214.20  212.88  211.55  210.21  208.85  207.59  206.92  206.26  205.60  204.94  204.28  203.62  202.96  202.30  201.64  200.99  200.33  200.00
  230.00  219.09  218.43  217.12  215.80  214.48  213.16  211.84  210.50  209.14  207.61  206.93  206.27  205.60  204.94  204.28  203.62  202.96  202.30  201.65  200.99  200.33  200.00
  240.00  219.09  218.43  217.12  215.81  214.49  213.16  211.84  210.51  209.16  207.75  206.94  206.27  205.61  204.95  204.29  203.63  202.97  202.31  201.65  200.99  200.33  200.00
  250.00  219.49  218.83  217.52  216.20  214.89  213.57  212.24  210.92  209.57  208.21  206.92  206.26  205.60  204.94  204.28  203.62  202.96  202.30  201.64  200.99  200.33  200.00
  260.00  219.71  219.05  217.74  216.43  215.11  213.79  212.47  211.14  209.80  208.45  206.96  206.27  205.60  204.94  204.28  203.62  202.96  202.30  201.65  200.99  200.33  200.00
  270.00  219.78  219.13  217.81  216.50  215.18  213.86  212.54  211.21  209.88  208.53  207.14  206.27  205.61  204.95  204.29  203.63  202.97  202.31  201.65  200.99  200.33  200.00
  280.00  220.21  219.56  218.24  216.93  215.61  214.30  212.97  211.65  210.32  208.98  207.62  206.26  205.60  204.94  204.28  203.62  202.96  202.30  201.64  200.99  200.33  200.00
  290.00  220.37  219.71  218.39  217.08  215.76  214.45  213.12  211.80  210.47  209.13  207.78  206.31  205.61  204.94  204.28  203.62  202.96  202.30  201.65  200.99  200.33  200.00
  300.00  220.51  219.85  218.54  217.22  215.91  214.59  213.27  211.95  210.62  209.28  207.93  206.55  205.61  204.94  204.28  203.62  202.96  202.30  201.65  200.99  200.33  200.00
  310.00  220.97  220.31  219.00  217.68  216.37  215.05  213.73  212.41  211.09  209.76  208.42  207.06  205.60  204.93  204.28  203.62  202.96  202.30  201.64  200.99  200.33  200.00
  320.00  221.05  220.39  219.08  217.76  216.45  215.13  213.81  212.49  211.16  209.83  208.49  207.14  205.67  204.95  204.29  203.63  202.97  202.31  201.65  200.99  200.33  200.00
  330.00  221.26  220.60  219.29  217.97  216.66  215.34  214.02  212.70  211.38  210.05  208.72  207.37  205.99  204.94  204.28  203.62  202.96  202.30  201.64  200.99  200.33  200.00
  340.00  221.69  221.04  219.72  218.41  217.09  215.78  214.46  213.14  211.82  210.50  209.17  207.82  206.47  204.94  204.27  203.62  202.96  202.30  201.64  200.99  200.33  200.00
  350.00  221.72  221.06  219.75  218.43  217.12  215.80  214.48  213.16  211.84  210.51  209.18  207.84  206.48  205.04  204.29  203.63  202.97  202.31  201.65  200.99  200.33  200.00
  360.00  222.02  221.36  220.05  218.73  217.42  216.10  214.79  213.47  212.14  210.82  209.49  208.16  206.81  205.44  204.28  203.62  202.96  202.30  201.64  200.99  200.33  200.00
  370.00  222.41  221.75  220.43  219.12  217.81  216.49  215.17  213.85  212.53  211.21  209.89  208.56  207.22  205.86  204.29  203.62  202.96  202.30  201.64  200.99  200.33  200.00
  380.00  222.38  221.72  220.41  219.10  217.78  216.46  215.15  213.83  212.50  211.18  209.85  208.52  207.18  205.83  204.40  203.63  202.97  202.31  201.65  200.99  200.33  200.00
  390.00  222.75  222.09  220.78  219.47  218.15  216.84  215.52  214.20  212.88  211.56  210.24  208.91  207.58  206.23  204.87  203.62  202.96  202.30  201.64  200.98  200.33  200.00
  400.00  223.05  222.39  221.08  219.76  218.45  217.14  215.82  214.50  213.18  211.86  210.54  209.21  207.88  206.54  205.18  203.63  202.96  202.30  201.64  200.99  200.33  200.00
